ARM GAS  C:\Users\Kingj\AppData\Local\Temp\ccJr0HMv.s 			page 1


   1              		.cpu cortex-m3
   2              		.arch armv7-m
   3              		.fpu softvfp
   4              		.eabi_attribute 20, 1
   5              		.eabi_attribute 21, 1
   6              		.eabi_attribute 23, 3
   7              		.eabi_attribute 24, 1
   8              		.eabi_attribute 25, 1
   9              		.eabi_attribute 26, 1
  10              		.eabi_attribute 30, 1
  11              		.eabi_attribute 34, 1
  12              		.eabi_attribute 18, 4
  13              		.file	"stm32f1xx_hal_msp.c"
  14              		.text
  15              	.Ltext0:
  16              		.cfi_sections	.debug_frame
  17              		.section	.text.HAL_MspInit,"ax",%progbits
  18              		.align	1
  19              		.global	HAL_MspInit
  20              		.syntax unified
  21              		.thumb
  22              		.thumb_func
  24              	HAL_MspInit:
  25              	.LFB65:
  26              		.file 1 "Core/Src/stm32f1xx_hal_msp.c"
   1:Core/Src/stm32f1xx_hal_msp.c **** /* USER CODE BEGIN Header */
   2:Core/Src/stm32f1xx_hal_msp.c **** /**
   3:Core/Src/stm32f1xx_hal_msp.c ****   ******************************************************************************
   4:Core/Src/stm32f1xx_hal_msp.c ****   * @file         stm32f1xx_hal_msp.c
   5:Core/Src/stm32f1xx_hal_msp.c ****   * @brief        This file provides code for the MSP Initialization
   6:Core/Src/stm32f1xx_hal_msp.c ****   *               and de-Initialization codes.
   7:Core/Src/stm32f1xx_hal_msp.c ****   ******************************************************************************
   8:Core/Src/stm32f1xx_hal_msp.c ****   * @attention
   9:Core/Src/stm32f1xx_hal_msp.c ****   *
  10:Core/Src/stm32f1xx_hal_msp.c ****   * Copyright (c) 2024 STMicroelectronics.
  11:Core/Src/stm32f1xx_hal_msp.c ****   * All rights reserved.
  12:Core/Src/stm32f1xx_hal_msp.c ****   *
  13:Core/Src/stm32f1xx_hal_msp.c ****   * This software is licensed under terms that can be found in the LICENSE file
  14:Core/Src/stm32f1xx_hal_msp.c ****   * in the root directory of this software component.
  15:Core/Src/stm32f1xx_hal_msp.c ****   * If no LICENSE file comes with this software, it is provided AS-IS.
  16:Core/Src/stm32f1xx_hal_msp.c ****   *
  17:Core/Src/stm32f1xx_hal_msp.c ****   ******************************************************************************
  18:Core/Src/stm32f1xx_hal_msp.c ****   */
  19:Core/Src/stm32f1xx_hal_msp.c **** /* USER CODE END Header */
  20:Core/Src/stm32f1xx_hal_msp.c **** 
  21:Core/Src/stm32f1xx_hal_msp.c **** /* Includes ------------------------------------------------------------------*/
  22:Core/Src/stm32f1xx_hal_msp.c **** #include "main.h"
  23:Core/Src/stm32f1xx_hal_msp.c **** 
  24:Core/Src/stm32f1xx_hal_msp.c **** /* USER CODE BEGIN Includes */
  25:Core/Src/stm32f1xx_hal_msp.c **** 
  26:Core/Src/stm32f1xx_hal_msp.c **** /* USER CODE END Includes */
  27:Core/Src/stm32f1xx_hal_msp.c **** 
  28:Core/Src/stm32f1xx_hal_msp.c **** /* Private typedef -----------------------------------------------------------*/
  29:Core/Src/stm32f1xx_hal_msp.c **** /* USER CODE BEGIN TD */
  30:Core/Src/stm32f1xx_hal_msp.c **** 
  31:Core/Src/stm32f1xx_hal_msp.c **** /* USER CODE END TD */
  32:Core/Src/stm32f1xx_hal_msp.c **** 
ARM GAS  C:\Users\Kingj\AppData\Local\Temp\ccJr0HMv.s 			page 2


  33:Core/Src/stm32f1xx_hal_msp.c **** /* Private define ------------------------------------------------------------*/
  34:Core/Src/stm32f1xx_hal_msp.c **** /* USER CODE BEGIN Define */
  35:Core/Src/stm32f1xx_hal_msp.c **** 
  36:Core/Src/stm32f1xx_hal_msp.c **** /* USER CODE END Define */
  37:Core/Src/stm32f1xx_hal_msp.c **** 
  38:Core/Src/stm32f1xx_hal_msp.c **** /* Private macro -------------------------------------------------------------*/
  39:Core/Src/stm32f1xx_hal_msp.c **** /* USER CODE BEGIN Macro */
  40:Core/Src/stm32f1xx_hal_msp.c **** 
  41:Core/Src/stm32f1xx_hal_msp.c **** /* USER CODE END Macro */
  42:Core/Src/stm32f1xx_hal_msp.c **** 
  43:Core/Src/stm32f1xx_hal_msp.c **** /* Private variables ---------------------------------------------------------*/
  44:Core/Src/stm32f1xx_hal_msp.c **** /* USER CODE BEGIN PV */
  45:Core/Src/stm32f1xx_hal_msp.c **** 
  46:Core/Src/stm32f1xx_hal_msp.c **** /* USER CODE END PV */
  47:Core/Src/stm32f1xx_hal_msp.c **** 
  48:Core/Src/stm32f1xx_hal_msp.c **** /* Private function prototypes -----------------------------------------------*/
  49:Core/Src/stm32f1xx_hal_msp.c **** /* USER CODE BEGIN PFP */
  50:Core/Src/stm32f1xx_hal_msp.c **** 
  51:Core/Src/stm32f1xx_hal_msp.c **** /* USER CODE END PFP */
  52:Core/Src/stm32f1xx_hal_msp.c **** 
  53:Core/Src/stm32f1xx_hal_msp.c **** /* External functions --------------------------------------------------------*/
  54:Core/Src/stm32f1xx_hal_msp.c **** /* USER CODE BEGIN ExternalFunctions */
  55:Core/Src/stm32f1xx_hal_msp.c **** 
  56:Core/Src/stm32f1xx_hal_msp.c **** /* USER CODE END ExternalFunctions */
  57:Core/Src/stm32f1xx_hal_msp.c **** 
  58:Core/Src/stm32f1xx_hal_msp.c **** /* USER CODE BEGIN 0 */
  59:Core/Src/stm32f1xx_hal_msp.c **** 
  60:Core/Src/stm32f1xx_hal_msp.c **** /* USER CODE END 0 */
  61:Core/Src/stm32f1xx_hal_msp.c **** /**
  62:Core/Src/stm32f1xx_hal_msp.c ****   * Initializes the Global MSP.
  63:Core/Src/stm32f1xx_hal_msp.c ****   */
  64:Core/Src/stm32f1xx_hal_msp.c **** void HAL_MspInit(void)
  65:Core/Src/stm32f1xx_hal_msp.c **** {
  27              		.loc 1 65 1 view -0
  28              		.cfi_startproc
  29              		@ args = 0, pretend = 0, frame = 8
  30              		@ frame_needed = 0, uses_anonymous_args = 0
  31 0000 00B5     		push	{lr}
  32              	.LCFI0:
  33              		.cfi_def_cfa_offset 4
  34              		.cfi_offset 14, -4
  35 0002 83B0     		sub	sp, sp, #12
  36              	.LCFI1:
  37              		.cfi_def_cfa_offset 16
  66:Core/Src/stm32f1xx_hal_msp.c ****   /* USER CODE BEGIN MspInit 0 */
  67:Core/Src/stm32f1xx_hal_msp.c **** 
  68:Core/Src/stm32f1xx_hal_msp.c ****   /* USER CODE END MspInit 0 */
  69:Core/Src/stm32f1xx_hal_msp.c **** 
  70:Core/Src/stm32f1xx_hal_msp.c ****   __HAL_RCC_AFIO_CLK_ENABLE();
  38              		.loc 1 70 3 view .LVU1
  39              	.LBB2:
  40              		.loc 1 70 3 view .LVU2
  41              		.loc 1 70 3 view .LVU3
  42 0004 124B     		ldr	r3, .L3
  43 0006 9A69     		ldr	r2, [r3, #24]
  44 0008 42F00102 		orr	r2, r2, #1
  45 000c 9A61     		str	r2, [r3, #24]
ARM GAS  C:\Users\Kingj\AppData\Local\Temp\ccJr0HMv.s 			page 3


  46              		.loc 1 70 3 view .LVU4
  47 000e 9A69     		ldr	r2, [r3, #24]
  48 0010 02F00102 		and	r2, r2, #1
  49 0014 0092     		str	r2, [sp]
  50              		.loc 1 70 3 view .LVU5
  51 0016 009A     		ldr	r2, [sp]
  52              	.LBE2:
  53              		.loc 1 70 3 view .LVU6
  71:Core/Src/stm32f1xx_hal_msp.c ****   __HAL_RCC_PWR_CLK_ENABLE();
  54              		.loc 1 71 3 view .LVU7
  55              	.LBB3:
  56              		.loc 1 71 3 view .LVU8
  57              		.loc 1 71 3 view .LVU9
  58 0018 DA69     		ldr	r2, [r3, #28]
  59 001a 42F08052 		orr	r2, r2, #268435456
  60 001e DA61     		str	r2, [r3, #28]
  61              		.loc 1 71 3 view .LVU10
  62 0020 DB69     		ldr	r3, [r3, #28]
  63 0022 03F08053 		and	r3, r3, #268435456
  64 0026 0193     		str	r3, [sp, #4]
  65              		.loc 1 71 3 view .LVU11
  66 0028 019B     		ldr	r3, [sp, #4]
  67              	.LBE3:
  68              		.loc 1 71 3 view .LVU12
  72:Core/Src/stm32f1xx_hal_msp.c **** 
  73:Core/Src/stm32f1xx_hal_msp.c ****   /* System interrupt init*/
  74:Core/Src/stm32f1xx_hal_msp.c **** 
  75:Core/Src/stm32f1xx_hal_msp.c ****   /* Peripheral interrupt init */
  76:Core/Src/stm32f1xx_hal_msp.c ****   /* RCC_IRQn interrupt configuration */
  77:Core/Src/stm32f1xx_hal_msp.c ****   HAL_NVIC_SetPriority(RCC_IRQn, 0, 0);
  69              		.loc 1 77 3 view .LVU13
  70 002a 0022     		movs	r2, #0
  71 002c 1146     		mov	r1, r2
  72 002e 0520     		movs	r0, #5
  73 0030 FFF7FEFF 		bl	HAL_NVIC_SetPriority
  74              	.LVL0:
  78:Core/Src/stm32f1xx_hal_msp.c ****   HAL_NVIC_EnableIRQ(RCC_IRQn);
  75              		.loc 1 78 3 view .LVU14
  76 0034 0520     		movs	r0, #5
  77 0036 FFF7FEFF 		bl	HAL_NVIC_EnableIRQ
  78              	.LVL1:
  79:Core/Src/stm32f1xx_hal_msp.c **** 
  80:Core/Src/stm32f1xx_hal_msp.c ****   /** NOJTAG: JTAG-DP Disabled and SW-DP Enabled
  81:Core/Src/stm32f1xx_hal_msp.c ****   */
  82:Core/Src/stm32f1xx_hal_msp.c ****   __HAL_AFIO_REMAP_SWJ_NOJTAG();
  79              		.loc 1 82 3 view .LVU15
  80              	.LBB4:
  81              		.loc 1 82 3 view .LVU16
  82 003a 064A     		ldr	r2, .L3+4
  83 003c 5368     		ldr	r3, [r2, #4]
  84              	.LVL2:
  85              		.loc 1 82 3 view .LVU17
  86 003e 23F0E063 		bic	r3, r3, #117440512
  87              	.LVL3:
  88              		.loc 1 82 3 view .LVU18
  89 0042 43F00073 		orr	r3, r3, #33554432
  90              	.LVL4:
ARM GAS  C:\Users\Kingj\AppData\Local\Temp\ccJr0HMv.s 			page 4


  91              		.loc 1 82 3 view .LVU19
  92 0046 5360     		str	r3, [r2, #4]
  93              	.LBE4:
  94              		.loc 1 82 3 view .LVU20
  83:Core/Src/stm32f1xx_hal_msp.c **** 
  84:Core/Src/stm32f1xx_hal_msp.c ****   /* USER CODE BEGIN MspInit 1 */
  85:Core/Src/stm32f1xx_hal_msp.c **** 
  86:Core/Src/stm32f1xx_hal_msp.c ****   /* USER CODE END MspInit 1 */
  87:Core/Src/stm32f1xx_hal_msp.c **** }
  95              		.loc 1 87 1 is_stmt 0 view .LVU21
  96 0048 03B0     		add	sp, sp, #12
  97              	.LCFI2:
  98              		.cfi_def_cfa_offset 4
  99              		@ sp needed
 100 004a 5DF804FB 		ldr	pc, [sp], #4
 101              	.L4:
 102 004e 00BF     		.align	2
 103              	.L3:
 104 0050 00100240 		.word	1073876992
 105 0054 00000140 		.word	1073807360
 106              		.cfi_endproc
 107              	.LFE65:
 109              		.section	.text.HAL_TIM_Base_MspInit,"ax",%progbits
 110              		.align	1
 111              		.global	HAL_TIM_Base_MspInit
 112              		.syntax unified
 113              		.thumb
 114              		.thumb_func
 116              	HAL_TIM_Base_MspInit:
 117              	.LVL5:
 118              	.LFB66:
  88:Core/Src/stm32f1xx_hal_msp.c **** 
  89:Core/Src/stm32f1xx_hal_msp.c **** /**
  90:Core/Src/stm32f1xx_hal_msp.c **** * @brief TIM_Base MSP Initialization
  91:Core/Src/stm32f1xx_hal_msp.c **** * This function configures the hardware resources used in this example
  92:Core/Src/stm32f1xx_hal_msp.c **** * @param htim_base: TIM_Base handle pointer
  93:Core/Src/stm32f1xx_hal_msp.c **** * @retval None
  94:Core/Src/stm32f1xx_hal_msp.c **** */
  95:Core/Src/stm32f1xx_hal_msp.c **** void HAL_TIM_Base_MspInit(TIM_HandleTypeDef* htim_base)
  96:Core/Src/stm32f1xx_hal_msp.c **** {
 119              		.loc 1 96 1 is_stmt 1 view -0
 120              		.cfi_startproc
 121              		@ args = 0, pretend = 0, frame = 24
 122              		@ frame_needed = 0, uses_anonymous_args = 0
 123              		.loc 1 96 1 is_stmt 0 view .LVU23
 124 0000 00B5     		push	{lr}
 125              	.LCFI3:
 126              		.cfi_def_cfa_offset 4
 127              		.cfi_offset 14, -4
 128 0002 87B0     		sub	sp, sp, #28
 129              	.LCFI4:
 130              		.cfi_def_cfa_offset 32
  97:Core/Src/stm32f1xx_hal_msp.c ****   GPIO_InitTypeDef GPIO_InitStruct = {0};
 131              		.loc 1 97 3 is_stmt 1 view .LVU24
 132              		.loc 1 97 20 is_stmt 0 view .LVU25
 133 0004 0023     		movs	r3, #0
 134 0006 0293     		str	r3, [sp, #8]
ARM GAS  C:\Users\Kingj\AppData\Local\Temp\ccJr0HMv.s 			page 5


 135 0008 0393     		str	r3, [sp, #12]
 136 000a 0493     		str	r3, [sp, #16]
 137 000c 0593     		str	r3, [sp, #20]
  98:Core/Src/stm32f1xx_hal_msp.c ****   if(htim_base->Instance==TIM2)
 138              		.loc 1 98 3 is_stmt 1 view .LVU26
 139              		.loc 1 98 15 is_stmt 0 view .LVU27
 140 000e 0368     		ldr	r3, [r0]
 141              		.loc 1 98 5 view .LVU28
 142 0010 B3F1804F 		cmp	r3, #1073741824
 143 0014 02D0     		beq	.L8
 144              	.LVL6:
 145              	.L5:
  99:Core/Src/stm32f1xx_hal_msp.c ****   {
 100:Core/Src/stm32f1xx_hal_msp.c ****   /* USER CODE BEGIN TIM2_MspInit 0 */
 101:Core/Src/stm32f1xx_hal_msp.c **** 
 102:Core/Src/stm32f1xx_hal_msp.c ****   /* USER CODE END TIM2_MspInit 0 */
 103:Core/Src/stm32f1xx_hal_msp.c ****     /* Peripheral clock enable */
 104:Core/Src/stm32f1xx_hal_msp.c ****     __HAL_RCC_TIM2_CLK_ENABLE();
 105:Core/Src/stm32f1xx_hal_msp.c **** 
 106:Core/Src/stm32f1xx_hal_msp.c ****     __HAL_RCC_GPIOA_CLK_ENABLE();
 107:Core/Src/stm32f1xx_hal_msp.c ****     /**TIM2 GPIO Configuration
 108:Core/Src/stm32f1xx_hal_msp.c ****     PA0-WKUP     ------> TIM2_ETR
 109:Core/Src/stm32f1xx_hal_msp.c ****     */
 110:Core/Src/stm32f1xx_hal_msp.c ****     GPIO_InitStruct.Pin = GPIO_PIN_0;
 111:Core/Src/stm32f1xx_hal_msp.c ****     GPIO_InitStruct.Mode = GPIO_MODE_INPUT;
 112:Core/Src/stm32f1xx_hal_msp.c ****     GPIO_InitStruct.Pull = GPIO_NOPULL;
 113:Core/Src/stm32f1xx_hal_msp.c ****     HAL_GPIO_Init(GPIOA, &GPIO_InitStruct);
 114:Core/Src/stm32f1xx_hal_msp.c **** 
 115:Core/Src/stm32f1xx_hal_msp.c ****     /* TIM2 interrupt Init */
 116:Core/Src/stm32f1xx_hal_msp.c ****     HAL_NVIC_SetPriority(TIM2_IRQn, 0, 0);
 117:Core/Src/stm32f1xx_hal_msp.c ****     HAL_NVIC_EnableIRQ(TIM2_IRQn);
 118:Core/Src/stm32f1xx_hal_msp.c ****   /* USER CODE BEGIN TIM2_MspInit 1 */
 119:Core/Src/stm32f1xx_hal_msp.c **** 
 120:Core/Src/stm32f1xx_hal_msp.c ****   /* USER CODE END TIM2_MspInit 1 */
 121:Core/Src/stm32f1xx_hal_msp.c ****   }
 122:Core/Src/stm32f1xx_hal_msp.c **** 
 123:Core/Src/stm32f1xx_hal_msp.c **** }
 146              		.loc 1 123 1 view .LVU29
 147 0016 07B0     		add	sp, sp, #28
 148              	.LCFI5:
 149              		.cfi_remember_state
 150              		.cfi_def_cfa_offset 4
 151              		@ sp needed
 152 0018 5DF804FB 		ldr	pc, [sp], #4
 153              	.LVL7:
 154              	.L8:
 155              	.LCFI6:
 156              		.cfi_restore_state
 104:Core/Src/stm32f1xx_hal_msp.c **** 
 157              		.loc 1 104 5 is_stmt 1 view .LVU30
 158              	.LBB5:
 104:Core/Src/stm32f1xx_hal_msp.c **** 
 159              		.loc 1 104 5 view .LVU31
 104:Core/Src/stm32f1xx_hal_msp.c **** 
 160              		.loc 1 104 5 view .LVU32
 161 001c 03F50433 		add	r3, r3, #135168
 162 0020 DA69     		ldr	r2, [r3, #28]
ARM GAS  C:\Users\Kingj\AppData\Local\Temp\ccJr0HMv.s 			page 6


 163 0022 42F00102 		orr	r2, r2, #1
 164 0026 DA61     		str	r2, [r3, #28]
 104:Core/Src/stm32f1xx_hal_msp.c **** 
 165              		.loc 1 104 5 view .LVU33
 166 0028 DA69     		ldr	r2, [r3, #28]
 167 002a 02F00102 		and	r2, r2, #1
 168 002e 0092     		str	r2, [sp]
 104:Core/Src/stm32f1xx_hal_msp.c **** 
 169              		.loc 1 104 5 view .LVU34
 170 0030 009A     		ldr	r2, [sp]
 171              	.LBE5:
 104:Core/Src/stm32f1xx_hal_msp.c **** 
 172              		.loc 1 104 5 view .LVU35
 106:Core/Src/stm32f1xx_hal_msp.c ****     /**TIM2 GPIO Configuration
 173              		.loc 1 106 5 view .LVU36
 174              	.LBB6:
 106:Core/Src/stm32f1xx_hal_msp.c ****     /**TIM2 GPIO Configuration
 175              		.loc 1 106 5 view .LVU37
 106:Core/Src/stm32f1xx_hal_msp.c ****     /**TIM2 GPIO Configuration
 176              		.loc 1 106 5 view .LVU38
 177 0032 9A69     		ldr	r2, [r3, #24]
 178 0034 42F00402 		orr	r2, r2, #4
 179 0038 9A61     		str	r2, [r3, #24]
 106:Core/Src/stm32f1xx_hal_msp.c ****     /**TIM2 GPIO Configuration
 180              		.loc 1 106 5 view .LVU39
 181 003a 9B69     		ldr	r3, [r3, #24]
 182 003c 03F00403 		and	r3, r3, #4
 183 0040 0193     		str	r3, [sp, #4]
 106:Core/Src/stm32f1xx_hal_msp.c ****     /**TIM2 GPIO Configuration
 184              		.loc 1 106 5 view .LVU40
 185 0042 019B     		ldr	r3, [sp, #4]
 186              	.LBE6:
 106:Core/Src/stm32f1xx_hal_msp.c ****     /**TIM2 GPIO Configuration
 187              		.loc 1 106 5 view .LVU41
 110:Core/Src/stm32f1xx_hal_msp.c ****     GPIO_InitStruct.Mode = GPIO_MODE_INPUT;
 188              		.loc 1 110 5 view .LVU42
 110:Core/Src/stm32f1xx_hal_msp.c ****     GPIO_InitStruct.Mode = GPIO_MODE_INPUT;
 189              		.loc 1 110 25 is_stmt 0 view .LVU43
 190 0044 0123     		movs	r3, #1
 191 0046 0293     		str	r3, [sp, #8]
 111:Core/Src/stm32f1xx_hal_msp.c ****     GPIO_InitStruct.Pull = GPIO_NOPULL;
 192              		.loc 1 111 5 is_stmt 1 view .LVU44
 112:Core/Src/stm32f1xx_hal_msp.c ****     HAL_GPIO_Init(GPIOA, &GPIO_InitStruct);
 193              		.loc 1 112 5 view .LVU45
 113:Core/Src/stm32f1xx_hal_msp.c **** 
 194              		.loc 1 113 5 view .LVU46
 195 0048 02A9     		add	r1, sp, #8
 196 004a 0648     		ldr	r0, .L9
 197              	.LVL8:
 113:Core/Src/stm32f1xx_hal_msp.c **** 
 198              		.loc 1 113 5 is_stmt 0 view .LVU47
 199 004c FFF7FEFF 		bl	HAL_GPIO_Init
 200              	.LVL9:
 116:Core/Src/stm32f1xx_hal_msp.c ****     HAL_NVIC_EnableIRQ(TIM2_IRQn);
 201              		.loc 1 116 5 is_stmt 1 view .LVU48
 202 0050 0022     		movs	r2, #0
 203 0052 1146     		mov	r1, r2
ARM GAS  C:\Users\Kingj\AppData\Local\Temp\ccJr0HMv.s 			page 7


 204 0054 1C20     		movs	r0, #28
 205 0056 FFF7FEFF 		bl	HAL_NVIC_SetPriority
 206              	.LVL10:
 117:Core/Src/stm32f1xx_hal_msp.c ****   /* USER CODE BEGIN TIM2_MspInit 1 */
 207              		.loc 1 117 5 view .LVU49
 208 005a 1C20     		movs	r0, #28
 209 005c FFF7FEFF 		bl	HAL_NVIC_EnableIRQ
 210              	.LVL11:
 211              		.loc 1 123 1 is_stmt 0 view .LVU50
 212 0060 D9E7     		b	.L5
 213              	.L10:
 214 0062 00BF     		.align	2
 215              	.L9:
 216 0064 00080140 		.word	1073809408
 217              		.cfi_endproc
 218              	.LFE66:
 220              		.section	.text.HAL_TIM_Base_MspDeInit,"ax",%progbits
 221              		.align	1
 222              		.global	HAL_TIM_Base_MspDeInit
 223              		.syntax unified
 224              		.thumb
 225              		.thumb_func
 227              	HAL_TIM_Base_MspDeInit:
 228              	.LVL12:
 229              	.LFB67:
 124:Core/Src/stm32f1xx_hal_msp.c **** 
 125:Core/Src/stm32f1xx_hal_msp.c **** /**
 126:Core/Src/stm32f1xx_hal_msp.c **** * @brief TIM_Base MSP De-Initialization
 127:Core/Src/stm32f1xx_hal_msp.c **** * This function freeze the hardware resources used in this example
 128:Core/Src/stm32f1xx_hal_msp.c **** * @param htim_base: TIM_Base handle pointer
 129:Core/Src/stm32f1xx_hal_msp.c **** * @retval None
 130:Core/Src/stm32f1xx_hal_msp.c **** */
 131:Core/Src/stm32f1xx_hal_msp.c **** void HAL_TIM_Base_MspDeInit(TIM_HandleTypeDef* htim_base)
 132:Core/Src/stm32f1xx_hal_msp.c **** {
 230              		.loc 1 132 1 is_stmt 1 view -0
 231              		.cfi_startproc
 232              		@ args = 0, pretend = 0, frame = 0
 233              		@ frame_needed = 0, uses_anonymous_args = 0
 234              		.loc 1 132 1 is_stmt 0 view .LVU52
 235 0000 08B5     		push	{r3, lr}
 236              	.LCFI7:
 237              		.cfi_def_cfa_offset 8
 238              		.cfi_offset 3, -8
 239              		.cfi_offset 14, -4
 133:Core/Src/stm32f1xx_hal_msp.c ****   if(htim_base->Instance==TIM2)
 240              		.loc 1 133 3 is_stmt 1 view .LVU53
 241              		.loc 1 133 15 is_stmt 0 view .LVU54
 242 0002 0368     		ldr	r3, [r0]
 243              		.loc 1 133 5 view .LVU55
 244 0004 B3F1804F 		cmp	r3, #1073741824
 245 0008 00D0     		beq	.L14
 246              	.LVL13:
 247              	.L11:
 134:Core/Src/stm32f1xx_hal_msp.c ****   {
 135:Core/Src/stm32f1xx_hal_msp.c ****   /* USER CODE BEGIN TIM2_MspDeInit 0 */
 136:Core/Src/stm32f1xx_hal_msp.c **** 
 137:Core/Src/stm32f1xx_hal_msp.c ****   /* USER CODE END TIM2_MspDeInit 0 */
ARM GAS  C:\Users\Kingj\AppData\Local\Temp\ccJr0HMv.s 			page 8


 138:Core/Src/stm32f1xx_hal_msp.c ****     /* Peripheral clock disable */
 139:Core/Src/stm32f1xx_hal_msp.c ****     __HAL_RCC_TIM2_CLK_DISABLE();
 140:Core/Src/stm32f1xx_hal_msp.c **** 
 141:Core/Src/stm32f1xx_hal_msp.c ****     /**TIM2 GPIO Configuration
 142:Core/Src/stm32f1xx_hal_msp.c ****     PA0-WKUP     ------> TIM2_ETR
 143:Core/Src/stm32f1xx_hal_msp.c ****     */
 144:Core/Src/stm32f1xx_hal_msp.c ****     HAL_GPIO_DeInit(GPIOA, GPIO_PIN_0);
 145:Core/Src/stm32f1xx_hal_msp.c **** 
 146:Core/Src/stm32f1xx_hal_msp.c ****     /* TIM2 interrupt DeInit */
 147:Core/Src/stm32f1xx_hal_msp.c ****     HAL_NVIC_DisableIRQ(TIM2_IRQn);
 148:Core/Src/stm32f1xx_hal_msp.c ****   /* USER CODE BEGIN TIM2_MspDeInit 1 */
 149:Core/Src/stm32f1xx_hal_msp.c **** 
 150:Core/Src/stm32f1xx_hal_msp.c ****   /* USER CODE END TIM2_MspDeInit 1 */
 151:Core/Src/stm32f1xx_hal_msp.c ****   }
 152:Core/Src/stm32f1xx_hal_msp.c **** 
 153:Core/Src/stm32f1xx_hal_msp.c **** }
 248              		.loc 1 153 1 view .LVU56
 249 000a 08BD     		pop	{r3, pc}
 250              	.LVL14:
 251              	.L14:
 139:Core/Src/stm32f1xx_hal_msp.c **** 
 252              		.loc 1 139 5 is_stmt 1 view .LVU57
 253 000c 064A     		ldr	r2, .L15
 254 000e D369     		ldr	r3, [r2, #28]
 255 0010 23F00103 		bic	r3, r3, #1
 256 0014 D361     		str	r3, [r2, #28]
 144:Core/Src/stm32f1xx_hal_msp.c **** 
 257              		.loc 1 144 5 view .LVU58
 258 0016 0121     		movs	r1, #1
 259 0018 0448     		ldr	r0, .L15+4
 260              	.LVL15:
 144:Core/Src/stm32f1xx_hal_msp.c **** 
 261              		.loc 1 144 5 is_stmt 0 view .LVU59
 262 001a FFF7FEFF 		bl	HAL_GPIO_DeInit
 263              	.LVL16:
 147:Core/Src/stm32f1xx_hal_msp.c ****   /* USER CODE BEGIN TIM2_MspDeInit 1 */
 264              		.loc 1 147 5 is_stmt 1 view .LVU60
 265 001e 1C20     		movs	r0, #28
 266 0020 FFF7FEFF 		bl	HAL_NVIC_DisableIRQ
 267              	.LVL17:
 268              		.loc 1 153 1 is_stmt 0 view .LVU61
 269 0024 F1E7     		b	.L11
 270              	.L16:
 271 0026 00BF     		.align	2
 272              	.L15:
 273 0028 00100240 		.word	1073876992
 274 002c 00080140 		.word	1073809408
 275              		.cfi_endproc
 276              	.LFE67:
 278              		.section	.text.HAL_UART_MspInit,"ax",%progbits
 279              		.align	1
 280              		.global	HAL_UART_MspInit
 281              		.syntax unified
 282              		.thumb
 283              		.thumb_func
 285              	HAL_UART_MspInit:
 286              	.LVL18:
ARM GAS  C:\Users\Kingj\AppData\Local\Temp\ccJr0HMv.s 			page 9


 287              	.LFB68:
 154:Core/Src/stm32f1xx_hal_msp.c **** 
 155:Core/Src/stm32f1xx_hal_msp.c **** /**
 156:Core/Src/stm32f1xx_hal_msp.c **** * @brief UART MSP Initialization
 157:Core/Src/stm32f1xx_hal_msp.c **** * This function configures the hardware resources used in this example
 158:Core/Src/stm32f1xx_hal_msp.c **** * @param huart: UART handle pointer
 159:Core/Src/stm32f1xx_hal_msp.c **** * @retval None
 160:Core/Src/stm32f1xx_hal_msp.c **** */
 161:Core/Src/stm32f1xx_hal_msp.c **** void HAL_UART_MspInit(UART_HandleTypeDef* huart)
 162:Core/Src/stm32f1xx_hal_msp.c **** {
 288              		.loc 1 162 1 is_stmt 1 view -0
 289              		.cfi_startproc
 290              		@ args = 0, pretend = 0, frame = 24
 291              		@ frame_needed = 0, uses_anonymous_args = 0
 292              		.loc 1 162 1 is_stmt 0 view .LVU63
 293 0000 10B5     		push	{r4, lr}
 294              	.LCFI8:
 295              		.cfi_def_cfa_offset 8
 296              		.cfi_offset 4, -8
 297              		.cfi_offset 14, -4
 298 0002 86B0     		sub	sp, sp, #24
 299              	.LCFI9:
 300              		.cfi_def_cfa_offset 32
 163:Core/Src/stm32f1xx_hal_msp.c ****   GPIO_InitTypeDef GPIO_InitStruct = {0};
 301              		.loc 1 163 3 is_stmt 1 view .LVU64
 302              		.loc 1 163 20 is_stmt 0 view .LVU65
 303 0004 0023     		movs	r3, #0
 304 0006 0293     		str	r3, [sp, #8]
 305 0008 0393     		str	r3, [sp, #12]
 306 000a 0493     		str	r3, [sp, #16]
 307 000c 0593     		str	r3, [sp, #20]
 164:Core/Src/stm32f1xx_hal_msp.c ****   if(huart->Instance==USART1)
 308              		.loc 1 164 3 is_stmt 1 view .LVU66
 309              		.loc 1 164 11 is_stmt 0 view .LVU67
 310 000e 0268     		ldr	r2, [r0]
 311              		.loc 1 164 5 view .LVU68
 312 0010 174B     		ldr	r3, .L21
 313 0012 9A42     		cmp	r2, r3
 314 0014 01D0     		beq	.L20
 315              	.LVL19:
 316              	.L17:
 165:Core/Src/stm32f1xx_hal_msp.c ****   {
 166:Core/Src/stm32f1xx_hal_msp.c ****   /* USER CODE BEGIN USART1_MspInit 0 */
 167:Core/Src/stm32f1xx_hal_msp.c **** 
 168:Core/Src/stm32f1xx_hal_msp.c ****   /* USER CODE END USART1_MspInit 0 */
 169:Core/Src/stm32f1xx_hal_msp.c ****     /* Peripheral clock enable */
 170:Core/Src/stm32f1xx_hal_msp.c ****     __HAL_RCC_USART1_CLK_ENABLE();
 171:Core/Src/stm32f1xx_hal_msp.c **** 
 172:Core/Src/stm32f1xx_hal_msp.c ****     __HAL_RCC_GPIOA_CLK_ENABLE();
 173:Core/Src/stm32f1xx_hal_msp.c ****     /**USART1 GPIO Configuration
 174:Core/Src/stm32f1xx_hal_msp.c ****     PA9     ------> USART1_TX
 175:Core/Src/stm32f1xx_hal_msp.c ****     PA10     ------> USART1_RX
 176:Core/Src/stm32f1xx_hal_msp.c ****     */
 177:Core/Src/stm32f1xx_hal_msp.c ****     GPIO_InitStruct.Pin = GPIO_PIN_9;
 178:Core/Src/stm32f1xx_hal_msp.c ****     GPIO_InitStruct.Mode = GPIO_MODE_AF_PP;
 179:Core/Src/stm32f1xx_hal_msp.c ****     GPIO_InitStruct.Speed = GPIO_SPEED_FREQ_HIGH;
 180:Core/Src/stm32f1xx_hal_msp.c ****     HAL_GPIO_Init(GPIOA, &GPIO_InitStruct);
ARM GAS  C:\Users\Kingj\AppData\Local\Temp\ccJr0HMv.s 			page 10


 181:Core/Src/stm32f1xx_hal_msp.c **** 
 182:Core/Src/stm32f1xx_hal_msp.c ****     GPIO_InitStruct.Pin = GPIO_PIN_10;
 183:Core/Src/stm32f1xx_hal_msp.c ****     GPIO_InitStruct.Mode = GPIO_MODE_INPUT;
 184:Core/Src/stm32f1xx_hal_msp.c ****     GPIO_InitStruct.Pull = GPIO_NOPULL;
 185:Core/Src/stm32f1xx_hal_msp.c ****     HAL_GPIO_Init(GPIOA, &GPIO_InitStruct);
 186:Core/Src/stm32f1xx_hal_msp.c **** 
 187:Core/Src/stm32f1xx_hal_msp.c ****   /* USER CODE BEGIN USART1_MspInit 1 */
 188:Core/Src/stm32f1xx_hal_msp.c **** 
 189:Core/Src/stm32f1xx_hal_msp.c ****   /* USER CODE END USART1_MspInit 1 */
 190:Core/Src/stm32f1xx_hal_msp.c ****   }
 191:Core/Src/stm32f1xx_hal_msp.c **** 
 192:Core/Src/stm32f1xx_hal_msp.c **** }
 317              		.loc 1 192 1 view .LVU69
 318 0016 06B0     		add	sp, sp, #24
 319              	.LCFI10:
 320              		.cfi_remember_state
 321              		.cfi_def_cfa_offset 8
 322              		@ sp needed
 323 0018 10BD     		pop	{r4, pc}
 324              	.LVL20:
 325              	.L20:
 326              	.LCFI11:
 327              		.cfi_restore_state
 170:Core/Src/stm32f1xx_hal_msp.c **** 
 328              		.loc 1 170 5 is_stmt 1 view .LVU70
 329              	.LBB7:
 170:Core/Src/stm32f1xx_hal_msp.c **** 
 330              		.loc 1 170 5 view .LVU71
 170:Core/Src/stm32f1xx_hal_msp.c **** 
 331              		.loc 1 170 5 view .LVU72
 332 001a 03F55843 		add	r3, r3, #55296
 333 001e 9A69     		ldr	r2, [r3, #24]
 334 0020 42F48042 		orr	r2, r2, #16384
 335 0024 9A61     		str	r2, [r3, #24]
 170:Core/Src/stm32f1xx_hal_msp.c **** 
 336              		.loc 1 170 5 view .LVU73
 337 0026 9A69     		ldr	r2, [r3, #24]
 338 0028 02F48042 		and	r2, r2, #16384
 339 002c 0092     		str	r2, [sp]
 170:Core/Src/stm32f1xx_hal_msp.c **** 
 340              		.loc 1 170 5 view .LVU74
 341 002e 009A     		ldr	r2, [sp]
 342              	.LBE7:
 170:Core/Src/stm32f1xx_hal_msp.c **** 
 343              		.loc 1 170 5 view .LVU75
 172:Core/Src/stm32f1xx_hal_msp.c ****     /**USART1 GPIO Configuration
 344              		.loc 1 172 5 view .LVU76
 345              	.LBB8:
 172:Core/Src/stm32f1xx_hal_msp.c ****     /**USART1 GPIO Configuration
 346              		.loc 1 172 5 view .LVU77
 172:Core/Src/stm32f1xx_hal_msp.c ****     /**USART1 GPIO Configuration
 347              		.loc 1 172 5 view .LVU78
 348 0030 9A69     		ldr	r2, [r3, #24]
 349 0032 42F00402 		orr	r2, r2, #4
 350 0036 9A61     		str	r2, [r3, #24]
 172:Core/Src/stm32f1xx_hal_msp.c ****     /**USART1 GPIO Configuration
 351              		.loc 1 172 5 view .LVU79
ARM GAS  C:\Users\Kingj\AppData\Local\Temp\ccJr0HMv.s 			page 11


 352 0038 9B69     		ldr	r3, [r3, #24]
 353 003a 03F00403 		and	r3, r3, #4
 354 003e 0193     		str	r3, [sp, #4]
 172:Core/Src/stm32f1xx_hal_msp.c ****     /**USART1 GPIO Configuration
 355              		.loc 1 172 5 view .LVU80
 356 0040 019B     		ldr	r3, [sp, #4]
 357              	.LBE8:
 172:Core/Src/stm32f1xx_hal_msp.c ****     /**USART1 GPIO Configuration
 358              		.loc 1 172 5 view .LVU81
 177:Core/Src/stm32f1xx_hal_msp.c ****     GPIO_InitStruct.Mode = GPIO_MODE_AF_PP;
 359              		.loc 1 177 5 view .LVU82
 177:Core/Src/stm32f1xx_hal_msp.c ****     GPIO_InitStruct.Mode = GPIO_MODE_AF_PP;
 360              		.loc 1 177 25 is_stmt 0 view .LVU83
 361 0042 4FF40073 		mov	r3, #512
 362 0046 0293     		str	r3, [sp, #8]
 178:Core/Src/stm32f1xx_hal_msp.c ****     GPIO_InitStruct.Speed = GPIO_SPEED_FREQ_HIGH;
 363              		.loc 1 178 5 is_stmt 1 view .LVU84
 178:Core/Src/stm32f1xx_hal_msp.c ****     GPIO_InitStruct.Speed = GPIO_SPEED_FREQ_HIGH;
 364              		.loc 1 178 26 is_stmt 0 view .LVU85
 365 0048 0223     		movs	r3, #2
 366 004a 0393     		str	r3, [sp, #12]
 179:Core/Src/stm32f1xx_hal_msp.c ****     HAL_GPIO_Init(GPIOA, &GPIO_InitStruct);
 367              		.loc 1 179 5 is_stmt 1 view .LVU86
 179:Core/Src/stm32f1xx_hal_msp.c ****     HAL_GPIO_Init(GPIOA, &GPIO_InitStruct);
 368              		.loc 1 179 27 is_stmt 0 view .LVU87
 369 004c 0323     		movs	r3, #3
 370 004e 0593     		str	r3, [sp, #20]
 180:Core/Src/stm32f1xx_hal_msp.c **** 
 371              		.loc 1 180 5 is_stmt 1 view .LVU88
 372 0050 084C     		ldr	r4, .L21+4
 373 0052 02A9     		add	r1, sp, #8
 374 0054 2046     		mov	r0, r4
 375              	.LVL21:
 180:Core/Src/stm32f1xx_hal_msp.c **** 
 376              		.loc 1 180 5 is_stmt 0 view .LVU89
 377 0056 FFF7FEFF 		bl	HAL_GPIO_Init
 378              	.LVL22:
 182:Core/Src/stm32f1xx_hal_msp.c ****     GPIO_InitStruct.Mode = GPIO_MODE_INPUT;
 379              		.loc 1 182 5 is_stmt 1 view .LVU90
 182:Core/Src/stm32f1xx_hal_msp.c ****     GPIO_InitStruct.Mode = GPIO_MODE_INPUT;
 380              		.loc 1 182 25 is_stmt 0 view .LVU91
 381 005a 4FF48063 		mov	r3, #1024
 382 005e 0293     		str	r3, [sp, #8]
 183:Core/Src/stm32f1xx_hal_msp.c ****     GPIO_InitStruct.Pull = GPIO_NOPULL;
 383              		.loc 1 183 5 is_stmt 1 view .LVU92
 183:Core/Src/stm32f1xx_hal_msp.c ****     GPIO_InitStruct.Pull = GPIO_NOPULL;
 384              		.loc 1 183 26 is_stmt 0 view .LVU93
 385 0060 0023     		movs	r3, #0
 386 0062 0393     		str	r3, [sp, #12]
 184:Core/Src/stm32f1xx_hal_msp.c ****     HAL_GPIO_Init(GPIOA, &GPIO_InitStruct);
 387              		.loc 1 184 5 is_stmt 1 view .LVU94
 184:Core/Src/stm32f1xx_hal_msp.c ****     HAL_GPIO_Init(GPIOA, &GPIO_InitStruct);
 388              		.loc 1 184 26 is_stmt 0 view .LVU95
 389 0064 0493     		str	r3, [sp, #16]
 185:Core/Src/stm32f1xx_hal_msp.c **** 
 390              		.loc 1 185 5 is_stmt 1 view .LVU96
 391 0066 02A9     		add	r1, sp, #8
ARM GAS  C:\Users\Kingj\AppData\Local\Temp\ccJr0HMv.s 			page 12


 392 0068 2046     		mov	r0, r4
 393 006a FFF7FEFF 		bl	HAL_GPIO_Init
 394              	.LVL23:
 395              		.loc 1 192 1 is_stmt 0 view .LVU97
 396 006e D2E7     		b	.L17
 397              	.L22:
 398              		.align	2
 399              	.L21:
 400 0070 00380140 		.word	1073821696
 401 0074 00080140 		.word	1073809408
 402              		.cfi_endproc
 403              	.LFE68:
 405              		.section	.text.HAL_UART_MspDeInit,"ax",%progbits
 406              		.align	1
 407              		.global	HAL_UART_MspDeInit
 408              		.syntax unified
 409              		.thumb
 410              		.thumb_func
 412              	HAL_UART_MspDeInit:
 413              	.LVL24:
 414              	.LFB69:
 193:Core/Src/stm32f1xx_hal_msp.c **** 
 194:Core/Src/stm32f1xx_hal_msp.c **** /**
 195:Core/Src/stm32f1xx_hal_msp.c **** * @brief UART MSP De-Initialization
 196:Core/Src/stm32f1xx_hal_msp.c **** * This function freeze the hardware resources used in this example
 197:Core/Src/stm32f1xx_hal_msp.c **** * @param huart: UART handle pointer
 198:Core/Src/stm32f1xx_hal_msp.c **** * @retval None
 199:Core/Src/stm32f1xx_hal_msp.c **** */
 200:Core/Src/stm32f1xx_hal_msp.c **** void HAL_UART_MspDeInit(UART_HandleTypeDef* huart)
 201:Core/Src/stm32f1xx_hal_msp.c **** {
 415              		.loc 1 201 1 is_stmt 1 view -0
 416              		.cfi_startproc
 417              		@ args = 0, pretend = 0, frame = 0
 418              		@ frame_needed = 0, uses_anonymous_args = 0
 419              		.loc 1 201 1 is_stmt 0 view .LVU99
 420 0000 08B5     		push	{r3, lr}
 421              	.LCFI12:
 422              		.cfi_def_cfa_offset 8
 423              		.cfi_offset 3, -8
 424              		.cfi_offset 14, -4
 202:Core/Src/stm32f1xx_hal_msp.c ****   if(huart->Instance==USART1)
 425              		.loc 1 202 3 is_stmt 1 view .LVU100
 426              		.loc 1 202 11 is_stmt 0 view .LVU101
 427 0002 0268     		ldr	r2, [r0]
 428              		.loc 1 202 5 view .LVU102
 429 0004 074B     		ldr	r3, .L27
 430 0006 9A42     		cmp	r2, r3
 431 0008 00D0     		beq	.L26
 432              	.LVL25:
 433              	.L23:
 203:Core/Src/stm32f1xx_hal_msp.c ****   {
 204:Core/Src/stm32f1xx_hal_msp.c ****   /* USER CODE BEGIN USART1_MspDeInit 0 */
 205:Core/Src/stm32f1xx_hal_msp.c **** 
 206:Core/Src/stm32f1xx_hal_msp.c ****   /* USER CODE END USART1_MspDeInit 0 */
 207:Core/Src/stm32f1xx_hal_msp.c ****     /* Peripheral clock disable */
 208:Core/Src/stm32f1xx_hal_msp.c ****     __HAL_RCC_USART1_CLK_DISABLE();
 209:Core/Src/stm32f1xx_hal_msp.c **** 
ARM GAS  C:\Users\Kingj\AppData\Local\Temp\ccJr0HMv.s 			page 13


 210:Core/Src/stm32f1xx_hal_msp.c ****     /**USART1 GPIO Configuration
 211:Core/Src/stm32f1xx_hal_msp.c ****     PA9     ------> USART1_TX
 212:Core/Src/stm32f1xx_hal_msp.c ****     PA10     ------> USART1_RX
 213:Core/Src/stm32f1xx_hal_msp.c ****     */
 214:Core/Src/stm32f1xx_hal_msp.c ****     HAL_GPIO_DeInit(GPIOA, GPIO_PIN_9|GPIO_PIN_10);
 215:Core/Src/stm32f1xx_hal_msp.c **** 
 216:Core/Src/stm32f1xx_hal_msp.c ****   /* USER CODE BEGIN USART1_MspDeInit 1 */
 217:Core/Src/stm32f1xx_hal_msp.c **** 
 218:Core/Src/stm32f1xx_hal_msp.c ****   /* USER CODE END USART1_MspDeInit 1 */
 219:Core/Src/stm32f1xx_hal_msp.c ****   }
 220:Core/Src/stm32f1xx_hal_msp.c **** 
 221:Core/Src/stm32f1xx_hal_msp.c **** }
 434              		.loc 1 221 1 view .LVU103
 435 000a 08BD     		pop	{r3, pc}
 436              	.LVL26:
 437              	.L26:
 208:Core/Src/stm32f1xx_hal_msp.c **** 
 438              		.loc 1 208 5 is_stmt 1 view .LVU104
 439 000c 064A     		ldr	r2, .L27+4
 440 000e 9369     		ldr	r3, [r2, #24]
 441 0010 23F48043 		bic	r3, r3, #16384
 442 0014 9361     		str	r3, [r2, #24]
 214:Core/Src/stm32f1xx_hal_msp.c **** 
 443              		.loc 1 214 5 view .LVU105
 444 0016 4FF4C061 		mov	r1, #1536
 445 001a 0448     		ldr	r0, .L27+8
 446              	.LVL27:
 214:Core/Src/stm32f1xx_hal_msp.c **** 
 447              		.loc 1 214 5 is_stmt 0 view .LVU106
 448 001c FFF7FEFF 		bl	HAL_GPIO_DeInit
 449              	.LVL28:
 450              		.loc 1 221 1 view .LVU107
 451 0020 F3E7     		b	.L23
 452              	.L28:
 453 0022 00BF     		.align	2
 454              	.L27:
 455 0024 00380140 		.word	1073821696
 456 0028 00100240 		.word	1073876992
 457 002c 00080140 		.word	1073809408
 458              		.cfi_endproc
 459              	.LFE69:
 461              		.text
 462              	.Letext0:
 463              		.file 2 "Drivers/CMSIS/Device/ST/STM32F1xx/Include/stm32f103xb.h"
 464              		.file 3 "d:\\arm-gcc\\gcc\\arm-none-eabi\\include\\machine\\_default_types.h"
 465              		.file 4 "d:\\arm-gcc\\gcc\\arm-none-eabi\\include\\sys\\_stdint.h"
 466              		.file 5 "Drivers/STM32F1xx_HAL_Driver/Inc/stm32f1xx_hal_def.h"
 467              		.file 6 "Drivers/STM32F1xx_HAL_Driver/Inc/stm32f1xx_hal_gpio.h"
 468              		.file 7 "Drivers/STM32F1xx_HAL_Driver/Inc/stm32f1xx_hal_dma.h"
 469              		.file 8 "Drivers/STM32F1xx_HAL_Driver/Inc/stm32f1xx_hal_tim.h"
 470              		.file 9 "Drivers/STM32F1xx_HAL_Driver/Inc/stm32f1xx_hal_uart.h"
 471              		.file 10 "Drivers/STM32F1xx_HAL_Driver/Inc/stm32f1xx_hal_cortex.h"
ARM GAS  C:\Users\Kingj\AppData\Local\Temp\ccJr0HMv.s 			page 14


DEFINED SYMBOLS
                            *ABS*:00000000 stm32f1xx_hal_msp.c
C:\Users\Kingj\AppData\Local\Temp\ccJr0HMv.s:18     .text.HAL_MspInit:00000000 $t
C:\Users\Kingj\AppData\Local\Temp\ccJr0HMv.s:24     .text.HAL_MspInit:00000000 HAL_MspInit
C:\Users\Kingj\AppData\Local\Temp\ccJr0HMv.s:104    .text.HAL_MspInit:00000050 $d
C:\Users\Kingj\AppData\Local\Temp\ccJr0HMv.s:110    .text.HAL_TIM_Base_MspInit:00000000 $t
C:\Users\Kingj\AppData\Local\Temp\ccJr0HMv.s:116    .text.HAL_TIM_Base_MspInit:00000000 HAL_TIM_Base_MspInit
C:\Users\Kingj\AppData\Local\Temp\ccJr0HMv.s:216    .text.HAL_TIM_Base_MspInit:00000064 $d
C:\Users\Kingj\AppData\Local\Temp\ccJr0HMv.s:221    .text.HAL_TIM_Base_MspDeInit:00000000 $t
C:\Users\Kingj\AppData\Local\Temp\ccJr0HMv.s:227    .text.HAL_TIM_Base_MspDeInit:00000000 HAL_TIM_Base_MspDeInit
C:\Users\Kingj\AppData\Local\Temp\ccJr0HMv.s:273    .text.HAL_TIM_Base_MspDeInit:00000028 $d
C:\Users\Kingj\AppData\Local\Temp\ccJr0HMv.s:279    .text.HAL_UART_MspInit:00000000 $t
C:\Users\Kingj\AppData\Local\Temp\ccJr0HMv.s:285    .text.HAL_UART_MspInit:00000000 HAL_UART_MspInit
C:\Users\Kingj\AppData\Local\Temp\ccJr0HMv.s:400    .text.HAL_UART_MspInit:00000070 $d
C:\Users\Kingj\AppData\Local\Temp\ccJr0HMv.s:406    .text.HAL_UART_MspDeInit:00000000 $t
C:\Users\Kingj\AppData\Local\Temp\ccJr0HMv.s:412    .text.HAL_UART_MspDeInit:00000000 HAL_UART_MspDeInit
C:\Users\Kingj\AppData\Local\Temp\ccJr0HMv.s:455    .text.HAL_UART_MspDeInit:00000024 $d

UNDEFINED SYMBOLS
HAL_NVIC_SetPriority
HAL_NVIC_EnableIRQ
HAL_GPIO_Init
HAL_GPIO_DeInit
HAL_NVIC_DisableIRQ
