ARM GAS  C:\Users\Kingj\AppData\Local\Temp\cc4ew2oF.s 			page 1


   1              		.cpu cortex-m3
   2              		.arch armv7-m
   3              		.fpu softvfp
   4              		.eabi_attribute 20, 1
   5              		.eabi_attribute 21, 1
   6              		.eabi_attribute 23, 3
   7              		.eabi_attribute 24, 1
   8              		.eabi_attribute 25, 1
   9              		.eabi_attribute 26, 1
  10              		.eabi_attribute 30, 1
  11              		.eabi_attribute 34, 1
  12              		.eabi_attribute 18, 4
  13              		.file	"stm32f1xx_hal_msp.c"
  14              		.text
  15              	.Ltext0:
  16              		.cfi_sections	.debug_frame
  17              		.section	.text.HAL_MspInit,"ax",%progbits
  18              		.align	1
  19              		.global	HAL_MspInit
  20              		.syntax unified
  21              		.thumb
  22              		.thumb_func
  24              	HAL_MspInit:
  25              	.LFB65:
  26              		.file 1 "Core/Src/stm32f1xx_hal_msp.c"
   1:Core/Src/stm32f1xx_hal_msp.c **** /* USER CODE BEGIN Header */
   2:Core/Src/stm32f1xx_hal_msp.c **** /**
   3:Core/Src/stm32f1xx_hal_msp.c ****   ******************************************************************************
   4:Core/Src/stm32f1xx_hal_msp.c ****   * @file         stm32f1xx_hal_msp.c
   5:Core/Src/stm32f1xx_hal_msp.c ****   * @brief        This file provides code for the MSP Initialization
   6:Core/Src/stm32f1xx_hal_msp.c ****   *               and de-Initialization codes.
   7:Core/Src/stm32f1xx_hal_msp.c ****   ******************************************************************************
   8:Core/Src/stm32f1xx_hal_msp.c ****   * @attention
   9:Core/Src/stm32f1xx_hal_msp.c ****   *
  10:Core/Src/stm32f1xx_hal_msp.c ****   * Copyright (c) 2024 STMicroelectronics.
  11:Core/Src/stm32f1xx_hal_msp.c ****   * All rights reserved.
  12:Core/Src/stm32f1xx_hal_msp.c ****   *
  13:Core/Src/stm32f1xx_hal_msp.c ****   * This software is licensed under terms that can be found in the LICENSE file
  14:Core/Src/stm32f1xx_hal_msp.c ****   * in the root directory of this software component.
  15:Core/Src/stm32f1xx_hal_msp.c ****   * If no LICENSE file comes with this software, it is provided AS-IS.
  16:Core/Src/stm32f1xx_hal_msp.c ****   *
  17:Core/Src/stm32f1xx_hal_msp.c ****   ******************************************************************************
  18:Core/Src/stm32f1xx_hal_msp.c ****   */
  19:Core/Src/stm32f1xx_hal_msp.c **** /* USER CODE END Header */
  20:Core/Src/stm32f1xx_hal_msp.c **** 
  21:Core/Src/stm32f1xx_hal_msp.c **** /* Includes ------------------------------------------------------------------*/
  22:Core/Src/stm32f1xx_hal_msp.c **** #include "main.h"
  23:Core/Src/stm32f1xx_hal_msp.c **** 
  24:Core/Src/stm32f1xx_hal_msp.c **** /* USER CODE BEGIN Includes */
  25:Core/Src/stm32f1xx_hal_msp.c **** 
  26:Core/Src/stm32f1xx_hal_msp.c **** /* USER CODE END Includes */
  27:Core/Src/stm32f1xx_hal_msp.c **** 
  28:Core/Src/stm32f1xx_hal_msp.c **** /* Private typedef -----------------------------------------------------------*/
  29:Core/Src/stm32f1xx_hal_msp.c **** /* USER CODE BEGIN TD */
  30:Core/Src/stm32f1xx_hal_msp.c **** 
  31:Core/Src/stm32f1xx_hal_msp.c **** /* USER CODE END TD */
  32:Core/Src/stm32f1xx_hal_msp.c **** 
ARM GAS  C:\Users\Kingj\AppData\Local\Temp\cc4ew2oF.s 			page 2


  33:Core/Src/stm32f1xx_hal_msp.c **** /* Private define ------------------------------------------------------------*/
  34:Core/Src/stm32f1xx_hal_msp.c **** /* USER CODE BEGIN Define */
  35:Core/Src/stm32f1xx_hal_msp.c **** 
  36:Core/Src/stm32f1xx_hal_msp.c **** /* USER CODE END Define */
  37:Core/Src/stm32f1xx_hal_msp.c **** 
  38:Core/Src/stm32f1xx_hal_msp.c **** /* Private macro -------------------------------------------------------------*/
  39:Core/Src/stm32f1xx_hal_msp.c **** /* USER CODE BEGIN Macro */
  40:Core/Src/stm32f1xx_hal_msp.c **** 
  41:Core/Src/stm32f1xx_hal_msp.c **** /* USER CODE END Macro */
  42:Core/Src/stm32f1xx_hal_msp.c **** 
  43:Core/Src/stm32f1xx_hal_msp.c **** /* Private variables ---------------------------------------------------------*/
  44:Core/Src/stm32f1xx_hal_msp.c **** /* USER CODE BEGIN PV */
  45:Core/Src/stm32f1xx_hal_msp.c **** 
  46:Core/Src/stm32f1xx_hal_msp.c **** /* USER CODE END PV */
  47:Core/Src/stm32f1xx_hal_msp.c **** 
  48:Core/Src/stm32f1xx_hal_msp.c **** /* Private function prototypes -----------------------------------------------*/
  49:Core/Src/stm32f1xx_hal_msp.c **** /* USER CODE BEGIN PFP */
  50:Core/Src/stm32f1xx_hal_msp.c **** 
  51:Core/Src/stm32f1xx_hal_msp.c **** /* USER CODE END PFP */
  52:Core/Src/stm32f1xx_hal_msp.c **** 
  53:Core/Src/stm32f1xx_hal_msp.c **** /* External functions --------------------------------------------------------*/
  54:Core/Src/stm32f1xx_hal_msp.c **** /* USER CODE BEGIN ExternalFunctions */
  55:Core/Src/stm32f1xx_hal_msp.c **** 
  56:Core/Src/stm32f1xx_hal_msp.c **** /* USER CODE END ExternalFunctions */
  57:Core/Src/stm32f1xx_hal_msp.c **** 
  58:Core/Src/stm32f1xx_hal_msp.c **** /* USER CODE BEGIN 0 */
  59:Core/Src/stm32f1xx_hal_msp.c **** 
  60:Core/Src/stm32f1xx_hal_msp.c **** /* USER CODE END 0 */
  61:Core/Src/stm32f1xx_hal_msp.c **** 
  62:Core/Src/stm32f1xx_hal_msp.c **** void HAL_TIM_MspPostInit(TIM_HandleTypeDef *htim);
  63:Core/Src/stm32f1xx_hal_msp.c ****                     /**
  64:Core/Src/stm32f1xx_hal_msp.c ****   * Initializes the Global MSP.
  65:Core/Src/stm32f1xx_hal_msp.c ****   */
  66:Core/Src/stm32f1xx_hal_msp.c **** void HAL_MspInit(void)
  67:Core/Src/stm32f1xx_hal_msp.c **** {
  27              		.loc 1 67 1 view -0
  28              		.cfi_startproc
  29              		@ args = 0, pretend = 0, frame = 8
  30              		@ frame_needed = 0, uses_anonymous_args = 0
  31              		@ link register save eliminated.
  32 0000 82B0     		sub	sp, sp, #8
  33              	.LCFI0:
  34              		.cfi_def_cfa_offset 8
  68:Core/Src/stm32f1xx_hal_msp.c ****   /* USER CODE BEGIN MspInit 0 */
  69:Core/Src/stm32f1xx_hal_msp.c **** 
  70:Core/Src/stm32f1xx_hal_msp.c ****   /* USER CODE END MspInit 0 */
  71:Core/Src/stm32f1xx_hal_msp.c **** 
  72:Core/Src/stm32f1xx_hal_msp.c ****   __HAL_RCC_AFIO_CLK_ENABLE();
  35              		.loc 1 72 3 view .LVU1
  36              	.LBB2:
  37              		.loc 1 72 3 view .LVU2
  38              		.loc 1 72 3 view .LVU3
  39 0002 0E4B     		ldr	r3, .L3
  40 0004 9A69     		ldr	r2, [r3, #24]
  41 0006 42F00102 		orr	r2, r2, #1
  42 000a 9A61     		str	r2, [r3, #24]
  43              		.loc 1 72 3 view .LVU4
ARM GAS  C:\Users\Kingj\AppData\Local\Temp\cc4ew2oF.s 			page 3


  44 000c 9A69     		ldr	r2, [r3, #24]
  45 000e 02F00102 		and	r2, r2, #1
  46 0012 0092     		str	r2, [sp]
  47              		.loc 1 72 3 view .LVU5
  48 0014 009A     		ldr	r2, [sp]
  49              	.LBE2:
  50              		.loc 1 72 3 view .LVU6
  73:Core/Src/stm32f1xx_hal_msp.c ****   __HAL_RCC_PWR_CLK_ENABLE();
  51              		.loc 1 73 3 view .LVU7
  52              	.LBB3:
  53              		.loc 1 73 3 view .LVU8
  54              		.loc 1 73 3 view .LVU9
  55 0016 DA69     		ldr	r2, [r3, #28]
  56 0018 42F08052 		orr	r2, r2, #268435456
  57 001c DA61     		str	r2, [r3, #28]
  58              		.loc 1 73 3 view .LVU10
  59 001e DB69     		ldr	r3, [r3, #28]
  60 0020 03F08053 		and	r3, r3, #268435456
  61 0024 0193     		str	r3, [sp, #4]
  62              		.loc 1 73 3 view .LVU11
  63 0026 019B     		ldr	r3, [sp, #4]
  64              	.LBE3:
  65              		.loc 1 73 3 view .LVU12
  74:Core/Src/stm32f1xx_hal_msp.c **** 
  75:Core/Src/stm32f1xx_hal_msp.c ****   /* System interrupt init*/
  76:Core/Src/stm32f1xx_hal_msp.c **** 
  77:Core/Src/stm32f1xx_hal_msp.c ****   /** NOJTAG: JTAG-DP Disabled and SW-DP Enabled
  78:Core/Src/stm32f1xx_hal_msp.c ****   */
  79:Core/Src/stm32f1xx_hal_msp.c ****   __HAL_AFIO_REMAP_SWJ_NOJTAG();
  66              		.loc 1 79 3 view .LVU13
  67              	.LBB4:
  68              		.loc 1 79 3 view .LVU14
  69 0028 054A     		ldr	r2, .L3+4
  70 002a 5368     		ldr	r3, [r2, #4]
  71              	.LVL0:
  72              		.loc 1 79 3 view .LVU15
  73 002c 23F0E063 		bic	r3, r3, #117440512
  74              	.LVL1:
  75              		.loc 1 79 3 view .LVU16
  76 0030 43F00073 		orr	r3, r3, #33554432
  77              	.LVL2:
  78              		.loc 1 79 3 view .LVU17
  79 0034 5360     		str	r3, [r2, #4]
  80              	.LBE4:
  81              		.loc 1 79 3 view .LVU18
  80:Core/Src/stm32f1xx_hal_msp.c **** 
  81:Core/Src/stm32f1xx_hal_msp.c ****   /* USER CODE BEGIN MspInit 1 */
  82:Core/Src/stm32f1xx_hal_msp.c **** 
  83:Core/Src/stm32f1xx_hal_msp.c ****   /* USER CODE END MspInit 1 */
  84:Core/Src/stm32f1xx_hal_msp.c **** }
  82              		.loc 1 84 1 is_stmt 0 view .LVU19
  83 0036 02B0     		add	sp, sp, #8
  84              	.LCFI1:
  85              		.cfi_def_cfa_offset 0
  86              		@ sp needed
  87 0038 7047     		bx	lr
  88              	.L4:
ARM GAS  C:\Users\Kingj\AppData\Local\Temp\cc4ew2oF.s 			page 4


  89 003a 00BF     		.align	2
  90              	.L3:
  91 003c 00100240 		.word	1073876992
  92 0040 00000140 		.word	1073807360
  93              		.cfi_endproc
  94              	.LFE65:
  96              		.section	.text.HAL_ADC_MspInit,"ax",%progbits
  97              		.align	1
  98              		.global	HAL_ADC_MspInit
  99              		.syntax unified
 100              		.thumb
 101              		.thumb_func
 103              	HAL_ADC_MspInit:
 104              	.LVL3:
 105              	.LFB66:
  85:Core/Src/stm32f1xx_hal_msp.c **** 
  86:Core/Src/stm32f1xx_hal_msp.c **** /**
  87:Core/Src/stm32f1xx_hal_msp.c **** * @brief ADC MSP Initialization
  88:Core/Src/stm32f1xx_hal_msp.c **** * This function configures the hardware resources used in this example
  89:Core/Src/stm32f1xx_hal_msp.c **** * @param hadc: ADC handle pointer
  90:Core/Src/stm32f1xx_hal_msp.c **** * @retval None
  91:Core/Src/stm32f1xx_hal_msp.c **** */
  92:Core/Src/stm32f1xx_hal_msp.c **** void HAL_ADC_MspInit(ADC_HandleTypeDef* hadc)
  93:Core/Src/stm32f1xx_hal_msp.c **** {
 106              		.loc 1 93 1 is_stmt 1 view -0
 107              		.cfi_startproc
 108              		@ args = 0, pretend = 0, frame = 24
 109              		@ frame_needed = 0, uses_anonymous_args = 0
 110              		.loc 1 93 1 is_stmt 0 view .LVU21
 111 0000 00B5     		push	{lr}
 112              	.LCFI2:
 113              		.cfi_def_cfa_offset 4
 114              		.cfi_offset 14, -4
 115 0002 87B0     		sub	sp, sp, #28
 116              	.LCFI3:
 117              		.cfi_def_cfa_offset 32
  94:Core/Src/stm32f1xx_hal_msp.c ****   GPIO_InitTypeDef GPIO_InitStruct = {0};
 118              		.loc 1 94 3 is_stmt 1 view .LVU22
 119              		.loc 1 94 20 is_stmt 0 view .LVU23
 120 0004 0023     		movs	r3, #0
 121 0006 0293     		str	r3, [sp, #8]
 122 0008 0393     		str	r3, [sp, #12]
 123 000a 0493     		str	r3, [sp, #16]
 124 000c 0593     		str	r3, [sp, #20]
  95:Core/Src/stm32f1xx_hal_msp.c ****   if(hadc->Instance==ADC1)
 125              		.loc 1 95 3 is_stmt 1 view .LVU24
 126              		.loc 1 95 10 is_stmt 0 view .LVU25
 127 000e 0268     		ldr	r2, [r0]
 128              		.loc 1 95 5 view .LVU26
 129 0010 114B     		ldr	r3, .L9
 130 0012 9A42     		cmp	r2, r3
 131 0014 02D0     		beq	.L8
 132              	.LVL4:
 133              	.L5:
  96:Core/Src/stm32f1xx_hal_msp.c ****   {
  97:Core/Src/stm32f1xx_hal_msp.c ****   /* USER CODE BEGIN ADC1_MspInit 0 */
  98:Core/Src/stm32f1xx_hal_msp.c **** 
ARM GAS  C:\Users\Kingj\AppData\Local\Temp\cc4ew2oF.s 			page 5


  99:Core/Src/stm32f1xx_hal_msp.c ****   /* USER CODE END ADC1_MspInit 0 */
 100:Core/Src/stm32f1xx_hal_msp.c ****     /* Peripheral clock enable */
 101:Core/Src/stm32f1xx_hal_msp.c ****     __HAL_RCC_ADC1_CLK_ENABLE();
 102:Core/Src/stm32f1xx_hal_msp.c **** 
 103:Core/Src/stm32f1xx_hal_msp.c ****     __HAL_RCC_GPIOA_CLK_ENABLE();
 104:Core/Src/stm32f1xx_hal_msp.c ****     /**ADC1 GPIO Configuration
 105:Core/Src/stm32f1xx_hal_msp.c ****     PA0-WKUP     ------> ADC1_IN0
 106:Core/Src/stm32f1xx_hal_msp.c ****     */
 107:Core/Src/stm32f1xx_hal_msp.c ****     GPIO_InitStruct.Pin = GPIO_PIN_0;
 108:Core/Src/stm32f1xx_hal_msp.c ****     GPIO_InitStruct.Mode = GPIO_MODE_ANALOG;
 109:Core/Src/stm32f1xx_hal_msp.c ****     HAL_GPIO_Init(GPIOA, &GPIO_InitStruct);
 110:Core/Src/stm32f1xx_hal_msp.c **** 
 111:Core/Src/stm32f1xx_hal_msp.c ****   /* USER CODE BEGIN ADC1_MspInit 1 */
 112:Core/Src/stm32f1xx_hal_msp.c **** 
 113:Core/Src/stm32f1xx_hal_msp.c ****   /* USER CODE END ADC1_MspInit 1 */
 114:Core/Src/stm32f1xx_hal_msp.c ****   }
 115:Core/Src/stm32f1xx_hal_msp.c **** 
 116:Core/Src/stm32f1xx_hal_msp.c **** }
 134              		.loc 1 116 1 view .LVU27
 135 0016 07B0     		add	sp, sp, #28
 136              	.LCFI4:
 137              		.cfi_remember_state
 138              		.cfi_def_cfa_offset 4
 139              		@ sp needed
 140 0018 5DF804FB 		ldr	pc, [sp], #4
 141              	.LVL5:
 142              	.L8:
 143              	.LCFI5:
 144              		.cfi_restore_state
 101:Core/Src/stm32f1xx_hal_msp.c **** 
 145              		.loc 1 101 5 is_stmt 1 view .LVU28
 146              	.LBB5:
 101:Core/Src/stm32f1xx_hal_msp.c **** 
 147              		.loc 1 101 5 view .LVU29
 101:Core/Src/stm32f1xx_hal_msp.c **** 
 148              		.loc 1 101 5 view .LVU30
 149 001c 03F56C43 		add	r3, r3, #60416
 150 0020 9A69     		ldr	r2, [r3, #24]
 151 0022 42F40072 		orr	r2, r2, #512
 152 0026 9A61     		str	r2, [r3, #24]
 101:Core/Src/stm32f1xx_hal_msp.c **** 
 153              		.loc 1 101 5 view .LVU31
 154 0028 9A69     		ldr	r2, [r3, #24]
 155 002a 02F40072 		and	r2, r2, #512
 156 002e 0092     		str	r2, [sp]
 101:Core/Src/stm32f1xx_hal_msp.c **** 
 157              		.loc 1 101 5 view .LVU32
 158 0030 009A     		ldr	r2, [sp]
 159              	.LBE5:
 101:Core/Src/stm32f1xx_hal_msp.c **** 
 160              		.loc 1 101 5 view .LVU33
 103:Core/Src/stm32f1xx_hal_msp.c ****     /**ADC1 GPIO Configuration
 161              		.loc 1 103 5 view .LVU34
 162              	.LBB6:
 103:Core/Src/stm32f1xx_hal_msp.c ****     /**ADC1 GPIO Configuration
 163              		.loc 1 103 5 view .LVU35
 103:Core/Src/stm32f1xx_hal_msp.c ****     /**ADC1 GPIO Configuration
ARM GAS  C:\Users\Kingj\AppData\Local\Temp\cc4ew2oF.s 			page 6


 164              		.loc 1 103 5 view .LVU36
 165 0032 9A69     		ldr	r2, [r3, #24]
 166 0034 42F00402 		orr	r2, r2, #4
 167 0038 9A61     		str	r2, [r3, #24]
 103:Core/Src/stm32f1xx_hal_msp.c ****     /**ADC1 GPIO Configuration
 168              		.loc 1 103 5 view .LVU37
 169 003a 9B69     		ldr	r3, [r3, #24]
 170 003c 03F00403 		and	r3, r3, #4
 171 0040 0193     		str	r3, [sp, #4]
 103:Core/Src/stm32f1xx_hal_msp.c ****     /**ADC1 GPIO Configuration
 172              		.loc 1 103 5 view .LVU38
 173 0042 019B     		ldr	r3, [sp, #4]
 174              	.LBE6:
 103:Core/Src/stm32f1xx_hal_msp.c ****     /**ADC1 GPIO Configuration
 175              		.loc 1 103 5 view .LVU39
 107:Core/Src/stm32f1xx_hal_msp.c ****     GPIO_InitStruct.Mode = GPIO_MODE_ANALOG;
 176              		.loc 1 107 5 view .LVU40
 107:Core/Src/stm32f1xx_hal_msp.c ****     GPIO_InitStruct.Mode = GPIO_MODE_ANALOG;
 177              		.loc 1 107 25 is_stmt 0 view .LVU41
 178 0044 0123     		movs	r3, #1
 179 0046 0293     		str	r3, [sp, #8]
 108:Core/Src/stm32f1xx_hal_msp.c ****     HAL_GPIO_Init(GPIOA, &GPIO_InitStruct);
 180              		.loc 1 108 5 is_stmt 1 view .LVU42
 108:Core/Src/stm32f1xx_hal_msp.c ****     HAL_GPIO_Init(GPIOA, &GPIO_InitStruct);
 181              		.loc 1 108 26 is_stmt 0 view .LVU43
 182 0048 0323     		movs	r3, #3
 183 004a 0393     		str	r3, [sp, #12]
 109:Core/Src/stm32f1xx_hal_msp.c **** 
 184              		.loc 1 109 5 is_stmt 1 view .LVU44
 185 004c 02A9     		add	r1, sp, #8
 186 004e 0348     		ldr	r0, .L9+4
 187              	.LVL6:
 109:Core/Src/stm32f1xx_hal_msp.c **** 
 188              		.loc 1 109 5 is_stmt 0 view .LVU45
 189 0050 FFF7FEFF 		bl	HAL_GPIO_Init
 190              	.LVL7:
 191              		.loc 1 116 1 view .LVU46
 192 0054 DFE7     		b	.L5
 193              	.L10:
 194 0056 00BF     		.align	2
 195              	.L9:
 196 0058 00240140 		.word	1073816576
 197 005c 00080140 		.word	1073809408
 198              		.cfi_endproc
 199              	.LFE66:
 201              		.section	.text.HAL_ADC_MspDeInit,"ax",%progbits
 202              		.align	1
 203              		.global	HAL_ADC_MspDeInit
 204              		.syntax unified
 205              		.thumb
 206              		.thumb_func
 208              	HAL_ADC_MspDeInit:
 209              	.LVL8:
 210              	.LFB67:
 117:Core/Src/stm32f1xx_hal_msp.c **** 
 118:Core/Src/stm32f1xx_hal_msp.c **** /**
 119:Core/Src/stm32f1xx_hal_msp.c **** * @brief ADC MSP De-Initialization
ARM GAS  C:\Users\Kingj\AppData\Local\Temp\cc4ew2oF.s 			page 7


 120:Core/Src/stm32f1xx_hal_msp.c **** * This function freeze the hardware resources used in this example
 121:Core/Src/stm32f1xx_hal_msp.c **** * @param hadc: ADC handle pointer
 122:Core/Src/stm32f1xx_hal_msp.c **** * @retval None
 123:Core/Src/stm32f1xx_hal_msp.c **** */
 124:Core/Src/stm32f1xx_hal_msp.c **** void HAL_ADC_MspDeInit(ADC_HandleTypeDef* hadc)
 125:Core/Src/stm32f1xx_hal_msp.c **** {
 211              		.loc 1 125 1 is_stmt 1 view -0
 212              		.cfi_startproc
 213              		@ args = 0, pretend = 0, frame = 0
 214              		@ frame_needed = 0, uses_anonymous_args = 0
 215              		.loc 1 125 1 is_stmt 0 view .LVU48
 216 0000 08B5     		push	{r3, lr}
 217              	.LCFI6:
 218              		.cfi_def_cfa_offset 8
 219              		.cfi_offset 3, -8
 220              		.cfi_offset 14, -4
 126:Core/Src/stm32f1xx_hal_msp.c ****   if(hadc->Instance==ADC1)
 221              		.loc 1 126 3 is_stmt 1 view .LVU49
 222              		.loc 1 126 10 is_stmt 0 view .LVU50
 223 0002 0268     		ldr	r2, [r0]
 224              		.loc 1 126 5 view .LVU51
 225 0004 064B     		ldr	r3, .L15
 226 0006 9A42     		cmp	r2, r3
 227 0008 00D0     		beq	.L14
 228              	.LVL9:
 229              	.L11:
 127:Core/Src/stm32f1xx_hal_msp.c ****   {
 128:Core/Src/stm32f1xx_hal_msp.c ****   /* USER CODE BEGIN ADC1_MspDeInit 0 */
 129:Core/Src/stm32f1xx_hal_msp.c **** 
 130:Core/Src/stm32f1xx_hal_msp.c ****   /* USER CODE END ADC1_MspDeInit 0 */
 131:Core/Src/stm32f1xx_hal_msp.c ****     /* Peripheral clock disable */
 132:Core/Src/stm32f1xx_hal_msp.c ****     __HAL_RCC_ADC1_CLK_DISABLE();
 133:Core/Src/stm32f1xx_hal_msp.c **** 
 134:Core/Src/stm32f1xx_hal_msp.c ****     /**ADC1 GPIO Configuration
 135:Core/Src/stm32f1xx_hal_msp.c ****     PA0-WKUP     ------> ADC1_IN0
 136:Core/Src/stm32f1xx_hal_msp.c ****     */
 137:Core/Src/stm32f1xx_hal_msp.c ****     HAL_GPIO_DeInit(GPIOA, GPIO_PIN_0);
 138:Core/Src/stm32f1xx_hal_msp.c **** 
 139:Core/Src/stm32f1xx_hal_msp.c ****   /* USER CODE BEGIN ADC1_MspDeInit 1 */
 140:Core/Src/stm32f1xx_hal_msp.c **** 
 141:Core/Src/stm32f1xx_hal_msp.c ****   /* USER CODE END ADC1_MspDeInit 1 */
 142:Core/Src/stm32f1xx_hal_msp.c ****   }
 143:Core/Src/stm32f1xx_hal_msp.c **** 
 144:Core/Src/stm32f1xx_hal_msp.c **** }
 230              		.loc 1 144 1 view .LVU52
 231 000a 08BD     		pop	{r3, pc}
 232              	.LVL10:
 233              	.L14:
 132:Core/Src/stm32f1xx_hal_msp.c **** 
 234              		.loc 1 132 5 is_stmt 1 view .LVU53
 235 000c 054A     		ldr	r2, .L15+4
 236 000e 9369     		ldr	r3, [r2, #24]
 237 0010 23F40073 		bic	r3, r3, #512
 238 0014 9361     		str	r3, [r2, #24]
 137:Core/Src/stm32f1xx_hal_msp.c **** 
 239              		.loc 1 137 5 view .LVU54
 240 0016 0121     		movs	r1, #1
ARM GAS  C:\Users\Kingj\AppData\Local\Temp\cc4ew2oF.s 			page 8


 241 0018 0348     		ldr	r0, .L15+8
 242              	.LVL11:
 137:Core/Src/stm32f1xx_hal_msp.c **** 
 243              		.loc 1 137 5 is_stmt 0 view .LVU55
 244 001a FFF7FEFF 		bl	HAL_GPIO_DeInit
 245              	.LVL12:
 246              		.loc 1 144 1 view .LVU56
 247 001e F4E7     		b	.L11
 248              	.L16:
 249              		.align	2
 250              	.L15:
 251 0020 00240140 		.word	1073816576
 252 0024 00100240 		.word	1073876992
 253 0028 00080140 		.word	1073809408
 254              		.cfi_endproc
 255              	.LFE67:
 257              		.section	.text.HAL_TIM_Base_MspInit,"ax",%progbits
 258              		.align	1
 259              		.global	HAL_TIM_Base_MspInit
 260              		.syntax unified
 261              		.thumb
 262              		.thumb_func
 264              	HAL_TIM_Base_MspInit:
 265              	.LVL13:
 266              	.LFB68:
 145:Core/Src/stm32f1xx_hal_msp.c **** 
 146:Core/Src/stm32f1xx_hal_msp.c **** /**
 147:Core/Src/stm32f1xx_hal_msp.c **** * @brief TIM_Base MSP Initialization
 148:Core/Src/stm32f1xx_hal_msp.c **** * This function configures the hardware resources used in this example
 149:Core/Src/stm32f1xx_hal_msp.c **** * @param htim_base: TIM_Base handle pointer
 150:Core/Src/stm32f1xx_hal_msp.c **** * @retval None
 151:Core/Src/stm32f1xx_hal_msp.c **** */
 152:Core/Src/stm32f1xx_hal_msp.c **** void HAL_TIM_Base_MspInit(TIM_HandleTypeDef* htim_base)
 153:Core/Src/stm32f1xx_hal_msp.c **** {
 267              		.loc 1 153 1 is_stmt 1 view -0
 268              		.cfi_startproc
 269              		@ args = 0, pretend = 0, frame = 8
 270              		@ frame_needed = 0, uses_anonymous_args = 0
 271              		@ link register save eliminated.
 154:Core/Src/stm32f1xx_hal_msp.c ****   if(htim_base->Instance==TIM1)
 272              		.loc 1 154 3 view .LVU58
 273              		.loc 1 154 15 is_stmt 0 view .LVU59
 274 0000 0268     		ldr	r2, [r0]
 275              		.loc 1 154 5 view .LVU60
 276 0002 094B     		ldr	r3, .L24
 277 0004 9A42     		cmp	r2, r3
 278 0006 00D0     		beq	.L23
 279 0008 7047     		bx	lr
 280              	.L23:
 153:Core/Src/stm32f1xx_hal_msp.c ****   if(htim_base->Instance==TIM1)
 281              		.loc 1 153 1 view .LVU61
 282 000a 82B0     		sub	sp, sp, #8
 283              	.LCFI7:
 284              		.cfi_def_cfa_offset 8
 155:Core/Src/stm32f1xx_hal_msp.c ****   {
 156:Core/Src/stm32f1xx_hal_msp.c ****   /* USER CODE BEGIN TIM1_MspInit 0 */
 157:Core/Src/stm32f1xx_hal_msp.c **** 
ARM GAS  C:\Users\Kingj\AppData\Local\Temp\cc4ew2oF.s 			page 9


 158:Core/Src/stm32f1xx_hal_msp.c ****   /* USER CODE END TIM1_MspInit 0 */
 159:Core/Src/stm32f1xx_hal_msp.c ****     /* Peripheral clock enable */
 160:Core/Src/stm32f1xx_hal_msp.c ****     __HAL_RCC_TIM1_CLK_ENABLE();
 285              		.loc 1 160 5 is_stmt 1 view .LVU62
 286              	.LBB7:
 287              		.loc 1 160 5 view .LVU63
 288              		.loc 1 160 5 view .LVU64
 289 000c 03F56443 		add	r3, r3, #58368
 290 0010 9A69     		ldr	r2, [r3, #24]
 291 0012 42F40062 		orr	r2, r2, #2048
 292 0016 9A61     		str	r2, [r3, #24]
 293              		.loc 1 160 5 view .LVU65
 294 0018 9B69     		ldr	r3, [r3, #24]
 295 001a 03F40063 		and	r3, r3, #2048
 296 001e 0193     		str	r3, [sp, #4]
 297              		.loc 1 160 5 view .LVU66
 298 0020 019B     		ldr	r3, [sp, #4]
 299              	.LBE7:
 300              		.loc 1 160 5 view .LVU67
 161:Core/Src/stm32f1xx_hal_msp.c ****   /* USER CODE BEGIN TIM1_MspInit 1 */
 162:Core/Src/stm32f1xx_hal_msp.c **** 
 163:Core/Src/stm32f1xx_hal_msp.c ****   /* USER CODE END TIM1_MspInit 1 */
 164:Core/Src/stm32f1xx_hal_msp.c ****   }
 165:Core/Src/stm32f1xx_hal_msp.c **** 
 166:Core/Src/stm32f1xx_hal_msp.c **** }
 301              		.loc 1 166 1 is_stmt 0 view .LVU68
 302 0022 02B0     		add	sp, sp, #8
 303              	.LCFI8:
 304              		.cfi_def_cfa_offset 0
 305              		@ sp needed
 306 0024 7047     		bx	lr
 307              	.L25:
 308 0026 00BF     		.align	2
 309              	.L24:
 310 0028 002C0140 		.word	1073818624
 311              		.cfi_endproc
 312              	.LFE68:
 314              		.section	.text.HAL_TIM_MspPostInit,"ax",%progbits
 315              		.align	1
 316              		.global	HAL_TIM_MspPostInit
 317              		.syntax unified
 318              		.thumb
 319              		.thumb_func
 321              	HAL_TIM_MspPostInit:
 322              	.LVL14:
 323              	.LFB69:
 167:Core/Src/stm32f1xx_hal_msp.c **** 
 168:Core/Src/stm32f1xx_hal_msp.c **** void HAL_TIM_MspPostInit(TIM_HandleTypeDef* htim)
 169:Core/Src/stm32f1xx_hal_msp.c **** {
 324              		.loc 1 169 1 is_stmt 1 view -0
 325              		.cfi_startproc
 326              		@ args = 0, pretend = 0, frame = 24
 327              		@ frame_needed = 0, uses_anonymous_args = 0
 328              		.loc 1 169 1 is_stmt 0 view .LVU70
 329 0000 00B5     		push	{lr}
 330              	.LCFI9:
 331              		.cfi_def_cfa_offset 4
ARM GAS  C:\Users\Kingj\AppData\Local\Temp\cc4ew2oF.s 			page 10


 332              		.cfi_offset 14, -4
 333 0002 87B0     		sub	sp, sp, #28
 334              	.LCFI10:
 335              		.cfi_def_cfa_offset 32
 170:Core/Src/stm32f1xx_hal_msp.c ****   GPIO_InitTypeDef GPIO_InitStruct = {0};
 336              		.loc 1 170 3 is_stmt 1 view .LVU71
 337              		.loc 1 170 20 is_stmt 0 view .LVU72
 338 0004 0023     		movs	r3, #0
 339 0006 0293     		str	r3, [sp, #8]
 340 0008 0393     		str	r3, [sp, #12]
 341 000a 0493     		str	r3, [sp, #16]
 342 000c 0593     		str	r3, [sp, #20]
 171:Core/Src/stm32f1xx_hal_msp.c ****   if(htim->Instance==TIM1)
 343              		.loc 1 171 3 is_stmt 1 view .LVU73
 344              		.loc 1 171 10 is_stmt 0 view .LVU74
 345 000e 0268     		ldr	r2, [r0]
 346              		.loc 1 171 5 view .LVU75
 347 0010 124B     		ldr	r3, .L30
 348 0012 9A42     		cmp	r2, r3
 349 0014 02D0     		beq	.L29
 350              	.LVL15:
 351              	.L26:
 172:Core/Src/stm32f1xx_hal_msp.c ****   {
 173:Core/Src/stm32f1xx_hal_msp.c ****   /* USER CODE BEGIN TIM1_MspPostInit 0 */
 174:Core/Src/stm32f1xx_hal_msp.c **** 
 175:Core/Src/stm32f1xx_hal_msp.c ****   /* USER CODE END TIM1_MspPostInit 0 */
 176:Core/Src/stm32f1xx_hal_msp.c **** 
 177:Core/Src/stm32f1xx_hal_msp.c ****     __HAL_RCC_GPIOA_CLK_ENABLE();
 178:Core/Src/stm32f1xx_hal_msp.c ****     /**TIM1 GPIO Configuration
 179:Core/Src/stm32f1xx_hal_msp.c ****     PA7     ------> TIM1_CH1N
 180:Core/Src/stm32f1xx_hal_msp.c ****     PA8     ------> TIM1_CH1
 181:Core/Src/stm32f1xx_hal_msp.c ****     */
 182:Core/Src/stm32f1xx_hal_msp.c ****     GPIO_InitStruct.Pin = GPIO_PIN_7|GPIO_PIN_8;
 183:Core/Src/stm32f1xx_hal_msp.c ****     GPIO_InitStruct.Mode = GPIO_MODE_AF_PP;
 184:Core/Src/stm32f1xx_hal_msp.c ****     GPIO_InitStruct.Speed = GPIO_SPEED_FREQ_LOW;
 185:Core/Src/stm32f1xx_hal_msp.c ****     HAL_GPIO_Init(GPIOA, &GPIO_InitStruct);
 186:Core/Src/stm32f1xx_hal_msp.c **** 
 187:Core/Src/stm32f1xx_hal_msp.c ****     __HAL_AFIO_REMAP_TIM1_PARTIAL();
 188:Core/Src/stm32f1xx_hal_msp.c **** 
 189:Core/Src/stm32f1xx_hal_msp.c ****   /* USER CODE BEGIN TIM1_MspPostInit 1 */
 190:Core/Src/stm32f1xx_hal_msp.c **** 
 191:Core/Src/stm32f1xx_hal_msp.c ****   /* USER CODE END TIM1_MspPostInit 1 */
 192:Core/Src/stm32f1xx_hal_msp.c ****   }
 193:Core/Src/stm32f1xx_hal_msp.c **** 
 194:Core/Src/stm32f1xx_hal_msp.c **** }
 352              		.loc 1 194 1 view .LVU76
 353 0016 07B0     		add	sp, sp, #28
 354              	.LCFI11:
 355              		.cfi_remember_state
 356              		.cfi_def_cfa_offset 4
 357              		@ sp needed
 358 0018 5DF804FB 		ldr	pc, [sp], #4
 359              	.LVL16:
 360              	.L29:
 361              	.LCFI12:
 362              		.cfi_restore_state
 177:Core/Src/stm32f1xx_hal_msp.c ****     /**TIM1 GPIO Configuration
ARM GAS  C:\Users\Kingj\AppData\Local\Temp\cc4ew2oF.s 			page 11


 363              		.loc 1 177 5 is_stmt 1 view .LVU77
 364              	.LBB8:
 177:Core/Src/stm32f1xx_hal_msp.c ****     /**TIM1 GPIO Configuration
 365              		.loc 1 177 5 view .LVU78
 177:Core/Src/stm32f1xx_hal_msp.c ****     /**TIM1 GPIO Configuration
 366              		.loc 1 177 5 view .LVU79
 367 001c 03F56443 		add	r3, r3, #58368
 368 0020 9A69     		ldr	r2, [r3, #24]
 369 0022 42F00402 		orr	r2, r2, #4
 370 0026 9A61     		str	r2, [r3, #24]
 177:Core/Src/stm32f1xx_hal_msp.c ****     /**TIM1 GPIO Configuration
 371              		.loc 1 177 5 view .LVU80
 372 0028 9B69     		ldr	r3, [r3, #24]
 373 002a 03F00403 		and	r3, r3, #4
 374 002e 0193     		str	r3, [sp, #4]
 177:Core/Src/stm32f1xx_hal_msp.c ****     /**TIM1 GPIO Configuration
 375              		.loc 1 177 5 view .LVU81
 376 0030 019B     		ldr	r3, [sp, #4]
 377              	.LBE8:
 177:Core/Src/stm32f1xx_hal_msp.c ****     /**TIM1 GPIO Configuration
 378              		.loc 1 177 5 view .LVU82
 182:Core/Src/stm32f1xx_hal_msp.c ****     GPIO_InitStruct.Mode = GPIO_MODE_AF_PP;
 379              		.loc 1 182 5 view .LVU83
 182:Core/Src/stm32f1xx_hal_msp.c ****     GPIO_InitStruct.Mode = GPIO_MODE_AF_PP;
 380              		.loc 1 182 25 is_stmt 0 view .LVU84
 381 0032 4FF4C073 		mov	r3, #384
 382 0036 0293     		str	r3, [sp, #8]
 183:Core/Src/stm32f1xx_hal_msp.c ****     GPIO_InitStruct.Speed = GPIO_SPEED_FREQ_LOW;
 383              		.loc 1 183 5 is_stmt 1 view .LVU85
 183:Core/Src/stm32f1xx_hal_msp.c ****     GPIO_InitStruct.Speed = GPIO_SPEED_FREQ_LOW;
 384              		.loc 1 183 26 is_stmt 0 view .LVU86
 385 0038 0223     		movs	r3, #2
 386 003a 0393     		str	r3, [sp, #12]
 184:Core/Src/stm32f1xx_hal_msp.c ****     HAL_GPIO_Init(GPIOA, &GPIO_InitStruct);
 387              		.loc 1 184 5 is_stmt 1 view .LVU87
 184:Core/Src/stm32f1xx_hal_msp.c ****     HAL_GPIO_Init(GPIOA, &GPIO_InitStruct);
 388              		.loc 1 184 27 is_stmt 0 view .LVU88
 389 003c 0593     		str	r3, [sp, #20]
 185:Core/Src/stm32f1xx_hal_msp.c **** 
 390              		.loc 1 185 5 is_stmt 1 view .LVU89
 391 003e 02A9     		add	r1, sp, #8
 392 0040 0748     		ldr	r0, .L30+4
 393              	.LVL17:
 185:Core/Src/stm32f1xx_hal_msp.c **** 
 394              		.loc 1 185 5 is_stmt 0 view .LVU90
 395 0042 FFF7FEFF 		bl	HAL_GPIO_Init
 396              	.LVL18:
 187:Core/Src/stm32f1xx_hal_msp.c **** 
 397              		.loc 1 187 5 is_stmt 1 view .LVU91
 398              	.LBB9:
 187:Core/Src/stm32f1xx_hal_msp.c **** 
 399              		.loc 1 187 5 view .LVU92
 400 0046 074A     		ldr	r2, .L30+8
 401 0048 5368     		ldr	r3, [r2, #4]
 402              	.LVL19:
 187:Core/Src/stm32f1xx_hal_msp.c **** 
 403              		.loc 1 187 5 view .LVU93
ARM GAS  C:\Users\Kingj\AppData\Local\Temp\cc4ew2oF.s 			page 12


 404 004a 23F0C003 		bic	r3, r3, #192
 405              	.LVL20:
 187:Core/Src/stm32f1xx_hal_msp.c **** 
 406              		.loc 1 187 5 view .LVU94
 187:Core/Src/stm32f1xx_hal_msp.c **** 
 407              		.loc 1 187 5 view .LVU95
 408 004e 43F0E063 		orr	r3, r3, #117440512
 409              	.LVL21:
 187:Core/Src/stm32f1xx_hal_msp.c **** 
 410              		.loc 1 187 5 is_stmt 0 view .LVU96
 411 0052 43F04003 		orr	r3, r3, #64
 412              	.LVL22:
 187:Core/Src/stm32f1xx_hal_msp.c **** 
 413              		.loc 1 187 5 is_stmt 1 view .LVU97
 414 0056 5360     		str	r3, [r2, #4]
 415              	.LBE9:
 187:Core/Src/stm32f1xx_hal_msp.c **** 
 416              		.loc 1 187 5 view .LVU98
 417              		.loc 1 194 1 is_stmt 0 view .LVU99
 418 0058 DDE7     		b	.L26
 419              	.L31:
 420 005a 00BF     		.align	2
 421              	.L30:
 422 005c 002C0140 		.word	1073818624
 423 0060 00080140 		.word	1073809408
 424 0064 00000140 		.word	1073807360
 425              		.cfi_endproc
 426              	.LFE69:
 428              		.section	.text.HAL_TIM_Base_MspDeInit,"ax",%progbits
 429              		.align	1
 430              		.global	HAL_TIM_Base_MspDeInit
 431              		.syntax unified
 432              		.thumb
 433              		.thumb_func
 435              	HAL_TIM_Base_MspDeInit:
 436              	.LVL23:
 437              	.LFB70:
 195:Core/Src/stm32f1xx_hal_msp.c **** /**
 196:Core/Src/stm32f1xx_hal_msp.c **** * @brief TIM_Base MSP De-Initialization
 197:Core/Src/stm32f1xx_hal_msp.c **** * This function freeze the hardware resources used in this example
 198:Core/Src/stm32f1xx_hal_msp.c **** * @param htim_base: TIM_Base handle pointer
 199:Core/Src/stm32f1xx_hal_msp.c **** * @retval None
 200:Core/Src/stm32f1xx_hal_msp.c **** */
 201:Core/Src/stm32f1xx_hal_msp.c **** void HAL_TIM_Base_MspDeInit(TIM_HandleTypeDef* htim_base)
 202:Core/Src/stm32f1xx_hal_msp.c **** {
 438              		.loc 1 202 1 is_stmt 1 view -0
 439              		.cfi_startproc
 440              		@ args = 0, pretend = 0, frame = 0
 441              		@ frame_needed = 0, uses_anonymous_args = 0
 442              		@ link register save eliminated.
 203:Core/Src/stm32f1xx_hal_msp.c ****   if(htim_base->Instance==TIM1)
 443              		.loc 1 203 3 view .LVU101
 444              		.loc 1 203 15 is_stmt 0 view .LVU102
 445 0000 0268     		ldr	r2, [r0]
 446              		.loc 1 203 5 view .LVU103
 447 0002 054B     		ldr	r3, .L35
 448 0004 9A42     		cmp	r2, r3
ARM GAS  C:\Users\Kingj\AppData\Local\Temp\cc4ew2oF.s 			page 13


 449 0006 00D0     		beq	.L34
 450              	.L32:
 204:Core/Src/stm32f1xx_hal_msp.c ****   {
 205:Core/Src/stm32f1xx_hal_msp.c ****   /* USER CODE BEGIN TIM1_MspDeInit 0 */
 206:Core/Src/stm32f1xx_hal_msp.c **** 
 207:Core/Src/stm32f1xx_hal_msp.c ****   /* USER CODE END TIM1_MspDeInit 0 */
 208:Core/Src/stm32f1xx_hal_msp.c ****     /* Peripheral clock disable */
 209:Core/Src/stm32f1xx_hal_msp.c ****     __HAL_RCC_TIM1_CLK_DISABLE();
 210:Core/Src/stm32f1xx_hal_msp.c ****   /* USER CODE BEGIN TIM1_MspDeInit 1 */
 211:Core/Src/stm32f1xx_hal_msp.c **** 
 212:Core/Src/stm32f1xx_hal_msp.c ****   /* USER CODE END TIM1_MspDeInit 1 */
 213:Core/Src/stm32f1xx_hal_msp.c ****   }
 214:Core/Src/stm32f1xx_hal_msp.c **** 
 215:Core/Src/stm32f1xx_hal_msp.c **** }
 451              		.loc 1 215 1 view .LVU104
 452 0008 7047     		bx	lr
 453              	.L34:
 209:Core/Src/stm32f1xx_hal_msp.c ****   /* USER CODE BEGIN TIM1_MspDeInit 1 */
 454              		.loc 1 209 5 is_stmt 1 view .LVU105
 455 000a 044A     		ldr	r2, .L35+4
 456 000c 9369     		ldr	r3, [r2, #24]
 457 000e 23F40063 		bic	r3, r3, #2048
 458 0012 9361     		str	r3, [r2, #24]
 459              		.loc 1 215 1 is_stmt 0 view .LVU106
 460 0014 F8E7     		b	.L32
 461              	.L36:
 462 0016 00BF     		.align	2
 463              	.L35:
 464 0018 002C0140 		.word	1073818624
 465 001c 00100240 		.word	1073876992
 466              		.cfi_endproc
 467              	.LFE70:
 469              		.text
 470              	.Letext0:
 471              		.file 2 "d:\\arm-gcc\\gcc\\arm-none-eabi\\include\\machine\\_default_types.h"
 472              		.file 3 "d:\\arm-gcc\\gcc\\arm-none-eabi\\include\\sys\\_stdint.h"
 473              		.file 4 "Drivers/CMSIS/Device/ST/STM32F1xx/Include/stm32f103x6.h"
 474              		.file 5 "Drivers/CMSIS/Device/ST/STM32F1xx/Include/stm32f1xx.h"
 475              		.file 6 "Drivers/STM32F1xx_HAL_Driver/Inc/stm32f1xx_hal_def.h"
 476              		.file 7 "Drivers/STM32F1xx_HAL_Driver/Inc/stm32f1xx_hal_gpio.h"
 477              		.file 8 "Drivers/STM32F1xx_HAL_Driver/Inc/stm32f1xx_hal_dma.h"
 478              		.file 9 "Drivers/STM32F1xx_HAL_Driver/Inc/stm32f1xx_hal_adc.h"
 479              		.file 10 "Drivers/STM32F1xx_HAL_Driver/Inc/stm32f1xx_hal_tim.h"
ARM GAS  C:\Users\Kingj\AppData\Local\Temp\cc4ew2oF.s 			page 14


DEFINED SYMBOLS
                            *ABS*:00000000 stm32f1xx_hal_msp.c
C:\Users\Kingj\AppData\Local\Temp\cc4ew2oF.s:18     .text.HAL_MspInit:00000000 $t
C:\Users\Kingj\AppData\Local\Temp\cc4ew2oF.s:24     .text.HAL_MspInit:00000000 HAL_MspInit
C:\Users\Kingj\AppData\Local\Temp\cc4ew2oF.s:91     .text.HAL_MspInit:0000003c $d
C:\Users\Kingj\AppData\Local\Temp\cc4ew2oF.s:97     .text.HAL_ADC_MspInit:00000000 $t
C:\Users\Kingj\AppData\Local\Temp\cc4ew2oF.s:103    .text.HAL_ADC_MspInit:00000000 HAL_ADC_MspInit
C:\Users\Kingj\AppData\Local\Temp\cc4ew2oF.s:196    .text.HAL_ADC_MspInit:00000058 $d
C:\Users\Kingj\AppData\Local\Temp\cc4ew2oF.s:202    .text.HAL_ADC_MspDeInit:00000000 $t
C:\Users\Kingj\AppData\Local\Temp\cc4ew2oF.s:208    .text.HAL_ADC_MspDeInit:00000000 HAL_ADC_MspDeInit
C:\Users\Kingj\AppData\Local\Temp\cc4ew2oF.s:251    .text.HAL_ADC_MspDeInit:00000020 $d
C:\Users\Kingj\AppData\Local\Temp\cc4ew2oF.s:258    .text.HAL_TIM_Base_MspInit:00000000 $t
C:\Users\Kingj\AppData\Local\Temp\cc4ew2oF.s:264    .text.HAL_TIM_Base_MspInit:00000000 HAL_TIM_Base_MspInit
C:\Users\Kingj\AppData\Local\Temp\cc4ew2oF.s:310    .text.HAL_TIM_Base_MspInit:00000028 $d
C:\Users\Kingj\AppData\Local\Temp\cc4ew2oF.s:315    .text.HAL_TIM_MspPostInit:00000000 $t
C:\Users\Kingj\AppData\Local\Temp\cc4ew2oF.s:321    .text.HAL_TIM_MspPostInit:00000000 HAL_TIM_MspPostInit
C:\Users\Kingj\AppData\Local\Temp\cc4ew2oF.s:422    .text.HAL_TIM_MspPostInit:0000005c $d
C:\Users\Kingj\AppData\Local\Temp\cc4ew2oF.s:429    .text.HAL_TIM_Base_MspDeInit:00000000 $t
C:\Users\Kingj\AppData\Local\Temp\cc4ew2oF.s:435    .text.HAL_TIM_Base_MspDeInit:00000000 HAL_TIM_Base_MspDeInit
C:\Users\Kingj\AppData\Local\Temp\cc4ew2oF.s:464    .text.HAL_TIM_Base_MspDeInit:00000018 $d

UNDEFINED SYMBOLS
HAL_GPIO_Init
HAL_GPIO_DeInit
