ARM GAS  C:\Users\Kingj\AppData\Local\Temp\cchpJPAL.s 			page 1


   1              		.cpu cortex-m4
   2              		.arch armv7e-m
   3              		.fpu fpv4-sp-d16
   4              		.eabi_attribute 27, 1
   5              		.eabi_attribute 28, 1
   6              		.eabi_attribute 20, 1
   7              		.eabi_attribute 21, 1
   8              		.eabi_attribute 23, 3
   9              		.eabi_attribute 24, 1
  10              		.eabi_attribute 25, 1
  11              		.eabi_attribute 26, 1
  12              		.eabi_attribute 30, 1
  13              		.eabi_attribute 34, 1
  14              		.eabi_attribute 18, 4
  15              		.file	"stm32f4xx_hal_msp.c"
  16              		.text
  17              	.Ltext0:
  18              		.cfi_sections	.debug_frame
  19              		.section	.text.HAL_MspInit,"ax",%progbits
  20              		.align	1
  21              		.global	HAL_MspInit
  22              		.syntax unified
  23              		.thumb
  24              		.thumb_func
  26              	HAL_MspInit:
  27              	.LFB239:
  28              		.file 1 "Core/Src/stm32f4xx_hal_msp.c"
   1:Core/Src/stm32f4xx_hal_msp.c **** /* USER CODE BEGIN Header */
   2:Core/Src/stm32f4xx_hal_msp.c **** /**
   3:Core/Src/stm32f4xx_hal_msp.c ****   ******************************************************************************
   4:Core/Src/stm32f4xx_hal_msp.c ****   * @file         stm32f4xx_hal_msp.c
   5:Core/Src/stm32f4xx_hal_msp.c ****   * @brief        This file provides code for the MSP Initialization
   6:Core/Src/stm32f4xx_hal_msp.c ****   *               and de-Initialization codes.
   7:Core/Src/stm32f4xx_hal_msp.c ****   ******************************************************************************
   8:Core/Src/stm32f4xx_hal_msp.c ****   * @attention
   9:Core/Src/stm32f4xx_hal_msp.c ****   *
  10:Core/Src/stm32f4xx_hal_msp.c ****   * Copyright (c) 2024 STMicroelectronics.
  11:Core/Src/stm32f4xx_hal_msp.c ****   * All rights reserved.
  12:Core/Src/stm32f4xx_hal_msp.c ****   *
  13:Core/Src/stm32f4xx_hal_msp.c ****   * This software is licensed under terms that can be found in the LICENSE file
  14:Core/Src/stm32f4xx_hal_msp.c ****   * in the root directory of this software component.
  15:Core/Src/stm32f4xx_hal_msp.c ****   * If no LICENSE file comes with this software, it is provided AS-IS.
  16:Core/Src/stm32f4xx_hal_msp.c ****   *
  17:Core/Src/stm32f4xx_hal_msp.c ****   ******************************************************************************
  18:Core/Src/stm32f4xx_hal_msp.c ****   */
  19:Core/Src/stm32f4xx_hal_msp.c **** /* USER CODE END Header */
  20:Core/Src/stm32f4xx_hal_msp.c **** 
  21:Core/Src/stm32f4xx_hal_msp.c **** /* Includes ------------------------------------------------------------------*/
  22:Core/Src/stm32f4xx_hal_msp.c **** #include "main.h"
  23:Core/Src/stm32f4xx_hal_msp.c **** 
  24:Core/Src/stm32f4xx_hal_msp.c **** /* USER CODE BEGIN Includes */
  25:Core/Src/stm32f4xx_hal_msp.c **** 
  26:Core/Src/stm32f4xx_hal_msp.c **** /* USER CODE END Includes */
  27:Core/Src/stm32f4xx_hal_msp.c **** 
  28:Core/Src/stm32f4xx_hal_msp.c **** /* Private typedef -----------------------------------------------------------*/
  29:Core/Src/stm32f4xx_hal_msp.c **** /* USER CODE BEGIN TD */
  30:Core/Src/stm32f4xx_hal_msp.c **** 
ARM GAS  C:\Users\Kingj\AppData\Local\Temp\cchpJPAL.s 			page 2


  31:Core/Src/stm32f4xx_hal_msp.c **** /* USER CODE END TD */
  32:Core/Src/stm32f4xx_hal_msp.c **** 
  33:Core/Src/stm32f4xx_hal_msp.c **** /* Private define ------------------------------------------------------------*/
  34:Core/Src/stm32f4xx_hal_msp.c **** /* USER CODE BEGIN Define */
  35:Core/Src/stm32f4xx_hal_msp.c **** 
  36:Core/Src/stm32f4xx_hal_msp.c **** /* USER CODE END Define */
  37:Core/Src/stm32f4xx_hal_msp.c **** 
  38:Core/Src/stm32f4xx_hal_msp.c **** /* Private macro -------------------------------------------------------------*/
  39:Core/Src/stm32f4xx_hal_msp.c **** /* USER CODE BEGIN Macro */
  40:Core/Src/stm32f4xx_hal_msp.c **** 
  41:Core/Src/stm32f4xx_hal_msp.c **** /* USER CODE END Macro */
  42:Core/Src/stm32f4xx_hal_msp.c **** 
  43:Core/Src/stm32f4xx_hal_msp.c **** /* Private variables ---------------------------------------------------------*/
  44:Core/Src/stm32f4xx_hal_msp.c **** /* USER CODE BEGIN PV */
  45:Core/Src/stm32f4xx_hal_msp.c **** 
  46:Core/Src/stm32f4xx_hal_msp.c **** /* USER CODE END PV */
  47:Core/Src/stm32f4xx_hal_msp.c **** 
  48:Core/Src/stm32f4xx_hal_msp.c **** /* Private function prototypes -----------------------------------------------*/
  49:Core/Src/stm32f4xx_hal_msp.c **** /* USER CODE BEGIN PFP */
  50:Core/Src/stm32f4xx_hal_msp.c **** 
  51:Core/Src/stm32f4xx_hal_msp.c **** /* USER CODE END PFP */
  52:Core/Src/stm32f4xx_hal_msp.c **** 
  53:Core/Src/stm32f4xx_hal_msp.c **** /* External functions --------------------------------------------------------*/
  54:Core/Src/stm32f4xx_hal_msp.c **** /* USER CODE BEGIN ExternalFunctions */
  55:Core/Src/stm32f4xx_hal_msp.c **** 
  56:Core/Src/stm32f4xx_hal_msp.c **** /* USER CODE END ExternalFunctions */
  57:Core/Src/stm32f4xx_hal_msp.c **** 
  58:Core/Src/stm32f4xx_hal_msp.c **** /* USER CODE BEGIN 0 */
  59:Core/Src/stm32f4xx_hal_msp.c **** 
  60:Core/Src/stm32f4xx_hal_msp.c **** /* USER CODE END 0 */
  61:Core/Src/stm32f4xx_hal_msp.c **** /**
  62:Core/Src/stm32f4xx_hal_msp.c ****   * Initializes the Global MSP.
  63:Core/Src/stm32f4xx_hal_msp.c ****   */
  64:Core/Src/stm32f4xx_hal_msp.c **** void HAL_MspInit(void)
  65:Core/Src/stm32f4xx_hal_msp.c **** {
  29              		.loc 1 65 1 view -0
  30              		.cfi_startproc
  31              		@ args = 0, pretend = 0, frame = 8
  32              		@ frame_needed = 0, uses_anonymous_args = 0
  33 0000 00B5     		push	{lr}
  34              	.LCFI0:
  35              		.cfi_def_cfa_offset 4
  36              		.cfi_offset 14, -4
  37 0002 83B0     		sub	sp, sp, #12
  38              	.LCFI1:
  39              		.cfi_def_cfa_offset 16
  66:Core/Src/stm32f4xx_hal_msp.c ****   /* USER CODE BEGIN MspInit 0 */
  67:Core/Src/stm32f4xx_hal_msp.c **** 
  68:Core/Src/stm32f4xx_hal_msp.c ****   /* USER CODE END MspInit 0 */
  69:Core/Src/stm32f4xx_hal_msp.c **** 
  70:Core/Src/stm32f4xx_hal_msp.c ****   __HAL_RCC_SYSCFG_CLK_ENABLE();
  40              		.loc 1 70 3 view .LVU1
  41              	.LBB2:
  42              		.loc 1 70 3 view .LVU2
  43 0004 0022     		movs	r2, #0
  44 0006 0092     		str	r2, [sp]
  45              		.loc 1 70 3 view .LVU3
ARM GAS  C:\Users\Kingj\AppData\Local\Temp\cchpJPAL.s 			page 3


  46 0008 0D4B     		ldr	r3, .L3
  47 000a 596C     		ldr	r1, [r3, #68]
  48 000c 41F48041 		orr	r1, r1, #16384
  49 0010 5964     		str	r1, [r3, #68]
  50              		.loc 1 70 3 view .LVU4
  51 0012 596C     		ldr	r1, [r3, #68]
  52 0014 01F48041 		and	r1, r1, #16384
  53 0018 0091     		str	r1, [sp]
  54              		.loc 1 70 3 view .LVU5
  55 001a 0099     		ldr	r1, [sp]
  56              	.LBE2:
  57              		.loc 1 70 3 view .LVU6
  71:Core/Src/stm32f4xx_hal_msp.c ****   __HAL_RCC_PWR_CLK_ENABLE();
  58              		.loc 1 71 3 view .LVU7
  59              	.LBB3:
  60              		.loc 1 71 3 view .LVU8
  61 001c 0192     		str	r2, [sp, #4]
  62              		.loc 1 71 3 view .LVU9
  63 001e 196C     		ldr	r1, [r3, #64]
  64 0020 41F08051 		orr	r1, r1, #268435456
  65 0024 1964     		str	r1, [r3, #64]
  66              		.loc 1 71 3 view .LVU10
  67 0026 1B6C     		ldr	r3, [r3, #64]
  68 0028 03F08053 		and	r3, r3, #268435456
  69 002c 0193     		str	r3, [sp, #4]
  70              		.loc 1 71 3 view .LVU11
  71 002e 019B     		ldr	r3, [sp, #4]
  72              	.LBE3:
  73              		.loc 1 71 3 view .LVU12
  72:Core/Src/stm32f4xx_hal_msp.c **** 
  73:Core/Src/stm32f4xx_hal_msp.c ****   /* System interrupt init*/
  74:Core/Src/stm32f4xx_hal_msp.c ****   /* PendSV_IRQn interrupt configuration */
  75:Core/Src/stm32f4xx_hal_msp.c ****   HAL_NVIC_SetPriority(PendSV_IRQn, 15, 0);
  74              		.loc 1 75 3 view .LVU13
  75 0030 0F21     		movs	r1, #15
  76 0032 6FF00100 		mvn	r0, #1
  77 0036 FFF7FEFF 		bl	HAL_NVIC_SetPriority
  78              	.LVL0:
  76:Core/Src/stm32f4xx_hal_msp.c **** 
  77:Core/Src/stm32f4xx_hal_msp.c ****   /* USER CODE BEGIN MspInit 1 */
  78:Core/Src/stm32f4xx_hal_msp.c **** 
  79:Core/Src/stm32f4xx_hal_msp.c ****   /* USER CODE END MspInit 1 */
  80:Core/Src/stm32f4xx_hal_msp.c **** }
  79              		.loc 1 80 1 is_stmt 0 view .LVU14
  80 003a 03B0     		add	sp, sp, #12
  81              	.LCFI2:
  82              		.cfi_def_cfa_offset 4
  83              		@ sp needed
  84 003c 5DF804FB 		ldr	pc, [sp], #4
  85              	.L4:
  86              		.align	2
  87              	.L3:
  88 0040 00380240 		.word	1073887232
  89              		.cfi_endproc
  90              	.LFE239:
  92              		.section	.text.HAL_ADC_MspInit,"ax",%progbits
  93              		.align	1
ARM GAS  C:\Users\Kingj\AppData\Local\Temp\cchpJPAL.s 			page 4


  94              		.global	HAL_ADC_MspInit
  95              		.syntax unified
  96              		.thumb
  97              		.thumb_func
  99              	HAL_ADC_MspInit:
 100              	.LVL1:
 101              	.LFB240:
  81:Core/Src/stm32f4xx_hal_msp.c **** 
  82:Core/Src/stm32f4xx_hal_msp.c **** /**
  83:Core/Src/stm32f4xx_hal_msp.c **** * @brief ADC MSP Initialization
  84:Core/Src/stm32f4xx_hal_msp.c **** * This function configures the hardware resources used in this example
  85:Core/Src/stm32f4xx_hal_msp.c **** * @param hadc: ADC handle pointer
  86:Core/Src/stm32f4xx_hal_msp.c **** * @retval None
  87:Core/Src/stm32f4xx_hal_msp.c **** */
  88:Core/Src/stm32f4xx_hal_msp.c **** void HAL_ADC_MspInit(ADC_HandleTypeDef* hadc)
  89:Core/Src/stm32f4xx_hal_msp.c **** {
 102              		.loc 1 89 1 is_stmt 1 view -0
 103              		.cfi_startproc
 104              		@ args = 0, pretend = 0, frame = 32
 105              		@ frame_needed = 0, uses_anonymous_args = 0
 106              		.loc 1 89 1 is_stmt 0 view .LVU16
 107 0000 00B5     		push	{lr}
 108              	.LCFI3:
 109              		.cfi_def_cfa_offset 4
 110              		.cfi_offset 14, -4
 111 0002 89B0     		sub	sp, sp, #36
 112              	.LCFI4:
 113              		.cfi_def_cfa_offset 40
  90:Core/Src/stm32f4xx_hal_msp.c ****   GPIO_InitTypeDef GPIO_InitStruct = {0};
 114              		.loc 1 90 3 is_stmt 1 view .LVU17
 115              		.loc 1 90 20 is_stmt 0 view .LVU18
 116 0004 0023     		movs	r3, #0
 117 0006 0393     		str	r3, [sp, #12]
 118 0008 0493     		str	r3, [sp, #16]
 119 000a 0593     		str	r3, [sp, #20]
 120 000c 0693     		str	r3, [sp, #24]
 121 000e 0793     		str	r3, [sp, #28]
  91:Core/Src/stm32f4xx_hal_msp.c ****   if(hadc->Instance==ADC1)
 122              		.loc 1 91 3 is_stmt 1 view .LVU19
 123              		.loc 1 91 10 is_stmt 0 view .LVU20
 124 0010 0268     		ldr	r2, [r0]
 125              		.loc 1 91 5 view .LVU21
 126 0012 03F18043 		add	r3, r3, #1073741824
 127 0016 03F59033 		add	r3, r3, #73728
 128 001a 9A42     		cmp	r2, r3
 129 001c 02D0     		beq	.L8
 130              	.LVL2:
 131              	.L5:
  92:Core/Src/stm32f4xx_hal_msp.c ****   {
  93:Core/Src/stm32f4xx_hal_msp.c ****   /* USER CODE BEGIN ADC1_MspInit 0 */
  94:Core/Src/stm32f4xx_hal_msp.c **** 
  95:Core/Src/stm32f4xx_hal_msp.c ****   /* USER CODE END ADC1_MspInit 0 */
  96:Core/Src/stm32f4xx_hal_msp.c ****     /* Peripheral clock enable */
  97:Core/Src/stm32f4xx_hal_msp.c ****     __HAL_RCC_ADC1_CLK_ENABLE();
  98:Core/Src/stm32f4xx_hal_msp.c **** 
  99:Core/Src/stm32f4xx_hal_msp.c ****     __HAL_RCC_GPIOA_CLK_ENABLE();
 100:Core/Src/stm32f4xx_hal_msp.c ****     /**ADC1 GPIO Configuration
ARM GAS  C:\Users\Kingj\AppData\Local\Temp\cchpJPAL.s 			page 5


 101:Core/Src/stm32f4xx_hal_msp.c ****     PA1     ------> ADC1_IN1
 102:Core/Src/stm32f4xx_hal_msp.c ****     */
 103:Core/Src/stm32f4xx_hal_msp.c ****     GPIO_InitStruct.Pin = GPIO_PIN_1;
 104:Core/Src/stm32f4xx_hal_msp.c ****     GPIO_InitStruct.Mode = GPIO_MODE_ANALOG;
 105:Core/Src/stm32f4xx_hal_msp.c ****     GPIO_InitStruct.Pull = GPIO_NOPULL;
 106:Core/Src/stm32f4xx_hal_msp.c ****     HAL_GPIO_Init(GPIOA, &GPIO_InitStruct);
 107:Core/Src/stm32f4xx_hal_msp.c **** 
 108:Core/Src/stm32f4xx_hal_msp.c ****   /* USER CODE BEGIN ADC1_MspInit 1 */
 109:Core/Src/stm32f4xx_hal_msp.c **** 
 110:Core/Src/stm32f4xx_hal_msp.c ****   /* USER CODE END ADC1_MspInit 1 */
 111:Core/Src/stm32f4xx_hal_msp.c ****   }
 112:Core/Src/stm32f4xx_hal_msp.c **** 
 113:Core/Src/stm32f4xx_hal_msp.c **** }
 132              		.loc 1 113 1 view .LVU22
 133 001e 09B0     		add	sp, sp, #36
 134              	.LCFI5:
 135              		.cfi_remember_state
 136              		.cfi_def_cfa_offset 4
 137              		@ sp needed
 138 0020 5DF804FB 		ldr	pc, [sp], #4
 139              	.LVL3:
 140              	.L8:
 141              	.LCFI6:
 142              		.cfi_restore_state
  97:Core/Src/stm32f4xx_hal_msp.c **** 
 143              		.loc 1 97 5 is_stmt 1 view .LVU23
 144              	.LBB4:
  97:Core/Src/stm32f4xx_hal_msp.c **** 
 145              		.loc 1 97 5 view .LVU24
 146 0024 0021     		movs	r1, #0
 147 0026 0191     		str	r1, [sp, #4]
  97:Core/Src/stm32f4xx_hal_msp.c **** 
 148              		.loc 1 97 5 view .LVU25
 149 0028 03F58C33 		add	r3, r3, #71680
 150 002c 5A6C     		ldr	r2, [r3, #68]
 151 002e 42F48072 		orr	r2, r2, #256
 152 0032 5A64     		str	r2, [r3, #68]
  97:Core/Src/stm32f4xx_hal_msp.c **** 
 153              		.loc 1 97 5 view .LVU26
 154 0034 5A6C     		ldr	r2, [r3, #68]
 155 0036 02F48072 		and	r2, r2, #256
 156 003a 0192     		str	r2, [sp, #4]
  97:Core/Src/stm32f4xx_hal_msp.c **** 
 157              		.loc 1 97 5 view .LVU27
 158 003c 019A     		ldr	r2, [sp, #4]
 159              	.LBE4:
  97:Core/Src/stm32f4xx_hal_msp.c **** 
 160              		.loc 1 97 5 view .LVU28
  99:Core/Src/stm32f4xx_hal_msp.c ****     /**ADC1 GPIO Configuration
 161              		.loc 1 99 5 view .LVU29
 162              	.LBB5:
  99:Core/Src/stm32f4xx_hal_msp.c ****     /**ADC1 GPIO Configuration
 163              		.loc 1 99 5 view .LVU30
 164 003e 0291     		str	r1, [sp, #8]
  99:Core/Src/stm32f4xx_hal_msp.c ****     /**ADC1 GPIO Configuration
 165              		.loc 1 99 5 view .LVU31
 166 0040 1A6B     		ldr	r2, [r3, #48]
ARM GAS  C:\Users\Kingj\AppData\Local\Temp\cchpJPAL.s 			page 6


 167 0042 42F00102 		orr	r2, r2, #1
 168 0046 1A63     		str	r2, [r3, #48]
  99:Core/Src/stm32f4xx_hal_msp.c ****     /**ADC1 GPIO Configuration
 169              		.loc 1 99 5 view .LVU32
 170 0048 1B6B     		ldr	r3, [r3, #48]
 171 004a 03F00103 		and	r3, r3, #1
 172 004e 0293     		str	r3, [sp, #8]
  99:Core/Src/stm32f4xx_hal_msp.c ****     /**ADC1 GPIO Configuration
 173              		.loc 1 99 5 view .LVU33
 174 0050 029B     		ldr	r3, [sp, #8]
 175              	.LBE5:
  99:Core/Src/stm32f4xx_hal_msp.c ****     /**ADC1 GPIO Configuration
 176              		.loc 1 99 5 view .LVU34
 103:Core/Src/stm32f4xx_hal_msp.c ****     GPIO_InitStruct.Mode = GPIO_MODE_ANALOG;
 177              		.loc 1 103 5 view .LVU35
 103:Core/Src/stm32f4xx_hal_msp.c ****     GPIO_InitStruct.Mode = GPIO_MODE_ANALOG;
 178              		.loc 1 103 25 is_stmt 0 view .LVU36
 179 0052 0223     		movs	r3, #2
 180 0054 0393     		str	r3, [sp, #12]
 104:Core/Src/stm32f4xx_hal_msp.c ****     GPIO_InitStruct.Pull = GPIO_NOPULL;
 181              		.loc 1 104 5 is_stmt 1 view .LVU37
 104:Core/Src/stm32f4xx_hal_msp.c ****     GPIO_InitStruct.Pull = GPIO_NOPULL;
 182              		.loc 1 104 26 is_stmt 0 view .LVU38
 183 0056 0323     		movs	r3, #3
 184 0058 0493     		str	r3, [sp, #16]
 105:Core/Src/stm32f4xx_hal_msp.c ****     HAL_GPIO_Init(GPIOA, &GPIO_InitStruct);
 185              		.loc 1 105 5 is_stmt 1 view .LVU39
 106:Core/Src/stm32f4xx_hal_msp.c **** 
 186              		.loc 1 106 5 view .LVU40
 187 005a 03A9     		add	r1, sp, #12
 188 005c 0148     		ldr	r0, .L9
 189              	.LVL4:
 106:Core/Src/stm32f4xx_hal_msp.c **** 
 190              		.loc 1 106 5 is_stmt 0 view .LVU41
 191 005e FFF7FEFF 		bl	HAL_GPIO_Init
 192              	.LVL5:
 193              		.loc 1 113 1 view .LVU42
 194 0062 DCE7     		b	.L5
 195              	.L10:
 196              		.align	2
 197              	.L9:
 198 0064 00000240 		.word	1073872896
 199              		.cfi_endproc
 200              	.LFE240:
 202              		.section	.text.HAL_ADC_MspDeInit,"ax",%progbits
 203              		.align	1
 204              		.global	HAL_ADC_MspDeInit
 205              		.syntax unified
 206              		.thumb
 207              		.thumb_func
 209              	HAL_ADC_MspDeInit:
 210              	.LVL6:
 211              	.LFB241:
 114:Core/Src/stm32f4xx_hal_msp.c **** 
 115:Core/Src/stm32f4xx_hal_msp.c **** /**
 116:Core/Src/stm32f4xx_hal_msp.c **** * @brief ADC MSP De-Initialization
 117:Core/Src/stm32f4xx_hal_msp.c **** * This function freeze the hardware resources used in this example
ARM GAS  C:\Users\Kingj\AppData\Local\Temp\cchpJPAL.s 			page 7


 118:Core/Src/stm32f4xx_hal_msp.c **** * @param hadc: ADC handle pointer
 119:Core/Src/stm32f4xx_hal_msp.c **** * @retval None
 120:Core/Src/stm32f4xx_hal_msp.c **** */
 121:Core/Src/stm32f4xx_hal_msp.c **** void HAL_ADC_MspDeInit(ADC_HandleTypeDef* hadc)
 122:Core/Src/stm32f4xx_hal_msp.c **** {
 212              		.loc 1 122 1 is_stmt 1 view -0
 213              		.cfi_startproc
 214              		@ args = 0, pretend = 0, frame = 0
 215              		@ frame_needed = 0, uses_anonymous_args = 0
 216              		.loc 1 122 1 is_stmt 0 view .LVU44
 217 0000 08B5     		push	{r3, lr}
 218              	.LCFI7:
 219              		.cfi_def_cfa_offset 8
 220              		.cfi_offset 3, -8
 221              		.cfi_offset 14, -4
 123:Core/Src/stm32f4xx_hal_msp.c ****   if(hadc->Instance==ADC1)
 222              		.loc 1 123 3 is_stmt 1 view .LVU45
 223              		.loc 1 123 10 is_stmt 0 view .LVU46
 224 0002 0268     		ldr	r2, [r0]
 225              		.loc 1 123 5 view .LVU47
 226 0004 064B     		ldr	r3, .L15
 227 0006 9A42     		cmp	r2, r3
 228 0008 00D0     		beq	.L14
 229              	.LVL7:
 230              	.L11:
 124:Core/Src/stm32f4xx_hal_msp.c ****   {
 125:Core/Src/stm32f4xx_hal_msp.c ****   /* USER CODE BEGIN ADC1_MspDeInit 0 */
 126:Core/Src/stm32f4xx_hal_msp.c **** 
 127:Core/Src/stm32f4xx_hal_msp.c ****   /* USER CODE END ADC1_MspDeInit 0 */
 128:Core/Src/stm32f4xx_hal_msp.c ****     /* Peripheral clock disable */
 129:Core/Src/stm32f4xx_hal_msp.c ****     __HAL_RCC_ADC1_CLK_DISABLE();
 130:Core/Src/stm32f4xx_hal_msp.c **** 
 131:Core/Src/stm32f4xx_hal_msp.c ****     /**ADC1 GPIO Configuration
 132:Core/Src/stm32f4xx_hal_msp.c ****     PA1     ------> ADC1_IN1
 133:Core/Src/stm32f4xx_hal_msp.c ****     */
 134:Core/Src/stm32f4xx_hal_msp.c ****     HAL_GPIO_DeInit(GPIOA, GPIO_PIN_1);
 135:Core/Src/stm32f4xx_hal_msp.c **** 
 136:Core/Src/stm32f4xx_hal_msp.c ****   /* USER CODE BEGIN ADC1_MspDeInit 1 */
 137:Core/Src/stm32f4xx_hal_msp.c **** 
 138:Core/Src/stm32f4xx_hal_msp.c ****   /* USER CODE END ADC1_MspDeInit 1 */
 139:Core/Src/stm32f4xx_hal_msp.c ****   }
 140:Core/Src/stm32f4xx_hal_msp.c **** 
 141:Core/Src/stm32f4xx_hal_msp.c **** }
 231              		.loc 1 141 1 view .LVU48
 232 000a 08BD     		pop	{r3, pc}
 233              	.LVL8:
 234              	.L14:
 129:Core/Src/stm32f4xx_hal_msp.c **** 
 235              		.loc 1 129 5 is_stmt 1 view .LVU49
 236 000c 054A     		ldr	r2, .L15+4
 237 000e 536C     		ldr	r3, [r2, #68]
 238 0010 23F48073 		bic	r3, r3, #256
 239 0014 5364     		str	r3, [r2, #68]
 134:Core/Src/stm32f4xx_hal_msp.c **** 
 240              		.loc 1 134 5 view .LVU50
 241 0016 0221     		movs	r1, #2
 242 0018 0348     		ldr	r0, .L15+8
ARM GAS  C:\Users\Kingj\AppData\Local\Temp\cchpJPAL.s 			page 8


 243              	.LVL9:
 134:Core/Src/stm32f4xx_hal_msp.c **** 
 244              		.loc 1 134 5 is_stmt 0 view .LVU51
 245 001a FFF7FEFF 		bl	HAL_GPIO_DeInit
 246              	.LVL10:
 247              		.loc 1 141 1 view .LVU52
 248 001e F4E7     		b	.L11
 249              	.L16:
 250              		.align	2
 251              	.L15:
 252 0020 00200140 		.word	1073815552
 253 0024 00380240 		.word	1073887232
 254 0028 00000240 		.word	1073872896
 255              		.cfi_endproc
 256              	.LFE241:
 258              		.section	.text.HAL_I2C_MspInit,"ax",%progbits
 259              		.align	1
 260              		.global	HAL_I2C_MspInit
 261              		.syntax unified
 262              		.thumb
 263              		.thumb_func
 265              	HAL_I2C_MspInit:
 266              	.LVL11:
 267              	.LFB242:
 142:Core/Src/stm32f4xx_hal_msp.c **** 
 143:Core/Src/stm32f4xx_hal_msp.c **** /**
 144:Core/Src/stm32f4xx_hal_msp.c **** * @brief I2C MSP Initialization
 145:Core/Src/stm32f4xx_hal_msp.c **** * This function configures the hardware resources used in this example
 146:Core/Src/stm32f4xx_hal_msp.c **** * @param hi2c: I2C handle pointer
 147:Core/Src/stm32f4xx_hal_msp.c **** * @retval None
 148:Core/Src/stm32f4xx_hal_msp.c **** */
 149:Core/Src/stm32f4xx_hal_msp.c **** void HAL_I2C_MspInit(I2C_HandleTypeDef* hi2c)
 150:Core/Src/stm32f4xx_hal_msp.c **** {
 268              		.loc 1 150 1 is_stmt 1 view -0
 269              		.cfi_startproc
 270              		@ args = 0, pretend = 0, frame = 32
 271              		@ frame_needed = 0, uses_anonymous_args = 0
 272              		.loc 1 150 1 is_stmt 0 view .LVU54
 273 0000 30B5     		push	{r4, r5, lr}
 274              	.LCFI8:
 275              		.cfi_def_cfa_offset 12
 276              		.cfi_offset 4, -12
 277              		.cfi_offset 5, -8
 278              		.cfi_offset 14, -4
 279 0002 89B0     		sub	sp, sp, #36
 280              	.LCFI9:
 281              		.cfi_def_cfa_offset 48
 151:Core/Src/stm32f4xx_hal_msp.c ****   GPIO_InitTypeDef GPIO_InitStruct = {0};
 282              		.loc 1 151 3 is_stmt 1 view .LVU55
 283              		.loc 1 151 20 is_stmt 0 view .LVU56
 284 0004 0023     		movs	r3, #0
 285 0006 0393     		str	r3, [sp, #12]
 286 0008 0493     		str	r3, [sp, #16]
 287 000a 0593     		str	r3, [sp, #20]
 288 000c 0693     		str	r3, [sp, #24]
 289 000e 0793     		str	r3, [sp, #28]
 152:Core/Src/stm32f4xx_hal_msp.c ****   if(hi2c->Instance==I2C1)
ARM GAS  C:\Users\Kingj\AppData\Local\Temp\cchpJPAL.s 			page 9


 290              		.loc 1 152 3 is_stmt 1 view .LVU57
 291              		.loc 1 152 10 is_stmt 0 view .LVU58
 292 0010 0268     		ldr	r2, [r0]
 293              		.loc 1 152 5 view .LVU59
 294 0012 144B     		ldr	r3, .L21
 295 0014 9A42     		cmp	r2, r3
 296 0016 01D0     		beq	.L20
 297              	.LVL12:
 298              	.L17:
 153:Core/Src/stm32f4xx_hal_msp.c ****   {
 154:Core/Src/stm32f4xx_hal_msp.c ****   /* USER CODE BEGIN I2C1_MspInit 0 */
 155:Core/Src/stm32f4xx_hal_msp.c **** 
 156:Core/Src/stm32f4xx_hal_msp.c ****   /* USER CODE END I2C1_MspInit 0 */
 157:Core/Src/stm32f4xx_hal_msp.c **** 
 158:Core/Src/stm32f4xx_hal_msp.c ****     __HAL_RCC_GPIOB_CLK_ENABLE();
 159:Core/Src/stm32f4xx_hal_msp.c ****     /**I2C1 GPIO Configuration
 160:Core/Src/stm32f4xx_hal_msp.c ****     PB6     ------> I2C1_SCL
 161:Core/Src/stm32f4xx_hal_msp.c ****     PB7     ------> I2C1_SDA
 162:Core/Src/stm32f4xx_hal_msp.c ****     */
 163:Core/Src/stm32f4xx_hal_msp.c ****     GPIO_InitStruct.Pin = GPIO_PIN_6|GPIO_PIN_7;
 164:Core/Src/stm32f4xx_hal_msp.c ****     GPIO_InitStruct.Mode = GPIO_MODE_AF_OD;
 165:Core/Src/stm32f4xx_hal_msp.c ****     GPIO_InitStruct.Pull = GPIO_NOPULL;
 166:Core/Src/stm32f4xx_hal_msp.c ****     GPIO_InitStruct.Speed = GPIO_SPEED_FREQ_VERY_HIGH;
 167:Core/Src/stm32f4xx_hal_msp.c ****     GPIO_InitStruct.Alternate = GPIO_AF4_I2C1;
 168:Core/Src/stm32f4xx_hal_msp.c ****     HAL_GPIO_Init(GPIOB, &GPIO_InitStruct);
 169:Core/Src/stm32f4xx_hal_msp.c **** 
 170:Core/Src/stm32f4xx_hal_msp.c ****     /* Peripheral clock enable */
 171:Core/Src/stm32f4xx_hal_msp.c ****     __HAL_RCC_I2C1_CLK_ENABLE();
 172:Core/Src/stm32f4xx_hal_msp.c ****   /* USER CODE BEGIN I2C1_MspInit 1 */
 173:Core/Src/stm32f4xx_hal_msp.c **** 
 174:Core/Src/stm32f4xx_hal_msp.c ****   /* USER CODE END I2C1_MspInit 1 */
 175:Core/Src/stm32f4xx_hal_msp.c ****   }
 176:Core/Src/stm32f4xx_hal_msp.c **** 
 177:Core/Src/stm32f4xx_hal_msp.c **** }
 299              		.loc 1 177 1 view .LVU60
 300 0018 09B0     		add	sp, sp, #36
 301              	.LCFI10:
 302              		.cfi_remember_state
 303              		.cfi_def_cfa_offset 12
 304              		@ sp needed
 305 001a 30BD     		pop	{r4, r5, pc}
 306              	.LVL13:
 307              	.L20:
 308              	.LCFI11:
 309              		.cfi_restore_state
 158:Core/Src/stm32f4xx_hal_msp.c ****     /**I2C1 GPIO Configuration
 310              		.loc 1 158 5 is_stmt 1 view .LVU61
 311              	.LBB6:
 158:Core/Src/stm32f4xx_hal_msp.c ****     /**I2C1 GPIO Configuration
 312              		.loc 1 158 5 view .LVU62
 313 001c 0025     		movs	r5, #0
 314 001e 0195     		str	r5, [sp, #4]
 158:Core/Src/stm32f4xx_hal_msp.c ****     /**I2C1 GPIO Configuration
 315              		.loc 1 158 5 view .LVU63
 316 0020 114C     		ldr	r4, .L21+4
 317 0022 236B     		ldr	r3, [r4, #48]
 318 0024 43F00203 		orr	r3, r3, #2
ARM GAS  C:\Users\Kingj\AppData\Local\Temp\cchpJPAL.s 			page 10


 319 0028 2363     		str	r3, [r4, #48]
 158:Core/Src/stm32f4xx_hal_msp.c ****     /**I2C1 GPIO Configuration
 320              		.loc 1 158 5 view .LVU64
 321 002a 236B     		ldr	r3, [r4, #48]
 322 002c 03F00203 		and	r3, r3, #2
 323 0030 0193     		str	r3, [sp, #4]
 158:Core/Src/stm32f4xx_hal_msp.c ****     /**I2C1 GPIO Configuration
 324              		.loc 1 158 5 view .LVU65
 325 0032 019B     		ldr	r3, [sp, #4]
 326              	.LBE6:
 158:Core/Src/stm32f4xx_hal_msp.c ****     /**I2C1 GPIO Configuration
 327              		.loc 1 158 5 view .LVU66
 163:Core/Src/stm32f4xx_hal_msp.c ****     GPIO_InitStruct.Mode = GPIO_MODE_AF_OD;
 328              		.loc 1 163 5 view .LVU67
 163:Core/Src/stm32f4xx_hal_msp.c ****     GPIO_InitStruct.Mode = GPIO_MODE_AF_OD;
 329              		.loc 1 163 25 is_stmt 0 view .LVU68
 330 0034 C023     		movs	r3, #192
 331 0036 0393     		str	r3, [sp, #12]
 164:Core/Src/stm32f4xx_hal_msp.c ****     GPIO_InitStruct.Pull = GPIO_NOPULL;
 332              		.loc 1 164 5 is_stmt 1 view .LVU69
 164:Core/Src/stm32f4xx_hal_msp.c ****     GPIO_InitStruct.Pull = GPIO_NOPULL;
 333              		.loc 1 164 26 is_stmt 0 view .LVU70
 334 0038 1223     		movs	r3, #18
 335 003a 0493     		str	r3, [sp, #16]
 165:Core/Src/stm32f4xx_hal_msp.c ****     GPIO_InitStruct.Speed = GPIO_SPEED_FREQ_VERY_HIGH;
 336              		.loc 1 165 5 is_stmt 1 view .LVU71
 166:Core/Src/stm32f4xx_hal_msp.c ****     GPIO_InitStruct.Alternate = GPIO_AF4_I2C1;
 337              		.loc 1 166 5 view .LVU72
 166:Core/Src/stm32f4xx_hal_msp.c ****     GPIO_InitStruct.Alternate = GPIO_AF4_I2C1;
 338              		.loc 1 166 27 is_stmt 0 view .LVU73
 339 003c 0323     		movs	r3, #3
 340 003e 0693     		str	r3, [sp, #24]
 167:Core/Src/stm32f4xx_hal_msp.c ****     HAL_GPIO_Init(GPIOB, &GPIO_InitStruct);
 341              		.loc 1 167 5 is_stmt 1 view .LVU74
 167:Core/Src/stm32f4xx_hal_msp.c ****     HAL_GPIO_Init(GPIOB, &GPIO_InitStruct);
 342              		.loc 1 167 31 is_stmt 0 view .LVU75
 343 0040 0423     		movs	r3, #4
 344 0042 0793     		str	r3, [sp, #28]
 168:Core/Src/stm32f4xx_hal_msp.c **** 
 345              		.loc 1 168 5 is_stmt 1 view .LVU76
 346 0044 03A9     		add	r1, sp, #12
 347 0046 0948     		ldr	r0, .L21+8
 348              	.LVL14:
 168:Core/Src/stm32f4xx_hal_msp.c **** 
 349              		.loc 1 168 5 is_stmt 0 view .LVU77
 350 0048 FFF7FEFF 		bl	HAL_GPIO_Init
 351              	.LVL15:
 171:Core/Src/stm32f4xx_hal_msp.c ****   /* USER CODE BEGIN I2C1_MspInit 1 */
 352              		.loc 1 171 5 is_stmt 1 view .LVU78
 353              	.LBB7:
 171:Core/Src/stm32f4xx_hal_msp.c ****   /* USER CODE BEGIN I2C1_MspInit 1 */
 354              		.loc 1 171 5 view .LVU79
 355 004c 0295     		str	r5, [sp, #8]
 171:Core/Src/stm32f4xx_hal_msp.c ****   /* USER CODE BEGIN I2C1_MspInit 1 */
 356              		.loc 1 171 5 view .LVU80
 357 004e 236C     		ldr	r3, [r4, #64]
 358 0050 43F40013 		orr	r3, r3, #2097152
ARM GAS  C:\Users\Kingj\AppData\Local\Temp\cchpJPAL.s 			page 11


 359 0054 2364     		str	r3, [r4, #64]
 171:Core/Src/stm32f4xx_hal_msp.c ****   /* USER CODE BEGIN I2C1_MspInit 1 */
 360              		.loc 1 171 5 view .LVU81
 361 0056 236C     		ldr	r3, [r4, #64]
 362 0058 03F40013 		and	r3, r3, #2097152
 363 005c 0293     		str	r3, [sp, #8]
 171:Core/Src/stm32f4xx_hal_msp.c ****   /* USER CODE BEGIN I2C1_MspInit 1 */
 364              		.loc 1 171 5 view .LVU82
 365 005e 029B     		ldr	r3, [sp, #8]
 366              	.LBE7:
 171:Core/Src/stm32f4xx_hal_msp.c ****   /* USER CODE BEGIN I2C1_MspInit 1 */
 367              		.loc 1 171 5 view .LVU83
 368              		.loc 1 177 1 is_stmt 0 view .LVU84
 369 0060 DAE7     		b	.L17
 370              	.L22:
 371 0062 00BF     		.align	2
 372              	.L21:
 373 0064 00540040 		.word	1073763328
 374 0068 00380240 		.word	1073887232
 375 006c 00040240 		.word	1073873920
 376              		.cfi_endproc
 377              	.LFE242:
 379              		.section	.text.HAL_I2C_MspDeInit,"ax",%progbits
 380              		.align	1
 381              		.global	HAL_I2C_MspDeInit
 382              		.syntax unified
 383              		.thumb
 384              		.thumb_func
 386              	HAL_I2C_MspDeInit:
 387              	.LVL16:
 388              	.LFB243:
 178:Core/Src/stm32f4xx_hal_msp.c **** 
 179:Core/Src/stm32f4xx_hal_msp.c **** /**
 180:Core/Src/stm32f4xx_hal_msp.c **** * @brief I2C MSP De-Initialization
 181:Core/Src/stm32f4xx_hal_msp.c **** * This function freeze the hardware resources used in this example
 182:Core/Src/stm32f4xx_hal_msp.c **** * @param hi2c: I2C handle pointer
 183:Core/Src/stm32f4xx_hal_msp.c **** * @retval None
 184:Core/Src/stm32f4xx_hal_msp.c **** */
 185:Core/Src/stm32f4xx_hal_msp.c **** void HAL_I2C_MspDeInit(I2C_HandleTypeDef* hi2c)
 186:Core/Src/stm32f4xx_hal_msp.c **** {
 389              		.loc 1 186 1 is_stmt 1 view -0
 390              		.cfi_startproc
 391              		@ args = 0, pretend = 0, frame = 0
 392              		@ frame_needed = 0, uses_anonymous_args = 0
 187:Core/Src/stm32f4xx_hal_msp.c ****   if(hi2c->Instance==I2C1)
 393              		.loc 1 187 3 view .LVU86
 394              		.loc 1 187 10 is_stmt 0 view .LVU87
 395 0000 0268     		ldr	r2, [r0]
 396              		.loc 1 187 5 view .LVU88
 397 0002 0A4B     		ldr	r3, .L30
 398 0004 9A42     		cmp	r2, r3
 399 0006 00D0     		beq	.L29
 400 0008 7047     		bx	lr
 401              	.L29:
 186:Core/Src/stm32f4xx_hal_msp.c ****   if(hi2c->Instance==I2C1)
 402              		.loc 1 186 1 view .LVU89
 403 000a 10B5     		push	{r4, lr}
ARM GAS  C:\Users\Kingj\AppData\Local\Temp\cchpJPAL.s 			page 12


 404              	.LCFI12:
 405              		.cfi_def_cfa_offset 8
 406              		.cfi_offset 4, -8
 407              		.cfi_offset 14, -4
 188:Core/Src/stm32f4xx_hal_msp.c ****   {
 189:Core/Src/stm32f4xx_hal_msp.c ****   /* USER CODE BEGIN I2C1_MspDeInit 0 */
 190:Core/Src/stm32f4xx_hal_msp.c **** 
 191:Core/Src/stm32f4xx_hal_msp.c ****   /* USER CODE END I2C1_MspDeInit 0 */
 192:Core/Src/stm32f4xx_hal_msp.c ****     /* Peripheral clock disable */
 193:Core/Src/stm32f4xx_hal_msp.c ****     __HAL_RCC_I2C1_CLK_DISABLE();
 408              		.loc 1 193 5 is_stmt 1 view .LVU90
 409 000c 084A     		ldr	r2, .L30+4
 410 000e 136C     		ldr	r3, [r2, #64]
 411 0010 23F40013 		bic	r3, r3, #2097152
 412 0014 1364     		str	r3, [r2, #64]
 194:Core/Src/stm32f4xx_hal_msp.c **** 
 195:Core/Src/stm32f4xx_hal_msp.c ****     /**I2C1 GPIO Configuration
 196:Core/Src/stm32f4xx_hal_msp.c ****     PB6     ------> I2C1_SCL
 197:Core/Src/stm32f4xx_hal_msp.c ****     PB7     ------> I2C1_SDA
 198:Core/Src/stm32f4xx_hal_msp.c ****     */
 199:Core/Src/stm32f4xx_hal_msp.c ****     HAL_GPIO_DeInit(GPIOB, GPIO_PIN_6);
 413              		.loc 1 199 5 view .LVU91
 414 0016 074C     		ldr	r4, .L30+8
 415 0018 4021     		movs	r1, #64
 416 001a 2046     		mov	r0, r4
 417              	.LVL17:
 418              		.loc 1 199 5 is_stmt 0 view .LVU92
 419 001c FFF7FEFF 		bl	HAL_GPIO_DeInit
 420              	.LVL18:
 200:Core/Src/stm32f4xx_hal_msp.c **** 
 201:Core/Src/stm32f4xx_hal_msp.c ****     HAL_GPIO_DeInit(GPIOB, GPIO_PIN_7);
 421              		.loc 1 201 5 is_stmt 1 view .LVU93
 422 0020 8021     		movs	r1, #128
 423 0022 2046     		mov	r0, r4
 424 0024 FFF7FEFF 		bl	HAL_GPIO_DeInit
 425              	.LVL19:
 202:Core/Src/stm32f4xx_hal_msp.c **** 
 203:Core/Src/stm32f4xx_hal_msp.c ****   /* USER CODE BEGIN I2C1_MspDeInit 1 */
 204:Core/Src/stm32f4xx_hal_msp.c **** 
 205:Core/Src/stm32f4xx_hal_msp.c ****   /* USER CODE END I2C1_MspDeInit 1 */
 206:Core/Src/stm32f4xx_hal_msp.c ****   }
 207:Core/Src/stm32f4xx_hal_msp.c **** 
 208:Core/Src/stm32f4xx_hal_msp.c **** }
 426              		.loc 1 208 1 is_stmt 0 view .LVU94
 427 0028 10BD     		pop	{r4, pc}
 428              	.L31:
 429 002a 00BF     		.align	2
 430              	.L30:
 431 002c 00540040 		.word	1073763328
 432 0030 00380240 		.word	1073887232
 433 0034 00040240 		.word	1073873920
 434              		.cfi_endproc
 435              	.LFE243:
 437              		.section	.text.HAL_UART_MspInit,"ax",%progbits
 438              		.align	1
 439              		.global	HAL_UART_MspInit
 440              		.syntax unified
ARM GAS  C:\Users\Kingj\AppData\Local\Temp\cchpJPAL.s 			page 13


 441              		.thumb
 442              		.thumb_func
 444              	HAL_UART_MspInit:
 445              	.LVL20:
 446              	.LFB244:
 209:Core/Src/stm32f4xx_hal_msp.c **** 
 210:Core/Src/stm32f4xx_hal_msp.c **** /**
 211:Core/Src/stm32f4xx_hal_msp.c **** * @brief UART MSP Initialization
 212:Core/Src/stm32f4xx_hal_msp.c **** * This function configures the hardware resources used in this example
 213:Core/Src/stm32f4xx_hal_msp.c **** * @param huart: UART handle pointer
 214:Core/Src/stm32f4xx_hal_msp.c **** * @retval None
 215:Core/Src/stm32f4xx_hal_msp.c **** */
 216:Core/Src/stm32f4xx_hal_msp.c **** void HAL_UART_MspInit(UART_HandleTypeDef* huart)
 217:Core/Src/stm32f4xx_hal_msp.c **** {
 447              		.loc 1 217 1 is_stmt 1 view -0
 448              		.cfi_startproc
 449              		@ args = 0, pretend = 0, frame = 32
 450              		@ frame_needed = 0, uses_anonymous_args = 0
 451              		.loc 1 217 1 is_stmt 0 view .LVU96
 452 0000 00B5     		push	{lr}
 453              	.LCFI13:
 454              		.cfi_def_cfa_offset 4
 455              		.cfi_offset 14, -4
 456 0002 89B0     		sub	sp, sp, #36
 457              	.LCFI14:
 458              		.cfi_def_cfa_offset 40
 218:Core/Src/stm32f4xx_hal_msp.c ****   GPIO_InitTypeDef GPIO_InitStruct = {0};
 459              		.loc 1 218 3 is_stmt 1 view .LVU97
 460              		.loc 1 218 20 is_stmt 0 view .LVU98
 461 0004 0023     		movs	r3, #0
 462 0006 0393     		str	r3, [sp, #12]
 463 0008 0493     		str	r3, [sp, #16]
 464 000a 0593     		str	r3, [sp, #20]
 465 000c 0693     		str	r3, [sp, #24]
 466 000e 0793     		str	r3, [sp, #28]
 219:Core/Src/stm32f4xx_hal_msp.c ****   if(huart->Instance==USART3)
 467              		.loc 1 219 3 is_stmt 1 view .LVU99
 468              		.loc 1 219 11 is_stmt 0 view .LVU100
 469 0010 0268     		ldr	r2, [r0]
 470              		.loc 1 219 5 view .LVU101
 471 0012 154B     		ldr	r3, .L36
 472 0014 9A42     		cmp	r2, r3
 473 0016 02D0     		beq	.L35
 474              	.LVL21:
 475              	.L32:
 220:Core/Src/stm32f4xx_hal_msp.c ****   {
 221:Core/Src/stm32f4xx_hal_msp.c ****   /* USER CODE BEGIN USART3_MspInit 0 */
 222:Core/Src/stm32f4xx_hal_msp.c **** 
 223:Core/Src/stm32f4xx_hal_msp.c ****   /* USER CODE END USART3_MspInit 0 */
 224:Core/Src/stm32f4xx_hal_msp.c ****     /* Peripheral clock enable */
 225:Core/Src/stm32f4xx_hal_msp.c ****     __HAL_RCC_USART3_CLK_ENABLE();
 226:Core/Src/stm32f4xx_hal_msp.c **** 
 227:Core/Src/stm32f4xx_hal_msp.c ****     __HAL_RCC_GPIOB_CLK_ENABLE();
 228:Core/Src/stm32f4xx_hal_msp.c ****     /**USART3 GPIO Configuration
 229:Core/Src/stm32f4xx_hal_msp.c ****     PB10     ------> USART3_TX
 230:Core/Src/stm32f4xx_hal_msp.c ****     PB11     ------> USART3_RX
 231:Core/Src/stm32f4xx_hal_msp.c ****     */
ARM GAS  C:\Users\Kingj\AppData\Local\Temp\cchpJPAL.s 			page 14


 232:Core/Src/stm32f4xx_hal_msp.c ****     GPIO_InitStruct.Pin = GPIO_PIN_10|GPIO_PIN_11;
 233:Core/Src/stm32f4xx_hal_msp.c ****     GPIO_InitStruct.Mode = GPIO_MODE_AF_PP;
 234:Core/Src/stm32f4xx_hal_msp.c ****     GPIO_InitStruct.Pull = GPIO_NOPULL;
 235:Core/Src/stm32f4xx_hal_msp.c ****     GPIO_InitStruct.Speed = GPIO_SPEED_FREQ_VERY_HIGH;
 236:Core/Src/stm32f4xx_hal_msp.c ****     GPIO_InitStruct.Alternate = GPIO_AF7_USART3;
 237:Core/Src/stm32f4xx_hal_msp.c ****     HAL_GPIO_Init(GPIOB, &GPIO_InitStruct);
 238:Core/Src/stm32f4xx_hal_msp.c **** 
 239:Core/Src/stm32f4xx_hal_msp.c ****   /* USER CODE BEGIN USART3_MspInit 1 */
 240:Core/Src/stm32f4xx_hal_msp.c **** 
 241:Core/Src/stm32f4xx_hal_msp.c ****   /* USER CODE END USART3_MspInit 1 */
 242:Core/Src/stm32f4xx_hal_msp.c ****   }
 243:Core/Src/stm32f4xx_hal_msp.c **** 
 244:Core/Src/stm32f4xx_hal_msp.c **** }
 476              		.loc 1 244 1 view .LVU102
 477 0018 09B0     		add	sp, sp, #36
 478              	.LCFI15:
 479              		.cfi_remember_state
 480              		.cfi_def_cfa_offset 4
 481              		@ sp needed
 482 001a 5DF804FB 		ldr	pc, [sp], #4
 483              	.LVL22:
 484              	.L35:
 485              	.LCFI16:
 486              		.cfi_restore_state
 225:Core/Src/stm32f4xx_hal_msp.c **** 
 487              		.loc 1 225 5 is_stmt 1 view .LVU103
 488              	.LBB8:
 225:Core/Src/stm32f4xx_hal_msp.c **** 
 489              		.loc 1 225 5 view .LVU104
 490 001e 0021     		movs	r1, #0
 491 0020 0191     		str	r1, [sp, #4]
 225:Core/Src/stm32f4xx_hal_msp.c **** 
 492              		.loc 1 225 5 view .LVU105
 493 0022 03F5F833 		add	r3, r3, #126976
 494 0026 1A6C     		ldr	r2, [r3, #64]
 495 0028 42F48022 		orr	r2, r2, #262144
 496 002c 1A64     		str	r2, [r3, #64]
 225:Core/Src/stm32f4xx_hal_msp.c **** 
 497              		.loc 1 225 5 view .LVU106
 498 002e 1A6C     		ldr	r2, [r3, #64]
 499 0030 02F48022 		and	r2, r2, #262144
 500 0034 0192     		str	r2, [sp, #4]
 225:Core/Src/stm32f4xx_hal_msp.c **** 
 501              		.loc 1 225 5 view .LVU107
 502 0036 019A     		ldr	r2, [sp, #4]
 503              	.LBE8:
 225:Core/Src/stm32f4xx_hal_msp.c **** 
 504              		.loc 1 225 5 view .LVU108
 227:Core/Src/stm32f4xx_hal_msp.c ****     /**USART3 GPIO Configuration
 505              		.loc 1 227 5 view .LVU109
 506              	.LBB9:
 227:Core/Src/stm32f4xx_hal_msp.c ****     /**USART3 GPIO Configuration
 507              		.loc 1 227 5 view .LVU110
 508 0038 0291     		str	r1, [sp, #8]
 227:Core/Src/stm32f4xx_hal_msp.c ****     /**USART3 GPIO Configuration
 509              		.loc 1 227 5 view .LVU111
 510 003a 1A6B     		ldr	r2, [r3, #48]
ARM GAS  C:\Users\Kingj\AppData\Local\Temp\cchpJPAL.s 			page 15


 511 003c 42F00202 		orr	r2, r2, #2
 512 0040 1A63     		str	r2, [r3, #48]
 227:Core/Src/stm32f4xx_hal_msp.c ****     /**USART3 GPIO Configuration
 513              		.loc 1 227 5 view .LVU112
 514 0042 1B6B     		ldr	r3, [r3, #48]
 515 0044 03F00203 		and	r3, r3, #2
 516 0048 0293     		str	r3, [sp, #8]
 227:Core/Src/stm32f4xx_hal_msp.c ****     /**USART3 GPIO Configuration
 517              		.loc 1 227 5 view .LVU113
 518 004a 029B     		ldr	r3, [sp, #8]
 519              	.LBE9:
 227:Core/Src/stm32f4xx_hal_msp.c ****     /**USART3 GPIO Configuration
 520              		.loc 1 227 5 view .LVU114
 232:Core/Src/stm32f4xx_hal_msp.c ****     GPIO_InitStruct.Mode = GPIO_MODE_AF_PP;
 521              		.loc 1 232 5 view .LVU115
 232:Core/Src/stm32f4xx_hal_msp.c ****     GPIO_InitStruct.Mode = GPIO_MODE_AF_PP;
 522              		.loc 1 232 25 is_stmt 0 view .LVU116
 523 004c 4FF44063 		mov	r3, #3072
 524 0050 0393     		str	r3, [sp, #12]
 233:Core/Src/stm32f4xx_hal_msp.c ****     GPIO_InitStruct.Pull = GPIO_NOPULL;
 525              		.loc 1 233 5 is_stmt 1 view .LVU117
 233:Core/Src/stm32f4xx_hal_msp.c ****     GPIO_InitStruct.Pull = GPIO_NOPULL;
 526              		.loc 1 233 26 is_stmt 0 view .LVU118
 527 0052 0223     		movs	r3, #2
 528 0054 0493     		str	r3, [sp, #16]
 234:Core/Src/stm32f4xx_hal_msp.c ****     GPIO_InitStruct.Speed = GPIO_SPEED_FREQ_VERY_HIGH;
 529              		.loc 1 234 5 is_stmt 1 view .LVU119
 235:Core/Src/stm32f4xx_hal_msp.c ****     GPIO_InitStruct.Alternate = GPIO_AF7_USART3;
 530              		.loc 1 235 5 view .LVU120
 235:Core/Src/stm32f4xx_hal_msp.c ****     GPIO_InitStruct.Alternate = GPIO_AF7_USART3;
 531              		.loc 1 235 27 is_stmt 0 view .LVU121
 532 0056 0323     		movs	r3, #3
 533 0058 0693     		str	r3, [sp, #24]
 236:Core/Src/stm32f4xx_hal_msp.c ****     HAL_GPIO_Init(GPIOB, &GPIO_InitStruct);
 534              		.loc 1 236 5 is_stmt 1 view .LVU122
 236:Core/Src/stm32f4xx_hal_msp.c ****     HAL_GPIO_Init(GPIOB, &GPIO_InitStruct);
 535              		.loc 1 236 31 is_stmt 0 view .LVU123
 536 005a 0723     		movs	r3, #7
 537 005c 0793     		str	r3, [sp, #28]
 237:Core/Src/stm32f4xx_hal_msp.c **** 
 538              		.loc 1 237 5 is_stmt 1 view .LVU124
 539 005e 03A9     		add	r1, sp, #12
 540 0060 0248     		ldr	r0, .L36+4
 541              	.LVL23:
 237:Core/Src/stm32f4xx_hal_msp.c **** 
 542              		.loc 1 237 5 is_stmt 0 view .LVU125
 543 0062 FFF7FEFF 		bl	HAL_GPIO_Init
 544              	.LVL24:
 545              		.loc 1 244 1 view .LVU126
 546 0066 D7E7     		b	.L32
 547              	.L37:
 548              		.align	2
 549              	.L36:
 550 0068 00480040 		.word	1073760256
 551 006c 00040240 		.word	1073873920
 552              		.cfi_endproc
 553              	.LFE244:
ARM GAS  C:\Users\Kingj\AppData\Local\Temp\cchpJPAL.s 			page 16


 555              		.section	.text.HAL_UART_MspDeInit,"ax",%progbits
 556              		.align	1
 557              		.global	HAL_UART_MspDeInit
 558              		.syntax unified
 559              		.thumb
 560              		.thumb_func
 562              	HAL_UART_MspDeInit:
 563              	.LVL25:
 564              	.LFB245:
 245:Core/Src/stm32f4xx_hal_msp.c **** 
 246:Core/Src/stm32f4xx_hal_msp.c **** /**
 247:Core/Src/stm32f4xx_hal_msp.c **** * @brief UART MSP De-Initialization
 248:Core/Src/stm32f4xx_hal_msp.c **** * This function freeze the hardware resources used in this example
 249:Core/Src/stm32f4xx_hal_msp.c **** * @param huart: UART handle pointer
 250:Core/Src/stm32f4xx_hal_msp.c **** * @retval None
 251:Core/Src/stm32f4xx_hal_msp.c **** */
 252:Core/Src/stm32f4xx_hal_msp.c **** void HAL_UART_MspDeInit(UART_HandleTypeDef* huart)
 253:Core/Src/stm32f4xx_hal_msp.c **** {
 565              		.loc 1 253 1 is_stmt 1 view -0
 566              		.cfi_startproc
 567              		@ args = 0, pretend = 0, frame = 0
 568              		@ frame_needed = 0, uses_anonymous_args = 0
 569              		.loc 1 253 1 is_stmt 0 view .LVU128
 570 0000 08B5     		push	{r3, lr}
 571              	.LCFI17:
 572              		.cfi_def_cfa_offset 8
 573              		.cfi_offset 3, -8
 574              		.cfi_offset 14, -4
 254:Core/Src/stm32f4xx_hal_msp.c ****   if(huart->Instance==USART3)
 575              		.loc 1 254 3 is_stmt 1 view .LVU129
 576              		.loc 1 254 11 is_stmt 0 view .LVU130
 577 0002 0268     		ldr	r2, [r0]
 578              		.loc 1 254 5 view .LVU131
 579 0004 074B     		ldr	r3, .L42
 580 0006 9A42     		cmp	r2, r3
 581 0008 00D0     		beq	.L41
 582              	.LVL26:
 583              	.L38:
 255:Core/Src/stm32f4xx_hal_msp.c ****   {
 256:Core/Src/stm32f4xx_hal_msp.c ****   /* USER CODE BEGIN USART3_MspDeInit 0 */
 257:Core/Src/stm32f4xx_hal_msp.c **** 
 258:Core/Src/stm32f4xx_hal_msp.c ****   /* USER CODE END USART3_MspDeInit 0 */
 259:Core/Src/stm32f4xx_hal_msp.c ****     /* Peripheral clock disable */
 260:Core/Src/stm32f4xx_hal_msp.c ****     __HAL_RCC_USART3_CLK_DISABLE();
 261:Core/Src/stm32f4xx_hal_msp.c **** 
 262:Core/Src/stm32f4xx_hal_msp.c ****     /**USART3 GPIO Configuration
 263:Core/Src/stm32f4xx_hal_msp.c ****     PB10     ------> USART3_TX
 264:Core/Src/stm32f4xx_hal_msp.c ****     PB11     ------> USART3_RX
 265:Core/Src/stm32f4xx_hal_msp.c ****     */
 266:Core/Src/stm32f4xx_hal_msp.c ****     HAL_GPIO_DeInit(GPIOB, GPIO_PIN_10|GPIO_PIN_11);
 267:Core/Src/stm32f4xx_hal_msp.c **** 
 268:Core/Src/stm32f4xx_hal_msp.c ****   /* USER CODE BEGIN USART3_MspDeInit 1 */
 269:Core/Src/stm32f4xx_hal_msp.c **** 
 270:Core/Src/stm32f4xx_hal_msp.c ****   /* USER CODE END USART3_MspDeInit 1 */
 271:Core/Src/stm32f4xx_hal_msp.c ****   }
 272:Core/Src/stm32f4xx_hal_msp.c **** 
 273:Core/Src/stm32f4xx_hal_msp.c **** }
ARM GAS  C:\Users\Kingj\AppData\Local\Temp\cchpJPAL.s 			page 17


 584              		.loc 1 273 1 view .LVU132
 585 000a 08BD     		pop	{r3, pc}
 586              	.LVL27:
 587              	.L41:
 260:Core/Src/stm32f4xx_hal_msp.c **** 
 588              		.loc 1 260 5 is_stmt 1 view .LVU133
 589 000c 064A     		ldr	r2, .L42+4
 590 000e 136C     		ldr	r3, [r2, #64]
 591 0010 23F48023 		bic	r3, r3, #262144
 592 0014 1364     		str	r3, [r2, #64]
 266:Core/Src/stm32f4xx_hal_msp.c **** 
 593              		.loc 1 266 5 view .LVU134
 594 0016 4FF44061 		mov	r1, #3072
 595 001a 0448     		ldr	r0, .L42+8
 596              	.LVL28:
 266:Core/Src/stm32f4xx_hal_msp.c **** 
 597              		.loc 1 266 5 is_stmt 0 view .LVU135
 598 001c FFF7FEFF 		bl	HAL_GPIO_DeInit
 599              	.LVL29:
 600              		.loc 1 273 1 view .LVU136
 601 0020 F3E7     		b	.L38
 602              	.L43:
 603 0022 00BF     		.align	2
 604              	.L42:
 605 0024 00480040 		.word	1073760256
 606 0028 00380240 		.word	1073887232
 607 002c 00040240 		.word	1073873920
 608              		.cfi_endproc
 609              	.LFE245:
 611              		.text
 612              	.Letext0:
 613              		.file 2 "Drivers/CMSIS/Device/ST/STM32F4xx/Include/stm32f407xx.h"
 614              		.file 3 "d:\\arm-gcc\\gcc\\arm-none-eabi\\include\\machine\\_default_types.h"
 615              		.file 4 "d:\\arm-gcc\\gcc\\arm-none-eabi\\include\\sys\\_stdint.h"
 616              		.file 5 "Drivers/CMSIS/Device/ST/STM32F4xx/Include/stm32f4xx.h"
 617              		.file 6 "Drivers/STM32F4xx_HAL_Driver/Inc/stm32f4xx_hal_def.h"
 618              		.file 7 "Drivers/STM32F4xx_HAL_Driver/Inc/stm32f4xx_hal_gpio.h"
 619              		.file 8 "Drivers/STM32F4xx_HAL_Driver/Inc/stm32f4xx_hal_dma.h"
 620              		.file 9 "Drivers/STM32F4xx_HAL_Driver/Inc/stm32f4xx_hal_adc.h"
 621              		.file 10 "Drivers/STM32F4xx_HAL_Driver/Inc/stm32f4xx_hal_i2c.h"
 622              		.file 11 "Drivers/STM32F4xx_HAL_Driver/Inc/stm32f4xx_hal_uart.h"
 623              		.file 12 "Drivers/STM32F4xx_HAL_Driver/Inc/stm32f4xx_hal_cortex.h"
ARM GAS  C:\Users\Kingj\AppData\Local\Temp\cchpJPAL.s 			page 18


DEFINED SYMBOLS
                            *ABS*:00000000 stm32f4xx_hal_msp.c
C:\Users\Kingj\AppData\Local\Temp\cchpJPAL.s:20     .text.HAL_MspInit:00000000 $t
C:\Users\Kingj\AppData\Local\Temp\cchpJPAL.s:26     .text.HAL_MspInit:00000000 HAL_MspInit
C:\Users\Kingj\AppData\Local\Temp\cchpJPAL.s:88     .text.HAL_MspInit:00000040 $d
C:\Users\Kingj\AppData\Local\Temp\cchpJPAL.s:93     .text.HAL_ADC_MspInit:00000000 $t
C:\Users\Kingj\AppData\Local\Temp\cchpJPAL.s:99     .text.HAL_ADC_MspInit:00000000 HAL_ADC_MspInit
C:\Users\Kingj\AppData\Local\Temp\cchpJPAL.s:198    .text.HAL_ADC_MspInit:00000064 $d
C:\Users\Kingj\AppData\Local\Temp\cchpJPAL.s:203    .text.HAL_ADC_MspDeInit:00000000 $t
C:\Users\Kingj\AppData\Local\Temp\cchpJPAL.s:209    .text.HAL_ADC_MspDeInit:00000000 HAL_ADC_MspDeInit
C:\Users\Kingj\AppData\Local\Temp\cchpJPAL.s:252    .text.HAL_ADC_MspDeInit:00000020 $d
C:\Users\Kingj\AppData\Local\Temp\cchpJPAL.s:259    .text.HAL_I2C_MspInit:00000000 $t
C:\Users\Kingj\AppData\Local\Temp\cchpJPAL.s:265    .text.HAL_I2C_MspInit:00000000 HAL_I2C_MspInit
C:\Users\Kingj\AppData\Local\Temp\cchpJPAL.s:373    .text.HAL_I2C_MspInit:00000064 $d
C:\Users\Kingj\AppData\Local\Temp\cchpJPAL.s:380    .text.HAL_I2C_MspDeInit:00000000 $t
C:\Users\Kingj\AppData\Local\Temp\cchpJPAL.s:386    .text.HAL_I2C_MspDeInit:00000000 HAL_I2C_MspDeInit
C:\Users\Kingj\AppData\Local\Temp\cchpJPAL.s:431    .text.HAL_I2C_MspDeInit:0000002c $d
C:\Users\Kingj\AppData\Local\Temp\cchpJPAL.s:438    .text.HAL_UART_MspInit:00000000 $t
C:\Users\Kingj\AppData\Local\Temp\cchpJPAL.s:444    .text.HAL_UART_MspInit:00000000 HAL_UART_MspInit
C:\Users\Kingj\AppData\Local\Temp\cchpJPAL.s:550    .text.HAL_UART_MspInit:00000068 $d
C:\Users\Kingj\AppData\Local\Temp\cchpJPAL.s:556    .text.HAL_UART_MspDeInit:00000000 $t
C:\Users\Kingj\AppData\Local\Temp\cchpJPAL.s:562    .text.HAL_UART_MspDeInit:00000000 HAL_UART_MspDeInit
C:\Users\Kingj\AppData\Local\Temp\cchpJPAL.s:605    .text.HAL_UART_MspDeInit:00000024 $d

UNDEFINED SYMBOLS
HAL_NVIC_SetPriority
HAL_GPIO_Init
HAL_GPIO_DeInit
