ARM GAS  C:\Users\Kingj\AppData\Local\Temp\ccGiJoPY.s 			page 1


   1              		.cpu cortex-m3
   2              		.arch armv7-m
   3              		.fpu softvfp
   4              		.eabi_attribute 20, 1
   5              		.eabi_attribute 21, 1
   6              		.eabi_attribute 23, 3
   7              		.eabi_attribute 24, 1
   8              		.eabi_attribute 25, 1
   9              		.eabi_attribute 26, 1
  10              		.eabi_attribute 30, 1
  11              		.eabi_attribute 34, 1
  12              		.eabi_attribute 18, 4
  13              		.file	"stm32f1xx_hal_msp.c"
  14              		.text
  15              	.Ltext0:
  16              		.cfi_sections	.debug_frame
  17              		.section	.text.HAL_MspInit,"ax",%progbits
  18              		.align	1
  19              		.global	HAL_MspInit
  20              		.syntax unified
  21              		.thumb
  22              		.thumb_func
  24              	HAL_MspInit:
  25              	.LFB65:
  26              		.file 1 "Core/Src/stm32f1xx_hal_msp.c"
   1:Core/Src/stm32f1xx_hal_msp.c **** /* USER CODE BEGIN Header */
   2:Core/Src/stm32f1xx_hal_msp.c **** /**
   3:Core/Src/stm32f1xx_hal_msp.c ****   ******************************************************************************
   4:Core/Src/stm32f1xx_hal_msp.c ****   * @file         stm32f1xx_hal_msp.c
   5:Core/Src/stm32f1xx_hal_msp.c ****   * @brief        This file provides code for the MSP Initialization
   6:Core/Src/stm32f1xx_hal_msp.c ****   *               and de-Initialization codes.
   7:Core/Src/stm32f1xx_hal_msp.c ****   ******************************************************************************
   8:Core/Src/stm32f1xx_hal_msp.c ****   * @attention
   9:Core/Src/stm32f1xx_hal_msp.c ****   *
  10:Core/Src/stm32f1xx_hal_msp.c ****   * Copyright (c) 2024 STMicroelectronics.
  11:Core/Src/stm32f1xx_hal_msp.c ****   * All rights reserved.
  12:Core/Src/stm32f1xx_hal_msp.c ****   *
  13:Core/Src/stm32f1xx_hal_msp.c ****   * This software is licensed under terms that can be found in the LICENSE file
  14:Core/Src/stm32f1xx_hal_msp.c ****   * in the root directory of this software component.
  15:Core/Src/stm32f1xx_hal_msp.c ****   * If no LICENSE file comes with this software, it is provided AS-IS.
  16:Core/Src/stm32f1xx_hal_msp.c ****   *
  17:Core/Src/stm32f1xx_hal_msp.c ****   ******************************************************************************
  18:Core/Src/stm32f1xx_hal_msp.c ****   */
  19:Core/Src/stm32f1xx_hal_msp.c **** /* USER CODE END Header */
  20:Core/Src/stm32f1xx_hal_msp.c **** 
  21:Core/Src/stm32f1xx_hal_msp.c **** /* Includes ------------------------------------------------------------------*/
  22:Core/Src/stm32f1xx_hal_msp.c **** #include "main.h"
  23:Core/Src/stm32f1xx_hal_msp.c **** 
  24:Core/Src/stm32f1xx_hal_msp.c **** /* USER CODE BEGIN Includes */
  25:Core/Src/stm32f1xx_hal_msp.c **** 
  26:Core/Src/stm32f1xx_hal_msp.c **** /* USER CODE END Includes */
  27:Core/Src/stm32f1xx_hal_msp.c **** 
  28:Core/Src/stm32f1xx_hal_msp.c **** /* Private typedef -----------------------------------------------------------*/
  29:Core/Src/stm32f1xx_hal_msp.c **** /* USER CODE BEGIN TD */
  30:Core/Src/stm32f1xx_hal_msp.c **** 
  31:Core/Src/stm32f1xx_hal_msp.c **** /* USER CODE END TD */
  32:Core/Src/stm32f1xx_hal_msp.c **** 
ARM GAS  C:\Users\Kingj\AppData\Local\Temp\ccGiJoPY.s 			page 2


  33:Core/Src/stm32f1xx_hal_msp.c **** /* Private define ------------------------------------------------------------*/
  34:Core/Src/stm32f1xx_hal_msp.c **** /* USER CODE BEGIN Define */
  35:Core/Src/stm32f1xx_hal_msp.c **** 
  36:Core/Src/stm32f1xx_hal_msp.c **** /* USER CODE END Define */
  37:Core/Src/stm32f1xx_hal_msp.c **** 
  38:Core/Src/stm32f1xx_hal_msp.c **** /* Private macro -------------------------------------------------------------*/
  39:Core/Src/stm32f1xx_hal_msp.c **** /* USER CODE BEGIN Macro */
  40:Core/Src/stm32f1xx_hal_msp.c **** 
  41:Core/Src/stm32f1xx_hal_msp.c **** /* USER CODE END Macro */
  42:Core/Src/stm32f1xx_hal_msp.c **** 
  43:Core/Src/stm32f1xx_hal_msp.c **** /* Private variables ---------------------------------------------------------*/
  44:Core/Src/stm32f1xx_hal_msp.c **** /* USER CODE BEGIN PV */
  45:Core/Src/stm32f1xx_hal_msp.c **** 
  46:Core/Src/stm32f1xx_hal_msp.c **** /* USER CODE END PV */
  47:Core/Src/stm32f1xx_hal_msp.c **** 
  48:Core/Src/stm32f1xx_hal_msp.c **** /* Private function prototypes -----------------------------------------------*/
  49:Core/Src/stm32f1xx_hal_msp.c **** /* USER CODE BEGIN PFP */
  50:Core/Src/stm32f1xx_hal_msp.c **** 
  51:Core/Src/stm32f1xx_hal_msp.c **** /* USER CODE END PFP */
  52:Core/Src/stm32f1xx_hal_msp.c **** 
  53:Core/Src/stm32f1xx_hal_msp.c **** /* External functions --------------------------------------------------------*/
  54:Core/Src/stm32f1xx_hal_msp.c **** /* USER CODE BEGIN ExternalFunctions */
  55:Core/Src/stm32f1xx_hal_msp.c **** 
  56:Core/Src/stm32f1xx_hal_msp.c **** /* USER CODE END ExternalFunctions */
  57:Core/Src/stm32f1xx_hal_msp.c **** 
  58:Core/Src/stm32f1xx_hal_msp.c **** /* USER CODE BEGIN 0 */
  59:Core/Src/stm32f1xx_hal_msp.c **** 
  60:Core/Src/stm32f1xx_hal_msp.c **** /* USER CODE END 0 */
  61:Core/Src/stm32f1xx_hal_msp.c **** /**
  62:Core/Src/stm32f1xx_hal_msp.c ****   * Initializes the Global MSP.
  63:Core/Src/stm32f1xx_hal_msp.c ****   */
  64:Core/Src/stm32f1xx_hal_msp.c **** void HAL_MspInit(void)
  65:Core/Src/stm32f1xx_hal_msp.c **** {
  27              		.loc 1 65 1 view -0
  28              		.cfi_startproc
  29              		@ args = 0, pretend = 0, frame = 8
  30              		@ frame_needed = 0, uses_anonymous_args = 0
  31              		@ link register save eliminated.
  32 0000 82B0     		sub	sp, sp, #8
  33              	.LCFI0:
  34              		.cfi_def_cfa_offset 8
  66:Core/Src/stm32f1xx_hal_msp.c ****   /* USER CODE BEGIN MspInit 0 */
  67:Core/Src/stm32f1xx_hal_msp.c **** 
  68:Core/Src/stm32f1xx_hal_msp.c ****   /* USER CODE END MspInit 0 */
  69:Core/Src/stm32f1xx_hal_msp.c **** 
  70:Core/Src/stm32f1xx_hal_msp.c ****   __HAL_RCC_AFIO_CLK_ENABLE();
  35              		.loc 1 70 3 view .LVU1
  36              	.LBB2:
  37              		.loc 1 70 3 view .LVU2
  38              		.loc 1 70 3 view .LVU3
  39 0002 0E4B     		ldr	r3, .L3
  40 0004 9A69     		ldr	r2, [r3, #24]
  41 0006 42F00102 		orr	r2, r2, #1
  42 000a 9A61     		str	r2, [r3, #24]
  43              		.loc 1 70 3 view .LVU4
  44 000c 9A69     		ldr	r2, [r3, #24]
  45 000e 02F00102 		and	r2, r2, #1
ARM GAS  C:\Users\Kingj\AppData\Local\Temp\ccGiJoPY.s 			page 3


  46 0012 0092     		str	r2, [sp]
  47              		.loc 1 70 3 view .LVU5
  48 0014 009A     		ldr	r2, [sp]
  49              	.LBE2:
  50              		.loc 1 70 3 view .LVU6
  71:Core/Src/stm32f1xx_hal_msp.c ****   __HAL_RCC_PWR_CLK_ENABLE();
  51              		.loc 1 71 3 view .LVU7
  52              	.LBB3:
  53              		.loc 1 71 3 view .LVU8
  54              		.loc 1 71 3 view .LVU9
  55 0016 DA69     		ldr	r2, [r3, #28]
  56 0018 42F08052 		orr	r2, r2, #268435456
  57 001c DA61     		str	r2, [r3, #28]
  58              		.loc 1 71 3 view .LVU10
  59 001e DB69     		ldr	r3, [r3, #28]
  60 0020 03F08053 		and	r3, r3, #268435456
  61 0024 0193     		str	r3, [sp, #4]
  62              		.loc 1 71 3 view .LVU11
  63 0026 019B     		ldr	r3, [sp, #4]
  64              	.LBE3:
  65              		.loc 1 71 3 view .LVU12
  72:Core/Src/stm32f1xx_hal_msp.c **** 
  73:Core/Src/stm32f1xx_hal_msp.c ****   /* System interrupt init*/
  74:Core/Src/stm32f1xx_hal_msp.c **** 
  75:Core/Src/stm32f1xx_hal_msp.c ****   /** NOJTAG: JTAG-DP Disabled and SW-DP Enabled
  76:Core/Src/stm32f1xx_hal_msp.c ****   */
  77:Core/Src/stm32f1xx_hal_msp.c ****   __HAL_AFIO_REMAP_SWJ_NOJTAG();
  66              		.loc 1 77 3 view .LVU13
  67              	.LBB4:
  68              		.loc 1 77 3 view .LVU14
  69 0028 054A     		ldr	r2, .L3+4
  70 002a 5368     		ldr	r3, [r2, #4]
  71              	.LVL0:
  72              		.loc 1 77 3 view .LVU15
  73 002c 23F0E063 		bic	r3, r3, #117440512
  74              	.LVL1:
  75              		.loc 1 77 3 view .LVU16
  76 0030 43F00073 		orr	r3, r3, #33554432
  77              	.LVL2:
  78              		.loc 1 77 3 view .LVU17
  79 0034 5360     		str	r3, [r2, #4]
  80              	.LBE4:
  81              		.loc 1 77 3 view .LVU18
  78:Core/Src/stm32f1xx_hal_msp.c **** 
  79:Core/Src/stm32f1xx_hal_msp.c ****   /* USER CODE BEGIN MspInit 1 */
  80:Core/Src/stm32f1xx_hal_msp.c **** 
  81:Core/Src/stm32f1xx_hal_msp.c ****   /* USER CODE END MspInit 1 */
  82:Core/Src/stm32f1xx_hal_msp.c **** }
  82              		.loc 1 82 1 is_stmt 0 view .LVU19
  83 0036 02B0     		add	sp, sp, #8
  84              	.LCFI1:
  85              		.cfi_def_cfa_offset 0
  86              		@ sp needed
  87 0038 7047     		bx	lr
  88              	.L4:
  89 003a 00BF     		.align	2
  90              	.L3:
ARM GAS  C:\Users\Kingj\AppData\Local\Temp\ccGiJoPY.s 			page 4


  91 003c 00100240 		.word	1073876992
  92 0040 00000140 		.word	1073807360
  93              		.cfi_endproc
  94              	.LFE65:
  96              		.section	.text.HAL_I2C_MspInit,"ax",%progbits
  97              		.align	1
  98              		.global	HAL_I2C_MspInit
  99              		.syntax unified
 100              		.thumb
 101              		.thumb_func
 103              	HAL_I2C_MspInit:
 104              	.LVL3:
 105              	.LFB66:
  83:Core/Src/stm32f1xx_hal_msp.c **** 
  84:Core/Src/stm32f1xx_hal_msp.c **** /**
  85:Core/Src/stm32f1xx_hal_msp.c **** * @brief I2C MSP Initialization
  86:Core/Src/stm32f1xx_hal_msp.c **** * This function configures the hardware resources used in this example
  87:Core/Src/stm32f1xx_hal_msp.c **** * @param hi2c: I2C handle pointer
  88:Core/Src/stm32f1xx_hal_msp.c **** * @retval None
  89:Core/Src/stm32f1xx_hal_msp.c **** */
  90:Core/Src/stm32f1xx_hal_msp.c **** void HAL_I2C_MspInit(I2C_HandleTypeDef* hi2c)
  91:Core/Src/stm32f1xx_hal_msp.c **** {
 106              		.loc 1 91 1 is_stmt 1 view -0
 107              		.cfi_startproc
 108              		@ args = 0, pretend = 0, frame = 24
 109              		@ frame_needed = 0, uses_anonymous_args = 0
 110              		.loc 1 91 1 is_stmt 0 view .LVU21
 111 0000 10B5     		push	{r4, lr}
 112              	.LCFI2:
 113              		.cfi_def_cfa_offset 8
 114              		.cfi_offset 4, -8
 115              		.cfi_offset 14, -4
 116 0002 86B0     		sub	sp, sp, #24
 117              	.LCFI3:
 118              		.cfi_def_cfa_offset 32
  92:Core/Src/stm32f1xx_hal_msp.c ****   GPIO_InitTypeDef GPIO_InitStruct = {0};
 119              		.loc 1 92 3 is_stmt 1 view .LVU22
 120              		.loc 1 92 20 is_stmt 0 view .LVU23
 121 0004 0023     		movs	r3, #0
 122 0006 0293     		str	r3, [sp, #8]
 123 0008 0393     		str	r3, [sp, #12]
 124 000a 0493     		str	r3, [sp, #16]
 125 000c 0593     		str	r3, [sp, #20]
  93:Core/Src/stm32f1xx_hal_msp.c ****   if(hi2c->Instance==I2C1)
 126              		.loc 1 93 3 is_stmt 1 view .LVU24
 127              		.loc 1 93 10 is_stmt 0 view .LVU25
 128 000e 0268     		ldr	r2, [r0]
 129              		.loc 1 93 5 view .LVU26
 130 0010 114B     		ldr	r3, .L9
 131 0012 9A42     		cmp	r2, r3
 132 0014 01D0     		beq	.L8
 133              	.LVL4:
 134              	.L5:
  94:Core/Src/stm32f1xx_hal_msp.c ****   {
  95:Core/Src/stm32f1xx_hal_msp.c ****   /* USER CODE BEGIN I2C1_MspInit 0 */
  96:Core/Src/stm32f1xx_hal_msp.c **** 
  97:Core/Src/stm32f1xx_hal_msp.c ****   /* USER CODE END I2C1_MspInit 0 */
ARM GAS  C:\Users\Kingj\AppData\Local\Temp\ccGiJoPY.s 			page 5


  98:Core/Src/stm32f1xx_hal_msp.c **** 
  99:Core/Src/stm32f1xx_hal_msp.c ****     __HAL_RCC_GPIOB_CLK_ENABLE();
 100:Core/Src/stm32f1xx_hal_msp.c ****     /**I2C1 GPIO Configuration
 101:Core/Src/stm32f1xx_hal_msp.c ****     PB6     ------> I2C1_SCL
 102:Core/Src/stm32f1xx_hal_msp.c ****     PB7     ------> I2C1_SDA
 103:Core/Src/stm32f1xx_hal_msp.c ****     */
 104:Core/Src/stm32f1xx_hal_msp.c ****     GPIO_InitStruct.Pin = GPIO_PIN_6|GPIO_PIN_7;
 105:Core/Src/stm32f1xx_hal_msp.c ****     GPIO_InitStruct.Mode = GPIO_MODE_AF_OD;
 106:Core/Src/stm32f1xx_hal_msp.c ****     GPIO_InitStruct.Speed = GPIO_SPEED_FREQ_HIGH;
 107:Core/Src/stm32f1xx_hal_msp.c ****     HAL_GPIO_Init(GPIOB, &GPIO_InitStruct);
 108:Core/Src/stm32f1xx_hal_msp.c **** 
 109:Core/Src/stm32f1xx_hal_msp.c ****     /* Peripheral clock enable */
 110:Core/Src/stm32f1xx_hal_msp.c ****     __HAL_RCC_I2C1_CLK_ENABLE();
 111:Core/Src/stm32f1xx_hal_msp.c ****   /* USER CODE BEGIN I2C1_MspInit 1 */
 112:Core/Src/stm32f1xx_hal_msp.c **** 
 113:Core/Src/stm32f1xx_hal_msp.c ****   /* USER CODE END I2C1_MspInit 1 */
 114:Core/Src/stm32f1xx_hal_msp.c ****   }
 115:Core/Src/stm32f1xx_hal_msp.c **** 
 116:Core/Src/stm32f1xx_hal_msp.c **** }
 135              		.loc 1 116 1 view .LVU27
 136 0016 06B0     		add	sp, sp, #24
 137              	.LCFI4:
 138              		.cfi_remember_state
 139              		.cfi_def_cfa_offset 8
 140              		@ sp needed
 141 0018 10BD     		pop	{r4, pc}
 142              	.LVL5:
 143              	.L8:
 144              	.LCFI5:
 145              		.cfi_restore_state
  99:Core/Src/stm32f1xx_hal_msp.c ****     /**I2C1 GPIO Configuration
 146              		.loc 1 99 5 is_stmt 1 view .LVU28
 147              	.LBB5:
  99:Core/Src/stm32f1xx_hal_msp.c ****     /**I2C1 GPIO Configuration
 148              		.loc 1 99 5 view .LVU29
  99:Core/Src/stm32f1xx_hal_msp.c ****     /**I2C1 GPIO Configuration
 149              		.loc 1 99 5 view .LVU30
 150 001a 104C     		ldr	r4, .L9+4
 151 001c A369     		ldr	r3, [r4, #24]
 152 001e 43F00803 		orr	r3, r3, #8
 153 0022 A361     		str	r3, [r4, #24]
  99:Core/Src/stm32f1xx_hal_msp.c ****     /**I2C1 GPIO Configuration
 154              		.loc 1 99 5 view .LVU31
 155 0024 A369     		ldr	r3, [r4, #24]
 156 0026 03F00803 		and	r3, r3, #8
 157 002a 0093     		str	r3, [sp]
  99:Core/Src/stm32f1xx_hal_msp.c ****     /**I2C1 GPIO Configuration
 158              		.loc 1 99 5 view .LVU32
 159 002c 009B     		ldr	r3, [sp]
 160              	.LBE5:
  99:Core/Src/stm32f1xx_hal_msp.c ****     /**I2C1 GPIO Configuration
 161              		.loc 1 99 5 view .LVU33
 104:Core/Src/stm32f1xx_hal_msp.c ****     GPIO_InitStruct.Mode = GPIO_MODE_AF_OD;
 162              		.loc 1 104 5 view .LVU34
 104:Core/Src/stm32f1xx_hal_msp.c ****     GPIO_InitStruct.Mode = GPIO_MODE_AF_OD;
 163              		.loc 1 104 25 is_stmt 0 view .LVU35
 164 002e C023     		movs	r3, #192
ARM GAS  C:\Users\Kingj\AppData\Local\Temp\ccGiJoPY.s 			page 6


 165 0030 0293     		str	r3, [sp, #8]
 105:Core/Src/stm32f1xx_hal_msp.c ****     GPIO_InitStruct.Speed = GPIO_SPEED_FREQ_HIGH;
 166              		.loc 1 105 5 is_stmt 1 view .LVU36
 105:Core/Src/stm32f1xx_hal_msp.c ****     GPIO_InitStruct.Speed = GPIO_SPEED_FREQ_HIGH;
 167              		.loc 1 105 26 is_stmt 0 view .LVU37
 168 0032 1223     		movs	r3, #18
 169 0034 0393     		str	r3, [sp, #12]
 106:Core/Src/stm32f1xx_hal_msp.c ****     HAL_GPIO_Init(GPIOB, &GPIO_InitStruct);
 170              		.loc 1 106 5 is_stmt 1 view .LVU38
 106:Core/Src/stm32f1xx_hal_msp.c ****     HAL_GPIO_Init(GPIOB, &GPIO_InitStruct);
 171              		.loc 1 106 27 is_stmt 0 view .LVU39
 172 0036 0323     		movs	r3, #3
 173 0038 0593     		str	r3, [sp, #20]
 107:Core/Src/stm32f1xx_hal_msp.c **** 
 174              		.loc 1 107 5 is_stmt 1 view .LVU40
 175 003a 02A9     		add	r1, sp, #8
 176 003c 0848     		ldr	r0, .L9+8
 177              	.LVL6:
 107:Core/Src/stm32f1xx_hal_msp.c **** 
 178              		.loc 1 107 5 is_stmt 0 view .LVU41
 179 003e FFF7FEFF 		bl	HAL_GPIO_Init
 180              	.LVL7:
 110:Core/Src/stm32f1xx_hal_msp.c ****   /* USER CODE BEGIN I2C1_MspInit 1 */
 181              		.loc 1 110 5 is_stmt 1 view .LVU42
 182              	.LBB6:
 110:Core/Src/stm32f1xx_hal_msp.c ****   /* USER CODE BEGIN I2C1_MspInit 1 */
 183              		.loc 1 110 5 view .LVU43
 110:Core/Src/stm32f1xx_hal_msp.c ****   /* USER CODE BEGIN I2C1_MspInit 1 */
 184              		.loc 1 110 5 view .LVU44
 185 0042 E369     		ldr	r3, [r4, #28]
 186 0044 43F40013 		orr	r3, r3, #2097152
 187 0048 E361     		str	r3, [r4, #28]
 110:Core/Src/stm32f1xx_hal_msp.c ****   /* USER CODE BEGIN I2C1_MspInit 1 */
 188              		.loc 1 110 5 view .LVU45
 189 004a E369     		ldr	r3, [r4, #28]
 190 004c 03F40013 		and	r3, r3, #2097152
 191 0050 0193     		str	r3, [sp, #4]
 110:Core/Src/stm32f1xx_hal_msp.c ****   /* USER CODE BEGIN I2C1_MspInit 1 */
 192              		.loc 1 110 5 view .LVU46
 193 0052 019B     		ldr	r3, [sp, #4]
 194              	.LBE6:
 110:Core/Src/stm32f1xx_hal_msp.c ****   /* USER CODE BEGIN I2C1_MspInit 1 */
 195              		.loc 1 110 5 view .LVU47
 196              		.loc 1 116 1 is_stmt 0 view .LVU48
 197 0054 DFE7     		b	.L5
 198              	.L10:
 199 0056 00BF     		.align	2
 200              	.L9:
 201 0058 00540040 		.word	1073763328
 202 005c 00100240 		.word	1073876992
 203 0060 000C0140 		.word	1073810432
 204              		.cfi_endproc
 205              	.LFE66:
 207              		.section	.text.HAL_I2C_MspDeInit,"ax",%progbits
 208              		.align	1
 209              		.global	HAL_I2C_MspDeInit
 210              		.syntax unified
ARM GAS  C:\Users\Kingj\AppData\Local\Temp\ccGiJoPY.s 			page 7


 211              		.thumb
 212              		.thumb_func
 214              	HAL_I2C_MspDeInit:
 215              	.LVL8:
 216              	.LFB67:
 117:Core/Src/stm32f1xx_hal_msp.c **** 
 118:Core/Src/stm32f1xx_hal_msp.c **** /**
 119:Core/Src/stm32f1xx_hal_msp.c **** * @brief I2C MSP De-Initialization
 120:Core/Src/stm32f1xx_hal_msp.c **** * This function freeze the hardware resources used in this example
 121:Core/Src/stm32f1xx_hal_msp.c **** * @param hi2c: I2C handle pointer
 122:Core/Src/stm32f1xx_hal_msp.c **** * @retval None
 123:Core/Src/stm32f1xx_hal_msp.c **** */
 124:Core/Src/stm32f1xx_hal_msp.c **** void HAL_I2C_MspDeInit(I2C_HandleTypeDef* hi2c)
 125:Core/Src/stm32f1xx_hal_msp.c **** {
 217              		.loc 1 125 1 is_stmt 1 view -0
 218              		.cfi_startproc
 219              		@ args = 0, pretend = 0, frame = 0
 220              		@ frame_needed = 0, uses_anonymous_args = 0
 126:Core/Src/stm32f1xx_hal_msp.c ****   if(hi2c->Instance==I2C1)
 221              		.loc 1 126 3 view .LVU50
 222              		.loc 1 126 10 is_stmt 0 view .LVU51
 223 0000 0268     		ldr	r2, [r0]
 224              		.loc 1 126 5 view .LVU52
 225 0002 0A4B     		ldr	r3, .L18
 226 0004 9A42     		cmp	r2, r3
 227 0006 00D0     		beq	.L17
 228 0008 7047     		bx	lr
 229              	.L17:
 125:Core/Src/stm32f1xx_hal_msp.c ****   if(hi2c->Instance==I2C1)
 230              		.loc 1 125 1 view .LVU53
 231 000a 10B5     		push	{r4, lr}
 232              	.LCFI6:
 233              		.cfi_def_cfa_offset 8
 234              		.cfi_offset 4, -8
 235              		.cfi_offset 14, -4
 127:Core/Src/stm32f1xx_hal_msp.c ****   {
 128:Core/Src/stm32f1xx_hal_msp.c ****   /* USER CODE BEGIN I2C1_MspDeInit 0 */
 129:Core/Src/stm32f1xx_hal_msp.c **** 
 130:Core/Src/stm32f1xx_hal_msp.c ****   /* USER CODE END I2C1_MspDeInit 0 */
 131:Core/Src/stm32f1xx_hal_msp.c ****     /* Peripheral clock disable */
 132:Core/Src/stm32f1xx_hal_msp.c ****     __HAL_RCC_I2C1_CLK_DISABLE();
 236              		.loc 1 132 5 is_stmt 1 view .LVU54
 237 000c 084A     		ldr	r2, .L18+4
 238 000e D369     		ldr	r3, [r2, #28]
 239 0010 23F40013 		bic	r3, r3, #2097152
 240 0014 D361     		str	r3, [r2, #28]
 133:Core/Src/stm32f1xx_hal_msp.c **** 
 134:Core/Src/stm32f1xx_hal_msp.c ****     /**I2C1 GPIO Configuration
 135:Core/Src/stm32f1xx_hal_msp.c ****     PB6     ------> I2C1_SCL
 136:Core/Src/stm32f1xx_hal_msp.c ****     PB7     ------> I2C1_SDA
 137:Core/Src/stm32f1xx_hal_msp.c ****     */
 138:Core/Src/stm32f1xx_hal_msp.c ****     HAL_GPIO_DeInit(GPIOB, GPIO_PIN_6);
 241              		.loc 1 138 5 view .LVU55
 242 0016 074C     		ldr	r4, .L18+8
 243 0018 4021     		movs	r1, #64
 244 001a 2046     		mov	r0, r4
 245              	.LVL9:
ARM GAS  C:\Users\Kingj\AppData\Local\Temp\ccGiJoPY.s 			page 8


 246              		.loc 1 138 5 is_stmt 0 view .LVU56
 247 001c FFF7FEFF 		bl	HAL_GPIO_DeInit
 248              	.LVL10:
 139:Core/Src/stm32f1xx_hal_msp.c **** 
 140:Core/Src/stm32f1xx_hal_msp.c ****     HAL_GPIO_DeInit(GPIOB, GPIO_PIN_7);
 249              		.loc 1 140 5 is_stmt 1 view .LVU57
 250 0020 8021     		movs	r1, #128
 251 0022 2046     		mov	r0, r4
 252 0024 FFF7FEFF 		bl	HAL_GPIO_DeInit
 253              	.LVL11:
 141:Core/Src/stm32f1xx_hal_msp.c **** 
 142:Core/Src/stm32f1xx_hal_msp.c ****   /* USER CODE BEGIN I2C1_MspDeInit 1 */
 143:Core/Src/stm32f1xx_hal_msp.c **** 
 144:Core/Src/stm32f1xx_hal_msp.c ****   /* USER CODE END I2C1_MspDeInit 1 */
 145:Core/Src/stm32f1xx_hal_msp.c ****   }
 146:Core/Src/stm32f1xx_hal_msp.c **** 
 147:Core/Src/stm32f1xx_hal_msp.c **** }
 254              		.loc 1 147 1 is_stmt 0 view .LVU58
 255 0028 10BD     		pop	{r4, pc}
 256              	.L19:
 257 002a 00BF     		.align	2
 258              	.L18:
 259 002c 00540040 		.word	1073763328
 260 0030 00100240 		.word	1073876992
 261 0034 000C0140 		.word	1073810432
 262              		.cfi_endproc
 263              	.LFE67:
 265              		.section	.text.HAL_UART_MspInit,"ax",%progbits
 266              		.align	1
 267              		.global	HAL_UART_MspInit
 268              		.syntax unified
 269              		.thumb
 270              		.thumb_func
 272              	HAL_UART_MspInit:
 273              	.LVL12:
 274              	.LFB68:
 148:Core/Src/stm32f1xx_hal_msp.c **** 
 149:Core/Src/stm32f1xx_hal_msp.c **** /**
 150:Core/Src/stm32f1xx_hal_msp.c **** * @brief UART MSP Initialization
 151:Core/Src/stm32f1xx_hal_msp.c **** * This function configures the hardware resources used in this example
 152:Core/Src/stm32f1xx_hal_msp.c **** * @param huart: UART handle pointer
 153:Core/Src/stm32f1xx_hal_msp.c **** * @retval None
 154:Core/Src/stm32f1xx_hal_msp.c **** */
 155:Core/Src/stm32f1xx_hal_msp.c **** void HAL_UART_MspInit(UART_HandleTypeDef* huart)
 156:Core/Src/stm32f1xx_hal_msp.c **** {
 275              		.loc 1 156 1 is_stmt 1 view -0
 276              		.cfi_startproc
 277              		@ args = 0, pretend = 0, frame = 24
 278              		@ frame_needed = 0, uses_anonymous_args = 0
 279              		.loc 1 156 1 is_stmt 0 view .LVU60
 280 0000 30B5     		push	{r4, r5, lr}
 281              	.LCFI7:
 282              		.cfi_def_cfa_offset 12
 283              		.cfi_offset 4, -12
 284              		.cfi_offset 5, -8
 285              		.cfi_offset 14, -4
 286 0002 87B0     		sub	sp, sp, #28
ARM GAS  C:\Users\Kingj\AppData\Local\Temp\ccGiJoPY.s 			page 9


 287              	.LCFI8:
 288              		.cfi_def_cfa_offset 40
 157:Core/Src/stm32f1xx_hal_msp.c ****   GPIO_InitTypeDef GPIO_InitStruct = {0};
 289              		.loc 1 157 3 is_stmt 1 view .LVU61
 290              		.loc 1 157 20 is_stmt 0 view .LVU62
 291 0004 0023     		movs	r3, #0
 292 0006 0293     		str	r3, [sp, #8]
 293 0008 0393     		str	r3, [sp, #12]
 294 000a 0493     		str	r3, [sp, #16]
 295 000c 0593     		str	r3, [sp, #20]
 158:Core/Src/stm32f1xx_hal_msp.c ****   if(huart->Instance==USART1)
 296              		.loc 1 158 3 is_stmt 1 view .LVU63
 297              		.loc 1 158 11 is_stmt 0 view .LVU64
 298 000e 0268     		ldr	r2, [r0]
 299              		.loc 1 158 5 view .LVU65
 300 0010 1B4B     		ldr	r3, .L24
 301 0012 9A42     		cmp	r2, r3
 302 0014 01D0     		beq	.L23
 303              	.LVL13:
 304              	.L20:
 159:Core/Src/stm32f1xx_hal_msp.c ****   {
 160:Core/Src/stm32f1xx_hal_msp.c ****   /* USER CODE BEGIN USART1_MspInit 0 */
 161:Core/Src/stm32f1xx_hal_msp.c **** 
 162:Core/Src/stm32f1xx_hal_msp.c ****   /* USER CODE END USART1_MspInit 0 */
 163:Core/Src/stm32f1xx_hal_msp.c ****     /* Peripheral clock enable */
 164:Core/Src/stm32f1xx_hal_msp.c ****     __HAL_RCC_USART1_CLK_ENABLE();
 165:Core/Src/stm32f1xx_hal_msp.c **** 
 166:Core/Src/stm32f1xx_hal_msp.c ****     __HAL_RCC_GPIOA_CLK_ENABLE();
 167:Core/Src/stm32f1xx_hal_msp.c ****     /**USART1 GPIO Configuration
 168:Core/Src/stm32f1xx_hal_msp.c ****     PA9     ------> USART1_TX
 169:Core/Src/stm32f1xx_hal_msp.c ****     PA10     ------> USART1_RX
 170:Core/Src/stm32f1xx_hal_msp.c ****     */
 171:Core/Src/stm32f1xx_hal_msp.c ****     GPIO_InitStruct.Pin = GPIO_PIN_9;
 172:Core/Src/stm32f1xx_hal_msp.c ****     GPIO_InitStruct.Mode = GPIO_MODE_AF_PP;
 173:Core/Src/stm32f1xx_hal_msp.c ****     GPIO_InitStruct.Speed = GPIO_SPEED_FREQ_HIGH;
 174:Core/Src/stm32f1xx_hal_msp.c ****     HAL_GPIO_Init(GPIOA, &GPIO_InitStruct);
 175:Core/Src/stm32f1xx_hal_msp.c **** 
 176:Core/Src/stm32f1xx_hal_msp.c ****     GPIO_InitStruct.Pin = GPIO_PIN_10;
 177:Core/Src/stm32f1xx_hal_msp.c ****     GPIO_InitStruct.Mode = GPIO_MODE_INPUT;
 178:Core/Src/stm32f1xx_hal_msp.c ****     GPIO_InitStruct.Pull = GPIO_NOPULL;
 179:Core/Src/stm32f1xx_hal_msp.c ****     HAL_GPIO_Init(GPIOA, &GPIO_InitStruct);
 180:Core/Src/stm32f1xx_hal_msp.c **** 
 181:Core/Src/stm32f1xx_hal_msp.c ****     /* USART1 interrupt Init */
 182:Core/Src/stm32f1xx_hal_msp.c ****     HAL_NVIC_SetPriority(USART1_IRQn, 0, 0);
 183:Core/Src/stm32f1xx_hal_msp.c ****     HAL_NVIC_EnableIRQ(USART1_IRQn);
 184:Core/Src/stm32f1xx_hal_msp.c ****   /* USER CODE BEGIN USART1_MspInit 1 */
 185:Core/Src/stm32f1xx_hal_msp.c **** 
 186:Core/Src/stm32f1xx_hal_msp.c ****   /* USER CODE END USART1_MspInit 1 */
 187:Core/Src/stm32f1xx_hal_msp.c ****   }
 188:Core/Src/stm32f1xx_hal_msp.c **** 
 189:Core/Src/stm32f1xx_hal_msp.c **** }
 305              		.loc 1 189 1 view .LVU66
 306 0016 07B0     		add	sp, sp, #28
 307              	.LCFI9:
 308              		.cfi_remember_state
 309              		.cfi_def_cfa_offset 12
 310              		@ sp needed
ARM GAS  C:\Users\Kingj\AppData\Local\Temp\ccGiJoPY.s 			page 10


 311 0018 30BD     		pop	{r4, r5, pc}
 312              	.LVL14:
 313              	.L23:
 314              	.LCFI10:
 315              		.cfi_restore_state
 164:Core/Src/stm32f1xx_hal_msp.c **** 
 316              		.loc 1 164 5 is_stmt 1 view .LVU67
 317              	.LBB7:
 164:Core/Src/stm32f1xx_hal_msp.c **** 
 318              		.loc 1 164 5 view .LVU68
 164:Core/Src/stm32f1xx_hal_msp.c **** 
 319              		.loc 1 164 5 view .LVU69
 320 001a 03F55843 		add	r3, r3, #55296
 321 001e 9A69     		ldr	r2, [r3, #24]
 322 0020 42F48042 		orr	r2, r2, #16384
 323 0024 9A61     		str	r2, [r3, #24]
 164:Core/Src/stm32f1xx_hal_msp.c **** 
 324              		.loc 1 164 5 view .LVU70
 325 0026 9A69     		ldr	r2, [r3, #24]
 326 0028 02F48042 		and	r2, r2, #16384
 327 002c 0092     		str	r2, [sp]
 164:Core/Src/stm32f1xx_hal_msp.c **** 
 328              		.loc 1 164 5 view .LVU71
 329 002e 009A     		ldr	r2, [sp]
 330              	.LBE7:
 164:Core/Src/stm32f1xx_hal_msp.c **** 
 331              		.loc 1 164 5 view .LVU72
 166:Core/Src/stm32f1xx_hal_msp.c ****     /**USART1 GPIO Configuration
 332              		.loc 1 166 5 view .LVU73
 333              	.LBB8:
 166:Core/Src/stm32f1xx_hal_msp.c ****     /**USART1 GPIO Configuration
 334              		.loc 1 166 5 view .LVU74
 166:Core/Src/stm32f1xx_hal_msp.c ****     /**USART1 GPIO Configuration
 335              		.loc 1 166 5 view .LVU75
 336 0030 9A69     		ldr	r2, [r3, #24]
 337 0032 42F00402 		orr	r2, r2, #4
 338 0036 9A61     		str	r2, [r3, #24]
 166:Core/Src/stm32f1xx_hal_msp.c ****     /**USART1 GPIO Configuration
 339              		.loc 1 166 5 view .LVU76
 340 0038 9B69     		ldr	r3, [r3, #24]
 341 003a 03F00403 		and	r3, r3, #4
 342 003e 0193     		str	r3, [sp, #4]
 166:Core/Src/stm32f1xx_hal_msp.c ****     /**USART1 GPIO Configuration
 343              		.loc 1 166 5 view .LVU77
 344 0040 019B     		ldr	r3, [sp, #4]
 345              	.LBE8:
 166:Core/Src/stm32f1xx_hal_msp.c ****     /**USART1 GPIO Configuration
 346              		.loc 1 166 5 view .LVU78
 171:Core/Src/stm32f1xx_hal_msp.c ****     GPIO_InitStruct.Mode = GPIO_MODE_AF_PP;
 347              		.loc 1 171 5 view .LVU79
 171:Core/Src/stm32f1xx_hal_msp.c ****     GPIO_InitStruct.Mode = GPIO_MODE_AF_PP;
 348              		.loc 1 171 25 is_stmt 0 view .LVU80
 349 0042 4FF40073 		mov	r3, #512
 350 0046 0293     		str	r3, [sp, #8]
 172:Core/Src/stm32f1xx_hal_msp.c ****     GPIO_InitStruct.Speed = GPIO_SPEED_FREQ_HIGH;
 351              		.loc 1 172 5 is_stmt 1 view .LVU81
 172:Core/Src/stm32f1xx_hal_msp.c ****     GPIO_InitStruct.Speed = GPIO_SPEED_FREQ_HIGH;
ARM GAS  C:\Users\Kingj\AppData\Local\Temp\ccGiJoPY.s 			page 11


 352              		.loc 1 172 26 is_stmt 0 view .LVU82
 353 0048 0223     		movs	r3, #2
 354 004a 0393     		str	r3, [sp, #12]
 173:Core/Src/stm32f1xx_hal_msp.c ****     HAL_GPIO_Init(GPIOA, &GPIO_InitStruct);
 355              		.loc 1 173 5 is_stmt 1 view .LVU83
 173:Core/Src/stm32f1xx_hal_msp.c ****     HAL_GPIO_Init(GPIOA, &GPIO_InitStruct);
 356              		.loc 1 173 27 is_stmt 0 view .LVU84
 357 004c 0323     		movs	r3, #3
 358 004e 0593     		str	r3, [sp, #20]
 174:Core/Src/stm32f1xx_hal_msp.c **** 
 359              		.loc 1 174 5 is_stmt 1 view .LVU85
 360 0050 0C4D     		ldr	r5, .L24+4
 361 0052 02A9     		add	r1, sp, #8
 362 0054 2846     		mov	r0, r5
 363              	.LVL15:
 174:Core/Src/stm32f1xx_hal_msp.c **** 
 364              		.loc 1 174 5 is_stmt 0 view .LVU86
 365 0056 FFF7FEFF 		bl	HAL_GPIO_Init
 366              	.LVL16:
 176:Core/Src/stm32f1xx_hal_msp.c ****     GPIO_InitStruct.Mode = GPIO_MODE_INPUT;
 367              		.loc 1 176 5 is_stmt 1 view .LVU87
 176:Core/Src/stm32f1xx_hal_msp.c ****     GPIO_InitStruct.Mode = GPIO_MODE_INPUT;
 368              		.loc 1 176 25 is_stmt 0 view .LVU88
 369 005a 4FF48063 		mov	r3, #1024
 370 005e 0293     		str	r3, [sp, #8]
 177:Core/Src/stm32f1xx_hal_msp.c ****     GPIO_InitStruct.Pull = GPIO_NOPULL;
 371              		.loc 1 177 5 is_stmt 1 view .LVU89
 177:Core/Src/stm32f1xx_hal_msp.c ****     GPIO_InitStruct.Pull = GPIO_NOPULL;
 372              		.loc 1 177 26 is_stmt 0 view .LVU90
 373 0060 0024     		movs	r4, #0
 374 0062 0394     		str	r4, [sp, #12]
 178:Core/Src/stm32f1xx_hal_msp.c ****     HAL_GPIO_Init(GPIOA, &GPIO_InitStruct);
 375              		.loc 1 178 5 is_stmt 1 view .LVU91
 178:Core/Src/stm32f1xx_hal_msp.c ****     HAL_GPIO_Init(GPIOA, &GPIO_InitStruct);
 376              		.loc 1 178 26 is_stmt 0 view .LVU92
 377 0064 0494     		str	r4, [sp, #16]
 179:Core/Src/stm32f1xx_hal_msp.c **** 
 378              		.loc 1 179 5 is_stmt 1 view .LVU93
 379 0066 02A9     		add	r1, sp, #8
 380 0068 2846     		mov	r0, r5
 381 006a FFF7FEFF 		bl	HAL_GPIO_Init
 382              	.LVL17:
 182:Core/Src/stm32f1xx_hal_msp.c ****     HAL_NVIC_EnableIRQ(USART1_IRQn);
 383              		.loc 1 182 5 view .LVU94
 384 006e 2246     		mov	r2, r4
 385 0070 2146     		mov	r1, r4
 386 0072 2520     		movs	r0, #37
 387 0074 FFF7FEFF 		bl	HAL_NVIC_SetPriority
 388              	.LVL18:
 183:Core/Src/stm32f1xx_hal_msp.c ****   /* USER CODE BEGIN USART1_MspInit 1 */
 389              		.loc 1 183 5 view .LVU95
 390 0078 2520     		movs	r0, #37
 391 007a FFF7FEFF 		bl	HAL_NVIC_EnableIRQ
 392              	.LVL19:
 393              		.loc 1 189 1 is_stmt 0 view .LVU96
 394 007e CAE7     		b	.L20
 395              	.L25:
ARM GAS  C:\Users\Kingj\AppData\Local\Temp\ccGiJoPY.s 			page 12


 396              		.align	2
 397              	.L24:
 398 0080 00380140 		.word	1073821696
 399 0084 00080140 		.word	1073809408
 400              		.cfi_endproc
 401              	.LFE68:
 403              		.section	.text.HAL_UART_MspDeInit,"ax",%progbits
 404              		.align	1
 405              		.global	HAL_UART_MspDeInit
 406              		.syntax unified
 407              		.thumb
 408              		.thumb_func
 410              	HAL_UART_MspDeInit:
 411              	.LVL20:
 412              	.LFB69:
 190:Core/Src/stm32f1xx_hal_msp.c **** 
 191:Core/Src/stm32f1xx_hal_msp.c **** /**
 192:Core/Src/stm32f1xx_hal_msp.c **** * @brief UART MSP De-Initialization
 193:Core/Src/stm32f1xx_hal_msp.c **** * This function freeze the hardware resources used in this example
 194:Core/Src/stm32f1xx_hal_msp.c **** * @param huart: UART handle pointer
 195:Core/Src/stm32f1xx_hal_msp.c **** * @retval None
 196:Core/Src/stm32f1xx_hal_msp.c **** */
 197:Core/Src/stm32f1xx_hal_msp.c **** void HAL_UART_MspDeInit(UART_HandleTypeDef* huart)
 198:Core/Src/stm32f1xx_hal_msp.c **** {
 413              		.loc 1 198 1 is_stmt 1 view -0
 414              		.cfi_startproc
 415              		@ args = 0, pretend = 0, frame = 0
 416              		@ frame_needed = 0, uses_anonymous_args = 0
 417              		.loc 1 198 1 is_stmt 0 view .LVU98
 418 0000 08B5     		push	{r3, lr}
 419              	.LCFI11:
 420              		.cfi_def_cfa_offset 8
 421              		.cfi_offset 3, -8
 422              		.cfi_offset 14, -4
 199:Core/Src/stm32f1xx_hal_msp.c ****   if(huart->Instance==USART1)
 423              		.loc 1 199 3 is_stmt 1 view .LVU99
 424              		.loc 1 199 11 is_stmt 0 view .LVU100
 425 0002 0268     		ldr	r2, [r0]
 426              		.loc 1 199 5 view .LVU101
 427 0004 084B     		ldr	r3, .L30
 428 0006 9A42     		cmp	r2, r3
 429 0008 00D0     		beq	.L29
 430              	.LVL21:
 431              	.L26:
 200:Core/Src/stm32f1xx_hal_msp.c ****   {
 201:Core/Src/stm32f1xx_hal_msp.c ****   /* USER CODE BEGIN USART1_MspDeInit 0 */
 202:Core/Src/stm32f1xx_hal_msp.c **** 
 203:Core/Src/stm32f1xx_hal_msp.c ****   /* USER CODE END USART1_MspDeInit 0 */
 204:Core/Src/stm32f1xx_hal_msp.c ****     /* Peripheral clock disable */
 205:Core/Src/stm32f1xx_hal_msp.c ****     __HAL_RCC_USART1_CLK_DISABLE();
 206:Core/Src/stm32f1xx_hal_msp.c **** 
 207:Core/Src/stm32f1xx_hal_msp.c ****     /**USART1 GPIO Configuration
 208:Core/Src/stm32f1xx_hal_msp.c ****     PA9     ------> USART1_TX
 209:Core/Src/stm32f1xx_hal_msp.c ****     PA10     ------> USART1_RX
 210:Core/Src/stm32f1xx_hal_msp.c ****     */
 211:Core/Src/stm32f1xx_hal_msp.c ****     HAL_GPIO_DeInit(GPIOA, GPIO_PIN_9|GPIO_PIN_10);
 212:Core/Src/stm32f1xx_hal_msp.c **** 
ARM GAS  C:\Users\Kingj\AppData\Local\Temp\ccGiJoPY.s 			page 13


 213:Core/Src/stm32f1xx_hal_msp.c ****     /* USART1 interrupt DeInit */
 214:Core/Src/stm32f1xx_hal_msp.c ****     HAL_NVIC_DisableIRQ(USART1_IRQn);
 215:Core/Src/stm32f1xx_hal_msp.c ****   /* USER CODE BEGIN USART1_MspDeInit 1 */
 216:Core/Src/stm32f1xx_hal_msp.c **** 
 217:Core/Src/stm32f1xx_hal_msp.c ****   /* USER CODE END USART1_MspDeInit 1 */
 218:Core/Src/stm32f1xx_hal_msp.c ****   }
 219:Core/Src/stm32f1xx_hal_msp.c **** 
 220:Core/Src/stm32f1xx_hal_msp.c **** }
 432              		.loc 1 220 1 view .LVU102
 433 000a 08BD     		pop	{r3, pc}
 434              	.LVL22:
 435              	.L29:
 205:Core/Src/stm32f1xx_hal_msp.c **** 
 436              		.loc 1 205 5 is_stmt 1 view .LVU103
 437 000c 074A     		ldr	r2, .L30+4
 438 000e 9369     		ldr	r3, [r2, #24]
 439 0010 23F48043 		bic	r3, r3, #16384
 440 0014 9361     		str	r3, [r2, #24]
 211:Core/Src/stm32f1xx_hal_msp.c **** 
 441              		.loc 1 211 5 view .LVU104
 442 0016 4FF4C061 		mov	r1, #1536
 443 001a 0548     		ldr	r0, .L30+8
 444              	.LVL23:
 211:Core/Src/stm32f1xx_hal_msp.c **** 
 445              		.loc 1 211 5 is_stmt 0 view .LVU105
 446 001c FFF7FEFF 		bl	HAL_GPIO_DeInit
 447              	.LVL24:
 214:Core/Src/stm32f1xx_hal_msp.c ****   /* USER CODE BEGIN USART1_MspDeInit 1 */
 448              		.loc 1 214 5 is_stmt 1 view .LVU106
 449 0020 2520     		movs	r0, #37
 450 0022 FFF7FEFF 		bl	HAL_NVIC_DisableIRQ
 451              	.LVL25:
 452              		.loc 1 220 1 is_stmt 0 view .LVU107
 453 0026 F0E7     		b	.L26
 454              	.L31:
 455              		.align	2
 456              	.L30:
 457 0028 00380140 		.word	1073821696
 458 002c 00100240 		.word	1073876992
 459 0030 00080140 		.word	1073809408
 460              		.cfi_endproc
 461              	.LFE69:
 463              		.text
 464              	.Letext0:
 465              		.file 2 "Drivers/CMSIS/Device/ST/STM32F1xx/Include/stm32f103xb.h"
 466              		.file 3 "d:\\arm-gcc\\gcc\\arm-none-eabi\\include\\machine\\_default_types.h"
 467              		.file 4 "d:\\arm-gcc\\gcc\\arm-none-eabi\\include\\sys\\_stdint.h"
 468              		.file 5 "Drivers/STM32F1xx_HAL_Driver/Inc/stm32f1xx_hal_def.h"
 469              		.file 6 "Drivers/STM32F1xx_HAL_Driver/Inc/stm32f1xx_hal_gpio.h"
 470              		.file 7 "Drivers/STM32F1xx_HAL_Driver/Inc/stm32f1xx_hal_dma.h"
 471              		.file 8 "Drivers/STM32F1xx_HAL_Driver/Inc/stm32f1xx_hal_i2c.h"
 472              		.file 9 "Drivers/STM32F1xx_HAL_Driver/Inc/stm32f1xx_hal_uart.h"
 473              		.file 10 "Drivers/STM32F1xx_HAL_Driver/Inc/stm32f1xx_hal_cortex.h"
ARM GAS  C:\Users\Kingj\AppData\Local\Temp\ccGiJoPY.s 			page 14


DEFINED SYMBOLS
                            *ABS*:00000000 stm32f1xx_hal_msp.c
C:\Users\Kingj\AppData\Local\Temp\ccGiJoPY.s:18     .text.HAL_MspInit:00000000 $t
C:\Users\Kingj\AppData\Local\Temp\ccGiJoPY.s:24     .text.HAL_MspInit:00000000 HAL_MspInit
C:\Users\Kingj\AppData\Local\Temp\ccGiJoPY.s:91     .text.HAL_MspInit:0000003c $d
C:\Users\Kingj\AppData\Local\Temp\ccGiJoPY.s:97     .text.HAL_I2C_MspInit:00000000 $t
C:\Users\Kingj\AppData\Local\Temp\ccGiJoPY.s:103    .text.HAL_I2C_MspInit:00000000 HAL_I2C_MspInit
C:\Users\Kingj\AppData\Local\Temp\ccGiJoPY.s:201    .text.HAL_I2C_MspInit:00000058 $d
C:\Users\Kingj\AppData\Local\Temp\ccGiJoPY.s:208    .text.HAL_I2C_MspDeInit:00000000 $t
C:\Users\Kingj\AppData\Local\Temp\ccGiJoPY.s:214    .text.HAL_I2C_MspDeInit:00000000 HAL_I2C_MspDeInit
C:\Users\Kingj\AppData\Local\Temp\ccGiJoPY.s:259    .text.HAL_I2C_MspDeInit:0000002c $d
C:\Users\Kingj\AppData\Local\Temp\ccGiJoPY.s:266    .text.HAL_UART_MspInit:00000000 $t
C:\Users\Kingj\AppData\Local\Temp\ccGiJoPY.s:272    .text.HAL_UART_MspInit:00000000 HAL_UART_MspInit
C:\Users\Kingj\AppData\Local\Temp\ccGiJoPY.s:398    .text.HAL_UART_MspInit:00000080 $d
C:\Users\Kingj\AppData\Local\Temp\ccGiJoPY.s:404    .text.HAL_UART_MspDeInit:00000000 $t
C:\Users\Kingj\AppData\Local\Temp\ccGiJoPY.s:410    .text.HAL_UART_MspDeInit:00000000 HAL_UART_MspDeInit
C:\Users\Kingj\AppData\Local\Temp\ccGiJoPY.s:457    .text.HAL_UART_MspDeInit:00000028 $d

UNDEFINED SYMBOLS
HAL_GPIO_Init
HAL_GPIO_DeInit
HAL_NVIC_SetPriority
HAL_NVIC_EnableIRQ
HAL_NVIC_DisableIRQ
