ARM GAS  C:\Users\Kingj\AppData\Local\Temp\ccPflgyW.s 			page 1


   1              		.cpu cortex-m3
   2              		.arch armv7-m
   3              		.fpu softvfp
   4              		.eabi_attribute 20, 1
   5              		.eabi_attribute 21, 1
   6              		.eabi_attribute 23, 3
   7              		.eabi_attribute 24, 1
   8              		.eabi_attribute 25, 1
   9              		.eabi_attribute 26, 1
  10              		.eabi_attribute 30, 1
  11              		.eabi_attribute 34, 1
  12              		.eabi_attribute 18, 4
  13              		.file	"stm32f1xx_it.c"
  14              		.text
  15              	.Ltext0:
  16              		.cfi_sections	.debug_frame
  17              		.section	.text.NMI_Handler,"ax",%progbits
  18              		.align	1
  19              		.global	NMI_Handler
  20              		.syntax unified
  21              		.thumb
  22              		.thumb_func
  24              	NMI_Handler:
  25              	.LFB65:
  26              		.file 1 "Core/Src/stm32f1xx_it.c"
   1:Core/Src/stm32f1xx_it.c **** /* USER CODE BEGIN Header */
   2:Core/Src/stm32f1xx_it.c **** /**
   3:Core/Src/stm32f1xx_it.c ****   ******************************************************************************
   4:Core/Src/stm32f1xx_it.c ****   * @file    stm32f1xx_it.c
   5:Core/Src/stm32f1xx_it.c ****   * @brief   Interrupt Service Routines.
   6:Core/Src/stm32f1xx_it.c ****   ******************************************************************************
   7:Core/Src/stm32f1xx_it.c ****   * @attention
   8:Core/Src/stm32f1xx_it.c ****   *
   9:Core/Src/stm32f1xx_it.c ****   * Copyright (c) 2024 STMicroelectronics.
  10:Core/Src/stm32f1xx_it.c ****   * All rights reserved.
  11:Core/Src/stm32f1xx_it.c ****   *
  12:Core/Src/stm32f1xx_it.c ****   * This software is licensed under terms that can be found in the LICENSE file
  13:Core/Src/stm32f1xx_it.c ****   * in the root directory of this software component.
  14:Core/Src/stm32f1xx_it.c ****   * If no LICENSE file comes with this software, it is provided AS-IS.
  15:Core/Src/stm32f1xx_it.c ****   *
  16:Core/Src/stm32f1xx_it.c ****   ******************************************************************************
  17:Core/Src/stm32f1xx_it.c ****   */
  18:Core/Src/stm32f1xx_it.c **** /* USER CODE END Header */
  19:Core/Src/stm32f1xx_it.c **** 
  20:Core/Src/stm32f1xx_it.c **** /* Includes ------------------------------------------------------------------*/
  21:Core/Src/stm32f1xx_it.c **** #include "main.h"
  22:Core/Src/stm32f1xx_it.c **** #include "stm32f1xx_it.h"
  23:Core/Src/stm32f1xx_it.c **** /* Private includes ----------------------------------------------------------*/
  24:Core/Src/stm32f1xx_it.c **** /* USER CODE BEGIN Includes */
  25:Core/Src/stm32f1xx_it.c **** #include "stdbool.h"
  26:Core/Src/stm32f1xx_it.c **** /* USER CODE END Includes */
  27:Core/Src/stm32f1xx_it.c **** 
  28:Core/Src/stm32f1xx_it.c **** /* Private typedef -----------------------------------------------------------*/
  29:Core/Src/stm32f1xx_it.c **** /* USER CODE BEGIN TD */
  30:Core/Src/stm32f1xx_it.c **** 
  31:Core/Src/stm32f1xx_it.c **** /* USER CODE END TD */
  32:Core/Src/stm32f1xx_it.c **** 
ARM GAS  C:\Users\Kingj\AppData\Local\Temp\ccPflgyW.s 			page 2


  33:Core/Src/stm32f1xx_it.c **** /* Private define ------------------------------------------------------------*/
  34:Core/Src/stm32f1xx_it.c **** /* USER CODE BEGIN PD */
  35:Core/Src/stm32f1xx_it.c **** 
  36:Core/Src/stm32f1xx_it.c **** /* USER CODE END PD */
  37:Core/Src/stm32f1xx_it.c **** 
  38:Core/Src/stm32f1xx_it.c **** /* Private macro -------------------------------------------------------------*/
  39:Core/Src/stm32f1xx_it.c **** /* USER CODE BEGIN PM */
  40:Core/Src/stm32f1xx_it.c **** 
  41:Core/Src/stm32f1xx_it.c **** /* USER CODE END PM */
  42:Core/Src/stm32f1xx_it.c **** 
  43:Core/Src/stm32f1xx_it.c **** /* Private variables ---------------------------------------------------------*/
  44:Core/Src/stm32f1xx_it.c **** /* USER CODE BEGIN PV */
  45:Core/Src/stm32f1xx_it.c **** 
  46:Core/Src/stm32f1xx_it.c **** /* USER CODE END PV */
  47:Core/Src/stm32f1xx_it.c **** 
  48:Core/Src/stm32f1xx_it.c **** /* Private function prototypes -----------------------------------------------*/
  49:Core/Src/stm32f1xx_it.c **** /* USER CODE BEGIN PFP */
  50:Core/Src/stm32f1xx_it.c **** 
  51:Core/Src/stm32f1xx_it.c **** /* USER CODE END PFP */
  52:Core/Src/stm32f1xx_it.c **** 
  53:Core/Src/stm32f1xx_it.c **** /* Private user code ---------------------------------------------------------*/
  54:Core/Src/stm32f1xx_it.c **** /* USER CODE BEGIN 0 */
  55:Core/Src/stm32f1xx_it.c **** extern uint8_t data_buffer[9];
  56:Core/Src/stm32f1xx_it.c **** extern int rx_index;
  57:Core/Src/stm32f1xx_it.c **** extern uint8_t data_receive;
  58:Core/Src/stm32f1xx_it.c **** extern bool IT_flag;
  59:Core/Src/stm32f1xx_it.c **** extern uint32_t last_time_IT;
  60:Core/Src/stm32f1xx_it.c **** /* USER CODE END 0 */
  61:Core/Src/stm32f1xx_it.c **** 
  62:Core/Src/stm32f1xx_it.c **** /* External variables --------------------------------------------------------*/
  63:Core/Src/stm32f1xx_it.c **** extern UART_HandleTypeDef huart1;
  64:Core/Src/stm32f1xx_it.c **** /* USER CODE BEGIN EV */
  65:Core/Src/stm32f1xx_it.c **** 
  66:Core/Src/stm32f1xx_it.c **** /* USER CODE END EV */
  67:Core/Src/stm32f1xx_it.c **** 
  68:Core/Src/stm32f1xx_it.c **** /******************************************************************************/
  69:Core/Src/stm32f1xx_it.c **** /*           Cortex-M3 Processor Interruption and Exception Handlers          */
  70:Core/Src/stm32f1xx_it.c **** /******************************************************************************/
  71:Core/Src/stm32f1xx_it.c **** /**
  72:Core/Src/stm32f1xx_it.c ****   * @brief This function handles Non maskable interrupt.
  73:Core/Src/stm32f1xx_it.c ****   */
  74:Core/Src/stm32f1xx_it.c **** void NMI_Handler(void)
  75:Core/Src/stm32f1xx_it.c **** {
  27              		.loc 1 75 1 view -0
  28              		.cfi_startproc
  29              		@ Volatile: function does not return.
  30              		@ args = 0, pretend = 0, frame = 0
  31              		@ frame_needed = 0, uses_anonymous_args = 0
  32              		@ link register save eliminated.
  33              	.L2:
  76:Core/Src/stm32f1xx_it.c ****   /* USER CODE BEGIN NonMaskableInt_IRQn 0 */
  77:Core/Src/stm32f1xx_it.c **** 
  78:Core/Src/stm32f1xx_it.c ****   /* USER CODE END NonMaskableInt_IRQn 0 */
  79:Core/Src/stm32f1xx_it.c ****   /* USER CODE BEGIN NonMaskableInt_IRQn 1 */
  80:Core/Src/stm32f1xx_it.c ****    while (1)
  34              		.loc 1 80 4 discriminator 1 view .LVU1
  81:Core/Src/stm32f1xx_it.c ****   {
ARM GAS  C:\Users\Kingj\AppData\Local\Temp\ccPflgyW.s 			page 3


  82:Core/Src/stm32f1xx_it.c ****   }
  35              		.loc 1 82 3 discriminator 1 view .LVU2
  80:Core/Src/stm32f1xx_it.c ****   {
  36              		.loc 1 80 10 discriminator 1 view .LVU3
  37 0000 FEE7     		b	.L2
  38              		.cfi_endproc
  39              	.LFE65:
  41              		.section	.text.HardFault_Handler,"ax",%progbits
  42              		.align	1
  43              		.global	HardFault_Handler
  44              		.syntax unified
  45              		.thumb
  46              		.thumb_func
  48              	HardFault_Handler:
  49              	.LFB66:
  83:Core/Src/stm32f1xx_it.c ****   /* USER CODE END NonMaskableInt_IRQn 1 */
  84:Core/Src/stm32f1xx_it.c **** }
  85:Core/Src/stm32f1xx_it.c **** 
  86:Core/Src/stm32f1xx_it.c **** /**
  87:Core/Src/stm32f1xx_it.c ****   * @brief This function handles Hard fault interrupt.
  88:Core/Src/stm32f1xx_it.c ****   */
  89:Core/Src/stm32f1xx_it.c **** void HardFault_Handler(void)
  90:Core/Src/stm32f1xx_it.c **** {
  50              		.loc 1 90 1 view -0
  51              		.cfi_startproc
  52              		@ Volatile: function does not return.
  53              		@ args = 0, pretend = 0, frame = 0
  54              		@ frame_needed = 0, uses_anonymous_args = 0
  55              		@ link register save eliminated.
  56              	.L4:
  91:Core/Src/stm32f1xx_it.c ****   /* USER CODE BEGIN HardFault_IRQn 0 */
  92:Core/Src/stm32f1xx_it.c **** 
  93:Core/Src/stm32f1xx_it.c ****   /* USER CODE END HardFault_IRQn 0 */
  94:Core/Src/stm32f1xx_it.c ****   while (1)
  57              		.loc 1 94 3 discriminator 1 view .LVU5
  95:Core/Src/stm32f1xx_it.c ****   {
  96:Core/Src/stm32f1xx_it.c ****     /* USER CODE BEGIN W1_HardFault_IRQn 0 */
  97:Core/Src/stm32f1xx_it.c ****     /* USER CODE END W1_HardFault_IRQn 0 */
  98:Core/Src/stm32f1xx_it.c ****   }
  58              		.loc 1 98 3 discriminator 1 view .LVU6
  94:Core/Src/stm32f1xx_it.c ****   {
  59              		.loc 1 94 9 discriminator 1 view .LVU7
  60 0000 FEE7     		b	.L4
  61              		.cfi_endproc
  62              	.LFE66:
  64              		.section	.text.MemManage_Handler,"ax",%progbits
  65              		.align	1
  66              		.global	MemManage_Handler
  67              		.syntax unified
  68              		.thumb
  69              		.thumb_func
  71              	MemManage_Handler:
  72              	.LFB67:
  99:Core/Src/stm32f1xx_it.c **** }
 100:Core/Src/stm32f1xx_it.c **** 
 101:Core/Src/stm32f1xx_it.c **** /**
 102:Core/Src/stm32f1xx_it.c ****   * @brief This function handles Memory management fault.
ARM GAS  C:\Users\Kingj\AppData\Local\Temp\ccPflgyW.s 			page 4


 103:Core/Src/stm32f1xx_it.c ****   */
 104:Core/Src/stm32f1xx_it.c **** void MemManage_Handler(void)
 105:Core/Src/stm32f1xx_it.c **** {
  73              		.loc 1 105 1 view -0
  74              		.cfi_startproc
  75              		@ Volatile: function does not return.
  76              		@ args = 0, pretend = 0, frame = 0
  77              		@ frame_needed = 0, uses_anonymous_args = 0
  78              		@ link register save eliminated.
  79              	.L6:
 106:Core/Src/stm32f1xx_it.c ****   /* USER CODE BEGIN MemoryManagement_IRQn 0 */
 107:Core/Src/stm32f1xx_it.c **** 
 108:Core/Src/stm32f1xx_it.c ****   /* USER CODE END MemoryManagement_IRQn 0 */
 109:Core/Src/stm32f1xx_it.c ****   while (1)
  80              		.loc 1 109 3 discriminator 1 view .LVU9
 110:Core/Src/stm32f1xx_it.c ****   {
 111:Core/Src/stm32f1xx_it.c ****     /* USER CODE BEGIN W1_MemoryManagement_IRQn 0 */
 112:Core/Src/stm32f1xx_it.c ****     /* USER CODE END W1_MemoryManagement_IRQn 0 */
 113:Core/Src/stm32f1xx_it.c ****   }
  81              		.loc 1 113 3 discriminator 1 view .LVU10
 109:Core/Src/stm32f1xx_it.c ****   {
  82              		.loc 1 109 9 discriminator 1 view .LVU11
  83 0000 FEE7     		b	.L6
  84              		.cfi_endproc
  85              	.LFE67:
  87              		.section	.text.BusFault_Handler,"ax",%progbits
  88              		.align	1
  89              		.global	BusFault_Handler
  90              		.syntax unified
  91              		.thumb
  92              		.thumb_func
  94              	BusFault_Handler:
  95              	.LFB68:
 114:Core/Src/stm32f1xx_it.c **** }
 115:Core/Src/stm32f1xx_it.c **** 
 116:Core/Src/stm32f1xx_it.c **** /**
 117:Core/Src/stm32f1xx_it.c ****   * @brief This function handles Prefetch fault, memory access fault.
 118:Core/Src/stm32f1xx_it.c ****   */
 119:Core/Src/stm32f1xx_it.c **** void BusFault_Handler(void)
 120:Core/Src/stm32f1xx_it.c **** {
  96              		.loc 1 120 1 view -0
  97              		.cfi_startproc
  98              		@ Volatile: function does not return.
  99              		@ args = 0, pretend = 0, frame = 0
 100              		@ frame_needed = 0, uses_anonymous_args = 0
 101              		@ link register save eliminated.
 102              	.L8:
 121:Core/Src/stm32f1xx_it.c ****   /* USER CODE BEGIN BusFault_IRQn 0 */
 122:Core/Src/stm32f1xx_it.c **** 
 123:Core/Src/stm32f1xx_it.c ****   /* USER CODE END BusFault_IRQn 0 */
 124:Core/Src/stm32f1xx_it.c ****   while (1)
 103              		.loc 1 124 3 discriminator 1 view .LVU13
 125:Core/Src/stm32f1xx_it.c ****   {
 126:Core/Src/stm32f1xx_it.c ****     /* USER CODE BEGIN W1_BusFault_IRQn 0 */
 127:Core/Src/stm32f1xx_it.c ****     /* USER CODE END W1_BusFault_IRQn 0 */
 128:Core/Src/stm32f1xx_it.c ****   }
 104              		.loc 1 128 3 discriminator 1 view .LVU14
ARM GAS  C:\Users\Kingj\AppData\Local\Temp\ccPflgyW.s 			page 5


 124:Core/Src/stm32f1xx_it.c ****   {
 105              		.loc 1 124 9 discriminator 1 view .LVU15
 106 0000 FEE7     		b	.L8
 107              		.cfi_endproc
 108              	.LFE68:
 110              		.section	.text.UsageFault_Handler,"ax",%progbits
 111              		.align	1
 112              		.global	UsageFault_Handler
 113              		.syntax unified
 114              		.thumb
 115              		.thumb_func
 117              	UsageFault_Handler:
 118              	.LFB69:
 129:Core/Src/stm32f1xx_it.c **** }
 130:Core/Src/stm32f1xx_it.c **** 
 131:Core/Src/stm32f1xx_it.c **** /**
 132:Core/Src/stm32f1xx_it.c ****   * @brief This function handles Undefined instruction or illegal state.
 133:Core/Src/stm32f1xx_it.c ****   */
 134:Core/Src/stm32f1xx_it.c **** void UsageFault_Handler(void)
 135:Core/Src/stm32f1xx_it.c **** {
 119              		.loc 1 135 1 view -0
 120              		.cfi_startproc
 121              		@ Volatile: function does not return.
 122              		@ args = 0, pretend = 0, frame = 0
 123              		@ frame_needed = 0, uses_anonymous_args = 0
 124              		@ link register save eliminated.
 125              	.L10:
 136:Core/Src/stm32f1xx_it.c ****   /* USER CODE BEGIN UsageFault_IRQn 0 */
 137:Core/Src/stm32f1xx_it.c **** 
 138:Core/Src/stm32f1xx_it.c ****   /* USER CODE END UsageFault_IRQn 0 */
 139:Core/Src/stm32f1xx_it.c ****   while (1)
 126              		.loc 1 139 3 discriminator 1 view .LVU17
 140:Core/Src/stm32f1xx_it.c ****   {
 141:Core/Src/stm32f1xx_it.c ****     /* USER CODE BEGIN W1_UsageFault_IRQn 0 */
 142:Core/Src/stm32f1xx_it.c ****     /* USER CODE END W1_UsageFault_IRQn 0 */
 143:Core/Src/stm32f1xx_it.c ****   }
 127              		.loc 1 143 3 discriminator 1 view .LVU18
 139:Core/Src/stm32f1xx_it.c ****   {
 128              		.loc 1 139 9 discriminator 1 view .LVU19
 129 0000 FEE7     		b	.L10
 130              		.cfi_endproc
 131              	.LFE69:
 133              		.section	.text.SVC_Handler,"ax",%progbits
 134              		.align	1
 135              		.global	SVC_Handler
 136              		.syntax unified
 137              		.thumb
 138              		.thumb_func
 140              	SVC_Handler:
 141              	.LFB70:
 144:Core/Src/stm32f1xx_it.c **** }
 145:Core/Src/stm32f1xx_it.c **** 
 146:Core/Src/stm32f1xx_it.c **** /**
 147:Core/Src/stm32f1xx_it.c ****   * @brief This function handles System service call via SWI instruction.
 148:Core/Src/stm32f1xx_it.c ****   */
 149:Core/Src/stm32f1xx_it.c **** void SVC_Handler(void)
 150:Core/Src/stm32f1xx_it.c **** {
ARM GAS  C:\Users\Kingj\AppData\Local\Temp\ccPflgyW.s 			page 6


 142              		.loc 1 150 1 view -0
 143              		.cfi_startproc
 144              		@ args = 0, pretend = 0, frame = 0
 145              		@ frame_needed = 0, uses_anonymous_args = 0
 146              		@ link register save eliminated.
 151:Core/Src/stm32f1xx_it.c ****   /* USER CODE BEGIN SVCall_IRQn 0 */
 152:Core/Src/stm32f1xx_it.c **** 
 153:Core/Src/stm32f1xx_it.c ****   /* USER CODE END SVCall_IRQn 0 */
 154:Core/Src/stm32f1xx_it.c ****   /* USER CODE BEGIN SVCall_IRQn 1 */
 155:Core/Src/stm32f1xx_it.c **** 
 156:Core/Src/stm32f1xx_it.c ****   /* USER CODE END SVCall_IRQn 1 */
 157:Core/Src/stm32f1xx_it.c **** }
 147              		.loc 1 157 1 view .LVU21
 148 0000 7047     		bx	lr
 149              		.cfi_endproc
 150              	.LFE70:
 152              		.section	.text.DebugMon_Handler,"ax",%progbits
 153              		.align	1
 154              		.global	DebugMon_Handler
 155              		.syntax unified
 156              		.thumb
 157              		.thumb_func
 159              	DebugMon_Handler:
 160              	.LFB71:
 158:Core/Src/stm32f1xx_it.c **** 
 159:Core/Src/stm32f1xx_it.c **** /**
 160:Core/Src/stm32f1xx_it.c ****   * @brief This function handles Debug monitor.
 161:Core/Src/stm32f1xx_it.c ****   */
 162:Core/Src/stm32f1xx_it.c **** void DebugMon_Handler(void)
 163:Core/Src/stm32f1xx_it.c **** {
 161              		.loc 1 163 1 view -0
 162              		.cfi_startproc
 163              		@ args = 0, pretend = 0, frame = 0
 164              		@ frame_needed = 0, uses_anonymous_args = 0
 165              		@ link register save eliminated.
 164:Core/Src/stm32f1xx_it.c ****   /* USER CODE BEGIN DebugMonitor_IRQn 0 */
 165:Core/Src/stm32f1xx_it.c **** 
 166:Core/Src/stm32f1xx_it.c ****   /* USER CODE END DebugMonitor_IRQn 0 */
 167:Core/Src/stm32f1xx_it.c ****   /* USER CODE BEGIN DebugMonitor_IRQn 1 */
 168:Core/Src/stm32f1xx_it.c **** 
 169:Core/Src/stm32f1xx_it.c ****   /* USER CODE END DebugMonitor_IRQn 1 */
 170:Core/Src/stm32f1xx_it.c **** }
 166              		.loc 1 170 1 view .LVU23
 167 0000 7047     		bx	lr
 168              		.cfi_endproc
 169              	.LFE71:
 171              		.section	.text.PendSV_Handler,"ax",%progbits
 172              		.align	1
 173              		.global	PendSV_Handler
 174              		.syntax unified
 175              		.thumb
 176              		.thumb_func
 178              	PendSV_Handler:
 179              	.LFB72:
 171:Core/Src/stm32f1xx_it.c **** 
 172:Core/Src/stm32f1xx_it.c **** /**
 173:Core/Src/stm32f1xx_it.c ****   * @brief This function handles Pendable request for system service.
ARM GAS  C:\Users\Kingj\AppData\Local\Temp\ccPflgyW.s 			page 7


 174:Core/Src/stm32f1xx_it.c ****   */
 175:Core/Src/stm32f1xx_it.c **** void PendSV_Handler(void)
 176:Core/Src/stm32f1xx_it.c **** {
 180              		.loc 1 176 1 view -0
 181              		.cfi_startproc
 182              		@ args = 0, pretend = 0, frame = 0
 183              		@ frame_needed = 0, uses_anonymous_args = 0
 184              		@ link register save eliminated.
 177:Core/Src/stm32f1xx_it.c ****   /* USER CODE BEGIN PendSV_IRQn 0 */
 178:Core/Src/stm32f1xx_it.c **** 
 179:Core/Src/stm32f1xx_it.c ****   /* USER CODE END PendSV_IRQn 0 */
 180:Core/Src/stm32f1xx_it.c ****   /* USER CODE BEGIN PendSV_IRQn 1 */
 181:Core/Src/stm32f1xx_it.c **** 
 182:Core/Src/stm32f1xx_it.c ****   /* USER CODE END PendSV_IRQn 1 */
 183:Core/Src/stm32f1xx_it.c **** }
 185              		.loc 1 183 1 view .LVU25
 186 0000 7047     		bx	lr
 187              		.cfi_endproc
 188              	.LFE72:
 190              		.section	.text.SysTick_Handler,"ax",%progbits
 191              		.align	1
 192              		.global	SysTick_Handler
 193              		.syntax unified
 194              		.thumb
 195              		.thumb_func
 197              	SysTick_Handler:
 198              	.LFB73:
 184:Core/Src/stm32f1xx_it.c **** 
 185:Core/Src/stm32f1xx_it.c **** /**
 186:Core/Src/stm32f1xx_it.c ****   * @brief This function handles System tick timer.
 187:Core/Src/stm32f1xx_it.c ****   */
 188:Core/Src/stm32f1xx_it.c **** void SysTick_Handler(void)
 189:Core/Src/stm32f1xx_it.c **** {
 199              		.loc 1 189 1 view -0
 200              		.cfi_startproc
 201              		@ args = 0, pretend = 0, frame = 0
 202              		@ frame_needed = 0, uses_anonymous_args = 0
 203 0000 08B5     		push	{r3, lr}
 204              	.LCFI0:
 205              		.cfi_def_cfa_offset 8
 206              		.cfi_offset 3, -8
 207              		.cfi_offset 14, -4
 190:Core/Src/stm32f1xx_it.c ****   /* USER CODE BEGIN SysTick_IRQn 0 */
 191:Core/Src/stm32f1xx_it.c **** 
 192:Core/Src/stm32f1xx_it.c ****   /* USER CODE END SysTick_IRQn 0 */
 193:Core/Src/stm32f1xx_it.c ****   HAL_IncTick();
 208              		.loc 1 193 3 view .LVU27
 209 0002 FFF7FEFF 		bl	HAL_IncTick
 210              	.LVL0:
 194:Core/Src/stm32f1xx_it.c ****   /* USER CODE BEGIN SysTick_IRQn 1 */
 195:Core/Src/stm32f1xx_it.c **** 
 196:Core/Src/stm32f1xx_it.c ****   /* USER CODE END SysTick_IRQn 1 */
 197:Core/Src/stm32f1xx_it.c **** }
 211              		.loc 1 197 1 is_stmt 0 view .LVU28
 212 0006 08BD     		pop	{r3, pc}
 213              		.cfi_endproc
 214              	.LFE73:
ARM GAS  C:\Users\Kingj\AppData\Local\Temp\ccPflgyW.s 			page 8


 216              		.section	.text.USART1_IRQHandler,"ax",%progbits
 217              		.align	1
 218              		.global	USART1_IRQHandler
 219              		.syntax unified
 220              		.thumb
 221              		.thumb_func
 223              	USART1_IRQHandler:
 224              	.LFB74:
 198:Core/Src/stm32f1xx_it.c **** 
 199:Core/Src/stm32f1xx_it.c **** /******************************************************************************/
 200:Core/Src/stm32f1xx_it.c **** /* STM32F1xx Peripheral Interrupt Handlers                                    */
 201:Core/Src/stm32f1xx_it.c **** /* Add here the Interrupt Handlers for the used peripherals.                  */
 202:Core/Src/stm32f1xx_it.c **** /* For the available peripheral interrupt handler names,                      */
 203:Core/Src/stm32f1xx_it.c **** /* please refer to the startup file (startup_stm32f1xx.s).                    */
 204:Core/Src/stm32f1xx_it.c **** /******************************************************************************/
 205:Core/Src/stm32f1xx_it.c **** 
 206:Core/Src/stm32f1xx_it.c **** /**
 207:Core/Src/stm32f1xx_it.c ****   * @brief This function handles USART1 global interrupt.
 208:Core/Src/stm32f1xx_it.c ****   */
 209:Core/Src/stm32f1xx_it.c **** void USART1_IRQHandler(void)
 210:Core/Src/stm32f1xx_it.c **** {
 225              		.loc 1 210 1 is_stmt 1 view -0
 226              		.cfi_startproc
 227              		@ args = 0, pretend = 0, frame = 0
 228              		@ frame_needed = 0, uses_anonymous_args = 0
 229 0000 70B5     		push	{r4, r5, r6, lr}
 230              	.LCFI1:
 231              		.cfi_def_cfa_offset 16
 232              		.cfi_offset 4, -16
 233              		.cfi_offset 5, -12
 234              		.cfi_offset 6, -8
 235              		.cfi_offset 14, -4
 211:Core/Src/stm32f1xx_it.c ****   /* USER CODE BEGIN USART1_IRQn 0 */
 212:Core/Src/stm32f1xx_it.c **** 
 213:Core/Src/stm32f1xx_it.c ****   /* USER CODE END USART1_IRQn 0 */
 214:Core/Src/stm32f1xx_it.c ****   HAL_UART_IRQHandler(&huart1);
 236              		.loc 1 214 3 view .LVU30
 237 0002 0C4C     		ldr	r4, .L18
 238 0004 2046     		mov	r0, r4
 239 0006 FFF7FEFF 		bl	HAL_UART_IRQHandler
 240              	.LVL1:
 215:Core/Src/stm32f1xx_it.c ****   /* USER CODE BEGIN USART1_IRQn 1 */
 216:Core/Src/stm32f1xx_it.c ****   	IT_flag = 1;
 241              		.loc 1 216 4 view .LVU31
 242              		.loc 1 216 12 is_stmt 0 view .LVU32
 243 000a 0126     		movs	r6, #1
 244 000c 0A4B     		ldr	r3, .L18+4
 245 000e 1E70     		strb	r6, [r3]
 217:Core/Src/stm32f1xx_it.c **** 	data_buffer[rx_index] = data_receive;
 246              		.loc 1 217 2 is_stmt 1 view .LVU33
 247              		.loc 1 217 13 is_stmt 0 view .LVU34
 248 0010 0A4A     		ldr	r2, .L18+8
 249 0012 1368     		ldr	r3, [r2]
 250              		.loc 1 217 24 view .LVU35
 251 0014 0A4D     		ldr	r5, .L18+12
 252 0016 2878     		ldrb	r0, [r5]	@ zero_extendqisi2
 253 0018 0A49     		ldr	r1, .L18+16
ARM GAS  C:\Users\Kingj\AppData\Local\Temp\ccPflgyW.s 			page 9


 254 001a C854     		strb	r0, [r1, r3]
 218:Core/Src/stm32f1xx_it.c **** 	rx_index++;
 255              		.loc 1 218 2 is_stmt 1 view .LVU36
 256              		.loc 1 218 10 is_stmt 0 view .LVU37
 257 001c 3344     		add	r3, r3, r6
 258 001e 1360     		str	r3, [r2]
 219:Core/Src/stm32f1xx_it.c **** 	last_time_IT = HAL_GetTick();
 259              		.loc 1 219 2 is_stmt 1 view .LVU38
 260              		.loc 1 219 17 is_stmt 0 view .LVU39
 261 0020 FFF7FEFF 		bl	HAL_GetTick
 262              	.LVL2:
 263              		.loc 1 219 15 view .LVU40
 264 0024 084B     		ldr	r3, .L18+20
 265 0026 1860     		str	r0, [r3]
 220:Core/Src/stm32f1xx_it.c **** 	HAL_UART_Receive_IT(&huart1,&data_receive,1);
 266              		.loc 1 220 2 is_stmt 1 view .LVU41
 267 0028 3246     		mov	r2, r6
 268 002a 2946     		mov	r1, r5
 269 002c 2046     		mov	r0, r4
 270 002e FFF7FEFF 		bl	HAL_UART_Receive_IT
 271              	.LVL3:
 221:Core/Src/stm32f1xx_it.c ****   /* USER CODE END USART1_IRQn 1 */
 222:Core/Src/stm32f1xx_it.c **** }
 272              		.loc 1 222 1 is_stmt 0 view .LVU42
 273 0032 70BD     		pop	{r4, r5, r6, pc}
 274              	.L19:
 275              		.align	2
 276              	.L18:
 277 0034 00000000 		.word	huart1
 278 0038 00000000 		.word	IT_flag
 279 003c 00000000 		.word	rx_index
 280 0040 00000000 		.word	data_receive
 281 0044 00000000 		.word	data_buffer
 282 0048 00000000 		.word	last_time_IT
 283              		.cfi_endproc
 284              	.LFE74:
 286              		.text
 287              	.Letext0:
 288              		.file 2 "d:\\arm-gcc\\gcc\\arm-none-eabi\\include\\machine\\_default_types.h"
 289              		.file 3 "d:\\arm-gcc\\gcc\\arm-none-eabi\\include\\sys\\_stdint.h"
 290              		.file 4 "Drivers/CMSIS/Device/ST/STM32F1xx/Include/stm32f103xb.h"
 291              		.file 5 "Drivers/STM32F1xx_HAL_Driver/Inc/stm32f1xx_hal_def.h"
 292              		.file 6 "Drivers/STM32F1xx_HAL_Driver/Inc/stm32f1xx_hal_dma.h"
 293              		.file 7 "Drivers/STM32F1xx_HAL_Driver/Inc/stm32f1xx_hal_uart.h"
 294              		.file 8 "Drivers/STM32F1xx_HAL_Driver/Inc/stm32f1xx_hal.h"
ARM GAS  C:\Users\Kingj\AppData\Local\Temp\ccPflgyW.s 			page 10


DEFINED SYMBOLS
                            *ABS*:00000000 stm32f1xx_it.c
C:\Users\Kingj\AppData\Local\Temp\ccPflgyW.s:18     .text.NMI_Handler:00000000 $t
C:\Users\Kingj\AppData\Local\Temp\ccPflgyW.s:24     .text.NMI_Handler:00000000 NMI_Handler
C:\Users\Kingj\AppData\Local\Temp\ccPflgyW.s:42     .text.HardFault_Handler:00000000 $t
C:\Users\Kingj\AppData\Local\Temp\ccPflgyW.s:48     .text.HardFault_Handler:00000000 HardFault_Handler
C:\Users\Kingj\AppData\Local\Temp\ccPflgyW.s:65     .text.MemManage_Handler:00000000 $t
C:\Users\Kingj\AppData\Local\Temp\ccPflgyW.s:71     .text.MemManage_Handler:00000000 MemManage_Handler
C:\Users\Kingj\AppData\Local\Temp\ccPflgyW.s:88     .text.BusFault_Handler:00000000 $t
C:\Users\Kingj\AppData\Local\Temp\ccPflgyW.s:94     .text.BusFault_Handler:00000000 BusFault_Handler
C:\Users\Kingj\AppData\Local\Temp\ccPflgyW.s:111    .text.UsageFault_Handler:00000000 $t
C:\Users\Kingj\AppData\Local\Temp\ccPflgyW.s:117    .text.UsageFault_Handler:00000000 UsageFault_Handler
C:\Users\Kingj\AppData\Local\Temp\ccPflgyW.s:134    .text.SVC_Handler:00000000 $t
C:\Users\Kingj\AppData\Local\Temp\ccPflgyW.s:140    .text.SVC_Handler:00000000 SVC_Handler
C:\Users\Kingj\AppData\Local\Temp\ccPflgyW.s:153    .text.DebugMon_Handler:00000000 $t
C:\Users\Kingj\AppData\Local\Temp\ccPflgyW.s:159    .text.DebugMon_Handler:00000000 DebugMon_Handler
C:\Users\Kingj\AppData\Local\Temp\ccPflgyW.s:172    .text.PendSV_Handler:00000000 $t
C:\Users\Kingj\AppData\Local\Temp\ccPflgyW.s:178    .text.PendSV_Handler:00000000 PendSV_Handler
C:\Users\Kingj\AppData\Local\Temp\ccPflgyW.s:191    .text.SysTick_Handler:00000000 $t
C:\Users\Kingj\AppData\Local\Temp\ccPflgyW.s:197    .text.SysTick_Handler:00000000 SysTick_Handler
C:\Users\Kingj\AppData\Local\Temp\ccPflgyW.s:217    .text.USART1_IRQHandler:00000000 $t
C:\Users\Kingj\AppData\Local\Temp\ccPflgyW.s:223    .text.USART1_IRQHandler:00000000 USART1_IRQHandler
C:\Users\Kingj\AppData\Local\Temp\ccPflgyW.s:277    .text.USART1_IRQHandler:00000034 $d

UNDEFINED SYMBOLS
HAL_IncTick
HAL_UART_IRQHandler
HAL_GetTick
HAL_UART_Receive_IT
huart1
IT_flag
rx_index
data_receive
data_buffer
last_time_IT
