ARM GAS  C:\Users\Kingj\AppData\Local\Temp\ccF3LYWr.s 			page 1


   1              		.cpu cortex-m3
   2              		.arch armv7-m
   3              		.fpu softvfp
   4              		.eabi_attribute 20, 1
   5              		.eabi_attribute 21, 1
   6              		.eabi_attribute 23, 3
   7              		.eabi_attribute 24, 1
   8              		.eabi_attribute 25, 1
   9              		.eabi_attribute 26, 1
  10              		.eabi_attribute 30, 1
  11              		.eabi_attribute 34, 1
  12              		.eabi_attribute 18, 4
  13              		.file	"main.c"
  14              		.text
  15              	.Ltext0:
  16              		.cfi_sections	.debug_frame
  17              		.section	.text.MX_GPIO_Init,"ax",%progbits
  18              		.align	1
  19              		.syntax unified
  20              		.thumb
  21              		.thumb_func
  23              	MX_GPIO_Init:
  24              	.LFB69:
  25              		.file 1 "Core/Src/main.c"
   1:Core/Src/main.c **** /* USER CODE BEGIN Header */
   2:Core/Src/main.c **** /**
   3:Core/Src/main.c ****   ******************************************************************************
   4:Core/Src/main.c ****   * @file           : main.c
   5:Core/Src/main.c ****   * @brief          : Main program body
   6:Core/Src/main.c ****   ******************************************************************************
   7:Core/Src/main.c ****   * @attention
   8:Core/Src/main.c ****   *
   9:Core/Src/main.c ****   * Copyright (c) 2024 STMicroelectronics.
  10:Core/Src/main.c ****   * All rights reserved.
  11:Core/Src/main.c ****   *
  12:Core/Src/main.c ****   * This software is licensed under terms that can be found in the LICENSE file
  13:Core/Src/main.c ****   * in the root directory of this software component.
  14:Core/Src/main.c ****   * If no LICENSE file comes with this software, it is provided AS-IS.
  15:Core/Src/main.c ****   *
  16:Core/Src/main.c ****   ******************************************************************************
  17:Core/Src/main.c ****   */
  18:Core/Src/main.c **** /* USER CODE END Header */
  19:Core/Src/main.c **** /* Includes ------------------------------------------------------------------*/
  20:Core/Src/main.c **** #include "main.h"
  21:Core/Src/main.c **** 
  22:Core/Src/main.c **** /* Private includes ----------------------------------------------------------*/
  23:Core/Src/main.c **** /* USER CODE BEGIN Includes */
  24:Core/Src/main.c **** 
  25:Core/Src/main.c **** /* USER CODE END Includes */
  26:Core/Src/main.c **** 
  27:Core/Src/main.c **** /* Private typedef -----------------------------------------------------------*/
  28:Core/Src/main.c **** /* USER CODE BEGIN PTD */
  29:Core/Src/main.c **** 
  30:Core/Src/main.c **** /* USER CODE END PTD */
  31:Core/Src/main.c **** 
  32:Core/Src/main.c **** /* Private define ------------------------------------------------------------*/
  33:Core/Src/main.c **** /* USER CODE BEGIN PD */
ARM GAS  C:\Users\Kingj\AppData\Local\Temp\ccF3LYWr.s 			page 2


  34:Core/Src/main.c **** 
  35:Core/Src/main.c **** /* USER CODE END PD */
  36:Core/Src/main.c **** 
  37:Core/Src/main.c **** /* Private macro -------------------------------------------------------------*/
  38:Core/Src/main.c **** /* USER CODE BEGIN PM */
  39:Core/Src/main.c **** 
  40:Core/Src/main.c **** /* USER CODE END PM */
  41:Core/Src/main.c **** 
  42:Core/Src/main.c **** /* Private variables ---------------------------------------------------------*/
  43:Core/Src/main.c **** DAC_HandleTypeDef hdac;
  44:Core/Src/main.c **** 
  45:Core/Src/main.c **** TIM_HandleTypeDef htim2;
  46:Core/Src/main.c **** 
  47:Core/Src/main.c **** /* USER CODE BEGIN PV */
  48:Core/Src/main.c **** 
  49:Core/Src/main.c **** /* USER CODE END PV */
  50:Core/Src/main.c **** 
  51:Core/Src/main.c **** /* Private function prototypes -----------------------------------------------*/
  52:Core/Src/main.c **** void SystemClock_Config(void);
  53:Core/Src/main.c **** static void MX_GPIO_Init(void);
  54:Core/Src/main.c **** static void MX_DAC_Init(void);
  55:Core/Src/main.c **** static void MX_TIM2_Init(void);
  56:Core/Src/main.c **** /* USER CODE BEGIN PFP */
  57:Core/Src/main.c **** 
  58:Core/Src/main.c **** /* USER CODE END PFP */
  59:Core/Src/main.c **** 
  60:Core/Src/main.c **** /* Private user code ---------------------------------------------------------*/
  61:Core/Src/main.c **** /* USER CODE BEGIN 0 */
  62:Core/Src/main.c **** 
  63:Core/Src/main.c **** /* USER CODE END 0 */
  64:Core/Src/main.c **** 
  65:Core/Src/main.c **** /**
  66:Core/Src/main.c ****   * @brief  The application entry point.
  67:Core/Src/main.c ****   * @retval int
  68:Core/Src/main.c ****   */
  69:Core/Src/main.c **** int main(void)
  70:Core/Src/main.c **** {
  71:Core/Src/main.c ****   /* USER CODE BEGIN 1 */
  72:Core/Src/main.c **** 
  73:Core/Src/main.c ****   /* USER CODE END 1 */
  74:Core/Src/main.c **** 
  75:Core/Src/main.c ****   /* MCU Configuration--------------------------------------------------------*/
  76:Core/Src/main.c **** 
  77:Core/Src/main.c ****   /* Reset of all peripherals, Initializes the Flash interface and the Systick. */
  78:Core/Src/main.c ****   HAL_Init();
  79:Core/Src/main.c **** 
  80:Core/Src/main.c ****   /* USER CODE BEGIN Init */
  81:Core/Src/main.c **** 
  82:Core/Src/main.c ****   /* USER CODE END Init */
  83:Core/Src/main.c **** 
  84:Core/Src/main.c ****   /* Configure the system clock */
  85:Core/Src/main.c ****   SystemClock_Config();
  86:Core/Src/main.c **** 
  87:Core/Src/main.c ****   /* USER CODE BEGIN SysInit */
  88:Core/Src/main.c **** 
  89:Core/Src/main.c ****   /* USER CODE END SysInit */
  90:Core/Src/main.c **** 
ARM GAS  C:\Users\Kingj\AppData\Local\Temp\ccF3LYWr.s 			page 3


  91:Core/Src/main.c ****   /* Initialize all configured peripherals */
  92:Core/Src/main.c ****   MX_GPIO_Init();
  93:Core/Src/main.c ****   MX_DAC_Init();
  94:Core/Src/main.c ****   MX_TIM2_Init();
  95:Core/Src/main.c ****   /* USER CODE BEGIN 2 */
  96:Core/Src/main.c **** 
  97:Core/Src/main.c ****   /* USER CODE END 2 */
  98:Core/Src/main.c **** 
  99:Core/Src/main.c ****   /* Infinite loop */
 100:Core/Src/main.c ****   /* USER CODE BEGIN WHILE */
 101:Core/Src/main.c ****   while (1)
 102:Core/Src/main.c ****   {
 103:Core/Src/main.c ****     /* USER CODE END WHILE */
 104:Core/Src/main.c **** 
 105:Core/Src/main.c ****     /* USER CODE BEGIN 3 */
 106:Core/Src/main.c ****   	HAL_GPIO_TogglePin(GPIOA,GPIO_PIN_1);
 107:Core/Src/main.c **** 	HAL_Delay(1000);
 108:Core/Src/main.c ****   }
 109:Core/Src/main.c ****   /* USER CODE END 3 */
 110:Core/Src/main.c **** }
 111:Core/Src/main.c **** 
 112:Core/Src/main.c **** /**
 113:Core/Src/main.c ****   * @brief System Clock Configuration
 114:Core/Src/main.c ****   * @retval None
 115:Core/Src/main.c ****   */
 116:Core/Src/main.c **** void SystemClock_Config(void)
 117:Core/Src/main.c **** {
 118:Core/Src/main.c ****   RCC_OscInitTypeDef RCC_OscInitStruct = {0};
 119:Core/Src/main.c ****   RCC_ClkInitTypeDef RCC_ClkInitStruct = {0};
 120:Core/Src/main.c **** 
 121:Core/Src/main.c ****   /** Initializes the RCC Oscillators according to the specified parameters
 122:Core/Src/main.c ****   * in the RCC_OscInitTypeDef structure.
 123:Core/Src/main.c ****   */
 124:Core/Src/main.c ****   RCC_OscInitStruct.OscillatorType = RCC_OSCILLATORTYPE_HSE;
 125:Core/Src/main.c ****   RCC_OscInitStruct.HSEState = RCC_HSE_ON;
 126:Core/Src/main.c ****   RCC_OscInitStruct.HSEPredivValue = RCC_HSE_PREDIV_DIV1;
 127:Core/Src/main.c ****   RCC_OscInitStruct.HSIState = RCC_HSI_ON;
 128:Core/Src/main.c ****   RCC_OscInitStruct.PLL.PLLState = RCC_PLL_ON;
 129:Core/Src/main.c ****   RCC_OscInitStruct.PLL.PLLSource = RCC_PLLSOURCE_HSE;
 130:Core/Src/main.c ****   RCC_OscInitStruct.PLL.PLLMUL = RCC_PLL_MUL9;
 131:Core/Src/main.c ****   if (HAL_RCC_OscConfig(&RCC_OscInitStruct) != HAL_OK)
 132:Core/Src/main.c ****   {
 133:Core/Src/main.c ****     Error_Handler();
 134:Core/Src/main.c ****   }
 135:Core/Src/main.c **** 
 136:Core/Src/main.c ****   /** Initializes the CPU, AHB and APB buses clocks
 137:Core/Src/main.c ****   */
 138:Core/Src/main.c ****   RCC_ClkInitStruct.ClockType = RCC_CLOCKTYPE_HCLK|RCC_CLOCKTYPE_SYSCLK
 139:Core/Src/main.c ****                               |RCC_CLOCKTYPE_PCLK1|RCC_CLOCKTYPE_PCLK2;
 140:Core/Src/main.c ****   RCC_ClkInitStruct.SYSCLKSource = RCC_SYSCLKSOURCE_PLLCLK;
 141:Core/Src/main.c ****   RCC_ClkInitStruct.AHBCLKDivider = RCC_SYSCLK_DIV1;
 142:Core/Src/main.c ****   RCC_ClkInitStruct.APB1CLKDivider = RCC_HCLK_DIV2;
 143:Core/Src/main.c ****   RCC_ClkInitStruct.APB2CLKDivider = RCC_HCLK_DIV1;
 144:Core/Src/main.c **** 
 145:Core/Src/main.c ****   if (HAL_RCC_ClockConfig(&RCC_ClkInitStruct, FLASH_LATENCY_2) != HAL_OK)
 146:Core/Src/main.c ****   {
 147:Core/Src/main.c ****     Error_Handler();
ARM GAS  C:\Users\Kingj\AppData\Local\Temp\ccF3LYWr.s 			page 4


 148:Core/Src/main.c ****   }
 149:Core/Src/main.c **** }
 150:Core/Src/main.c **** 
 151:Core/Src/main.c **** /**
 152:Core/Src/main.c ****   * @brief DAC Initialization Function
 153:Core/Src/main.c ****   * @param None
 154:Core/Src/main.c ****   * @retval None
 155:Core/Src/main.c ****   */
 156:Core/Src/main.c **** static void MX_DAC_Init(void)
 157:Core/Src/main.c **** {
 158:Core/Src/main.c **** 
 159:Core/Src/main.c ****   /* USER CODE BEGIN DAC_Init 0 */
 160:Core/Src/main.c **** 
 161:Core/Src/main.c ****   /* USER CODE END DAC_Init 0 */
 162:Core/Src/main.c **** 
 163:Core/Src/main.c ****   DAC_ChannelConfTypeDef sConfig = {0};
 164:Core/Src/main.c **** 
 165:Core/Src/main.c ****   /* USER CODE BEGIN DAC_Init 1 */
 166:Core/Src/main.c **** 
 167:Core/Src/main.c ****   /* USER CODE END DAC_Init 1 */
 168:Core/Src/main.c **** 
 169:Core/Src/main.c ****   /** DAC Initialization
 170:Core/Src/main.c ****   */
 171:Core/Src/main.c ****   hdac.Instance = DAC;
 172:Core/Src/main.c ****   if (HAL_DAC_Init(&hdac) != HAL_OK)
 173:Core/Src/main.c ****   {
 174:Core/Src/main.c ****     Error_Handler();
 175:Core/Src/main.c ****   }
 176:Core/Src/main.c **** 
 177:Core/Src/main.c ****   /** DAC channel OUT1 config
 178:Core/Src/main.c ****   */
 179:Core/Src/main.c ****   sConfig.DAC_Trigger = DAC_TRIGGER_NONE;
 180:Core/Src/main.c ****   sConfig.DAC_OutputBuffer = DAC_OUTPUTBUFFER_ENABLE;
 181:Core/Src/main.c ****   if (HAL_DAC_ConfigChannel(&hdac, &sConfig, DAC_CHANNEL_1) != HAL_OK)
 182:Core/Src/main.c ****   {
 183:Core/Src/main.c ****     Error_Handler();
 184:Core/Src/main.c ****   }
 185:Core/Src/main.c **** 
 186:Core/Src/main.c ****   /** DAC channel OUT2 config
 187:Core/Src/main.c ****   */
 188:Core/Src/main.c ****   if (HAL_DAC_ConfigChannel(&hdac, &sConfig, DAC_CHANNEL_2) != HAL_OK)
 189:Core/Src/main.c ****   {
 190:Core/Src/main.c ****     Error_Handler();
 191:Core/Src/main.c ****   }
 192:Core/Src/main.c ****   /* USER CODE BEGIN DAC_Init 2 */
 193:Core/Src/main.c **** 
 194:Core/Src/main.c ****   /* USER CODE END DAC_Init 2 */
 195:Core/Src/main.c **** 
 196:Core/Src/main.c **** }
 197:Core/Src/main.c **** 
 198:Core/Src/main.c **** /**
 199:Core/Src/main.c ****   * @brief TIM2 Initialization Function
 200:Core/Src/main.c ****   * @param None
 201:Core/Src/main.c ****   * @retval None
 202:Core/Src/main.c ****   */
 203:Core/Src/main.c **** static void MX_TIM2_Init(void)
 204:Core/Src/main.c **** {
ARM GAS  C:\Users\Kingj\AppData\Local\Temp\ccF3LYWr.s 			page 5


 205:Core/Src/main.c **** 
 206:Core/Src/main.c ****   /* USER CODE BEGIN TIM2_Init 0 */
 207:Core/Src/main.c **** 
 208:Core/Src/main.c ****   /* USER CODE END TIM2_Init 0 */
 209:Core/Src/main.c **** 
 210:Core/Src/main.c ****   TIM_ClockConfigTypeDef sClockSourceConfig = {0};
 211:Core/Src/main.c ****   TIM_MasterConfigTypeDef sMasterConfig = {0};
 212:Core/Src/main.c **** 
 213:Core/Src/main.c ****   /* USER CODE BEGIN TIM2_Init 1 */
 214:Core/Src/main.c **** 
 215:Core/Src/main.c ****   /* USER CODE END TIM2_Init 1 */
 216:Core/Src/main.c ****   htim2.Instance = TIM2;
 217:Core/Src/main.c ****   htim2.Init.Prescaler = 71;
 218:Core/Src/main.c ****   htim2.Init.CounterMode = TIM_COUNTERMODE_UP;
 219:Core/Src/main.c ****   htim2.Init.Period = 999;
 220:Core/Src/main.c ****   htim2.Init.ClockDivision = TIM_CLOCKDIVISION_DIV1;
 221:Core/Src/main.c ****   htim2.Init.AutoReloadPreload = TIM_AUTORELOAD_PRELOAD_ENABLE;
 222:Core/Src/main.c ****   if (HAL_TIM_Base_Init(&htim2) != HAL_OK)
 223:Core/Src/main.c ****   {
 224:Core/Src/main.c ****     Error_Handler();
 225:Core/Src/main.c ****   }
 226:Core/Src/main.c ****   sClockSourceConfig.ClockSource = TIM_CLOCKSOURCE_INTERNAL;
 227:Core/Src/main.c ****   if (HAL_TIM_ConfigClockSource(&htim2, &sClockSourceConfig) != HAL_OK)
 228:Core/Src/main.c ****   {
 229:Core/Src/main.c ****     Error_Handler();
 230:Core/Src/main.c ****   }
 231:Core/Src/main.c ****   sMasterConfig.MasterOutputTrigger = TIM_TRGO_RESET;
 232:Core/Src/main.c ****   sMasterConfig.MasterSlaveMode = TIM_MASTERSLAVEMODE_DISABLE;
 233:Core/Src/main.c ****   if (HAL_TIMEx_MasterConfigSynchronization(&htim2, &sMasterConfig) != HAL_OK)
 234:Core/Src/main.c ****   {
 235:Core/Src/main.c ****     Error_Handler();
 236:Core/Src/main.c ****   }
 237:Core/Src/main.c ****   /* USER CODE BEGIN TIM2_Init 2 */
 238:Core/Src/main.c **** 
 239:Core/Src/main.c ****   /* USER CODE END TIM2_Init 2 */
 240:Core/Src/main.c **** 
 241:Core/Src/main.c **** }
 242:Core/Src/main.c **** 
 243:Core/Src/main.c **** /**
 244:Core/Src/main.c ****   * @brief GPIO Initialization Function
 245:Core/Src/main.c ****   * @param None
 246:Core/Src/main.c ****   * @retval None
 247:Core/Src/main.c ****   */
 248:Core/Src/main.c **** static void MX_GPIO_Init(void)
 249:Core/Src/main.c **** {
  26              		.loc 1 249 1 view -0
  27              		.cfi_startproc
  28              		@ args = 0, pretend = 0, frame = 24
  29              		@ frame_needed = 0, uses_anonymous_args = 0
  30 0000 30B5     		push	{r4, r5, lr}
  31              	.LCFI0:
  32              		.cfi_def_cfa_offset 12
  33              		.cfi_offset 4, -12
  34              		.cfi_offset 5, -8
  35              		.cfi_offset 14, -4
  36 0002 87B0     		sub	sp, sp, #28
  37              	.LCFI1:
ARM GAS  C:\Users\Kingj\AppData\Local\Temp\ccF3LYWr.s 			page 6


  38              		.cfi_def_cfa_offset 40
 250:Core/Src/main.c ****   GPIO_InitTypeDef GPIO_InitStruct = {0};
  39              		.loc 1 250 3 view .LVU1
  40              		.loc 1 250 20 is_stmt 0 view .LVU2
  41 0004 0024     		movs	r4, #0
  42 0006 0294     		str	r4, [sp, #8]
  43 0008 0394     		str	r4, [sp, #12]
  44 000a 0494     		str	r4, [sp, #16]
  45 000c 0594     		str	r4, [sp, #20]
 251:Core/Src/main.c **** /* USER CODE BEGIN MX_GPIO_Init_1 */
 252:Core/Src/main.c **** /* USER CODE END MX_GPIO_Init_1 */
 253:Core/Src/main.c **** 
 254:Core/Src/main.c ****   /* GPIO Ports Clock Enable */
 255:Core/Src/main.c ****   __HAL_RCC_GPIOD_CLK_ENABLE();
  46              		.loc 1 255 3 is_stmt 1 view .LVU3
  47              	.LBB4:
  48              		.loc 1 255 3 view .LVU4
  49              		.loc 1 255 3 view .LVU5
  50 000e 124B     		ldr	r3, .L3
  51 0010 9A69     		ldr	r2, [r3, #24]
  52 0012 42F02002 		orr	r2, r2, #32
  53 0016 9A61     		str	r2, [r3, #24]
  54              		.loc 1 255 3 view .LVU6
  55 0018 9A69     		ldr	r2, [r3, #24]
  56 001a 02F02002 		and	r2, r2, #32
  57 001e 0092     		str	r2, [sp]
  58              		.loc 1 255 3 view .LVU7
  59 0020 009A     		ldr	r2, [sp]
  60              	.LBE4:
  61              		.loc 1 255 3 view .LVU8
 256:Core/Src/main.c ****   __HAL_RCC_GPIOA_CLK_ENABLE();
  62              		.loc 1 256 3 view .LVU9
  63              	.LBB5:
  64              		.loc 1 256 3 view .LVU10
  65              		.loc 1 256 3 view .LVU11
  66 0022 9A69     		ldr	r2, [r3, #24]
  67 0024 42F00402 		orr	r2, r2, #4
  68 0028 9A61     		str	r2, [r3, #24]
  69              		.loc 1 256 3 view .LVU12
  70 002a 9B69     		ldr	r3, [r3, #24]
  71 002c 03F00403 		and	r3, r3, #4
  72 0030 0193     		str	r3, [sp, #4]
  73              		.loc 1 256 3 view .LVU13
  74 0032 019B     		ldr	r3, [sp, #4]
  75              	.LBE5:
  76              		.loc 1 256 3 view .LVU14
 257:Core/Src/main.c **** 
 258:Core/Src/main.c ****   /*Configure GPIO pin Output Level */
 259:Core/Src/main.c ****   HAL_GPIO_WritePin(GPIOA, GPIO_PIN_1, GPIO_PIN_RESET);
  77              		.loc 1 259 3 view .LVU15
  78 0034 094D     		ldr	r5, .L3+4
  79 0036 2246     		mov	r2, r4
  80 0038 0221     		movs	r1, #2
  81 003a 2846     		mov	r0, r5
  82 003c FFF7FEFF 		bl	HAL_GPIO_WritePin
  83              	.LVL0:
 260:Core/Src/main.c **** 
ARM GAS  C:\Users\Kingj\AppData\Local\Temp\ccF3LYWr.s 			page 7


 261:Core/Src/main.c ****   /*Configure GPIO pin : PA1 */
 262:Core/Src/main.c ****   GPIO_InitStruct.Pin = GPIO_PIN_1;
  84              		.loc 1 262 3 view .LVU16
  85              		.loc 1 262 23 is_stmt 0 view .LVU17
  86 0040 0223     		movs	r3, #2
  87 0042 0293     		str	r3, [sp, #8]
 263:Core/Src/main.c ****   GPIO_InitStruct.Mode = GPIO_MODE_OUTPUT_PP;
  88              		.loc 1 263 3 is_stmt 1 view .LVU18
  89              		.loc 1 263 24 is_stmt 0 view .LVU19
  90 0044 0122     		movs	r2, #1
  91 0046 0392     		str	r2, [sp, #12]
 264:Core/Src/main.c ****   GPIO_InitStruct.Pull = GPIO_NOPULL;
  92              		.loc 1 264 3 is_stmt 1 view .LVU20
  93              		.loc 1 264 24 is_stmt 0 view .LVU21
  94 0048 0494     		str	r4, [sp, #16]
 265:Core/Src/main.c ****   GPIO_InitStruct.Speed = GPIO_SPEED_FREQ_LOW;
  95              		.loc 1 265 3 is_stmt 1 view .LVU22
  96              		.loc 1 265 25 is_stmt 0 view .LVU23
  97 004a 0593     		str	r3, [sp, #20]
 266:Core/Src/main.c ****   HAL_GPIO_Init(GPIOA, &GPIO_InitStruct);
  98              		.loc 1 266 3 is_stmt 1 view .LVU24
  99 004c 02A9     		add	r1, sp, #8
 100 004e 2846     		mov	r0, r5
 101 0050 FFF7FEFF 		bl	HAL_GPIO_Init
 102              	.LVL1:
 267:Core/Src/main.c **** 
 268:Core/Src/main.c **** /* USER CODE BEGIN MX_GPIO_Init_2 */
 269:Core/Src/main.c **** /* USER CODE END MX_GPIO_Init_2 */
 270:Core/Src/main.c **** }
 103              		.loc 1 270 1 is_stmt 0 view .LVU25
 104 0054 07B0     		add	sp, sp, #28
 105              	.LCFI2:
 106              		.cfi_def_cfa_offset 12
 107              		@ sp needed
 108 0056 30BD     		pop	{r4, r5, pc}
 109              	.L4:
 110              		.align	2
 111              	.L3:
 112 0058 00100240 		.word	1073876992
 113 005c 00080140 		.word	1073809408
 114              		.cfi_endproc
 115              	.LFE69:
 117              		.section	.text.Error_Handler,"ax",%progbits
 118              		.align	1
 119              		.global	Error_Handler
 120              		.syntax unified
 121              		.thumb
 122              		.thumb_func
 124              	Error_Handler:
 125              	.LFB70:
 271:Core/Src/main.c **** 
 272:Core/Src/main.c **** /* USER CODE BEGIN 4 */
 273:Core/Src/main.c **** 
 274:Core/Src/main.c **** /* USER CODE END 4 */
 275:Core/Src/main.c **** 
 276:Core/Src/main.c **** /**
 277:Core/Src/main.c ****   * @brief  This function is executed in case of error occurrence.
ARM GAS  C:\Users\Kingj\AppData\Local\Temp\ccF3LYWr.s 			page 8


 278:Core/Src/main.c ****   * @retval None
 279:Core/Src/main.c ****   */
 280:Core/Src/main.c **** void Error_Handler(void)
 281:Core/Src/main.c **** {
 126              		.loc 1 281 1 is_stmt 1 view -0
 127              		.cfi_startproc
 128              		@ Volatile: function does not return.
 129              		@ args = 0, pretend = 0, frame = 0
 130              		@ frame_needed = 0, uses_anonymous_args = 0
 131              		@ link register save eliminated.
 282:Core/Src/main.c ****   /* USER CODE BEGIN Error_Handler_Debug */
 283:Core/Src/main.c ****   /* User can add his own implementation to report the HAL error return state */
 284:Core/Src/main.c ****   __disable_irq();
 132              		.loc 1 284 3 view .LVU27
 133              	.LBB6:
 134              	.LBI6:
 135              		.file 2 "Drivers/CMSIS/Include/cmsis_gcc.h"
   1:Drivers/CMSIS/Include/cmsis_gcc.h **** /**************************************************************************//**
   2:Drivers/CMSIS/Include/cmsis_gcc.h ****  * @file     cmsis_gcc.h
   3:Drivers/CMSIS/Include/cmsis_gcc.h ****  * @brief    CMSIS compiler GCC header file
   4:Drivers/CMSIS/Include/cmsis_gcc.h ****  * @version  V5.0.4
   5:Drivers/CMSIS/Include/cmsis_gcc.h ****  * @date     09. April 2018
   6:Drivers/CMSIS/Include/cmsis_gcc.h ****  ******************************************************************************/
   7:Drivers/CMSIS/Include/cmsis_gcc.h **** /*
   8:Drivers/CMSIS/Include/cmsis_gcc.h ****  * Copyright (c) 2009-2018 Arm Limited. All rights reserved.
   9:Drivers/CMSIS/Include/cmsis_gcc.h ****  *
  10:Drivers/CMSIS/Include/cmsis_gcc.h ****  * SPDX-License-Identifier: Apache-2.0
  11:Drivers/CMSIS/Include/cmsis_gcc.h ****  *
  12:Drivers/CMSIS/Include/cmsis_gcc.h ****  * Licensed under the Apache License, Version 2.0 (the License); you may
  13:Drivers/CMSIS/Include/cmsis_gcc.h ****  * not use this file except in compliance with the License.
  14:Drivers/CMSIS/Include/cmsis_gcc.h ****  * You may obtain a copy of the License at
  15:Drivers/CMSIS/Include/cmsis_gcc.h ****  *
  16:Drivers/CMSIS/Include/cmsis_gcc.h ****  * www.apache.org/licenses/LICENSE-2.0
  17:Drivers/CMSIS/Include/cmsis_gcc.h ****  *
  18:Drivers/CMSIS/Include/cmsis_gcc.h ****  * Unless required by applicable law or agreed to in writing, software
  19:Drivers/CMSIS/Include/cmsis_gcc.h ****  * distributed under the License is distributed on an AS IS BASIS, WITHOUT
  20:Drivers/CMSIS/Include/cmsis_gcc.h ****  * WARRANTIES OR CONDITIONS OF ANY KIND, either express or implied.
  21:Drivers/CMSIS/Include/cmsis_gcc.h ****  * See the License for the specific language governing permissions and
  22:Drivers/CMSIS/Include/cmsis_gcc.h ****  * limitations under the License.
  23:Drivers/CMSIS/Include/cmsis_gcc.h ****  */
  24:Drivers/CMSIS/Include/cmsis_gcc.h **** 
  25:Drivers/CMSIS/Include/cmsis_gcc.h **** #ifndef __CMSIS_GCC_H
  26:Drivers/CMSIS/Include/cmsis_gcc.h **** #define __CMSIS_GCC_H
  27:Drivers/CMSIS/Include/cmsis_gcc.h **** 
  28:Drivers/CMSIS/Include/cmsis_gcc.h **** /* ignore some GCC warnings */
  29:Drivers/CMSIS/Include/cmsis_gcc.h **** #pragma GCC diagnostic push
  30:Drivers/CMSIS/Include/cmsis_gcc.h **** #pragma GCC diagnostic ignored "-Wsign-conversion"
  31:Drivers/CMSIS/Include/cmsis_gcc.h **** #pragma GCC diagnostic ignored "-Wconversion"
  32:Drivers/CMSIS/Include/cmsis_gcc.h **** #pragma GCC diagnostic ignored "-Wunused-parameter"
  33:Drivers/CMSIS/Include/cmsis_gcc.h **** 
  34:Drivers/CMSIS/Include/cmsis_gcc.h **** /* Fallback for __has_builtin */
  35:Drivers/CMSIS/Include/cmsis_gcc.h **** #ifndef __has_builtin
  36:Drivers/CMSIS/Include/cmsis_gcc.h ****   #define __has_builtin(x) (0)
  37:Drivers/CMSIS/Include/cmsis_gcc.h **** #endif
  38:Drivers/CMSIS/Include/cmsis_gcc.h **** 
  39:Drivers/CMSIS/Include/cmsis_gcc.h **** /* CMSIS compiler specific defines */
  40:Drivers/CMSIS/Include/cmsis_gcc.h **** #ifndef   __ASM
ARM GAS  C:\Users\Kingj\AppData\Local\Temp\ccF3LYWr.s 			page 9


  41:Drivers/CMSIS/Include/cmsis_gcc.h ****   #define __ASM                                  __asm
  42:Drivers/CMSIS/Include/cmsis_gcc.h **** #endif
  43:Drivers/CMSIS/Include/cmsis_gcc.h **** #ifndef   __INLINE
  44:Drivers/CMSIS/Include/cmsis_gcc.h ****   #define __INLINE                               inline
  45:Drivers/CMSIS/Include/cmsis_gcc.h **** #endif
  46:Drivers/CMSIS/Include/cmsis_gcc.h **** #ifndef   __STATIC_INLINE
  47:Drivers/CMSIS/Include/cmsis_gcc.h ****   #define __STATIC_INLINE                        static inline
  48:Drivers/CMSIS/Include/cmsis_gcc.h **** #endif
  49:Drivers/CMSIS/Include/cmsis_gcc.h **** #ifndef   __STATIC_FORCEINLINE                 
  50:Drivers/CMSIS/Include/cmsis_gcc.h ****   #define __STATIC_FORCEINLINE                   __attribute__((always_inline)) static inline
  51:Drivers/CMSIS/Include/cmsis_gcc.h **** #endif                                           
  52:Drivers/CMSIS/Include/cmsis_gcc.h **** #ifndef   __NO_RETURN
  53:Drivers/CMSIS/Include/cmsis_gcc.h ****   #define __NO_RETURN                            __attribute__((__noreturn__))
  54:Drivers/CMSIS/Include/cmsis_gcc.h **** #endif
  55:Drivers/CMSIS/Include/cmsis_gcc.h **** #ifndef   __USED
  56:Drivers/CMSIS/Include/cmsis_gcc.h ****   #define __USED                                 __attribute__((used))
  57:Drivers/CMSIS/Include/cmsis_gcc.h **** #endif
  58:Drivers/CMSIS/Include/cmsis_gcc.h **** #ifndef   __WEAK
  59:Drivers/CMSIS/Include/cmsis_gcc.h ****   #define __WEAK                                 __attribute__((weak))
  60:Drivers/CMSIS/Include/cmsis_gcc.h **** #endif
  61:Drivers/CMSIS/Include/cmsis_gcc.h **** #ifndef   __PACKED
  62:Drivers/CMSIS/Include/cmsis_gcc.h ****   #define __PACKED                               __attribute__((packed, aligned(1)))
  63:Drivers/CMSIS/Include/cmsis_gcc.h **** #endif
  64:Drivers/CMSIS/Include/cmsis_gcc.h **** #ifndef   __PACKED_STRUCT
  65:Drivers/CMSIS/Include/cmsis_gcc.h ****   #define __PACKED_STRUCT                        struct __attribute__((packed, aligned(1)))
  66:Drivers/CMSIS/Include/cmsis_gcc.h **** #endif
  67:Drivers/CMSIS/Include/cmsis_gcc.h **** #ifndef   __PACKED_UNION
  68:Drivers/CMSIS/Include/cmsis_gcc.h ****   #define __PACKED_UNION                         union __attribute__((packed, aligned(1)))
  69:Drivers/CMSIS/Include/cmsis_gcc.h **** #endif
  70:Drivers/CMSIS/Include/cmsis_gcc.h **** #ifndef   __UNALIGNED_UINT32        /* deprecated */
  71:Drivers/CMSIS/Include/cmsis_gcc.h ****   #pragma GCC diagnostic push
  72:Drivers/CMSIS/Include/cmsis_gcc.h ****   #pragma GCC diagnostic ignored "-Wpacked"
  73:Drivers/CMSIS/Include/cmsis_gcc.h ****   #pragma GCC diagnostic ignored "-Wattributes"
  74:Drivers/CMSIS/Include/cmsis_gcc.h ****   struct __attribute__((packed)) T_UINT32 { uint32_t v; };
  75:Drivers/CMSIS/Include/cmsis_gcc.h ****   #pragma GCC diagnostic pop
  76:Drivers/CMSIS/Include/cmsis_gcc.h ****   #define __UNALIGNED_UINT32(x)                  (((struct T_UINT32 *)(x))->v)
  77:Drivers/CMSIS/Include/cmsis_gcc.h **** #endif
  78:Drivers/CMSIS/Include/cmsis_gcc.h **** #ifndef   __UNALIGNED_UINT16_WRITE
  79:Drivers/CMSIS/Include/cmsis_gcc.h ****   #pragma GCC diagnostic push
  80:Drivers/CMSIS/Include/cmsis_gcc.h ****   #pragma GCC diagnostic ignored "-Wpacked"
  81:Drivers/CMSIS/Include/cmsis_gcc.h ****   #pragma GCC diagnostic ignored "-Wattributes"
  82:Drivers/CMSIS/Include/cmsis_gcc.h ****   __PACKED_STRUCT T_UINT16_WRITE { uint16_t v; };
  83:Drivers/CMSIS/Include/cmsis_gcc.h ****   #pragma GCC diagnostic pop
  84:Drivers/CMSIS/Include/cmsis_gcc.h ****   #define __UNALIGNED_UINT16_WRITE(addr, val)    (void)((((struct T_UINT16_WRITE *)(void *)(addr))-
  85:Drivers/CMSIS/Include/cmsis_gcc.h **** #endif
  86:Drivers/CMSIS/Include/cmsis_gcc.h **** #ifndef   __UNALIGNED_UINT16_READ
  87:Drivers/CMSIS/Include/cmsis_gcc.h ****   #pragma GCC diagnostic push
  88:Drivers/CMSIS/Include/cmsis_gcc.h ****   #pragma GCC diagnostic ignored "-Wpacked"
  89:Drivers/CMSIS/Include/cmsis_gcc.h ****   #pragma GCC diagnostic ignored "-Wattributes"
  90:Drivers/CMSIS/Include/cmsis_gcc.h ****   __PACKED_STRUCT T_UINT16_READ { uint16_t v; };
  91:Drivers/CMSIS/Include/cmsis_gcc.h ****   #pragma GCC diagnostic pop
  92:Drivers/CMSIS/Include/cmsis_gcc.h ****   #define __UNALIGNED_UINT16_READ(addr)          (((const struct T_UINT16_READ *)(const void *)(add
  93:Drivers/CMSIS/Include/cmsis_gcc.h **** #endif
  94:Drivers/CMSIS/Include/cmsis_gcc.h **** #ifndef   __UNALIGNED_UINT32_WRITE
  95:Drivers/CMSIS/Include/cmsis_gcc.h ****   #pragma GCC diagnostic push
  96:Drivers/CMSIS/Include/cmsis_gcc.h ****   #pragma GCC diagnostic ignored "-Wpacked"
  97:Drivers/CMSIS/Include/cmsis_gcc.h ****   #pragma GCC diagnostic ignored "-Wattributes"
ARM GAS  C:\Users\Kingj\AppData\Local\Temp\ccF3LYWr.s 			page 10


  98:Drivers/CMSIS/Include/cmsis_gcc.h ****   __PACKED_STRUCT T_UINT32_WRITE { uint32_t v; };
  99:Drivers/CMSIS/Include/cmsis_gcc.h ****   #pragma GCC diagnostic pop
 100:Drivers/CMSIS/Include/cmsis_gcc.h ****   #define __UNALIGNED_UINT32_WRITE(addr, val)    (void)((((struct T_UINT32_WRITE *)(void *)(addr))-
 101:Drivers/CMSIS/Include/cmsis_gcc.h **** #endif
 102:Drivers/CMSIS/Include/cmsis_gcc.h **** #ifndef   __UNALIGNED_UINT32_READ
 103:Drivers/CMSIS/Include/cmsis_gcc.h ****   #pragma GCC diagnostic push
 104:Drivers/CMSIS/Include/cmsis_gcc.h ****   #pragma GCC diagnostic ignored "-Wpacked"
 105:Drivers/CMSIS/Include/cmsis_gcc.h ****   #pragma GCC diagnostic ignored "-Wattributes"
 106:Drivers/CMSIS/Include/cmsis_gcc.h ****   __PACKED_STRUCT T_UINT32_READ { uint32_t v; };
 107:Drivers/CMSIS/Include/cmsis_gcc.h ****   #pragma GCC diagnostic pop
 108:Drivers/CMSIS/Include/cmsis_gcc.h ****   #define __UNALIGNED_UINT32_READ(addr)          (((const struct T_UINT32_READ *)(const void *)(add
 109:Drivers/CMSIS/Include/cmsis_gcc.h **** #endif
 110:Drivers/CMSIS/Include/cmsis_gcc.h **** #ifndef   __ALIGNED
 111:Drivers/CMSIS/Include/cmsis_gcc.h ****   #define __ALIGNED(x)                           __attribute__((aligned(x)))
 112:Drivers/CMSIS/Include/cmsis_gcc.h **** #endif
 113:Drivers/CMSIS/Include/cmsis_gcc.h **** #ifndef   __RESTRICT
 114:Drivers/CMSIS/Include/cmsis_gcc.h ****   #define __RESTRICT                             __restrict
 115:Drivers/CMSIS/Include/cmsis_gcc.h **** #endif
 116:Drivers/CMSIS/Include/cmsis_gcc.h **** 
 117:Drivers/CMSIS/Include/cmsis_gcc.h **** 
 118:Drivers/CMSIS/Include/cmsis_gcc.h **** /* ###########################  Core Function Access  ########################### */
 119:Drivers/CMSIS/Include/cmsis_gcc.h **** /** \ingroup  CMSIS_Core_FunctionInterface
 120:Drivers/CMSIS/Include/cmsis_gcc.h ****     \defgroup CMSIS_Core_RegAccFunctions CMSIS Core Register Access Functions
 121:Drivers/CMSIS/Include/cmsis_gcc.h ****   @{
 122:Drivers/CMSIS/Include/cmsis_gcc.h ****  */
 123:Drivers/CMSIS/Include/cmsis_gcc.h **** 
 124:Drivers/CMSIS/Include/cmsis_gcc.h **** /**
 125:Drivers/CMSIS/Include/cmsis_gcc.h ****   \brief   Enable IRQ Interrupts
 126:Drivers/CMSIS/Include/cmsis_gcc.h ****   \details Enables IRQ interrupts by clearing the I-bit in the CPSR.
 127:Drivers/CMSIS/Include/cmsis_gcc.h ****            Can only be executed in Privileged modes.
 128:Drivers/CMSIS/Include/cmsis_gcc.h ****  */
 129:Drivers/CMSIS/Include/cmsis_gcc.h **** __STATIC_FORCEINLINE void __enable_irq(void)
 130:Drivers/CMSIS/Include/cmsis_gcc.h **** {
 131:Drivers/CMSIS/Include/cmsis_gcc.h ****   __ASM volatile ("cpsie i" : : : "memory");
 132:Drivers/CMSIS/Include/cmsis_gcc.h **** }
 133:Drivers/CMSIS/Include/cmsis_gcc.h **** 
 134:Drivers/CMSIS/Include/cmsis_gcc.h **** 
 135:Drivers/CMSIS/Include/cmsis_gcc.h **** /**
 136:Drivers/CMSIS/Include/cmsis_gcc.h ****   \brief   Disable IRQ Interrupts
 137:Drivers/CMSIS/Include/cmsis_gcc.h ****   \details Disables IRQ interrupts by setting the I-bit in the CPSR.
 138:Drivers/CMSIS/Include/cmsis_gcc.h ****            Can only be executed in Privileged modes.
 139:Drivers/CMSIS/Include/cmsis_gcc.h ****  */
 140:Drivers/CMSIS/Include/cmsis_gcc.h **** __STATIC_FORCEINLINE void __disable_irq(void)
 136              		.loc 2 140 27 view .LVU28
 137              	.LBB7:
 141:Drivers/CMSIS/Include/cmsis_gcc.h **** {
 142:Drivers/CMSIS/Include/cmsis_gcc.h ****   __ASM volatile ("cpsid i" : : : "memory");
 138              		.loc 2 142 3 view .LVU29
 139              		.syntax unified
 140              	@ 142 "Drivers/CMSIS/Include/cmsis_gcc.h" 1
 141 0000 72B6     		cpsid i
 142              	@ 0 "" 2
 143              		.thumb
 144              		.syntax unified
 145              	.L6:
 146              	.LBE7:
 147              	.LBE6:
ARM GAS  C:\Users\Kingj\AppData\Local\Temp\ccF3LYWr.s 			page 11


 285:Core/Src/main.c ****   while (1)
 148              		.loc 1 285 3 discriminator 1 view .LVU30
 286:Core/Src/main.c ****   {
 287:Core/Src/main.c ****   }
 149              		.loc 1 287 3 discriminator 1 view .LVU31
 285:Core/Src/main.c ****   while (1)
 150              		.loc 1 285 9 discriminator 1 view .LVU32
 151 0002 FEE7     		b	.L6
 152              		.cfi_endproc
 153              	.LFE70:
 155              		.section	.text.MX_DAC_Init,"ax",%progbits
 156              		.align	1
 157              		.syntax unified
 158              		.thumb
 159              		.thumb_func
 161              	MX_DAC_Init:
 162              	.LFB67:
 157:Core/Src/main.c **** 
 163              		.loc 1 157 1 view -0
 164              		.cfi_startproc
 165              		@ args = 0, pretend = 0, frame = 8
 166              		@ frame_needed = 0, uses_anonymous_args = 0
 167 0000 00B5     		push	{lr}
 168              	.LCFI3:
 169              		.cfi_def_cfa_offset 4
 170              		.cfi_offset 14, -4
 171 0002 83B0     		sub	sp, sp, #12
 172              	.LCFI4:
 173              		.cfi_def_cfa_offset 16
 163:Core/Src/main.c **** 
 174              		.loc 1 163 3 view .LVU34
 163:Core/Src/main.c **** 
 175              		.loc 1 163 26 is_stmt 0 view .LVU35
 176 0004 0023     		movs	r3, #0
 177 0006 0093     		str	r3, [sp]
 178 0008 0193     		str	r3, [sp, #4]
 171:Core/Src/main.c ****   if (HAL_DAC_Init(&hdac) != HAL_OK)
 179              		.loc 1 171 3 is_stmt 1 view .LVU36
 171:Core/Src/main.c ****   if (HAL_DAC_Init(&hdac) != HAL_OK)
 180              		.loc 1 171 17 is_stmt 0 view .LVU37
 181 000a 0E48     		ldr	r0, .L15
 182 000c 0E4B     		ldr	r3, .L15+4
 183 000e 0360     		str	r3, [r0]
 172:Core/Src/main.c ****   {
 184              		.loc 1 172 3 is_stmt 1 view .LVU38
 172:Core/Src/main.c ****   {
 185              		.loc 1 172 7 is_stmt 0 view .LVU39
 186 0010 FFF7FEFF 		bl	HAL_DAC_Init
 187              	.LVL2:
 172:Core/Src/main.c ****   {
 188              		.loc 1 172 6 view .LVU40
 189 0014 80B9     		cbnz	r0, .L12
 179:Core/Src/main.c ****   sConfig.DAC_OutputBuffer = DAC_OUTPUTBUFFER_ENABLE;
 190              		.loc 1 179 3 is_stmt 1 view .LVU41
 179:Core/Src/main.c ****   sConfig.DAC_OutputBuffer = DAC_OUTPUTBUFFER_ENABLE;
 191              		.loc 1 179 23 is_stmt 0 view .LVU42
 192 0016 0022     		movs	r2, #0
ARM GAS  C:\Users\Kingj\AppData\Local\Temp\ccF3LYWr.s 			page 12


 193 0018 0092     		str	r2, [sp]
 180:Core/Src/main.c ****   if (HAL_DAC_ConfigChannel(&hdac, &sConfig, DAC_CHANNEL_1) != HAL_OK)
 194              		.loc 1 180 3 is_stmt 1 view .LVU43
 180:Core/Src/main.c ****   if (HAL_DAC_ConfigChannel(&hdac, &sConfig, DAC_CHANNEL_1) != HAL_OK)
 195              		.loc 1 180 28 is_stmt 0 view .LVU44
 196 001a 0192     		str	r2, [sp, #4]
 181:Core/Src/main.c ****   {
 197              		.loc 1 181 3 is_stmt 1 view .LVU45
 181:Core/Src/main.c ****   {
 198              		.loc 1 181 7 is_stmt 0 view .LVU46
 199 001c 6946     		mov	r1, sp
 200 001e 0948     		ldr	r0, .L15
 201 0020 FFF7FEFF 		bl	HAL_DAC_ConfigChannel
 202              	.LVL3:
 181:Core/Src/main.c ****   {
 203              		.loc 1 181 6 view .LVU47
 204 0024 50B9     		cbnz	r0, .L13
 188:Core/Src/main.c ****   {
 205              		.loc 1 188 3 is_stmt 1 view .LVU48
 188:Core/Src/main.c ****   {
 206              		.loc 1 188 7 is_stmt 0 view .LVU49
 207 0026 1022     		movs	r2, #16
 208 0028 6946     		mov	r1, sp
 209 002a 0648     		ldr	r0, .L15
 210 002c FFF7FEFF 		bl	HAL_DAC_ConfigChannel
 211              	.LVL4:
 188:Core/Src/main.c ****   {
 212              		.loc 1 188 6 view .LVU50
 213 0030 30B9     		cbnz	r0, .L14
 196:Core/Src/main.c **** 
 214              		.loc 1 196 1 view .LVU51
 215 0032 03B0     		add	sp, sp, #12
 216              	.LCFI5:
 217              		.cfi_remember_state
 218              		.cfi_def_cfa_offset 4
 219              		@ sp needed
 220 0034 5DF804FB 		ldr	pc, [sp], #4
 221              	.L12:
 222              	.LCFI6:
 223              		.cfi_restore_state
 174:Core/Src/main.c ****   }
 224              		.loc 1 174 5 is_stmt 1 view .LVU52
 225 0038 FFF7FEFF 		bl	Error_Handler
 226              	.LVL5:
 227              	.L13:
 183:Core/Src/main.c ****   }
 228              		.loc 1 183 5 view .LVU53
 229 003c FFF7FEFF 		bl	Error_Handler
 230              	.LVL6:
 231              	.L14:
 190:Core/Src/main.c ****   }
 232              		.loc 1 190 5 view .LVU54
 233 0040 FFF7FEFF 		bl	Error_Handler
 234              	.LVL7:
 235              	.L16:
 236              		.align	2
 237              	.L15:
ARM GAS  C:\Users\Kingj\AppData\Local\Temp\ccF3LYWr.s 			page 13


 238 0044 00000000 		.word	.LANCHOR0
 239 0048 00740040 		.word	1073771520
 240              		.cfi_endproc
 241              	.LFE67:
 243              		.section	.text.MX_TIM2_Init,"ax",%progbits
 244              		.align	1
 245              		.syntax unified
 246              		.thumb
 247              		.thumb_func
 249              	MX_TIM2_Init:
 250              	.LFB68:
 204:Core/Src/main.c **** 
 251              		.loc 1 204 1 view -0
 252              		.cfi_startproc
 253              		@ args = 0, pretend = 0, frame = 24
 254              		@ frame_needed = 0, uses_anonymous_args = 0
 255 0000 00B5     		push	{lr}
 256              	.LCFI7:
 257              		.cfi_def_cfa_offset 4
 258              		.cfi_offset 14, -4
 259 0002 87B0     		sub	sp, sp, #28
 260              	.LCFI8:
 261              		.cfi_def_cfa_offset 32
 210:Core/Src/main.c ****   TIM_MasterConfigTypeDef sMasterConfig = {0};
 262              		.loc 1 210 3 view .LVU56
 210:Core/Src/main.c ****   TIM_MasterConfigTypeDef sMasterConfig = {0};
 263              		.loc 1 210 26 is_stmt 0 view .LVU57
 264 0004 0023     		movs	r3, #0
 265 0006 0293     		str	r3, [sp, #8]
 266 0008 0393     		str	r3, [sp, #12]
 267 000a 0493     		str	r3, [sp, #16]
 268 000c 0593     		str	r3, [sp, #20]
 211:Core/Src/main.c **** 
 269              		.loc 1 211 3 is_stmt 1 view .LVU58
 211:Core/Src/main.c **** 
 270              		.loc 1 211 27 is_stmt 0 view .LVU59
 271 000e 0093     		str	r3, [sp]
 272 0010 0193     		str	r3, [sp, #4]
 216:Core/Src/main.c ****   htim2.Init.Prescaler = 71;
 273              		.loc 1 216 3 is_stmt 1 view .LVU60
 216:Core/Src/main.c ****   htim2.Init.Prescaler = 71;
 274              		.loc 1 216 18 is_stmt 0 view .LVU61
 275 0012 1448     		ldr	r0, .L25
 276 0014 4FF08042 		mov	r2, #1073741824
 277 0018 0260     		str	r2, [r0]
 217:Core/Src/main.c ****   htim2.Init.CounterMode = TIM_COUNTERMODE_UP;
 278              		.loc 1 217 3 is_stmt 1 view .LVU62
 217:Core/Src/main.c ****   htim2.Init.CounterMode = TIM_COUNTERMODE_UP;
 279              		.loc 1 217 24 is_stmt 0 view .LVU63
 280 001a 4722     		movs	r2, #71
 281 001c 4260     		str	r2, [r0, #4]
 218:Core/Src/main.c ****   htim2.Init.Period = 999;
 282              		.loc 1 218 3 is_stmt 1 view .LVU64
 218:Core/Src/main.c ****   htim2.Init.Period = 999;
 283              		.loc 1 218 26 is_stmt 0 view .LVU65
 284 001e 8360     		str	r3, [r0, #8]
 219:Core/Src/main.c ****   htim2.Init.ClockDivision = TIM_CLOCKDIVISION_DIV1;
ARM GAS  C:\Users\Kingj\AppData\Local\Temp\ccF3LYWr.s 			page 14


 285              		.loc 1 219 3 is_stmt 1 view .LVU66
 219:Core/Src/main.c ****   htim2.Init.ClockDivision = TIM_CLOCKDIVISION_DIV1;
 286              		.loc 1 219 21 is_stmt 0 view .LVU67
 287 0020 40F2E732 		movw	r2, #999
 288 0024 C260     		str	r2, [r0, #12]
 220:Core/Src/main.c ****   htim2.Init.AutoReloadPreload = TIM_AUTORELOAD_PRELOAD_ENABLE;
 289              		.loc 1 220 3 is_stmt 1 view .LVU68
 220:Core/Src/main.c ****   htim2.Init.AutoReloadPreload = TIM_AUTORELOAD_PRELOAD_ENABLE;
 290              		.loc 1 220 28 is_stmt 0 view .LVU69
 291 0026 0361     		str	r3, [r0, #16]
 221:Core/Src/main.c ****   if (HAL_TIM_Base_Init(&htim2) != HAL_OK)
 292              		.loc 1 221 3 is_stmt 1 view .LVU70
 221:Core/Src/main.c ****   if (HAL_TIM_Base_Init(&htim2) != HAL_OK)
 293              		.loc 1 221 32 is_stmt 0 view .LVU71
 294 0028 8023     		movs	r3, #128
 295 002a 8361     		str	r3, [r0, #24]
 222:Core/Src/main.c ****   {
 296              		.loc 1 222 3 is_stmt 1 view .LVU72
 222:Core/Src/main.c ****   {
 297              		.loc 1 222 7 is_stmt 0 view .LVU73
 298 002c FFF7FEFF 		bl	HAL_TIM_Base_Init
 299              	.LVL8:
 222:Core/Src/main.c ****   {
 300              		.loc 1 222 6 view .LVU74
 301 0030 90B9     		cbnz	r0, .L22
 226:Core/Src/main.c ****   if (HAL_TIM_ConfigClockSource(&htim2, &sClockSourceConfig) != HAL_OK)
 302              		.loc 1 226 3 is_stmt 1 view .LVU75
 226:Core/Src/main.c ****   if (HAL_TIM_ConfigClockSource(&htim2, &sClockSourceConfig) != HAL_OK)
 303              		.loc 1 226 34 is_stmt 0 view .LVU76
 304 0032 4FF48053 		mov	r3, #4096
 305 0036 0293     		str	r3, [sp, #8]
 227:Core/Src/main.c ****   {
 306              		.loc 1 227 3 is_stmt 1 view .LVU77
 227:Core/Src/main.c ****   {
 307              		.loc 1 227 7 is_stmt 0 view .LVU78
 308 0038 02A9     		add	r1, sp, #8
 309 003a 0A48     		ldr	r0, .L25
 310 003c FFF7FEFF 		bl	HAL_TIM_ConfigClockSource
 311              	.LVL9:
 227:Core/Src/main.c ****   {
 312              		.loc 1 227 6 view .LVU79
 313 0040 60B9     		cbnz	r0, .L23
 231:Core/Src/main.c ****   sMasterConfig.MasterSlaveMode = TIM_MASTERSLAVEMODE_DISABLE;
 314              		.loc 1 231 3 is_stmt 1 view .LVU80
 231:Core/Src/main.c ****   sMasterConfig.MasterSlaveMode = TIM_MASTERSLAVEMODE_DISABLE;
 315              		.loc 1 231 37 is_stmt 0 view .LVU81
 316 0042 0023     		movs	r3, #0
 317 0044 0093     		str	r3, [sp]
 232:Core/Src/main.c ****   if (HAL_TIMEx_MasterConfigSynchronization(&htim2, &sMasterConfig) != HAL_OK)
 318              		.loc 1 232 3 is_stmt 1 view .LVU82
 232:Core/Src/main.c ****   if (HAL_TIMEx_MasterConfigSynchronization(&htim2, &sMasterConfig) != HAL_OK)
 319              		.loc 1 232 33 is_stmt 0 view .LVU83
 320 0046 0193     		str	r3, [sp, #4]
 233:Core/Src/main.c ****   {
 321              		.loc 1 233 3 is_stmt 1 view .LVU84
 233:Core/Src/main.c ****   {
 322              		.loc 1 233 7 is_stmt 0 view .LVU85
ARM GAS  C:\Users\Kingj\AppData\Local\Temp\ccF3LYWr.s 			page 15


 323 0048 6946     		mov	r1, sp
 324 004a 0648     		ldr	r0, .L25
 325 004c FFF7FEFF 		bl	HAL_TIMEx_MasterConfigSynchronization
 326              	.LVL10:
 233:Core/Src/main.c ****   {
 327              		.loc 1 233 6 view .LVU86
 328 0050 30B9     		cbnz	r0, .L24
 241:Core/Src/main.c **** 
 329              		.loc 1 241 1 view .LVU87
 330 0052 07B0     		add	sp, sp, #28
 331              	.LCFI9:
 332              		.cfi_remember_state
 333              		.cfi_def_cfa_offset 4
 334              		@ sp needed
 335 0054 5DF804FB 		ldr	pc, [sp], #4
 336              	.L22:
 337              	.LCFI10:
 338              		.cfi_restore_state
 224:Core/Src/main.c ****   }
 339              		.loc 1 224 5 is_stmt 1 view .LVU88
 340 0058 FFF7FEFF 		bl	Error_Handler
 341              	.LVL11:
 342              	.L23:
 229:Core/Src/main.c ****   }
 343              		.loc 1 229 5 view .LVU89
 344 005c FFF7FEFF 		bl	Error_Handler
 345              	.LVL12:
 346              	.L24:
 235:Core/Src/main.c ****   }
 347              		.loc 1 235 5 view .LVU90
 348 0060 FFF7FEFF 		bl	Error_Handler
 349              	.LVL13:
 350              	.L26:
 351              		.align	2
 352              	.L25:
 353 0064 00000000 		.word	.LANCHOR1
 354              		.cfi_endproc
 355              	.LFE68:
 357              		.section	.text.SystemClock_Config,"ax",%progbits
 358              		.align	1
 359              		.global	SystemClock_Config
 360              		.syntax unified
 361              		.thumb
 362              		.thumb_func
 364              	SystemClock_Config:
 365              	.LFB66:
 117:Core/Src/main.c ****   RCC_OscInitTypeDef RCC_OscInitStruct = {0};
 366              		.loc 1 117 1 view -0
 367              		.cfi_startproc
 368              		@ args = 0, pretend = 0, frame = 64
 369              		@ frame_needed = 0, uses_anonymous_args = 0
 370 0000 00B5     		push	{lr}
 371              	.LCFI11:
 372              		.cfi_def_cfa_offset 4
 373              		.cfi_offset 14, -4
 374 0002 91B0     		sub	sp, sp, #68
 375              	.LCFI12:
ARM GAS  C:\Users\Kingj\AppData\Local\Temp\ccF3LYWr.s 			page 16


 376              		.cfi_def_cfa_offset 72
 118:Core/Src/main.c ****   RCC_ClkInitTypeDef RCC_ClkInitStruct = {0};
 377              		.loc 1 118 3 view .LVU92
 118:Core/Src/main.c ****   RCC_ClkInitTypeDef RCC_ClkInitStruct = {0};
 378              		.loc 1 118 22 is_stmt 0 view .LVU93
 379 0004 2822     		movs	r2, #40
 380 0006 0021     		movs	r1, #0
 381 0008 06A8     		add	r0, sp, #24
 382 000a FFF7FEFF 		bl	memset
 383              	.LVL14:
 119:Core/Src/main.c **** 
 384              		.loc 1 119 3 is_stmt 1 view .LVU94
 119:Core/Src/main.c **** 
 385              		.loc 1 119 22 is_stmt 0 view .LVU95
 386 000e 0023     		movs	r3, #0
 387 0010 0193     		str	r3, [sp, #4]
 388 0012 0293     		str	r3, [sp, #8]
 389 0014 0393     		str	r3, [sp, #12]
 390 0016 0493     		str	r3, [sp, #16]
 391 0018 0593     		str	r3, [sp, #20]
 124:Core/Src/main.c ****   RCC_OscInitStruct.HSEState = RCC_HSE_ON;
 392              		.loc 1 124 3 is_stmt 1 view .LVU96
 124:Core/Src/main.c ****   RCC_OscInitStruct.HSEState = RCC_HSE_ON;
 393              		.loc 1 124 36 is_stmt 0 view .LVU97
 394 001a 0122     		movs	r2, #1
 395 001c 0692     		str	r2, [sp, #24]
 125:Core/Src/main.c ****   RCC_OscInitStruct.HSEPredivValue = RCC_HSE_PREDIV_DIV1;
 396              		.loc 1 125 3 is_stmt 1 view .LVU98
 125:Core/Src/main.c ****   RCC_OscInitStruct.HSEPredivValue = RCC_HSE_PREDIV_DIV1;
 397              		.loc 1 125 30 is_stmt 0 view .LVU99
 398 001e 4FF48033 		mov	r3, #65536
 399 0022 0793     		str	r3, [sp, #28]
 126:Core/Src/main.c ****   RCC_OscInitStruct.HSIState = RCC_HSI_ON;
 400              		.loc 1 126 3 is_stmt 1 view .LVU100
 127:Core/Src/main.c ****   RCC_OscInitStruct.PLL.PLLState = RCC_PLL_ON;
 401              		.loc 1 127 3 view .LVU101
 127:Core/Src/main.c ****   RCC_OscInitStruct.PLL.PLLState = RCC_PLL_ON;
 402              		.loc 1 127 30 is_stmt 0 view .LVU102
 403 0024 0A92     		str	r2, [sp, #40]
 128:Core/Src/main.c ****   RCC_OscInitStruct.PLL.PLLSource = RCC_PLLSOURCE_HSE;
 404              		.loc 1 128 3 is_stmt 1 view .LVU103
 128:Core/Src/main.c ****   RCC_OscInitStruct.PLL.PLLSource = RCC_PLLSOURCE_HSE;
 405              		.loc 1 128 34 is_stmt 0 view .LVU104
 406 0026 0222     		movs	r2, #2
 407 0028 0D92     		str	r2, [sp, #52]
 129:Core/Src/main.c ****   RCC_OscInitStruct.PLL.PLLMUL = RCC_PLL_MUL9;
 408              		.loc 1 129 3 is_stmt 1 view .LVU105
 129:Core/Src/main.c ****   RCC_OscInitStruct.PLL.PLLMUL = RCC_PLL_MUL9;
 409              		.loc 1 129 35 is_stmt 0 view .LVU106
 410 002a 0E93     		str	r3, [sp, #56]
 130:Core/Src/main.c ****   if (HAL_RCC_OscConfig(&RCC_OscInitStruct) != HAL_OK)
 411              		.loc 1 130 3 is_stmt 1 view .LVU107
 130:Core/Src/main.c ****   if (HAL_RCC_OscConfig(&RCC_OscInitStruct) != HAL_OK)
 412              		.loc 1 130 32 is_stmt 0 view .LVU108
 413 002c 4FF4E013 		mov	r3, #1835008
 414 0030 0F93     		str	r3, [sp, #60]
 131:Core/Src/main.c ****   {
ARM GAS  C:\Users\Kingj\AppData\Local\Temp\ccF3LYWr.s 			page 17


 415              		.loc 1 131 3 is_stmt 1 view .LVU109
 131:Core/Src/main.c ****   {
 416              		.loc 1 131 7 is_stmt 0 view .LVU110
 417 0032 06A8     		add	r0, sp, #24
 418 0034 FFF7FEFF 		bl	HAL_RCC_OscConfig
 419              	.LVL15:
 131:Core/Src/main.c ****   {
 420              		.loc 1 131 6 view .LVU111
 421 0038 80B9     		cbnz	r0, .L31
 138:Core/Src/main.c ****                               |RCC_CLOCKTYPE_PCLK1|RCC_CLOCKTYPE_PCLK2;
 422              		.loc 1 138 3 is_stmt 1 view .LVU112
 138:Core/Src/main.c ****                               |RCC_CLOCKTYPE_PCLK1|RCC_CLOCKTYPE_PCLK2;
 423              		.loc 1 138 31 is_stmt 0 view .LVU113
 424 003a 0F23     		movs	r3, #15
 425 003c 0193     		str	r3, [sp, #4]
 140:Core/Src/main.c ****   RCC_ClkInitStruct.AHBCLKDivider = RCC_SYSCLK_DIV1;
 426              		.loc 1 140 3 is_stmt 1 view .LVU114
 140:Core/Src/main.c ****   RCC_ClkInitStruct.AHBCLKDivider = RCC_SYSCLK_DIV1;
 427              		.loc 1 140 34 is_stmt 0 view .LVU115
 428 003e 0221     		movs	r1, #2
 429 0040 0291     		str	r1, [sp, #8]
 141:Core/Src/main.c ****   RCC_ClkInitStruct.APB1CLKDivider = RCC_HCLK_DIV2;
 430              		.loc 1 141 3 is_stmt 1 view .LVU116
 141:Core/Src/main.c ****   RCC_ClkInitStruct.APB1CLKDivider = RCC_HCLK_DIV2;
 431              		.loc 1 141 35 is_stmt 0 view .LVU117
 432 0042 0023     		movs	r3, #0
 433 0044 0393     		str	r3, [sp, #12]
 142:Core/Src/main.c ****   RCC_ClkInitStruct.APB2CLKDivider = RCC_HCLK_DIV1;
 434              		.loc 1 142 3 is_stmt 1 view .LVU118
 142:Core/Src/main.c ****   RCC_ClkInitStruct.APB2CLKDivider = RCC_HCLK_DIV1;
 435              		.loc 1 142 36 is_stmt 0 view .LVU119
 436 0046 4FF48062 		mov	r2, #1024
 437 004a 0492     		str	r2, [sp, #16]
 143:Core/Src/main.c **** 
 438              		.loc 1 143 3 is_stmt 1 view .LVU120
 143:Core/Src/main.c **** 
 439              		.loc 1 143 36 is_stmt 0 view .LVU121
 440 004c 0593     		str	r3, [sp, #20]
 145:Core/Src/main.c ****   {
 441              		.loc 1 145 3 is_stmt 1 view .LVU122
 145:Core/Src/main.c ****   {
 442              		.loc 1 145 7 is_stmt 0 view .LVU123
 443 004e 01A8     		add	r0, sp, #4
 444 0050 FFF7FEFF 		bl	HAL_RCC_ClockConfig
 445              	.LVL16:
 145:Core/Src/main.c ****   {
 446              		.loc 1 145 6 view .LVU124
 447 0054 20B9     		cbnz	r0, .L32
 149:Core/Src/main.c **** 
 448              		.loc 1 149 1 view .LVU125
 449 0056 11B0     		add	sp, sp, #68
 450              	.LCFI13:
 451              		.cfi_remember_state
 452              		.cfi_def_cfa_offset 4
 453              		@ sp needed
 454 0058 5DF804FB 		ldr	pc, [sp], #4
 455              	.L31:
ARM GAS  C:\Users\Kingj\AppData\Local\Temp\ccF3LYWr.s 			page 18


 456              	.LCFI14:
 457              		.cfi_restore_state
 133:Core/Src/main.c ****   }
 458              		.loc 1 133 5 is_stmt 1 view .LVU126
 459 005c FFF7FEFF 		bl	Error_Handler
 460              	.LVL17:
 461              	.L32:
 147:Core/Src/main.c ****   }
 462              		.loc 1 147 5 view .LVU127
 463 0060 FFF7FEFF 		bl	Error_Handler
 464              	.LVL18:
 465              		.cfi_endproc
 466              	.LFE66:
 468              		.section	.text.main,"ax",%progbits
 469              		.align	1
 470              		.global	main
 471              		.syntax unified
 472              		.thumb
 473              		.thumb_func
 475              	main:
 476              	.LFB65:
  70:Core/Src/main.c ****   /* USER CODE BEGIN 1 */
 477              		.loc 1 70 1 view -0
 478              		.cfi_startproc
 479              		@ Volatile: function does not return.
 480              		@ args = 0, pretend = 0, frame = 0
 481              		@ frame_needed = 0, uses_anonymous_args = 0
 482 0000 08B5     		push	{r3, lr}
 483              	.LCFI15:
 484              		.cfi_def_cfa_offset 8
 485              		.cfi_offset 3, -8
 486              		.cfi_offset 14, -4
  78:Core/Src/main.c **** 
 487              		.loc 1 78 3 view .LVU129
 488 0002 FFF7FEFF 		bl	HAL_Init
 489              	.LVL19:
  85:Core/Src/main.c **** 
 490              		.loc 1 85 3 view .LVU130
 491 0006 FFF7FEFF 		bl	SystemClock_Config
 492              	.LVL20:
  92:Core/Src/main.c ****   MX_DAC_Init();
 493              		.loc 1 92 3 view .LVU131
 494 000a FFF7FEFF 		bl	MX_GPIO_Init
 495              	.LVL21:
  93:Core/Src/main.c ****   MX_TIM2_Init();
 496              		.loc 1 93 3 view .LVU132
 497 000e FFF7FEFF 		bl	MX_DAC_Init
 498              	.LVL22:
  94:Core/Src/main.c ****   /* USER CODE BEGIN 2 */
 499              		.loc 1 94 3 view .LVU133
 500 0012 FFF7FEFF 		bl	MX_TIM2_Init
 501              	.LVL23:
 502              	.L34:
 101:Core/Src/main.c ****   {
 503              		.loc 1 101 3 discriminator 1 view .LVU134
 106:Core/Src/main.c **** 	HAL_Delay(1000);
 504              		.loc 1 106 4 discriminator 1 view .LVU135
ARM GAS  C:\Users\Kingj\AppData\Local\Temp\ccF3LYWr.s 			page 19


 505 0016 0221     		movs	r1, #2
 506 0018 0348     		ldr	r0, .L36
 507 001a FFF7FEFF 		bl	HAL_GPIO_TogglePin
 508              	.LVL24:
 107:Core/Src/main.c ****   }
 509              		.loc 1 107 2 discriminator 1 view .LVU136
 510 001e 4FF47A70 		mov	r0, #1000
 511 0022 FFF7FEFF 		bl	HAL_Delay
 512              	.LVL25:
 101:Core/Src/main.c ****   {
 513              		.loc 1 101 9 discriminator 1 view .LVU137
 514 0026 F6E7     		b	.L34
 515              	.L37:
 516              		.align	2
 517              	.L36:
 518 0028 00080140 		.word	1073809408
 519              		.cfi_endproc
 520              	.LFE65:
 522              		.global	htim2
 523              		.global	hdac
 524              		.section	.bss.hdac,"aw",%nobits
 525              		.align	2
 526              		.set	.LANCHOR0,. + 0
 529              	hdac:
 530 0000 00000000 		.space	20
 530      00000000 
 530      00000000 
 530      00000000 
 530      00000000 
 531              		.section	.bss.htim2,"aw",%nobits
 532              		.align	2
 533              		.set	.LANCHOR1,. + 0
 536              	htim2:
 537 0000 00000000 		.space	72
 537      00000000 
 537      00000000 
 537      00000000 
 537      00000000 
 538              		.text
 539              	.Letext0:
 540              		.file 3 "d:\\arm-gcc\\gcc\\arm-none-eabi\\include\\machine\\_default_types.h"
 541              		.file 4 "d:\\arm-gcc\\gcc\\arm-none-eabi\\include\\sys\\_stdint.h"
 542              		.file 5 "Drivers/CMSIS/Device/ST/STM32F1xx/Include/stm32f103xe.h"
 543              		.file 6 "Drivers/STM32F1xx_HAL_Driver/Inc/stm32f1xx_hal_def.h"
 544              		.file 7 "Drivers/STM32F1xx_HAL_Driver/Inc/stm32f1xx_hal_rcc.h"
 545              		.file 8 "Drivers/STM32F1xx_HAL_Driver/Inc/stm32f1xx_hal_rcc_ex.h"
 546              		.file 9 "Drivers/STM32F1xx_HAL_Driver/Inc/stm32f1xx_hal_gpio.h"
 547              		.file 10 "Drivers/STM32F1xx_HAL_Driver/Inc/stm32f1xx_hal_dma.h"
 548              		.file 11 "Drivers/STM32F1xx_HAL_Driver/Inc/stm32f1xx_hal_dac.h"
 549              		.file 12 "Drivers/STM32F1xx_HAL_Driver/Inc/stm32f1xx_hal_tim.h"
 550              		.file 13 "Drivers/STM32F1xx_HAL_Driver/Inc/stm32f1xx_hal_tim_ex.h"
 551              		.file 14 "Drivers/STM32F1xx_HAL_Driver/Inc/stm32f1xx_hal.h"
 552              		.file 15 "<built-in>"
ARM GAS  C:\Users\Kingj\AppData\Local\Temp\ccF3LYWr.s 			page 20


DEFINED SYMBOLS
                            *ABS*:00000000 main.c
C:\Users\Kingj\AppData\Local\Temp\ccF3LYWr.s:18     .text.MX_GPIO_Init:00000000 $t
C:\Users\Kingj\AppData\Local\Temp\ccF3LYWr.s:23     .text.MX_GPIO_Init:00000000 MX_GPIO_Init
C:\Users\Kingj\AppData\Local\Temp\ccF3LYWr.s:112    .text.MX_GPIO_Init:00000058 $d
C:\Users\Kingj\AppData\Local\Temp\ccF3LYWr.s:118    .text.Error_Handler:00000000 $t
C:\Users\Kingj\AppData\Local\Temp\ccF3LYWr.s:124    .text.Error_Handler:00000000 Error_Handler
C:\Users\Kingj\AppData\Local\Temp\ccF3LYWr.s:156    .text.MX_DAC_Init:00000000 $t
C:\Users\Kingj\AppData\Local\Temp\ccF3LYWr.s:161    .text.MX_DAC_Init:00000000 MX_DAC_Init
C:\Users\Kingj\AppData\Local\Temp\ccF3LYWr.s:238    .text.MX_DAC_Init:00000044 $d
C:\Users\Kingj\AppData\Local\Temp\ccF3LYWr.s:244    .text.MX_TIM2_Init:00000000 $t
C:\Users\Kingj\AppData\Local\Temp\ccF3LYWr.s:249    .text.MX_TIM2_Init:00000000 MX_TIM2_Init
C:\Users\Kingj\AppData\Local\Temp\ccF3LYWr.s:353    .text.MX_TIM2_Init:00000064 $d
C:\Users\Kingj\AppData\Local\Temp\ccF3LYWr.s:358    .text.SystemClock_Config:00000000 $t
C:\Users\Kingj\AppData\Local\Temp\ccF3LYWr.s:364    .text.SystemClock_Config:00000000 SystemClock_Config
C:\Users\Kingj\AppData\Local\Temp\ccF3LYWr.s:469    .text.main:00000000 $t
C:\Users\Kingj\AppData\Local\Temp\ccF3LYWr.s:475    .text.main:00000000 main
C:\Users\Kingj\AppData\Local\Temp\ccF3LYWr.s:518    .text.main:00000028 $d
C:\Users\Kingj\AppData\Local\Temp\ccF3LYWr.s:536    .bss.htim2:00000000 htim2
C:\Users\Kingj\AppData\Local\Temp\ccF3LYWr.s:529    .bss.hdac:00000000 hdac
C:\Users\Kingj\AppData\Local\Temp\ccF3LYWr.s:525    .bss.hdac:00000000 $d
C:\Users\Kingj\AppData\Local\Temp\ccF3LYWr.s:532    .bss.htim2:00000000 $d

UNDEFINED SYMBOLS
HAL_GPIO_WritePin
HAL_GPIO_Init
HAL_DAC_Init
HAL_DAC_ConfigChannel
HAL_TIM_Base_Init
HAL_TIM_ConfigClockSource
HAL_TIMEx_MasterConfigSynchronization
memset
HAL_RCC_OscConfig
HAL_RCC_ClockConfig
HAL_Init
HAL_GPIO_TogglePin
HAL_Delay
