ARM GAS  C:\Users\Kingj\AppData\Local\Temp\ccIV1q4d.s 			page 1


   1              		.cpu cortex-m3
   2              		.arch armv7-m
   3              		.fpu softvfp
   4              		.eabi_attribute 20, 1
   5              		.eabi_attribute 21, 1
   6              		.eabi_attribute 23, 3
   7              		.eabi_attribute 24, 1
   8              		.eabi_attribute 25, 1
   9              		.eabi_attribute 26, 1
  10              		.eabi_attribute 30, 1
  11              		.eabi_attribute 34, 1
  12              		.eabi_attribute 18, 4
  13              		.file	"stm32f1xx_hal_dac_ex.c"
  14              		.text
  15              	.Ltext0:
  16              		.cfi_sections	.debug_frame
  17              		.section	.text.HAL_DACEx_DualStart,"ax",%progbits
  18              		.align	1
  19              		.global	HAL_DACEx_DualStart
  20              		.syntax unified
  21              		.thumb
  22              		.thumb_func
  24              	HAL_DACEx_DualStart:
  25              	.LVL0:
  26              	.LFB65:
  27              		.file 1 "Drivers/STM32F1xx_HAL_Driver/Src/stm32f1xx_hal_dac_ex.c"
   1:Drivers/STM32F1xx_HAL_Driver/Src/stm32f1xx_hal_dac_ex.c **** /**
   2:Drivers/STM32F1xx_HAL_Driver/Src/stm32f1xx_hal_dac_ex.c ****   ******************************************************************************
   3:Drivers/STM32F1xx_HAL_Driver/Src/stm32f1xx_hal_dac_ex.c ****   * @file    stm32f1xx_hal_dac_ex.c
   4:Drivers/STM32F1xx_HAL_Driver/Src/stm32f1xx_hal_dac_ex.c ****   * @author  MCD Application Team
   5:Drivers/STM32F1xx_HAL_Driver/Src/stm32f1xx_hal_dac_ex.c ****   * @brief   Extended DAC HAL module driver.
   6:Drivers/STM32F1xx_HAL_Driver/Src/stm32f1xx_hal_dac_ex.c ****   *          This file provides firmware functions to manage the extended
   7:Drivers/STM32F1xx_HAL_Driver/Src/stm32f1xx_hal_dac_ex.c ****   *          functionalities of the DAC peripheral.
   8:Drivers/STM32F1xx_HAL_Driver/Src/stm32f1xx_hal_dac_ex.c ****   *
   9:Drivers/STM32F1xx_HAL_Driver/Src/stm32f1xx_hal_dac_ex.c ****   *
  10:Drivers/STM32F1xx_HAL_Driver/Src/stm32f1xx_hal_dac_ex.c ****   ******************************************************************************
  11:Drivers/STM32F1xx_HAL_Driver/Src/stm32f1xx_hal_dac_ex.c ****   * @attention
  12:Drivers/STM32F1xx_HAL_Driver/Src/stm32f1xx_hal_dac_ex.c ****   *
  13:Drivers/STM32F1xx_HAL_Driver/Src/stm32f1xx_hal_dac_ex.c ****   * Copyright (c) 2016 STMicroelectronics.
  14:Drivers/STM32F1xx_HAL_Driver/Src/stm32f1xx_hal_dac_ex.c ****   * All rights reserved.
  15:Drivers/STM32F1xx_HAL_Driver/Src/stm32f1xx_hal_dac_ex.c ****   *
  16:Drivers/STM32F1xx_HAL_Driver/Src/stm32f1xx_hal_dac_ex.c ****   * This software is licensed under terms that can be found in the LICENSE file
  17:Drivers/STM32F1xx_HAL_Driver/Src/stm32f1xx_hal_dac_ex.c ****   * in the root directory of this software component.
  18:Drivers/STM32F1xx_HAL_Driver/Src/stm32f1xx_hal_dac_ex.c ****   * If no LICENSE file comes with this software, it is provided AS-IS.
  19:Drivers/STM32F1xx_HAL_Driver/Src/stm32f1xx_hal_dac_ex.c ****   *
  20:Drivers/STM32F1xx_HAL_Driver/Src/stm32f1xx_hal_dac_ex.c ****   ******************************************************************************
  21:Drivers/STM32F1xx_HAL_Driver/Src/stm32f1xx_hal_dac_ex.c ****   @verbatim
  22:Drivers/STM32F1xx_HAL_Driver/Src/stm32f1xx_hal_dac_ex.c ****   ==============================================================================
  23:Drivers/STM32F1xx_HAL_Driver/Src/stm32f1xx_hal_dac_ex.c ****                       ##### How to use this driver #####
  24:Drivers/STM32F1xx_HAL_Driver/Src/stm32f1xx_hal_dac_ex.c ****   ==============================================================================
  25:Drivers/STM32F1xx_HAL_Driver/Src/stm32f1xx_hal_dac_ex.c ****     [..]
  26:Drivers/STM32F1xx_HAL_Driver/Src/stm32f1xx_hal_dac_ex.c ****      *** Signal generation operation ***
  27:Drivers/STM32F1xx_HAL_Driver/Src/stm32f1xx_hal_dac_ex.c ****      ===================================
  28:Drivers/STM32F1xx_HAL_Driver/Src/stm32f1xx_hal_dac_ex.c ****      [..]
  29:Drivers/STM32F1xx_HAL_Driver/Src/stm32f1xx_hal_dac_ex.c ****       (+) Use HAL_DACEx_TriangleWaveGenerate() to generate Triangle signal.
  30:Drivers/STM32F1xx_HAL_Driver/Src/stm32f1xx_hal_dac_ex.c ****       (+) Use HAL_DACEx_NoiseWaveGenerate() to generate Noise signal.
  31:Drivers/STM32F1xx_HAL_Driver/Src/stm32f1xx_hal_dac_ex.c **** 
ARM GAS  C:\Users\Kingj\AppData\Local\Temp\ccIV1q4d.s 			page 2


  32:Drivers/STM32F1xx_HAL_Driver/Src/stm32f1xx_hal_dac_ex.c ****  @endverbatim
  33:Drivers/STM32F1xx_HAL_Driver/Src/stm32f1xx_hal_dac_ex.c ****   ******************************************************************************
  34:Drivers/STM32F1xx_HAL_Driver/Src/stm32f1xx_hal_dac_ex.c ****   */
  35:Drivers/STM32F1xx_HAL_Driver/Src/stm32f1xx_hal_dac_ex.c **** 
  36:Drivers/STM32F1xx_HAL_Driver/Src/stm32f1xx_hal_dac_ex.c **** 
  37:Drivers/STM32F1xx_HAL_Driver/Src/stm32f1xx_hal_dac_ex.c **** /* Includes ------------------------------------------------------------------*/
  38:Drivers/STM32F1xx_HAL_Driver/Src/stm32f1xx_hal_dac_ex.c **** #include "stm32f1xx_hal.h"
  39:Drivers/STM32F1xx_HAL_Driver/Src/stm32f1xx_hal_dac_ex.c **** 
  40:Drivers/STM32F1xx_HAL_Driver/Src/stm32f1xx_hal_dac_ex.c **** /** @addtogroup STM32F1xx_HAL_Driver
  41:Drivers/STM32F1xx_HAL_Driver/Src/stm32f1xx_hal_dac_ex.c ****   * @{
  42:Drivers/STM32F1xx_HAL_Driver/Src/stm32f1xx_hal_dac_ex.c ****   */
  43:Drivers/STM32F1xx_HAL_Driver/Src/stm32f1xx_hal_dac_ex.c **** 
  44:Drivers/STM32F1xx_HAL_Driver/Src/stm32f1xx_hal_dac_ex.c **** #ifdef HAL_DAC_MODULE_ENABLED
  45:Drivers/STM32F1xx_HAL_Driver/Src/stm32f1xx_hal_dac_ex.c **** 
  46:Drivers/STM32F1xx_HAL_Driver/Src/stm32f1xx_hal_dac_ex.c **** #if defined(DAC)
  47:Drivers/STM32F1xx_HAL_Driver/Src/stm32f1xx_hal_dac_ex.c **** 
  48:Drivers/STM32F1xx_HAL_Driver/Src/stm32f1xx_hal_dac_ex.c **** /** @defgroup DACEx DACEx
  49:Drivers/STM32F1xx_HAL_Driver/Src/stm32f1xx_hal_dac_ex.c ****   * @brief DAC Extended HAL module driver
  50:Drivers/STM32F1xx_HAL_Driver/Src/stm32f1xx_hal_dac_ex.c ****   * @{
  51:Drivers/STM32F1xx_HAL_Driver/Src/stm32f1xx_hal_dac_ex.c ****   */
  52:Drivers/STM32F1xx_HAL_Driver/Src/stm32f1xx_hal_dac_ex.c **** 
  53:Drivers/STM32F1xx_HAL_Driver/Src/stm32f1xx_hal_dac_ex.c **** /* Private typedef -----------------------------------------------------------*/
  54:Drivers/STM32F1xx_HAL_Driver/Src/stm32f1xx_hal_dac_ex.c **** /* Private define ------------------------------------------------------------*/
  55:Drivers/STM32F1xx_HAL_Driver/Src/stm32f1xx_hal_dac_ex.c **** 
  56:Drivers/STM32F1xx_HAL_Driver/Src/stm32f1xx_hal_dac_ex.c **** /* Private macro -------------------------------------------------------------*/
  57:Drivers/STM32F1xx_HAL_Driver/Src/stm32f1xx_hal_dac_ex.c **** /* Private variables ---------------------------------------------------------*/
  58:Drivers/STM32F1xx_HAL_Driver/Src/stm32f1xx_hal_dac_ex.c **** /* Private function prototypes -----------------------------------------------*/
  59:Drivers/STM32F1xx_HAL_Driver/Src/stm32f1xx_hal_dac_ex.c **** /* Exported functions --------------------------------------------------------*/
  60:Drivers/STM32F1xx_HAL_Driver/Src/stm32f1xx_hal_dac_ex.c **** 
  61:Drivers/STM32F1xx_HAL_Driver/Src/stm32f1xx_hal_dac_ex.c **** /** @defgroup DACEx_Exported_Functions DACEx Exported Functions
  62:Drivers/STM32F1xx_HAL_Driver/Src/stm32f1xx_hal_dac_ex.c ****   * @{
  63:Drivers/STM32F1xx_HAL_Driver/Src/stm32f1xx_hal_dac_ex.c ****   */
  64:Drivers/STM32F1xx_HAL_Driver/Src/stm32f1xx_hal_dac_ex.c **** 
  65:Drivers/STM32F1xx_HAL_Driver/Src/stm32f1xx_hal_dac_ex.c **** /** @defgroup DACEx_Exported_Functions_Group2 IO operation functions
  66:Drivers/STM32F1xx_HAL_Driver/Src/stm32f1xx_hal_dac_ex.c ****   *  @brief    Extended IO operation functions
  67:Drivers/STM32F1xx_HAL_Driver/Src/stm32f1xx_hal_dac_ex.c ****   *
  68:Drivers/STM32F1xx_HAL_Driver/Src/stm32f1xx_hal_dac_ex.c **** @verbatim
  69:Drivers/STM32F1xx_HAL_Driver/Src/stm32f1xx_hal_dac_ex.c ****   ==============================================================================
  70:Drivers/STM32F1xx_HAL_Driver/Src/stm32f1xx_hal_dac_ex.c ****                  ##### Extended features functions #####
  71:Drivers/STM32F1xx_HAL_Driver/Src/stm32f1xx_hal_dac_ex.c ****   ==============================================================================
  72:Drivers/STM32F1xx_HAL_Driver/Src/stm32f1xx_hal_dac_ex.c ****     [..]  This section provides functions allowing to:
  73:Drivers/STM32F1xx_HAL_Driver/Src/stm32f1xx_hal_dac_ex.c ****       (+) Start conversion.
  74:Drivers/STM32F1xx_HAL_Driver/Src/stm32f1xx_hal_dac_ex.c ****       (+) Stop conversion.
  75:Drivers/STM32F1xx_HAL_Driver/Src/stm32f1xx_hal_dac_ex.c ****       (+) Start conversion and enable DMA transfer.
  76:Drivers/STM32F1xx_HAL_Driver/Src/stm32f1xx_hal_dac_ex.c ****       (+) Stop conversion and disable DMA transfer.
  77:Drivers/STM32F1xx_HAL_Driver/Src/stm32f1xx_hal_dac_ex.c ****       (+) Get result of conversion.
  78:Drivers/STM32F1xx_HAL_Driver/Src/stm32f1xx_hal_dac_ex.c ****       (+) Get result of dual mode conversion.
  79:Drivers/STM32F1xx_HAL_Driver/Src/stm32f1xx_hal_dac_ex.c **** 
  80:Drivers/STM32F1xx_HAL_Driver/Src/stm32f1xx_hal_dac_ex.c **** @endverbatim
  81:Drivers/STM32F1xx_HAL_Driver/Src/stm32f1xx_hal_dac_ex.c ****   * @{
  82:Drivers/STM32F1xx_HAL_Driver/Src/stm32f1xx_hal_dac_ex.c ****   */
  83:Drivers/STM32F1xx_HAL_Driver/Src/stm32f1xx_hal_dac_ex.c **** 
  84:Drivers/STM32F1xx_HAL_Driver/Src/stm32f1xx_hal_dac_ex.c **** 
  85:Drivers/STM32F1xx_HAL_Driver/Src/stm32f1xx_hal_dac_ex.c **** /**
  86:Drivers/STM32F1xx_HAL_Driver/Src/stm32f1xx_hal_dac_ex.c ****   * @brief  Enables DAC and starts conversion of both channels.
  87:Drivers/STM32F1xx_HAL_Driver/Src/stm32f1xx_hal_dac_ex.c ****   * @param  hdac pointer to a DAC_HandleTypeDef structure that contains
  88:Drivers/STM32F1xx_HAL_Driver/Src/stm32f1xx_hal_dac_ex.c ****   *         the configuration information for the specified DAC.
ARM GAS  C:\Users\Kingj\AppData\Local\Temp\ccIV1q4d.s 			page 3


  89:Drivers/STM32F1xx_HAL_Driver/Src/stm32f1xx_hal_dac_ex.c ****   * @retval HAL status
  90:Drivers/STM32F1xx_HAL_Driver/Src/stm32f1xx_hal_dac_ex.c ****   */
  91:Drivers/STM32F1xx_HAL_Driver/Src/stm32f1xx_hal_dac_ex.c **** HAL_StatusTypeDef HAL_DACEx_DualStart(DAC_HandleTypeDef *hdac)
  92:Drivers/STM32F1xx_HAL_Driver/Src/stm32f1xx_hal_dac_ex.c **** {
  28              		.loc 1 92 1 view -0
  29              		.cfi_startproc
  30              		@ args = 0, pretend = 0, frame = 0
  31              		@ frame_needed = 0, uses_anonymous_args = 0
  32              		@ link register save eliminated.
  93:Drivers/STM32F1xx_HAL_Driver/Src/stm32f1xx_hal_dac_ex.c ****   uint32_t tmp_swtrig = 0UL;
  33              		.loc 1 93 3 view .LVU1
  94:Drivers/STM32F1xx_HAL_Driver/Src/stm32f1xx_hal_dac_ex.c **** 
  95:Drivers/STM32F1xx_HAL_Driver/Src/stm32f1xx_hal_dac_ex.c ****   /* Check the DAC peripheral handle */
  96:Drivers/STM32F1xx_HAL_Driver/Src/stm32f1xx_hal_dac_ex.c ****   if (hdac == NULL)
  34              		.loc 1 96 3 view .LVU2
  35              		.loc 1 96 6 is_stmt 0 view .LVU3
  36 0000 0346     		mov	r3, r0
  37 0002 50B3     		cbz	r0, .L5
  97:Drivers/STM32F1xx_HAL_Driver/Src/stm32f1xx_hal_dac_ex.c ****   {
  98:Drivers/STM32F1xx_HAL_Driver/Src/stm32f1xx_hal_dac_ex.c ****     return HAL_ERROR;
  99:Drivers/STM32F1xx_HAL_Driver/Src/stm32f1xx_hal_dac_ex.c ****   }
 100:Drivers/STM32F1xx_HAL_Driver/Src/stm32f1xx_hal_dac_ex.c **** 
 101:Drivers/STM32F1xx_HAL_Driver/Src/stm32f1xx_hal_dac_ex.c **** 
 102:Drivers/STM32F1xx_HAL_Driver/Src/stm32f1xx_hal_dac_ex.c ****   /* Process locked */
 103:Drivers/STM32F1xx_HAL_Driver/Src/stm32f1xx_hal_dac_ex.c ****   __HAL_LOCK(hdac);
  38              		.loc 1 103 3 is_stmt 1 view .LVU4
  39              		.loc 1 103 3 view .LVU5
  40 0004 4279     		ldrb	r2, [r0, #5]	@ zero_extendqisi2
  41 0006 012A     		cmp	r2, #1
  42 0008 29D0     		beq	.L6
  43              		.loc 1 103 3 discriminator 2 view .LVU6
  44 000a 0122     		movs	r2, #1
  45 000c 4271     		strb	r2, [r0, #5]
  46              		.loc 1 103 3 discriminator 2 view .LVU7
 104:Drivers/STM32F1xx_HAL_Driver/Src/stm32f1xx_hal_dac_ex.c **** 
 105:Drivers/STM32F1xx_HAL_Driver/Src/stm32f1xx_hal_dac_ex.c ****   /* Change DAC state */
 106:Drivers/STM32F1xx_HAL_Driver/Src/stm32f1xx_hal_dac_ex.c ****   hdac->State = HAL_DAC_STATE_BUSY;
  47              		.loc 1 106 3 discriminator 2 view .LVU8
  48              		.loc 1 106 15 is_stmt 0 discriminator 2 view .LVU9
  49 000e 0222     		movs	r2, #2
  50 0010 0271     		strb	r2, [r0, #4]
 107:Drivers/STM32F1xx_HAL_Driver/Src/stm32f1xx_hal_dac_ex.c **** 
 108:Drivers/STM32F1xx_HAL_Driver/Src/stm32f1xx_hal_dac_ex.c ****   /* Enable the Peripheral */
 109:Drivers/STM32F1xx_HAL_Driver/Src/stm32f1xx_hal_dac_ex.c ****   __HAL_DAC_ENABLE(hdac, DAC_CHANNEL_1);
  51              		.loc 1 109 3 is_stmt 1 discriminator 2 view .LVU10
  52 0012 0168     		ldr	r1, [r0]
  53 0014 0A68     		ldr	r2, [r1]
  54 0016 42F00102 		orr	r2, r2, #1
  55 001a 0A60     		str	r2, [r1]
 110:Drivers/STM32F1xx_HAL_Driver/Src/stm32f1xx_hal_dac_ex.c ****   __HAL_DAC_ENABLE(hdac, DAC_CHANNEL_2);
  56              		.loc 1 110 3 discriminator 2 view .LVU11
  57 001c 0168     		ldr	r1, [r0]
  58 001e 0A68     		ldr	r2, [r1]
  59 0020 42F48032 		orr	r2, r2, #65536
  60 0024 0A60     		str	r2, [r1]
 111:Drivers/STM32F1xx_HAL_Driver/Src/stm32f1xx_hal_dac_ex.c **** 
 112:Drivers/STM32F1xx_HAL_Driver/Src/stm32f1xx_hal_dac_ex.c ****   /* Check if software trigger enabled */
ARM GAS  C:\Users\Kingj\AppData\Local\Temp\ccIV1q4d.s 			page 4


 113:Drivers/STM32F1xx_HAL_Driver/Src/stm32f1xx_hal_dac_ex.c ****   if ((hdac->Instance->CR & (DAC_CR_TEN1 | DAC_CR_TSEL1)) == DAC_TRIGGER_SOFTWARE)
  61              		.loc 1 113 3 discriminator 2 view .LVU12
  62              		.loc 1 113 12 is_stmt 0 discriminator 2 view .LVU13
  63 0026 0268     		ldr	r2, [r0]
  64              		.loc 1 113 22 discriminator 2 view .LVU14
  65 0028 1168     		ldr	r1, [r2]
  66              		.loc 1 113 27 discriminator 2 view .LVU15
  67 002a 01F03C01 		and	r1, r1, #60
  68              		.loc 1 113 6 discriminator 2 view .LVU16
  69 002e 3C29     		cmp	r1, #60
  70 0030 0ED0     		beq	.L7
  93:Drivers/STM32F1xx_HAL_Driver/Src/stm32f1xx_hal_dac_ex.c **** 
  71              		.loc 1 93 12 view .LVU17
  72 0032 0020     		movs	r0, #0
  73              	.LVL1:
  74              	.L3:
 114:Drivers/STM32F1xx_HAL_Driver/Src/stm32f1xx_hal_dac_ex.c ****   {
 115:Drivers/STM32F1xx_HAL_Driver/Src/stm32f1xx_hal_dac_ex.c ****     tmp_swtrig |= DAC_SWTRIGR_SWTRIG1;
 116:Drivers/STM32F1xx_HAL_Driver/Src/stm32f1xx_hal_dac_ex.c ****   }
 117:Drivers/STM32F1xx_HAL_Driver/Src/stm32f1xx_hal_dac_ex.c ****   if ((hdac->Instance->CR & (DAC_CR_TEN2 | DAC_CR_TSEL2)) == (DAC_TRIGGER_SOFTWARE << (DAC_CHANNEL_
  75              		.loc 1 117 3 is_stmt 1 view .LVU18
  76              		.loc 1 117 22 is_stmt 0 view .LVU19
  77 0034 1168     		ldr	r1, [r2]
  78              		.loc 1 117 27 view .LVU20
  79 0036 01F47011 		and	r1, r1, #3932160
  80              		.loc 1 117 6 view .LVU21
  81 003a B1F5701F 		cmp	r1, #3932160
  82 003e 09D0     		beq	.L8
  83              	.L4:
 118:Drivers/STM32F1xx_HAL_Driver/Src/stm32f1xx_hal_dac_ex.c ****   {
 119:Drivers/STM32F1xx_HAL_Driver/Src/stm32f1xx_hal_dac_ex.c ****     tmp_swtrig |= DAC_SWTRIGR_SWTRIG2;
 120:Drivers/STM32F1xx_HAL_Driver/Src/stm32f1xx_hal_dac_ex.c ****   }
 121:Drivers/STM32F1xx_HAL_Driver/Src/stm32f1xx_hal_dac_ex.c ****   /* Enable the selected DAC software conversion*/
 122:Drivers/STM32F1xx_HAL_Driver/Src/stm32f1xx_hal_dac_ex.c ****   SET_BIT(hdac->Instance->SWTRIGR, tmp_swtrig);
  84              		.loc 1 122 3 is_stmt 1 view .LVU22
  85 0040 5168     		ldr	r1, [r2, #4]
  86 0042 0143     		orrs	r1, r1, r0
  87 0044 5160     		str	r1, [r2, #4]
 123:Drivers/STM32F1xx_HAL_Driver/Src/stm32f1xx_hal_dac_ex.c **** 
 124:Drivers/STM32F1xx_HAL_Driver/Src/stm32f1xx_hal_dac_ex.c ****   /* Change DAC state */
 125:Drivers/STM32F1xx_HAL_Driver/Src/stm32f1xx_hal_dac_ex.c ****   hdac->State = HAL_DAC_STATE_READY;
  88              		.loc 1 125 3 view .LVU23
  89              		.loc 1 125 15 is_stmt 0 view .LVU24
  90 0046 0122     		movs	r2, #1
  91 0048 1A71     		strb	r2, [r3, #4]
 126:Drivers/STM32F1xx_HAL_Driver/Src/stm32f1xx_hal_dac_ex.c **** 
 127:Drivers/STM32F1xx_HAL_Driver/Src/stm32f1xx_hal_dac_ex.c ****   /* Process unlocked */
 128:Drivers/STM32F1xx_HAL_Driver/Src/stm32f1xx_hal_dac_ex.c ****   __HAL_UNLOCK(hdac);
  92              		.loc 1 128 3 is_stmt 1 view .LVU25
  93              		.loc 1 128 3 view .LVU26
  94 004a 0020     		movs	r0, #0
  95              	.LVL2:
  96              		.loc 1 128 3 is_stmt 0 view .LVU27
  97 004c 5871     		strb	r0, [r3, #5]
  98              		.loc 1 128 3 is_stmt 1 view .LVU28
 129:Drivers/STM32F1xx_HAL_Driver/Src/stm32f1xx_hal_dac_ex.c **** 
 130:Drivers/STM32F1xx_HAL_Driver/Src/stm32f1xx_hal_dac_ex.c ****   /* Return function status */
ARM GAS  C:\Users\Kingj\AppData\Local\Temp\ccIV1q4d.s 			page 5


 131:Drivers/STM32F1xx_HAL_Driver/Src/stm32f1xx_hal_dac_ex.c ****   return HAL_OK;
  99              		.loc 1 131 3 view .LVU29
 100              		.loc 1 131 10 is_stmt 0 view .LVU30
 101 004e 7047     		bx	lr
 102              	.LVL3:
 103              	.L7:
 115:Drivers/STM32F1xx_HAL_Driver/Src/stm32f1xx_hal_dac_ex.c ****   }
 104              		.loc 1 115 16 view .LVU31
 105 0050 0120     		movs	r0, #1
 106              	.LVL4:
 115:Drivers/STM32F1xx_HAL_Driver/Src/stm32f1xx_hal_dac_ex.c ****   }
 107              		.loc 1 115 16 view .LVU32
 108 0052 EFE7     		b	.L3
 109              	.LVL5:
 110              	.L8:
 119:Drivers/STM32F1xx_HAL_Driver/Src/stm32f1xx_hal_dac_ex.c ****   }
 111              		.loc 1 119 5 is_stmt 1 view .LVU33
 119:Drivers/STM32F1xx_HAL_Driver/Src/stm32f1xx_hal_dac_ex.c ****   }
 112              		.loc 1 119 16 is_stmt 0 view .LVU34
 113 0054 40F00200 		orr	r0, r0, #2
 114              	.LVL6:
 119:Drivers/STM32F1xx_HAL_Driver/Src/stm32f1xx_hal_dac_ex.c ****   }
 115              		.loc 1 119 16 view .LVU35
 116 0058 F2E7     		b	.L4
 117              	.LVL7:
 118              	.L5:
  98:Drivers/STM32F1xx_HAL_Driver/Src/stm32f1xx_hal_dac_ex.c ****   }
 119              		.loc 1 98 12 view .LVU36
 120 005a 0120     		movs	r0, #1
 121              	.LVL8:
  98:Drivers/STM32F1xx_HAL_Driver/Src/stm32f1xx_hal_dac_ex.c ****   }
 122              		.loc 1 98 12 view .LVU37
 123 005c 7047     		bx	lr
 124              	.LVL9:
 125              	.L6:
 103:Drivers/STM32F1xx_HAL_Driver/Src/stm32f1xx_hal_dac_ex.c **** 
 126              		.loc 1 103 3 view .LVU38
 127 005e 0220     		movs	r0, #2
 128              	.LVL10:
 132:Drivers/STM32F1xx_HAL_Driver/Src/stm32f1xx_hal_dac_ex.c **** }
 129              		.loc 1 132 1 view .LVU39
 130 0060 7047     		bx	lr
 131              		.cfi_endproc
 132              	.LFE65:
 134              		.section	.text.HAL_DACEx_DualStop,"ax",%progbits
 135              		.align	1
 136              		.global	HAL_DACEx_DualStop
 137              		.syntax unified
 138              		.thumb
 139              		.thumb_func
 141              	HAL_DACEx_DualStop:
 142              	.LVL11:
 143              	.LFB66:
 133:Drivers/STM32F1xx_HAL_Driver/Src/stm32f1xx_hal_dac_ex.c **** 
 134:Drivers/STM32F1xx_HAL_Driver/Src/stm32f1xx_hal_dac_ex.c **** /**
 135:Drivers/STM32F1xx_HAL_Driver/Src/stm32f1xx_hal_dac_ex.c ****   * @brief  Disables DAC and stop conversion of both channels.
 136:Drivers/STM32F1xx_HAL_Driver/Src/stm32f1xx_hal_dac_ex.c ****   * @param  hdac pointer to a DAC_HandleTypeDef structure that contains
ARM GAS  C:\Users\Kingj\AppData\Local\Temp\ccIV1q4d.s 			page 6


 137:Drivers/STM32F1xx_HAL_Driver/Src/stm32f1xx_hal_dac_ex.c ****   *         the configuration information for the specified DAC.
 138:Drivers/STM32F1xx_HAL_Driver/Src/stm32f1xx_hal_dac_ex.c ****   * @retval HAL status
 139:Drivers/STM32F1xx_HAL_Driver/Src/stm32f1xx_hal_dac_ex.c ****   */
 140:Drivers/STM32F1xx_HAL_Driver/Src/stm32f1xx_hal_dac_ex.c **** HAL_StatusTypeDef HAL_DACEx_DualStop(DAC_HandleTypeDef *hdac)
 141:Drivers/STM32F1xx_HAL_Driver/Src/stm32f1xx_hal_dac_ex.c **** {
 144              		.loc 1 141 1 is_stmt 1 view -0
 145              		.cfi_startproc
 146              		@ args = 0, pretend = 0, frame = 0
 147              		@ frame_needed = 0, uses_anonymous_args = 0
 148              		@ link register save eliminated.
 142:Drivers/STM32F1xx_HAL_Driver/Src/stm32f1xx_hal_dac_ex.c ****   /* Check the DAC peripheral handle */
 143:Drivers/STM32F1xx_HAL_Driver/Src/stm32f1xx_hal_dac_ex.c ****   if (hdac == NULL)
 149              		.loc 1 143 3 view .LVU41
 150              		.loc 1 143 6 is_stmt 0 view .LVU42
 151 0000 68B1     		cbz	r0, .L11
 144:Drivers/STM32F1xx_HAL_Driver/Src/stm32f1xx_hal_dac_ex.c ****   {
 145:Drivers/STM32F1xx_HAL_Driver/Src/stm32f1xx_hal_dac_ex.c ****     return HAL_ERROR;
 146:Drivers/STM32F1xx_HAL_Driver/Src/stm32f1xx_hal_dac_ex.c ****   }
 147:Drivers/STM32F1xx_HAL_Driver/Src/stm32f1xx_hal_dac_ex.c **** 
 148:Drivers/STM32F1xx_HAL_Driver/Src/stm32f1xx_hal_dac_ex.c **** 
 149:Drivers/STM32F1xx_HAL_Driver/Src/stm32f1xx_hal_dac_ex.c ****   /* Disable the Peripheral */
 150:Drivers/STM32F1xx_HAL_Driver/Src/stm32f1xx_hal_dac_ex.c ****   __HAL_DAC_DISABLE(hdac, DAC_CHANNEL_1);
 152              		.loc 1 150 3 is_stmt 1 view .LVU43
 153 0002 0168     		ldr	r1, [r0]
 154 0004 0A68     		ldr	r2, [r1]
 155 0006 22F00102 		bic	r2, r2, #1
 156 000a 0A60     		str	r2, [r1]
 151:Drivers/STM32F1xx_HAL_Driver/Src/stm32f1xx_hal_dac_ex.c ****   __HAL_DAC_DISABLE(hdac, DAC_CHANNEL_2);
 157              		.loc 1 151 3 view .LVU44
 158 000c 0168     		ldr	r1, [r0]
 159 000e 0A68     		ldr	r2, [r1]
 160 0010 22F48032 		bic	r2, r2, #65536
 161 0014 0A60     		str	r2, [r1]
 152:Drivers/STM32F1xx_HAL_Driver/Src/stm32f1xx_hal_dac_ex.c **** 
 153:Drivers/STM32F1xx_HAL_Driver/Src/stm32f1xx_hal_dac_ex.c ****   /* Change DAC state */
 154:Drivers/STM32F1xx_HAL_Driver/Src/stm32f1xx_hal_dac_ex.c ****   hdac->State = HAL_DAC_STATE_READY;
 162              		.loc 1 154 3 view .LVU45
 163              		.loc 1 154 15 is_stmt 0 view .LVU46
 164 0016 0122     		movs	r2, #1
 165 0018 0271     		strb	r2, [r0, #4]
 155:Drivers/STM32F1xx_HAL_Driver/Src/stm32f1xx_hal_dac_ex.c **** 
 156:Drivers/STM32F1xx_HAL_Driver/Src/stm32f1xx_hal_dac_ex.c ****   /* Return function status */
 157:Drivers/STM32F1xx_HAL_Driver/Src/stm32f1xx_hal_dac_ex.c ****   return HAL_OK;
 166              		.loc 1 157 3 is_stmt 1 view .LVU47
 167              		.loc 1 157 10 is_stmt 0 view .LVU48
 168 001a 0020     		movs	r0, #0
 169              	.LVL12:
 170              		.loc 1 157 10 view .LVU49
 171 001c 7047     		bx	lr
 172              	.LVL13:
 173              	.L11:
 145:Drivers/STM32F1xx_HAL_Driver/Src/stm32f1xx_hal_dac_ex.c ****   }
 174              		.loc 1 145 12 view .LVU50
 175 001e 0120     		movs	r0, #1
 176              	.LVL14:
 158:Drivers/STM32F1xx_HAL_Driver/Src/stm32f1xx_hal_dac_ex.c **** }
 177              		.loc 1 158 1 view .LVU51
ARM GAS  C:\Users\Kingj\AppData\Local\Temp\ccIV1q4d.s 			page 7


 178 0020 7047     		bx	lr
 179              		.cfi_endproc
 180              	.LFE66:
 182              		.section	.text.HAL_DACEx_TriangleWaveGenerate,"ax",%progbits
 183              		.align	1
 184              		.global	HAL_DACEx_TriangleWaveGenerate
 185              		.syntax unified
 186              		.thumb
 187              		.thumb_func
 189              	HAL_DACEx_TriangleWaveGenerate:
 190              	.LVL15:
 191              	.LFB67:
 159:Drivers/STM32F1xx_HAL_Driver/Src/stm32f1xx_hal_dac_ex.c **** 
 160:Drivers/STM32F1xx_HAL_Driver/Src/stm32f1xx_hal_dac_ex.c **** 
 161:Drivers/STM32F1xx_HAL_Driver/Src/stm32f1xx_hal_dac_ex.c **** /**
 162:Drivers/STM32F1xx_HAL_Driver/Src/stm32f1xx_hal_dac_ex.c ****   * @brief  Enable or disable the selected DAC channel wave generation.
 163:Drivers/STM32F1xx_HAL_Driver/Src/stm32f1xx_hal_dac_ex.c ****   * @param  hdac pointer to a DAC_HandleTypeDef structure that contains
 164:Drivers/STM32F1xx_HAL_Driver/Src/stm32f1xx_hal_dac_ex.c ****   *         the configuration information for the specified DAC.
 165:Drivers/STM32F1xx_HAL_Driver/Src/stm32f1xx_hal_dac_ex.c ****   * @param  Channel The selected DAC channel.
 166:Drivers/STM32F1xx_HAL_Driver/Src/stm32f1xx_hal_dac_ex.c ****   *          This parameter can be one of the following values:
 167:Drivers/STM32F1xx_HAL_Driver/Src/stm32f1xx_hal_dac_ex.c ****   *            @arg DAC_CHANNEL_1: DAC Channel1 selected
 168:Drivers/STM32F1xx_HAL_Driver/Src/stm32f1xx_hal_dac_ex.c ****   *            @arg DAC_CHANNEL_2: DAC Channel2 selected
 169:Drivers/STM32F1xx_HAL_Driver/Src/stm32f1xx_hal_dac_ex.c ****   * @param  Amplitude Select max triangle amplitude.
 170:Drivers/STM32F1xx_HAL_Driver/Src/stm32f1xx_hal_dac_ex.c ****   *          This parameter can be one of the following values:
 171:Drivers/STM32F1xx_HAL_Driver/Src/stm32f1xx_hal_dac_ex.c ****   *            @arg DAC_TRIANGLEAMPLITUDE_1: Select max triangle amplitude of 1
 172:Drivers/STM32F1xx_HAL_Driver/Src/stm32f1xx_hal_dac_ex.c ****   *            @arg DAC_TRIANGLEAMPLITUDE_3: Select max triangle amplitude of 3
 173:Drivers/STM32F1xx_HAL_Driver/Src/stm32f1xx_hal_dac_ex.c ****   *            @arg DAC_TRIANGLEAMPLITUDE_7: Select max triangle amplitude of 7
 174:Drivers/STM32F1xx_HAL_Driver/Src/stm32f1xx_hal_dac_ex.c ****   *            @arg DAC_TRIANGLEAMPLITUDE_15: Select max triangle amplitude of 15
 175:Drivers/STM32F1xx_HAL_Driver/Src/stm32f1xx_hal_dac_ex.c ****   *            @arg DAC_TRIANGLEAMPLITUDE_31: Select max triangle amplitude of 31
 176:Drivers/STM32F1xx_HAL_Driver/Src/stm32f1xx_hal_dac_ex.c ****   *            @arg DAC_TRIANGLEAMPLITUDE_63: Select max triangle amplitude of 63
 177:Drivers/STM32F1xx_HAL_Driver/Src/stm32f1xx_hal_dac_ex.c ****   *            @arg DAC_TRIANGLEAMPLITUDE_127: Select max triangle amplitude of 127
 178:Drivers/STM32F1xx_HAL_Driver/Src/stm32f1xx_hal_dac_ex.c ****   *            @arg DAC_TRIANGLEAMPLITUDE_255: Select max triangle amplitude of 255
 179:Drivers/STM32F1xx_HAL_Driver/Src/stm32f1xx_hal_dac_ex.c ****   *            @arg DAC_TRIANGLEAMPLITUDE_511: Select max triangle amplitude of 511
 180:Drivers/STM32F1xx_HAL_Driver/Src/stm32f1xx_hal_dac_ex.c ****   *            @arg DAC_TRIANGLEAMPLITUDE_1023: Select max triangle amplitude of 1023
 181:Drivers/STM32F1xx_HAL_Driver/Src/stm32f1xx_hal_dac_ex.c ****   *            @arg DAC_TRIANGLEAMPLITUDE_2047: Select max triangle amplitude of 2047
 182:Drivers/STM32F1xx_HAL_Driver/Src/stm32f1xx_hal_dac_ex.c ****   *            @arg DAC_TRIANGLEAMPLITUDE_4095: Select max triangle amplitude of 4095
 183:Drivers/STM32F1xx_HAL_Driver/Src/stm32f1xx_hal_dac_ex.c ****   * @retval HAL status
 184:Drivers/STM32F1xx_HAL_Driver/Src/stm32f1xx_hal_dac_ex.c ****   */
 185:Drivers/STM32F1xx_HAL_Driver/Src/stm32f1xx_hal_dac_ex.c **** HAL_StatusTypeDef HAL_DACEx_TriangleWaveGenerate(DAC_HandleTypeDef *hdac, uint32_t Channel, uint32_
 186:Drivers/STM32F1xx_HAL_Driver/Src/stm32f1xx_hal_dac_ex.c **** {
 192              		.loc 1 186 1 is_stmt 1 view -0
 193              		.cfi_startproc
 194              		@ args = 0, pretend = 0, frame = 0
 195              		@ frame_needed = 0, uses_anonymous_args = 0
 187:Drivers/STM32F1xx_HAL_Driver/Src/stm32f1xx_hal_dac_ex.c ****   /* Check the DAC peripheral handle */
 188:Drivers/STM32F1xx_HAL_Driver/Src/stm32f1xx_hal_dac_ex.c ****   if (hdac == NULL)
 196              		.loc 1 188 3 view .LVU53
 197              		.loc 1 188 6 is_stmt 0 view .LVU54
 198 0000 F0B1     		cbz	r0, .L14
 199 0002 0346     		mov	r3, r0
 189:Drivers/STM32F1xx_HAL_Driver/Src/stm32f1xx_hal_dac_ex.c ****   {
 190:Drivers/STM32F1xx_HAL_Driver/Src/stm32f1xx_hal_dac_ex.c ****     return HAL_ERROR;
 191:Drivers/STM32F1xx_HAL_Driver/Src/stm32f1xx_hal_dac_ex.c ****   }
 192:Drivers/STM32F1xx_HAL_Driver/Src/stm32f1xx_hal_dac_ex.c **** 
 193:Drivers/STM32F1xx_HAL_Driver/Src/stm32f1xx_hal_dac_ex.c ****   /* Check the parameters */
 194:Drivers/STM32F1xx_HAL_Driver/Src/stm32f1xx_hal_dac_ex.c ****   assert_param(IS_DAC_CHANNEL(Channel));
 200              		.loc 1 194 3 is_stmt 1 view .LVU55
ARM GAS  C:\Users\Kingj\AppData\Local\Temp\ccIV1q4d.s 			page 8


 195:Drivers/STM32F1xx_HAL_Driver/Src/stm32f1xx_hal_dac_ex.c ****   assert_param(IS_DAC_LFSR_UNMASK_TRIANGLE_AMPLITUDE(Amplitude));
 201              		.loc 1 195 3 view .LVU56
 196:Drivers/STM32F1xx_HAL_Driver/Src/stm32f1xx_hal_dac_ex.c **** 
 197:Drivers/STM32F1xx_HAL_Driver/Src/stm32f1xx_hal_dac_ex.c ****   /* Process locked */
 198:Drivers/STM32F1xx_HAL_Driver/Src/stm32f1xx_hal_dac_ex.c ****   __HAL_LOCK(hdac);
 202              		.loc 1 198 3 view .LVU57
 203              		.loc 1 198 3 view .LVU58
 204 0004 4079     		ldrb	r0, [r0, #5]	@ zero_extendqisi2
 205              	.LVL16:
 206              		.loc 1 198 3 is_stmt 0 view .LVU59
 207 0006 0128     		cmp	r0, #1
 208 0008 1CD0     		beq	.L15
 186:Drivers/STM32F1xx_HAL_Driver/Src/stm32f1xx_hal_dac_ex.c ****   /* Check the DAC peripheral handle */
 209              		.loc 1 186 1 discriminator 2 view .LVU60
 210 000a 10B5     		push	{r4, lr}
 211              	.LCFI0:
 212              		.cfi_def_cfa_offset 8
 213              		.cfi_offset 4, -8
 214              		.cfi_offset 14, -4
 215              		.loc 1 198 3 is_stmt 1 discriminator 2 view .LVU61
 216 000c 4FF0010E 		mov	lr, #1
 217 0010 83F805E0 		strb	lr, [r3, #5]
 218              		.loc 1 198 3 discriminator 2 view .LVU62
 199:Drivers/STM32F1xx_HAL_Driver/Src/stm32f1xx_hal_dac_ex.c **** 
 200:Drivers/STM32F1xx_HAL_Driver/Src/stm32f1xx_hal_dac_ex.c ****   /* Change DAC state */
 201:Drivers/STM32F1xx_HAL_Driver/Src/stm32f1xx_hal_dac_ex.c ****   hdac->State = HAL_DAC_STATE_BUSY;
 219              		.loc 1 201 3 discriminator 2 view .LVU63
 220              		.loc 1 201 15 is_stmt 0 discriminator 2 view .LVU64
 221 0014 0220     		movs	r0, #2
 222 0016 1871     		strb	r0, [r3, #4]
 202:Drivers/STM32F1xx_HAL_Driver/Src/stm32f1xx_hal_dac_ex.c **** 
 203:Drivers/STM32F1xx_HAL_Driver/Src/stm32f1xx_hal_dac_ex.c ****   /* Enable the triangle wave generation for the selected DAC channel */
 204:Drivers/STM32F1xx_HAL_Driver/Src/stm32f1xx_hal_dac_ex.c ****   MODIFY_REG(hdac->Instance->CR, ((DAC_CR_WAVE1) | (DAC_CR_MAMP1)) << (Channel & 0x10UL),
 223              		.loc 1 204 3 is_stmt 1 discriminator 2 view .LVU65
 224 0018 1C68     		ldr	r4, [r3]
 225 001a 2068     		ldr	r0, [r4]
 226 001c 01F01001 		and	r1, r1, #16
 227              	.LVL17:
 228              		.loc 1 204 3 is_stmt 0 discriminator 2 view .LVU66
 229 0020 4FF47C6C 		mov	ip, #4032
 230 0024 0CFA01FC 		lsl	ip, ip, r1
 231 0028 20EA0C00 		bic	r0, r0, ip
 232 002c 42F08002 		orr	r2, r2, #128
 233              	.LVL18:
 234              		.loc 1 204 3 discriminator 2 view .LVU67
 235 0030 8A40     		lsls	r2, r2, r1
 236 0032 0243     		orrs	r2, r2, r0
 237 0034 2260     		str	r2, [r4]
 205:Drivers/STM32F1xx_HAL_Driver/Src/stm32f1xx_hal_dac_ex.c ****              (DAC_CR_WAVE1_1 | Amplitude) << (Channel & 0x10UL));
 206:Drivers/STM32F1xx_HAL_Driver/Src/stm32f1xx_hal_dac_ex.c **** 
 207:Drivers/STM32F1xx_HAL_Driver/Src/stm32f1xx_hal_dac_ex.c ****   /* Change DAC state */
 208:Drivers/STM32F1xx_HAL_Driver/Src/stm32f1xx_hal_dac_ex.c ****   hdac->State = HAL_DAC_STATE_READY;
 238              		.loc 1 208 3 is_stmt 1 discriminator 2 view .LVU68
 239              		.loc 1 208 15 is_stmt 0 discriminator 2 view .LVU69
 240 0036 83F804E0 		strb	lr, [r3, #4]
 209:Drivers/STM32F1xx_HAL_Driver/Src/stm32f1xx_hal_dac_ex.c **** 
 210:Drivers/STM32F1xx_HAL_Driver/Src/stm32f1xx_hal_dac_ex.c ****   /* Process unlocked */
ARM GAS  C:\Users\Kingj\AppData\Local\Temp\ccIV1q4d.s 			page 9


 211:Drivers/STM32F1xx_HAL_Driver/Src/stm32f1xx_hal_dac_ex.c ****   __HAL_UNLOCK(hdac);
 241              		.loc 1 211 3 is_stmt 1 discriminator 2 view .LVU70
 242              		.loc 1 211 3 discriminator 2 view .LVU71
 243 003a 0020     		movs	r0, #0
 244 003c 5871     		strb	r0, [r3, #5]
 245              		.loc 1 211 3 discriminator 2 view .LVU72
 212:Drivers/STM32F1xx_HAL_Driver/Src/stm32f1xx_hal_dac_ex.c **** 
 213:Drivers/STM32F1xx_HAL_Driver/Src/stm32f1xx_hal_dac_ex.c ****   /* Return function status */
 214:Drivers/STM32F1xx_HAL_Driver/Src/stm32f1xx_hal_dac_ex.c ****   return HAL_OK;
 246              		.loc 1 214 3 discriminator 2 view .LVU73
 215:Drivers/STM32F1xx_HAL_Driver/Src/stm32f1xx_hal_dac_ex.c **** }
 247              		.loc 1 215 1 is_stmt 0 discriminator 2 view .LVU74
 248 003e 10BD     		pop	{r4, pc}
 249              	.LVL19:
 250              	.L14:
 251              	.LCFI1:
 252              		.cfi_def_cfa_offset 0
 253              		.cfi_restore 4
 254              		.cfi_restore 14
 190:Drivers/STM32F1xx_HAL_Driver/Src/stm32f1xx_hal_dac_ex.c ****   }
 255              		.loc 1 190 12 view .LVU75
 256 0040 0120     		movs	r0, #1
 257              	.LVL20:
 190:Drivers/STM32F1xx_HAL_Driver/Src/stm32f1xx_hal_dac_ex.c ****   }
 258              		.loc 1 190 12 view .LVU76
 259 0042 7047     		bx	lr
 260              	.LVL21:
 261              	.L15:
 198:Drivers/STM32F1xx_HAL_Driver/Src/stm32f1xx_hal_dac_ex.c **** 
 262              		.loc 1 198 3 view .LVU77
 263 0044 0220     		movs	r0, #2
 264              		.loc 1 215 1 view .LVU78
 265 0046 7047     		bx	lr
 266              		.cfi_endproc
 267              	.LFE67:
 269              		.section	.text.HAL_DACEx_NoiseWaveGenerate,"ax",%progbits
 270              		.align	1
 271              		.global	HAL_DACEx_NoiseWaveGenerate
 272              		.syntax unified
 273              		.thumb
 274              		.thumb_func
 276              	HAL_DACEx_NoiseWaveGenerate:
 277              	.LVL22:
 278              	.LFB68:
 216:Drivers/STM32F1xx_HAL_Driver/Src/stm32f1xx_hal_dac_ex.c **** 
 217:Drivers/STM32F1xx_HAL_Driver/Src/stm32f1xx_hal_dac_ex.c **** /**
 218:Drivers/STM32F1xx_HAL_Driver/Src/stm32f1xx_hal_dac_ex.c ****   * @brief  Enable or disable the selected DAC channel wave generation.
 219:Drivers/STM32F1xx_HAL_Driver/Src/stm32f1xx_hal_dac_ex.c ****   * @param  hdac pointer to a DAC_HandleTypeDef structure that contains
 220:Drivers/STM32F1xx_HAL_Driver/Src/stm32f1xx_hal_dac_ex.c ****   *         the configuration information for the specified DAC.
 221:Drivers/STM32F1xx_HAL_Driver/Src/stm32f1xx_hal_dac_ex.c ****   * @param  Channel The selected DAC channel.
 222:Drivers/STM32F1xx_HAL_Driver/Src/stm32f1xx_hal_dac_ex.c ****   *          This parameter can be one of the following values:
 223:Drivers/STM32F1xx_HAL_Driver/Src/stm32f1xx_hal_dac_ex.c ****   *            @arg DAC_CHANNEL_1: DAC Channel1 selected
 224:Drivers/STM32F1xx_HAL_Driver/Src/stm32f1xx_hal_dac_ex.c ****   *            @arg DAC_CHANNEL_2: DAC Channel2 selected
 225:Drivers/STM32F1xx_HAL_Driver/Src/stm32f1xx_hal_dac_ex.c ****   * @param  Amplitude Unmask DAC channel LFSR for noise wave generation.
 226:Drivers/STM32F1xx_HAL_Driver/Src/stm32f1xx_hal_dac_ex.c ****   *          This parameter can be one of the following values:
 227:Drivers/STM32F1xx_HAL_Driver/Src/stm32f1xx_hal_dac_ex.c ****   *            @arg DAC_LFSRUNMASK_BIT0: Unmask DAC channel LFSR bit0 for noise wave generation
 228:Drivers/STM32F1xx_HAL_Driver/Src/stm32f1xx_hal_dac_ex.c ****   *            @arg DAC_LFSRUNMASK_BITS1_0: Unmask DAC channel LFSR bit[1:0] for noise wave generat
ARM GAS  C:\Users\Kingj\AppData\Local\Temp\ccIV1q4d.s 			page 10


 229:Drivers/STM32F1xx_HAL_Driver/Src/stm32f1xx_hal_dac_ex.c ****   *            @arg DAC_LFSRUNMASK_BITS2_0: Unmask DAC channel LFSR bit[2:0] for noise wave generat
 230:Drivers/STM32F1xx_HAL_Driver/Src/stm32f1xx_hal_dac_ex.c ****   *            @arg DAC_LFSRUNMASK_BITS3_0: Unmask DAC channel LFSR bit[3:0] for noise wave generat
 231:Drivers/STM32F1xx_HAL_Driver/Src/stm32f1xx_hal_dac_ex.c ****   *            @arg DAC_LFSRUNMASK_BITS4_0: Unmask DAC channel LFSR bit[4:0] for noise wave generat
 232:Drivers/STM32F1xx_HAL_Driver/Src/stm32f1xx_hal_dac_ex.c ****   *            @arg DAC_LFSRUNMASK_BITS5_0: Unmask DAC channel LFSR bit[5:0] for noise wave generat
 233:Drivers/STM32F1xx_HAL_Driver/Src/stm32f1xx_hal_dac_ex.c ****   *            @arg DAC_LFSRUNMASK_BITS6_0: Unmask DAC channel LFSR bit[6:0] for noise wave generat
 234:Drivers/STM32F1xx_HAL_Driver/Src/stm32f1xx_hal_dac_ex.c ****   *            @arg DAC_LFSRUNMASK_BITS7_0: Unmask DAC channel LFSR bit[7:0] for noise wave generat
 235:Drivers/STM32F1xx_HAL_Driver/Src/stm32f1xx_hal_dac_ex.c ****   *            @arg DAC_LFSRUNMASK_BITS8_0: Unmask DAC channel LFSR bit[8:0] for noise wave generat
 236:Drivers/STM32F1xx_HAL_Driver/Src/stm32f1xx_hal_dac_ex.c ****   *            @arg DAC_LFSRUNMASK_BITS9_0: Unmask DAC channel LFSR bit[9:0] for noise wave generat
 237:Drivers/STM32F1xx_HAL_Driver/Src/stm32f1xx_hal_dac_ex.c ****   *            @arg DAC_LFSRUNMASK_BITS10_0: Unmask DAC channel LFSR bit[10:0] for noise wave gener
 238:Drivers/STM32F1xx_HAL_Driver/Src/stm32f1xx_hal_dac_ex.c ****   *            @arg DAC_LFSRUNMASK_BITS11_0: Unmask DAC channel LFSR bit[11:0] for noise wave gener
 239:Drivers/STM32F1xx_HAL_Driver/Src/stm32f1xx_hal_dac_ex.c ****   * @retval HAL status
 240:Drivers/STM32F1xx_HAL_Driver/Src/stm32f1xx_hal_dac_ex.c ****   */
 241:Drivers/STM32F1xx_HAL_Driver/Src/stm32f1xx_hal_dac_ex.c **** HAL_StatusTypeDef HAL_DACEx_NoiseWaveGenerate(DAC_HandleTypeDef *hdac, uint32_t Channel, uint32_t A
 242:Drivers/STM32F1xx_HAL_Driver/Src/stm32f1xx_hal_dac_ex.c **** {
 279              		.loc 1 242 1 is_stmt 1 view -0
 280              		.cfi_startproc
 281              		@ args = 0, pretend = 0, frame = 0
 282              		@ frame_needed = 0, uses_anonymous_args = 0
 243:Drivers/STM32F1xx_HAL_Driver/Src/stm32f1xx_hal_dac_ex.c ****   /* Check the DAC peripheral handle */
 244:Drivers/STM32F1xx_HAL_Driver/Src/stm32f1xx_hal_dac_ex.c ****   if (hdac == NULL)
 283              		.loc 1 244 3 view .LVU80
 284              		.loc 1 244 6 is_stmt 0 view .LVU81
 285 0000 F0B1     		cbz	r0, .L22
 286 0002 0346     		mov	r3, r0
 245:Drivers/STM32F1xx_HAL_Driver/Src/stm32f1xx_hal_dac_ex.c ****   {
 246:Drivers/STM32F1xx_HAL_Driver/Src/stm32f1xx_hal_dac_ex.c ****     return HAL_ERROR;
 247:Drivers/STM32F1xx_HAL_Driver/Src/stm32f1xx_hal_dac_ex.c ****   }
 248:Drivers/STM32F1xx_HAL_Driver/Src/stm32f1xx_hal_dac_ex.c **** 
 249:Drivers/STM32F1xx_HAL_Driver/Src/stm32f1xx_hal_dac_ex.c ****   /* Check the parameters */
 250:Drivers/STM32F1xx_HAL_Driver/Src/stm32f1xx_hal_dac_ex.c ****   assert_param(IS_DAC_CHANNEL(Channel));
 287              		.loc 1 250 3 is_stmt 1 view .LVU82
 251:Drivers/STM32F1xx_HAL_Driver/Src/stm32f1xx_hal_dac_ex.c ****   assert_param(IS_DAC_LFSR_UNMASK_TRIANGLE_AMPLITUDE(Amplitude));
 288              		.loc 1 251 3 view .LVU83
 252:Drivers/STM32F1xx_HAL_Driver/Src/stm32f1xx_hal_dac_ex.c **** 
 253:Drivers/STM32F1xx_HAL_Driver/Src/stm32f1xx_hal_dac_ex.c ****   /* Process locked */
 254:Drivers/STM32F1xx_HAL_Driver/Src/stm32f1xx_hal_dac_ex.c ****   __HAL_LOCK(hdac);
 289              		.loc 1 254 3 view .LVU84
 290              		.loc 1 254 3 view .LVU85
 291 0004 4079     		ldrb	r0, [r0, #5]	@ zero_extendqisi2
 292              	.LVL23:
 293              		.loc 1 254 3 is_stmt 0 view .LVU86
 294 0006 0128     		cmp	r0, #1
 295 0008 1CD0     		beq	.L23
 242:Drivers/STM32F1xx_HAL_Driver/Src/stm32f1xx_hal_dac_ex.c ****   /* Check the DAC peripheral handle */
 296              		.loc 1 242 1 discriminator 2 view .LVU87
 297 000a 10B5     		push	{r4, lr}
 298              	.LCFI2:
 299              		.cfi_def_cfa_offset 8
 300              		.cfi_offset 4, -8
 301              		.cfi_offset 14, -4
 302              		.loc 1 254 3 is_stmt 1 discriminator 2 view .LVU88
 303 000c 4FF0010E 		mov	lr, #1
 304 0010 83F805E0 		strb	lr, [r3, #5]
 305              		.loc 1 254 3 discriminator 2 view .LVU89
 255:Drivers/STM32F1xx_HAL_Driver/Src/stm32f1xx_hal_dac_ex.c **** 
 256:Drivers/STM32F1xx_HAL_Driver/Src/stm32f1xx_hal_dac_ex.c ****   /* Change DAC state */
 257:Drivers/STM32F1xx_HAL_Driver/Src/stm32f1xx_hal_dac_ex.c ****   hdac->State = HAL_DAC_STATE_BUSY;
ARM GAS  C:\Users\Kingj\AppData\Local\Temp\ccIV1q4d.s 			page 11


 306              		.loc 1 257 3 discriminator 2 view .LVU90
 307              		.loc 1 257 15 is_stmt 0 discriminator 2 view .LVU91
 308 0014 0220     		movs	r0, #2
 309 0016 1871     		strb	r0, [r3, #4]
 258:Drivers/STM32F1xx_HAL_Driver/Src/stm32f1xx_hal_dac_ex.c **** 
 259:Drivers/STM32F1xx_HAL_Driver/Src/stm32f1xx_hal_dac_ex.c ****   /* Enable the noise wave generation for the selected DAC channel */
 260:Drivers/STM32F1xx_HAL_Driver/Src/stm32f1xx_hal_dac_ex.c ****   MODIFY_REG(hdac->Instance->CR, ((DAC_CR_WAVE1) | (DAC_CR_MAMP1)) << (Channel & 0x10UL),
 310              		.loc 1 260 3 is_stmt 1 discriminator 2 view .LVU92
 311 0018 1C68     		ldr	r4, [r3]
 312 001a 2068     		ldr	r0, [r4]
 313 001c 01F01001 		and	r1, r1, #16
 314              	.LVL24:
 315              		.loc 1 260 3 is_stmt 0 discriminator 2 view .LVU93
 316 0020 4FF47C6C 		mov	ip, #4032
 317 0024 0CFA01FC 		lsl	ip, ip, r1
 318 0028 20EA0C00 		bic	r0, r0, ip
 319 002c 42F04002 		orr	r2, r2, #64
 320              	.LVL25:
 321              		.loc 1 260 3 discriminator 2 view .LVU94
 322 0030 8A40     		lsls	r2, r2, r1
 323 0032 0243     		orrs	r2, r2, r0
 324 0034 2260     		str	r2, [r4]
 261:Drivers/STM32F1xx_HAL_Driver/Src/stm32f1xx_hal_dac_ex.c ****              (DAC_CR_WAVE1_0 | Amplitude) << (Channel & 0x10UL));
 262:Drivers/STM32F1xx_HAL_Driver/Src/stm32f1xx_hal_dac_ex.c **** 
 263:Drivers/STM32F1xx_HAL_Driver/Src/stm32f1xx_hal_dac_ex.c ****   /* Change DAC state */
 264:Drivers/STM32F1xx_HAL_Driver/Src/stm32f1xx_hal_dac_ex.c ****   hdac->State = HAL_DAC_STATE_READY;
 325              		.loc 1 264 3 is_stmt 1 discriminator 2 view .LVU95
 326              		.loc 1 264 15 is_stmt 0 discriminator 2 view .LVU96
 327 0036 83F804E0 		strb	lr, [r3, #4]
 265:Drivers/STM32F1xx_HAL_Driver/Src/stm32f1xx_hal_dac_ex.c **** 
 266:Drivers/STM32F1xx_HAL_Driver/Src/stm32f1xx_hal_dac_ex.c ****   /* Process unlocked */
 267:Drivers/STM32F1xx_HAL_Driver/Src/stm32f1xx_hal_dac_ex.c ****   __HAL_UNLOCK(hdac);
 328              		.loc 1 267 3 is_stmt 1 discriminator 2 view .LVU97
 329              		.loc 1 267 3 discriminator 2 view .LVU98
 330 003a 0020     		movs	r0, #0
 331 003c 5871     		strb	r0, [r3, #5]
 332              		.loc 1 267 3 discriminator 2 view .LVU99
 268:Drivers/STM32F1xx_HAL_Driver/Src/stm32f1xx_hal_dac_ex.c **** 
 269:Drivers/STM32F1xx_HAL_Driver/Src/stm32f1xx_hal_dac_ex.c ****   /* Return function status */
 270:Drivers/STM32F1xx_HAL_Driver/Src/stm32f1xx_hal_dac_ex.c ****   return HAL_OK;
 333              		.loc 1 270 3 discriminator 2 view .LVU100
 271:Drivers/STM32F1xx_HAL_Driver/Src/stm32f1xx_hal_dac_ex.c **** }
 334              		.loc 1 271 1 is_stmt 0 discriminator 2 view .LVU101
 335 003e 10BD     		pop	{r4, pc}
 336              	.LVL26:
 337              	.L22:
 338              	.LCFI3:
 339              		.cfi_def_cfa_offset 0
 340              		.cfi_restore 4
 341              		.cfi_restore 14
 246:Drivers/STM32F1xx_HAL_Driver/Src/stm32f1xx_hal_dac_ex.c ****   }
 342              		.loc 1 246 12 view .LVU102
 343 0040 0120     		movs	r0, #1
 344              	.LVL27:
 246:Drivers/STM32F1xx_HAL_Driver/Src/stm32f1xx_hal_dac_ex.c ****   }
 345              		.loc 1 246 12 view .LVU103
 346 0042 7047     		bx	lr
ARM GAS  C:\Users\Kingj\AppData\Local\Temp\ccIV1q4d.s 			page 12


 347              	.LVL28:
 348              	.L23:
 254:Drivers/STM32F1xx_HAL_Driver/Src/stm32f1xx_hal_dac_ex.c **** 
 349              		.loc 1 254 3 view .LVU104
 350 0044 0220     		movs	r0, #2
 351              		.loc 1 271 1 view .LVU105
 352 0046 7047     		bx	lr
 353              		.cfi_endproc
 354              	.LFE68:
 356              		.section	.text.HAL_DACEx_DualSetValue,"ax",%progbits
 357              		.align	1
 358              		.global	HAL_DACEx_DualSetValue
 359              		.syntax unified
 360              		.thumb
 361              		.thumb_func
 363              	HAL_DACEx_DualSetValue:
 364              	.LVL29:
 365              	.LFB69:
 272:Drivers/STM32F1xx_HAL_Driver/Src/stm32f1xx_hal_dac_ex.c **** 
 273:Drivers/STM32F1xx_HAL_Driver/Src/stm32f1xx_hal_dac_ex.c **** 
 274:Drivers/STM32F1xx_HAL_Driver/Src/stm32f1xx_hal_dac_ex.c **** /**
 275:Drivers/STM32F1xx_HAL_Driver/Src/stm32f1xx_hal_dac_ex.c ****   * @brief  Set the specified data holding register value for dual DAC channel.
 276:Drivers/STM32F1xx_HAL_Driver/Src/stm32f1xx_hal_dac_ex.c ****   * @param  hdac pointer to a DAC_HandleTypeDef structure that contains
 277:Drivers/STM32F1xx_HAL_Driver/Src/stm32f1xx_hal_dac_ex.c ****   *               the configuration information for the specified DAC.
 278:Drivers/STM32F1xx_HAL_Driver/Src/stm32f1xx_hal_dac_ex.c ****   * @param  Alignment Specifies the data alignment for dual channel DAC.
 279:Drivers/STM32F1xx_HAL_Driver/Src/stm32f1xx_hal_dac_ex.c ****   *          This parameter can be one of the following values:
 280:Drivers/STM32F1xx_HAL_Driver/Src/stm32f1xx_hal_dac_ex.c ****   *            DAC_ALIGN_8B_R: 8bit right data alignment selected
 281:Drivers/STM32F1xx_HAL_Driver/Src/stm32f1xx_hal_dac_ex.c ****   *            DAC_ALIGN_12B_L: 12bit left data alignment selected
 282:Drivers/STM32F1xx_HAL_Driver/Src/stm32f1xx_hal_dac_ex.c ****   *            DAC_ALIGN_12B_R: 12bit right data alignment selected
 283:Drivers/STM32F1xx_HAL_Driver/Src/stm32f1xx_hal_dac_ex.c ****   * @param  Data1 Data for DAC Channel1 to be loaded in the selected data holding register.
 284:Drivers/STM32F1xx_HAL_Driver/Src/stm32f1xx_hal_dac_ex.c ****   * @param  Data2 Data for DAC Channel2 to be loaded in the selected data  holding register.
 285:Drivers/STM32F1xx_HAL_Driver/Src/stm32f1xx_hal_dac_ex.c ****   * @note   In dual mode, a unique register access is required to write in both
 286:Drivers/STM32F1xx_HAL_Driver/Src/stm32f1xx_hal_dac_ex.c ****   *          DAC channels at the same time.
 287:Drivers/STM32F1xx_HAL_Driver/Src/stm32f1xx_hal_dac_ex.c ****   * @retval HAL status
 288:Drivers/STM32F1xx_HAL_Driver/Src/stm32f1xx_hal_dac_ex.c ****   */
 289:Drivers/STM32F1xx_HAL_Driver/Src/stm32f1xx_hal_dac_ex.c **** HAL_StatusTypeDef HAL_DACEx_DualSetValue(DAC_HandleTypeDef *hdac, uint32_t Alignment, uint32_t Data
 290:Drivers/STM32F1xx_HAL_Driver/Src/stm32f1xx_hal_dac_ex.c **** {
 366              		.loc 1 290 1 is_stmt 1 view -0
 367              		.cfi_startproc
 368              		@ args = 0, pretend = 0, frame = 0
 369              		@ frame_needed = 0, uses_anonymous_args = 0
 370              		@ link register save eliminated.
 291:Drivers/STM32F1xx_HAL_Driver/Src/stm32f1xx_hal_dac_ex.c ****   uint32_t data;
 371              		.loc 1 291 3 view .LVU107
 292:Drivers/STM32F1xx_HAL_Driver/Src/stm32f1xx_hal_dac_ex.c ****   uint32_t tmp;
 372              		.loc 1 292 3 view .LVU108
 293:Drivers/STM32F1xx_HAL_Driver/Src/stm32f1xx_hal_dac_ex.c **** 
 294:Drivers/STM32F1xx_HAL_Driver/Src/stm32f1xx_hal_dac_ex.c ****   /* Check the DAC peripheral handle */
 295:Drivers/STM32F1xx_HAL_Driver/Src/stm32f1xx_hal_dac_ex.c ****   if (hdac == NULL)
 373              		.loc 1 295 3 view .LVU109
 374              		.loc 1 295 6 is_stmt 0 view .LVU110
 375 0000 8446     		mov	ip, r0
 376 0002 60B1     		cbz	r0, .L32
 296:Drivers/STM32F1xx_HAL_Driver/Src/stm32f1xx_hal_dac_ex.c ****   {
 297:Drivers/STM32F1xx_HAL_Driver/Src/stm32f1xx_hal_dac_ex.c ****     return HAL_ERROR;
 298:Drivers/STM32F1xx_HAL_Driver/Src/stm32f1xx_hal_dac_ex.c ****   }
 299:Drivers/STM32F1xx_HAL_Driver/Src/stm32f1xx_hal_dac_ex.c **** 
ARM GAS  C:\Users\Kingj\AppData\Local\Temp\ccIV1q4d.s 			page 13


 300:Drivers/STM32F1xx_HAL_Driver/Src/stm32f1xx_hal_dac_ex.c ****   /* Check the parameters */
 301:Drivers/STM32F1xx_HAL_Driver/Src/stm32f1xx_hal_dac_ex.c ****   assert_param(IS_DAC_ALIGN(Alignment));
 377              		.loc 1 301 3 is_stmt 1 view .LVU111
 302:Drivers/STM32F1xx_HAL_Driver/Src/stm32f1xx_hal_dac_ex.c ****   assert_param(IS_DAC_DATA(Data1));
 378              		.loc 1 302 3 view .LVU112
 303:Drivers/STM32F1xx_HAL_Driver/Src/stm32f1xx_hal_dac_ex.c ****   assert_param(IS_DAC_DATA(Data2));
 379              		.loc 1 303 3 view .LVU113
 304:Drivers/STM32F1xx_HAL_Driver/Src/stm32f1xx_hal_dac_ex.c **** 
 305:Drivers/STM32F1xx_HAL_Driver/Src/stm32f1xx_hal_dac_ex.c ****   /* Calculate and set dual DAC data holding register value */
 306:Drivers/STM32F1xx_HAL_Driver/Src/stm32f1xx_hal_dac_ex.c ****   if (Alignment == DAC_ALIGN_8B_R)
 380              		.loc 1 306 3 view .LVU114
 381              		.loc 1 306 6 is_stmt 0 view .LVU115
 382 0004 0829     		cmp	r1, #8
 383 0006 07D0     		beq	.L33
 307:Drivers/STM32F1xx_HAL_Driver/Src/stm32f1xx_hal_dac_ex.c ****   {
 308:Drivers/STM32F1xx_HAL_Driver/Src/stm32f1xx_hal_dac_ex.c ****     data = ((uint32_t)Data2 << 8U) | Data1;
 309:Drivers/STM32F1xx_HAL_Driver/Src/stm32f1xx_hal_dac_ex.c ****   }
 310:Drivers/STM32F1xx_HAL_Driver/Src/stm32f1xx_hal_dac_ex.c ****   else
 311:Drivers/STM32F1xx_HAL_Driver/Src/stm32f1xx_hal_dac_ex.c ****   {
 312:Drivers/STM32F1xx_HAL_Driver/Src/stm32f1xx_hal_dac_ex.c ****     data = ((uint32_t)Data2 << 16U) | Data1;
 384              		.loc 1 312 5 is_stmt 1 view .LVU116
 385              		.loc 1 312 10 is_stmt 0 view .LVU117
 386 0008 42EA0342 		orr	r2, r2, r3, lsl #16
 387              	.LVL30:
 388              	.L31:
 313:Drivers/STM32F1xx_HAL_Driver/Src/stm32f1xx_hal_dac_ex.c ****   }
 314:Drivers/STM32F1xx_HAL_Driver/Src/stm32f1xx_hal_dac_ex.c **** 
 315:Drivers/STM32F1xx_HAL_Driver/Src/stm32f1xx_hal_dac_ex.c ****   tmp = (uint32_t)hdac->Instance;
 389              		.loc 1 315 3 is_stmt 1 view .LVU118
 390              		.loc 1 315 23 is_stmt 0 view .LVU119
 391 000c DCF80030 		ldr	r3, [ip]
 392              	.LVL31:
 316:Drivers/STM32F1xx_HAL_Driver/Src/stm32f1xx_hal_dac_ex.c ****   tmp += DAC_DHR12RD_ALIGNMENT(Alignment);
 393              		.loc 1 316 3 is_stmt 1 view .LVU120
 394              		.loc 1 316 7 is_stmt 0 view .LVU121
 395 0010 1944     		add	r1, r1, r3
 396              	.LVL32:
 317:Drivers/STM32F1xx_HAL_Driver/Src/stm32f1xx_hal_dac_ex.c **** 
 318:Drivers/STM32F1xx_HAL_Driver/Src/stm32f1xx_hal_dac_ex.c ****   /* Set the dual DAC selected data holding register */
 319:Drivers/STM32F1xx_HAL_Driver/Src/stm32f1xx_hal_dac_ex.c ****   *(__IO uint32_t *)tmp = data;
 397              		.loc 1 319 3 is_stmt 1 view .LVU122
 398              		.loc 1 319 25 is_stmt 0 view .LVU123
 399 0012 0A62     		str	r2, [r1, #32]
 320:Drivers/STM32F1xx_HAL_Driver/Src/stm32f1xx_hal_dac_ex.c **** 
 321:Drivers/STM32F1xx_HAL_Driver/Src/stm32f1xx_hal_dac_ex.c ****   /* Return function status */
 322:Drivers/STM32F1xx_HAL_Driver/Src/stm32f1xx_hal_dac_ex.c ****   return HAL_OK;
 400              		.loc 1 322 3 is_stmt 1 view .LVU124
 401              		.loc 1 322 10 is_stmt 0 view .LVU125
 402 0014 0020     		movs	r0, #0
 403              	.LVL33:
 404              		.loc 1 322 10 view .LVU126
 405 0016 7047     		bx	lr
 406              	.LVL34:
 407              	.L33:
 308:Drivers/STM32F1xx_HAL_Driver/Src/stm32f1xx_hal_dac_ex.c ****   }
 408              		.loc 1 308 5 is_stmt 1 view .LVU127
 308:Drivers/STM32F1xx_HAL_Driver/Src/stm32f1xx_hal_dac_ex.c ****   }
ARM GAS  C:\Users\Kingj\AppData\Local\Temp\ccIV1q4d.s 			page 14


 409              		.loc 1 308 10 is_stmt 0 view .LVU128
 410 0018 42EA0322 		orr	r2, r2, r3, lsl #8
 411              	.LVL35:
 308:Drivers/STM32F1xx_HAL_Driver/Src/stm32f1xx_hal_dac_ex.c ****   }
 412              		.loc 1 308 10 view .LVU129
 413 001c F6E7     		b	.L31
 414              	.LVL36:
 415              	.L32:
 297:Drivers/STM32F1xx_HAL_Driver/Src/stm32f1xx_hal_dac_ex.c ****   }
 416              		.loc 1 297 12 view .LVU130
 417 001e 0120     		movs	r0, #1
 418              	.LVL37:
 323:Drivers/STM32F1xx_HAL_Driver/Src/stm32f1xx_hal_dac_ex.c **** }
 419              		.loc 1 323 1 view .LVU131
 420 0020 7047     		bx	lr
 421              		.cfi_endproc
 422              	.LFE69:
 424              		.section	.text.HAL_DACEx_ConvCpltCallbackCh2,"ax",%progbits
 425              		.align	1
 426              		.weak	HAL_DACEx_ConvCpltCallbackCh2
 427              		.syntax unified
 428              		.thumb
 429              		.thumb_func
 431              	HAL_DACEx_ConvCpltCallbackCh2:
 432              	.LVL38:
 433              	.LFB70:
 324:Drivers/STM32F1xx_HAL_Driver/Src/stm32f1xx_hal_dac_ex.c **** 
 325:Drivers/STM32F1xx_HAL_Driver/Src/stm32f1xx_hal_dac_ex.c **** /**
 326:Drivers/STM32F1xx_HAL_Driver/Src/stm32f1xx_hal_dac_ex.c ****   * @brief  Conversion complete callback in non-blocking mode for Channel2.
 327:Drivers/STM32F1xx_HAL_Driver/Src/stm32f1xx_hal_dac_ex.c ****   * @param  hdac pointer to a DAC_HandleTypeDef structure that contains
 328:Drivers/STM32F1xx_HAL_Driver/Src/stm32f1xx_hal_dac_ex.c ****   *         the configuration information for the specified DAC.
 329:Drivers/STM32F1xx_HAL_Driver/Src/stm32f1xx_hal_dac_ex.c ****   * @retval None
 330:Drivers/STM32F1xx_HAL_Driver/Src/stm32f1xx_hal_dac_ex.c ****   */
 331:Drivers/STM32F1xx_HAL_Driver/Src/stm32f1xx_hal_dac_ex.c **** __weak void HAL_DACEx_ConvCpltCallbackCh2(DAC_HandleTypeDef *hdac)
 332:Drivers/STM32F1xx_HAL_Driver/Src/stm32f1xx_hal_dac_ex.c **** {
 434              		.loc 1 332 1 is_stmt 1 view -0
 435              		.cfi_startproc
 436              		@ args = 0, pretend = 0, frame = 0
 437              		@ frame_needed = 0, uses_anonymous_args = 0
 438              		@ link register save eliminated.
 333:Drivers/STM32F1xx_HAL_Driver/Src/stm32f1xx_hal_dac_ex.c ****   /* Prevent unused argument(s) compilation warning */
 334:Drivers/STM32F1xx_HAL_Driver/Src/stm32f1xx_hal_dac_ex.c ****   UNUSED(hdac);
 439              		.loc 1 334 3 view .LVU133
 335:Drivers/STM32F1xx_HAL_Driver/Src/stm32f1xx_hal_dac_ex.c **** 
 336:Drivers/STM32F1xx_HAL_Driver/Src/stm32f1xx_hal_dac_ex.c ****   /* NOTE : This function should not be modified, when the callback is needed,
 337:Drivers/STM32F1xx_HAL_Driver/Src/stm32f1xx_hal_dac_ex.c ****             the HAL_DACEx_ConvCpltCallbackCh2 could be implemented in the user file
 338:Drivers/STM32F1xx_HAL_Driver/Src/stm32f1xx_hal_dac_ex.c ****    */
 339:Drivers/STM32F1xx_HAL_Driver/Src/stm32f1xx_hal_dac_ex.c **** }
 440              		.loc 1 339 1 is_stmt 0 view .LVU134
 441 0000 7047     		bx	lr
 442              		.cfi_endproc
 443              	.LFE70:
 445              		.section	.text.HAL_DACEx_ConvHalfCpltCallbackCh2,"ax",%progbits
 446              		.align	1
 447              		.weak	HAL_DACEx_ConvHalfCpltCallbackCh2
 448              		.syntax unified
 449              		.thumb
ARM GAS  C:\Users\Kingj\AppData\Local\Temp\ccIV1q4d.s 			page 15


 450              		.thumb_func
 452              	HAL_DACEx_ConvHalfCpltCallbackCh2:
 453              	.LVL39:
 454              	.LFB71:
 340:Drivers/STM32F1xx_HAL_Driver/Src/stm32f1xx_hal_dac_ex.c **** 
 341:Drivers/STM32F1xx_HAL_Driver/Src/stm32f1xx_hal_dac_ex.c **** /**
 342:Drivers/STM32F1xx_HAL_Driver/Src/stm32f1xx_hal_dac_ex.c ****   * @brief  Conversion half DMA transfer callback in non-blocking mode for Channel2.
 343:Drivers/STM32F1xx_HAL_Driver/Src/stm32f1xx_hal_dac_ex.c ****   * @param  hdac pointer to a DAC_HandleTypeDef structure that contains
 344:Drivers/STM32F1xx_HAL_Driver/Src/stm32f1xx_hal_dac_ex.c ****   *         the configuration information for the specified DAC.
 345:Drivers/STM32F1xx_HAL_Driver/Src/stm32f1xx_hal_dac_ex.c ****   * @retval None
 346:Drivers/STM32F1xx_HAL_Driver/Src/stm32f1xx_hal_dac_ex.c ****   */
 347:Drivers/STM32F1xx_HAL_Driver/Src/stm32f1xx_hal_dac_ex.c **** __weak void HAL_DACEx_ConvHalfCpltCallbackCh2(DAC_HandleTypeDef *hdac)
 348:Drivers/STM32F1xx_HAL_Driver/Src/stm32f1xx_hal_dac_ex.c **** {
 455              		.loc 1 348 1 is_stmt 1 view -0
 456              		.cfi_startproc
 457              		@ args = 0, pretend = 0, frame = 0
 458              		@ frame_needed = 0, uses_anonymous_args = 0
 459              		@ link register save eliminated.
 349:Drivers/STM32F1xx_HAL_Driver/Src/stm32f1xx_hal_dac_ex.c ****   /* Prevent unused argument(s) compilation warning */
 350:Drivers/STM32F1xx_HAL_Driver/Src/stm32f1xx_hal_dac_ex.c ****   UNUSED(hdac);
 460              		.loc 1 350 3 view .LVU136
 351:Drivers/STM32F1xx_HAL_Driver/Src/stm32f1xx_hal_dac_ex.c **** 
 352:Drivers/STM32F1xx_HAL_Driver/Src/stm32f1xx_hal_dac_ex.c ****   /* NOTE : This function should not be modified, when the callback is needed,
 353:Drivers/STM32F1xx_HAL_Driver/Src/stm32f1xx_hal_dac_ex.c ****             the HAL_DACEx_ConvHalfCpltCallbackCh2 could be implemented in the user file
 354:Drivers/STM32F1xx_HAL_Driver/Src/stm32f1xx_hal_dac_ex.c ****    */
 355:Drivers/STM32F1xx_HAL_Driver/Src/stm32f1xx_hal_dac_ex.c **** }
 461              		.loc 1 355 1 is_stmt 0 view .LVU137
 462 0000 7047     		bx	lr
 463              		.cfi_endproc
 464              	.LFE71:
 466              		.section	.text.HAL_DACEx_ErrorCallbackCh2,"ax",%progbits
 467              		.align	1
 468              		.weak	HAL_DACEx_ErrorCallbackCh2
 469              		.syntax unified
 470              		.thumb
 471              		.thumb_func
 473              	HAL_DACEx_ErrorCallbackCh2:
 474              	.LVL40:
 475              	.LFB72:
 356:Drivers/STM32F1xx_HAL_Driver/Src/stm32f1xx_hal_dac_ex.c **** 
 357:Drivers/STM32F1xx_HAL_Driver/Src/stm32f1xx_hal_dac_ex.c **** /**
 358:Drivers/STM32F1xx_HAL_Driver/Src/stm32f1xx_hal_dac_ex.c ****   * @brief  Error DAC callback for Channel2.
 359:Drivers/STM32F1xx_HAL_Driver/Src/stm32f1xx_hal_dac_ex.c ****   * @param  hdac pointer to a DAC_HandleTypeDef structure that contains
 360:Drivers/STM32F1xx_HAL_Driver/Src/stm32f1xx_hal_dac_ex.c ****   *         the configuration information for the specified DAC.
 361:Drivers/STM32F1xx_HAL_Driver/Src/stm32f1xx_hal_dac_ex.c ****   * @retval None
 362:Drivers/STM32F1xx_HAL_Driver/Src/stm32f1xx_hal_dac_ex.c ****   */
 363:Drivers/STM32F1xx_HAL_Driver/Src/stm32f1xx_hal_dac_ex.c **** __weak void HAL_DACEx_ErrorCallbackCh2(DAC_HandleTypeDef *hdac)
 364:Drivers/STM32F1xx_HAL_Driver/Src/stm32f1xx_hal_dac_ex.c **** {
 476              		.loc 1 364 1 is_stmt 1 view -0
 477              		.cfi_startproc
 478              		@ args = 0, pretend = 0, frame = 0
 479              		@ frame_needed = 0, uses_anonymous_args = 0
 480              		@ link register save eliminated.
 365:Drivers/STM32F1xx_HAL_Driver/Src/stm32f1xx_hal_dac_ex.c ****   /* Prevent unused argument(s) compilation warning */
 366:Drivers/STM32F1xx_HAL_Driver/Src/stm32f1xx_hal_dac_ex.c ****   UNUSED(hdac);
 481              		.loc 1 366 3 view .LVU139
 367:Drivers/STM32F1xx_HAL_Driver/Src/stm32f1xx_hal_dac_ex.c **** 
ARM GAS  C:\Users\Kingj\AppData\Local\Temp\ccIV1q4d.s 			page 16


 368:Drivers/STM32F1xx_HAL_Driver/Src/stm32f1xx_hal_dac_ex.c ****   /* NOTE : This function should not be modified, when the callback is needed,
 369:Drivers/STM32F1xx_HAL_Driver/Src/stm32f1xx_hal_dac_ex.c ****             the HAL_DACEx_ErrorCallbackCh2 could be implemented in the user file
 370:Drivers/STM32F1xx_HAL_Driver/Src/stm32f1xx_hal_dac_ex.c ****    */
 371:Drivers/STM32F1xx_HAL_Driver/Src/stm32f1xx_hal_dac_ex.c **** }
 482              		.loc 1 371 1 is_stmt 0 view .LVU140
 483 0000 7047     		bx	lr
 484              		.cfi_endproc
 485              	.LFE72:
 487              		.section	.text.HAL_DACEx_DMAUnderrunCallbackCh2,"ax",%progbits
 488              		.align	1
 489              		.weak	HAL_DACEx_DMAUnderrunCallbackCh2
 490              		.syntax unified
 491              		.thumb
 492              		.thumb_func
 494              	HAL_DACEx_DMAUnderrunCallbackCh2:
 495              	.LVL41:
 496              	.LFB73:
 372:Drivers/STM32F1xx_HAL_Driver/Src/stm32f1xx_hal_dac_ex.c **** 
 373:Drivers/STM32F1xx_HAL_Driver/Src/stm32f1xx_hal_dac_ex.c **** /**
 374:Drivers/STM32F1xx_HAL_Driver/Src/stm32f1xx_hal_dac_ex.c ****   * @brief  DMA underrun DAC callback for Channel2.
 375:Drivers/STM32F1xx_HAL_Driver/Src/stm32f1xx_hal_dac_ex.c ****   * @param  hdac pointer to a DAC_HandleTypeDef structure that contains
 376:Drivers/STM32F1xx_HAL_Driver/Src/stm32f1xx_hal_dac_ex.c ****   *         the configuration information for the specified DAC.
 377:Drivers/STM32F1xx_HAL_Driver/Src/stm32f1xx_hal_dac_ex.c ****   * @retval None
 378:Drivers/STM32F1xx_HAL_Driver/Src/stm32f1xx_hal_dac_ex.c ****   */
 379:Drivers/STM32F1xx_HAL_Driver/Src/stm32f1xx_hal_dac_ex.c **** __weak void HAL_DACEx_DMAUnderrunCallbackCh2(DAC_HandleTypeDef *hdac)
 380:Drivers/STM32F1xx_HAL_Driver/Src/stm32f1xx_hal_dac_ex.c **** {
 497              		.loc 1 380 1 is_stmt 1 view -0
 498              		.cfi_startproc
 499              		@ args = 0, pretend = 0, frame = 0
 500              		@ frame_needed = 0, uses_anonymous_args = 0
 501              		@ link register save eliminated.
 381:Drivers/STM32F1xx_HAL_Driver/Src/stm32f1xx_hal_dac_ex.c ****   /* Prevent unused argument(s) compilation warning */
 382:Drivers/STM32F1xx_HAL_Driver/Src/stm32f1xx_hal_dac_ex.c ****   UNUSED(hdac);
 502              		.loc 1 382 3 view .LVU142
 383:Drivers/STM32F1xx_HAL_Driver/Src/stm32f1xx_hal_dac_ex.c **** 
 384:Drivers/STM32F1xx_HAL_Driver/Src/stm32f1xx_hal_dac_ex.c ****   /* NOTE : This function should not be modified, when the callback is needed,
 385:Drivers/STM32F1xx_HAL_Driver/Src/stm32f1xx_hal_dac_ex.c ****             the HAL_DACEx_DMAUnderrunCallbackCh2 could be implemented in the user file
 386:Drivers/STM32F1xx_HAL_Driver/Src/stm32f1xx_hal_dac_ex.c ****    */
 387:Drivers/STM32F1xx_HAL_Driver/Src/stm32f1xx_hal_dac_ex.c **** }
 503              		.loc 1 387 1 is_stmt 0 view .LVU143
 504 0000 7047     		bx	lr
 505              		.cfi_endproc
 506              	.LFE73:
 508              		.section	.text.HAL_DACEx_DualGetValue,"ax",%progbits
 509              		.align	1
 510              		.global	HAL_DACEx_DualGetValue
 511              		.syntax unified
 512              		.thumb
 513              		.thumb_func
 515              	HAL_DACEx_DualGetValue:
 516              	.LVL42:
 517              	.LFB74:
 388:Drivers/STM32F1xx_HAL_Driver/Src/stm32f1xx_hal_dac_ex.c **** 
 389:Drivers/STM32F1xx_HAL_Driver/Src/stm32f1xx_hal_dac_ex.c **** 
 390:Drivers/STM32F1xx_HAL_Driver/Src/stm32f1xx_hal_dac_ex.c **** /**
 391:Drivers/STM32F1xx_HAL_Driver/Src/stm32f1xx_hal_dac_ex.c ****   * @}
 392:Drivers/STM32F1xx_HAL_Driver/Src/stm32f1xx_hal_dac_ex.c ****   */
ARM GAS  C:\Users\Kingj\AppData\Local\Temp\ccIV1q4d.s 			page 17


 393:Drivers/STM32F1xx_HAL_Driver/Src/stm32f1xx_hal_dac_ex.c **** 
 394:Drivers/STM32F1xx_HAL_Driver/Src/stm32f1xx_hal_dac_ex.c **** /** @defgroup DACEx_Exported_Functions_Group3 Peripheral Control functions
 395:Drivers/STM32F1xx_HAL_Driver/Src/stm32f1xx_hal_dac_ex.c ****   *  @brief    Extended Peripheral Control functions
 396:Drivers/STM32F1xx_HAL_Driver/Src/stm32f1xx_hal_dac_ex.c ****   *
 397:Drivers/STM32F1xx_HAL_Driver/Src/stm32f1xx_hal_dac_ex.c **** @verbatim
 398:Drivers/STM32F1xx_HAL_Driver/Src/stm32f1xx_hal_dac_ex.c ****   ==============================================================================
 399:Drivers/STM32F1xx_HAL_Driver/Src/stm32f1xx_hal_dac_ex.c ****              ##### Peripheral Control functions #####
 400:Drivers/STM32F1xx_HAL_Driver/Src/stm32f1xx_hal_dac_ex.c ****   ==============================================================================
 401:Drivers/STM32F1xx_HAL_Driver/Src/stm32f1xx_hal_dac_ex.c ****     [..]  This section provides functions allowing to:
 402:Drivers/STM32F1xx_HAL_Driver/Src/stm32f1xx_hal_dac_ex.c ****       (+) Set the specified data holding register value for DAC channel.
 403:Drivers/STM32F1xx_HAL_Driver/Src/stm32f1xx_hal_dac_ex.c **** 
 404:Drivers/STM32F1xx_HAL_Driver/Src/stm32f1xx_hal_dac_ex.c **** @endverbatim
 405:Drivers/STM32F1xx_HAL_Driver/Src/stm32f1xx_hal_dac_ex.c ****   * @{
 406:Drivers/STM32F1xx_HAL_Driver/Src/stm32f1xx_hal_dac_ex.c ****   */
 407:Drivers/STM32F1xx_HAL_Driver/Src/stm32f1xx_hal_dac_ex.c **** 
 408:Drivers/STM32F1xx_HAL_Driver/Src/stm32f1xx_hal_dac_ex.c **** 
 409:Drivers/STM32F1xx_HAL_Driver/Src/stm32f1xx_hal_dac_ex.c **** /**
 410:Drivers/STM32F1xx_HAL_Driver/Src/stm32f1xx_hal_dac_ex.c ****   * @brief  Return the last data output value of the selected DAC channel.
 411:Drivers/STM32F1xx_HAL_Driver/Src/stm32f1xx_hal_dac_ex.c ****   * @param  hdac pointer to a DAC_HandleTypeDef structure that contains
 412:Drivers/STM32F1xx_HAL_Driver/Src/stm32f1xx_hal_dac_ex.c ****   *         the configuration information for the specified DAC.
 413:Drivers/STM32F1xx_HAL_Driver/Src/stm32f1xx_hal_dac_ex.c ****   * @retval The selected DAC channel data output value.
 414:Drivers/STM32F1xx_HAL_Driver/Src/stm32f1xx_hal_dac_ex.c ****   */
 415:Drivers/STM32F1xx_HAL_Driver/Src/stm32f1xx_hal_dac_ex.c **** uint32_t HAL_DACEx_DualGetValue(const DAC_HandleTypeDef *hdac)
 416:Drivers/STM32F1xx_HAL_Driver/Src/stm32f1xx_hal_dac_ex.c **** {
 518              		.loc 1 416 1 is_stmt 1 view -0
 519              		.cfi_startproc
 520              		@ args = 0, pretend = 0, frame = 0
 521              		@ frame_needed = 0, uses_anonymous_args = 0
 522              		@ link register save eliminated.
 417:Drivers/STM32F1xx_HAL_Driver/Src/stm32f1xx_hal_dac_ex.c ****   uint32_t tmp = 0UL;
 523              		.loc 1 417 3 view .LVU145
 418:Drivers/STM32F1xx_HAL_Driver/Src/stm32f1xx_hal_dac_ex.c **** 
 419:Drivers/STM32F1xx_HAL_Driver/Src/stm32f1xx_hal_dac_ex.c ****   tmp |= hdac->Instance->DOR1;
 524              		.loc 1 419 3 view .LVU146
 525              		.loc 1 419 14 is_stmt 0 view .LVU147
 526 0000 0368     		ldr	r3, [r0]
 527              		.loc 1 419 24 view .LVU148
 528 0002 DA6A     		ldr	r2, [r3, #44]
 529              	.LVL43:
 420:Drivers/STM32F1xx_HAL_Driver/Src/stm32f1xx_hal_dac_ex.c **** 
 421:Drivers/STM32F1xx_HAL_Driver/Src/stm32f1xx_hal_dac_ex.c ****   tmp |= hdac->Instance->DOR2 << 16UL;
 530              		.loc 1 421 3 is_stmt 1 view .LVU149
 531              		.loc 1 421 24 is_stmt 0 view .LVU150
 532 0004 186B     		ldr	r0, [r3, #48]
 533              	.LVL44:
 422:Drivers/STM32F1xx_HAL_Driver/Src/stm32f1xx_hal_dac_ex.c **** 
 423:Drivers/STM32F1xx_HAL_Driver/Src/stm32f1xx_hal_dac_ex.c ****   /* Returns the DAC channel data output register value */
 424:Drivers/STM32F1xx_HAL_Driver/Src/stm32f1xx_hal_dac_ex.c ****   return tmp;
 534              		.loc 1 424 3 is_stmt 1 view .LVU151
 425:Drivers/STM32F1xx_HAL_Driver/Src/stm32f1xx_hal_dac_ex.c **** }
 535              		.loc 1 425 1 is_stmt 0 view .LVU152
 536 0006 42EA0040 		orr	r0, r2, r0, lsl #16
 537              	.LVL45:
 538              		.loc 1 425 1 view .LVU153
 539 000a 7047     		bx	lr
 540              		.cfi_endproc
 541              	.LFE74:
ARM GAS  C:\Users\Kingj\AppData\Local\Temp\ccIV1q4d.s 			page 18


 543              		.section	.text.DAC_DMAConvCpltCh2,"ax",%progbits
 544              		.align	1
 545              		.global	DAC_DMAConvCpltCh2
 546              		.syntax unified
 547              		.thumb
 548              		.thumb_func
 550              	DAC_DMAConvCpltCh2:
 551              	.LVL46:
 552              	.LFB75:
 426:Drivers/STM32F1xx_HAL_Driver/Src/stm32f1xx_hal_dac_ex.c **** 
 427:Drivers/STM32F1xx_HAL_Driver/Src/stm32f1xx_hal_dac_ex.c **** 
 428:Drivers/STM32F1xx_HAL_Driver/Src/stm32f1xx_hal_dac_ex.c **** /**
 429:Drivers/STM32F1xx_HAL_Driver/Src/stm32f1xx_hal_dac_ex.c ****   * @}
 430:Drivers/STM32F1xx_HAL_Driver/Src/stm32f1xx_hal_dac_ex.c ****   */
 431:Drivers/STM32F1xx_HAL_Driver/Src/stm32f1xx_hal_dac_ex.c **** /**
 432:Drivers/STM32F1xx_HAL_Driver/Src/stm32f1xx_hal_dac_ex.c ****   * @}
 433:Drivers/STM32F1xx_HAL_Driver/Src/stm32f1xx_hal_dac_ex.c ****   */
 434:Drivers/STM32F1xx_HAL_Driver/Src/stm32f1xx_hal_dac_ex.c **** 
 435:Drivers/STM32F1xx_HAL_Driver/Src/stm32f1xx_hal_dac_ex.c **** /* Private functions ---------------------------------------------------------*/
 436:Drivers/STM32F1xx_HAL_Driver/Src/stm32f1xx_hal_dac_ex.c **** /** @defgroup DACEx_Private_Functions DACEx private functions
 437:Drivers/STM32F1xx_HAL_Driver/Src/stm32f1xx_hal_dac_ex.c ****   *  @brief    Extended private functions
 438:Drivers/STM32F1xx_HAL_Driver/Src/stm32f1xx_hal_dac_ex.c ****   * @{
 439:Drivers/STM32F1xx_HAL_Driver/Src/stm32f1xx_hal_dac_ex.c ****   */
 440:Drivers/STM32F1xx_HAL_Driver/Src/stm32f1xx_hal_dac_ex.c **** 
 441:Drivers/STM32F1xx_HAL_Driver/Src/stm32f1xx_hal_dac_ex.c **** 
 442:Drivers/STM32F1xx_HAL_Driver/Src/stm32f1xx_hal_dac_ex.c **** /**
 443:Drivers/STM32F1xx_HAL_Driver/Src/stm32f1xx_hal_dac_ex.c ****   * @brief  DMA conversion complete callback.
 444:Drivers/STM32F1xx_HAL_Driver/Src/stm32f1xx_hal_dac_ex.c ****   * @param  hdma pointer to a DMA_HandleTypeDef structure that contains
 445:Drivers/STM32F1xx_HAL_Driver/Src/stm32f1xx_hal_dac_ex.c ****   *                the configuration information for the specified DMA module.
 446:Drivers/STM32F1xx_HAL_Driver/Src/stm32f1xx_hal_dac_ex.c ****   * @retval None
 447:Drivers/STM32F1xx_HAL_Driver/Src/stm32f1xx_hal_dac_ex.c ****   */
 448:Drivers/STM32F1xx_HAL_Driver/Src/stm32f1xx_hal_dac_ex.c **** void DAC_DMAConvCpltCh2(DMA_HandleTypeDef *hdma)
 449:Drivers/STM32F1xx_HAL_Driver/Src/stm32f1xx_hal_dac_ex.c **** {
 553              		.loc 1 449 1 is_stmt 1 view -0
 554              		.cfi_startproc
 555              		@ args = 0, pretend = 0, frame = 0
 556              		@ frame_needed = 0, uses_anonymous_args = 0
 557              		.loc 1 449 1 is_stmt 0 view .LVU155
 558 0000 10B5     		push	{r4, lr}
 559              	.LCFI4:
 560              		.cfi_def_cfa_offset 8
 561              		.cfi_offset 4, -8
 562              		.cfi_offset 14, -4
 450:Drivers/STM32F1xx_HAL_Driver/Src/stm32f1xx_hal_dac_ex.c ****   DAC_HandleTypeDef *hdac = (DAC_HandleTypeDef *)((DMA_HandleTypeDef *)hdma)->Parent;
 563              		.loc 1 450 3 is_stmt 1 view .LVU156
 564              		.loc 1 450 22 is_stmt 0 view .LVU157
 565 0002 446A     		ldr	r4, [r0, #36]
 566              	.LVL47:
 451:Drivers/STM32F1xx_HAL_Driver/Src/stm32f1xx_hal_dac_ex.c **** 
 452:Drivers/STM32F1xx_HAL_Driver/Src/stm32f1xx_hal_dac_ex.c **** #if (USE_HAL_DAC_REGISTER_CALLBACKS == 1)
 453:Drivers/STM32F1xx_HAL_Driver/Src/stm32f1xx_hal_dac_ex.c ****   hdac->ConvCpltCallbackCh2(hdac);
 454:Drivers/STM32F1xx_HAL_Driver/Src/stm32f1xx_hal_dac_ex.c **** #else
 455:Drivers/STM32F1xx_HAL_Driver/Src/stm32f1xx_hal_dac_ex.c ****   HAL_DACEx_ConvCpltCallbackCh2(hdac);
 567              		.loc 1 455 3 is_stmt 1 view .LVU158
 568 0004 2046     		mov	r0, r4
 569              	.LVL48:
 570              		.loc 1 455 3 is_stmt 0 view .LVU159
ARM GAS  C:\Users\Kingj\AppData\Local\Temp\ccIV1q4d.s 			page 19


 571 0006 FFF7FEFF 		bl	HAL_DACEx_ConvCpltCallbackCh2
 572              	.LVL49:
 456:Drivers/STM32F1xx_HAL_Driver/Src/stm32f1xx_hal_dac_ex.c **** #endif /* USE_HAL_DAC_REGISTER_CALLBACKS */
 457:Drivers/STM32F1xx_HAL_Driver/Src/stm32f1xx_hal_dac_ex.c **** 
 458:Drivers/STM32F1xx_HAL_Driver/Src/stm32f1xx_hal_dac_ex.c ****   hdac->State = HAL_DAC_STATE_READY;
 573              		.loc 1 458 3 is_stmt 1 view .LVU160
 574              		.loc 1 458 15 is_stmt 0 view .LVU161
 575 000a 0123     		movs	r3, #1
 576 000c 2371     		strb	r3, [r4, #4]
 459:Drivers/STM32F1xx_HAL_Driver/Src/stm32f1xx_hal_dac_ex.c **** }
 577              		.loc 1 459 1 view .LVU162
 578 000e 10BD     		pop	{r4, pc}
 579              		.loc 1 459 1 view .LVU163
 580              		.cfi_endproc
 581              	.LFE75:
 583              		.section	.text.DAC_DMAHalfConvCpltCh2,"ax",%progbits
 584              		.align	1
 585              		.global	DAC_DMAHalfConvCpltCh2
 586              		.syntax unified
 587              		.thumb
 588              		.thumb_func
 590              	DAC_DMAHalfConvCpltCh2:
 591              	.LVL50:
 592              	.LFB76:
 460:Drivers/STM32F1xx_HAL_Driver/Src/stm32f1xx_hal_dac_ex.c **** 
 461:Drivers/STM32F1xx_HAL_Driver/Src/stm32f1xx_hal_dac_ex.c **** /**
 462:Drivers/STM32F1xx_HAL_Driver/Src/stm32f1xx_hal_dac_ex.c ****   * @brief  DMA half transfer complete callback.
 463:Drivers/STM32F1xx_HAL_Driver/Src/stm32f1xx_hal_dac_ex.c ****   * @param  hdma pointer to a DMA_HandleTypeDef structure that contains
 464:Drivers/STM32F1xx_HAL_Driver/Src/stm32f1xx_hal_dac_ex.c ****   *                the configuration information for the specified DMA module.
 465:Drivers/STM32F1xx_HAL_Driver/Src/stm32f1xx_hal_dac_ex.c ****   * @retval None
 466:Drivers/STM32F1xx_HAL_Driver/Src/stm32f1xx_hal_dac_ex.c ****   */
 467:Drivers/STM32F1xx_HAL_Driver/Src/stm32f1xx_hal_dac_ex.c **** void DAC_DMAHalfConvCpltCh2(DMA_HandleTypeDef *hdma)
 468:Drivers/STM32F1xx_HAL_Driver/Src/stm32f1xx_hal_dac_ex.c **** {
 593              		.loc 1 468 1 is_stmt 1 view -0
 594              		.cfi_startproc
 595              		@ args = 0, pretend = 0, frame = 0
 596              		@ frame_needed = 0, uses_anonymous_args = 0
 597              		.loc 1 468 1 is_stmt 0 view .LVU165
 598 0000 08B5     		push	{r3, lr}
 599              	.LCFI5:
 600              		.cfi_def_cfa_offset 8
 601              		.cfi_offset 3, -8
 602              		.cfi_offset 14, -4
 469:Drivers/STM32F1xx_HAL_Driver/Src/stm32f1xx_hal_dac_ex.c ****   DAC_HandleTypeDef *hdac = (DAC_HandleTypeDef *)((DMA_HandleTypeDef *)hdma)->Parent;
 603              		.loc 1 469 3 is_stmt 1 view .LVU166
 604              	.LVL51:
 470:Drivers/STM32F1xx_HAL_Driver/Src/stm32f1xx_hal_dac_ex.c ****   /* Conversion complete callback */
 471:Drivers/STM32F1xx_HAL_Driver/Src/stm32f1xx_hal_dac_ex.c **** #if (USE_HAL_DAC_REGISTER_CALLBACKS == 1)
 472:Drivers/STM32F1xx_HAL_Driver/Src/stm32f1xx_hal_dac_ex.c ****   hdac->ConvHalfCpltCallbackCh2(hdac);
 473:Drivers/STM32F1xx_HAL_Driver/Src/stm32f1xx_hal_dac_ex.c **** #else
 474:Drivers/STM32F1xx_HAL_Driver/Src/stm32f1xx_hal_dac_ex.c ****   HAL_DACEx_ConvHalfCpltCallbackCh2(hdac);
 605              		.loc 1 474 3 view .LVU167
 606 0002 406A     		ldr	r0, [r0, #36]
 607              	.LVL52:
 608              		.loc 1 474 3 is_stmt 0 view .LVU168
 609 0004 FFF7FEFF 		bl	HAL_DACEx_ConvHalfCpltCallbackCh2
 610              	.LVL53:
ARM GAS  C:\Users\Kingj\AppData\Local\Temp\ccIV1q4d.s 			page 20


 475:Drivers/STM32F1xx_HAL_Driver/Src/stm32f1xx_hal_dac_ex.c **** #endif /* USE_HAL_DAC_REGISTER_CALLBACKS */
 476:Drivers/STM32F1xx_HAL_Driver/Src/stm32f1xx_hal_dac_ex.c **** }
 611              		.loc 1 476 1 view .LVU169
 612 0008 08BD     		pop	{r3, pc}
 613              		.cfi_endproc
 614              	.LFE76:
 616              		.section	.text.DAC_DMAErrorCh2,"ax",%progbits
 617              		.align	1
 618              		.global	DAC_DMAErrorCh2
 619              		.syntax unified
 620              		.thumb
 621              		.thumb_func
 623              	DAC_DMAErrorCh2:
 624              	.LVL54:
 625              	.LFB77:
 477:Drivers/STM32F1xx_HAL_Driver/Src/stm32f1xx_hal_dac_ex.c **** 
 478:Drivers/STM32F1xx_HAL_Driver/Src/stm32f1xx_hal_dac_ex.c **** /**
 479:Drivers/STM32F1xx_HAL_Driver/Src/stm32f1xx_hal_dac_ex.c ****   * @brief  DMA error callback.
 480:Drivers/STM32F1xx_HAL_Driver/Src/stm32f1xx_hal_dac_ex.c ****   * @param  hdma pointer to a DMA_HandleTypeDef structure that contains
 481:Drivers/STM32F1xx_HAL_Driver/Src/stm32f1xx_hal_dac_ex.c ****   *                the configuration information for the specified DMA module.
 482:Drivers/STM32F1xx_HAL_Driver/Src/stm32f1xx_hal_dac_ex.c ****   * @retval None
 483:Drivers/STM32F1xx_HAL_Driver/Src/stm32f1xx_hal_dac_ex.c ****   */
 484:Drivers/STM32F1xx_HAL_Driver/Src/stm32f1xx_hal_dac_ex.c **** void DAC_DMAErrorCh2(DMA_HandleTypeDef *hdma)
 485:Drivers/STM32F1xx_HAL_Driver/Src/stm32f1xx_hal_dac_ex.c **** {
 626              		.loc 1 485 1 is_stmt 1 view -0
 627              		.cfi_startproc
 628              		@ args = 0, pretend = 0, frame = 0
 629              		@ frame_needed = 0, uses_anonymous_args = 0
 630              		.loc 1 485 1 is_stmt 0 view .LVU171
 631 0000 10B5     		push	{r4, lr}
 632              	.LCFI6:
 633              		.cfi_def_cfa_offset 8
 634              		.cfi_offset 4, -8
 635              		.cfi_offset 14, -4
 486:Drivers/STM32F1xx_HAL_Driver/Src/stm32f1xx_hal_dac_ex.c ****   DAC_HandleTypeDef *hdac = (DAC_HandleTypeDef *)((DMA_HandleTypeDef *)hdma)->Parent;
 636              		.loc 1 486 3 is_stmt 1 view .LVU172
 637              		.loc 1 486 22 is_stmt 0 view .LVU173
 638 0002 446A     		ldr	r4, [r0, #36]
 639              	.LVL55:
 487:Drivers/STM32F1xx_HAL_Driver/Src/stm32f1xx_hal_dac_ex.c **** 
 488:Drivers/STM32F1xx_HAL_Driver/Src/stm32f1xx_hal_dac_ex.c ****   /* Set DAC error code to DMA error */
 489:Drivers/STM32F1xx_HAL_Driver/Src/stm32f1xx_hal_dac_ex.c ****   hdac->ErrorCode |= HAL_DAC_ERROR_DMA;
 640              		.loc 1 489 3 is_stmt 1 view .LVU174
 641              		.loc 1 489 19 is_stmt 0 view .LVU175
 642 0004 2369     		ldr	r3, [r4, #16]
 643 0006 43F00403 		orr	r3, r3, #4
 644 000a 2361     		str	r3, [r4, #16]
 490:Drivers/STM32F1xx_HAL_Driver/Src/stm32f1xx_hal_dac_ex.c **** 
 491:Drivers/STM32F1xx_HAL_Driver/Src/stm32f1xx_hal_dac_ex.c **** #if (USE_HAL_DAC_REGISTER_CALLBACKS == 1)
 492:Drivers/STM32F1xx_HAL_Driver/Src/stm32f1xx_hal_dac_ex.c ****   hdac->ErrorCallbackCh2(hdac);
 493:Drivers/STM32F1xx_HAL_Driver/Src/stm32f1xx_hal_dac_ex.c **** #else
 494:Drivers/STM32F1xx_HAL_Driver/Src/stm32f1xx_hal_dac_ex.c ****   HAL_DACEx_ErrorCallbackCh2(hdac);
 645              		.loc 1 494 3 is_stmt 1 view .LVU176
 646 000c 2046     		mov	r0, r4
 647              	.LVL56:
 648              		.loc 1 494 3 is_stmt 0 view .LVU177
 649 000e FFF7FEFF 		bl	HAL_DACEx_ErrorCallbackCh2
ARM GAS  C:\Users\Kingj\AppData\Local\Temp\ccIV1q4d.s 			page 21


 650              	.LVL57:
 495:Drivers/STM32F1xx_HAL_Driver/Src/stm32f1xx_hal_dac_ex.c **** #endif /* USE_HAL_DAC_REGISTER_CALLBACKS */
 496:Drivers/STM32F1xx_HAL_Driver/Src/stm32f1xx_hal_dac_ex.c **** 
 497:Drivers/STM32F1xx_HAL_Driver/Src/stm32f1xx_hal_dac_ex.c ****   hdac->State = HAL_DAC_STATE_READY;
 651              		.loc 1 497 3 is_stmt 1 view .LVU178
 652              		.loc 1 497 15 is_stmt 0 view .LVU179
 653 0012 0123     		movs	r3, #1
 654 0014 2371     		strb	r3, [r4, #4]
 498:Drivers/STM32F1xx_HAL_Driver/Src/stm32f1xx_hal_dac_ex.c **** }
 655              		.loc 1 498 1 view .LVU180
 656 0016 10BD     		pop	{r4, pc}
 657              		.loc 1 498 1 view .LVU181
 658              		.cfi_endproc
 659              	.LFE77:
 661              		.text
 662              	.Letext0:
 663              		.file 2 "d:\\arm-gcc\\gcc\\arm-none-eabi\\include\\machine\\_default_types.h"
 664              		.file 3 "d:\\arm-gcc\\gcc\\arm-none-eabi\\include\\sys\\_stdint.h"
 665              		.file 4 "Drivers/CMSIS/Device/ST/STM32F1xx/Include/stm32f103xe.h"
 666              		.file 5 "Drivers/STM32F1xx_HAL_Driver/Inc/stm32f1xx_hal_def.h"
 667              		.file 6 "Drivers/STM32F1xx_HAL_Driver/Inc/stm32f1xx_hal_dma.h"
 668              		.file 7 "Drivers/STM32F1xx_HAL_Driver/Inc/stm32f1xx_hal_dac.h"
ARM GAS  C:\Users\Kingj\AppData\Local\Temp\ccIV1q4d.s 			page 22


DEFINED SYMBOLS
                            *ABS*:00000000 stm32f1xx_hal_dac_ex.c
C:\Users\Kingj\AppData\Local\Temp\ccIV1q4d.s:18     .text.HAL_DACEx_DualStart:00000000 $t
C:\Users\Kingj\AppData\Local\Temp\ccIV1q4d.s:24     .text.HAL_DACEx_DualStart:00000000 HAL_DACEx_DualStart
C:\Users\Kingj\AppData\Local\Temp\ccIV1q4d.s:135    .text.HAL_DACEx_DualStop:00000000 $t
C:\Users\Kingj\AppData\Local\Temp\ccIV1q4d.s:141    .text.HAL_DACEx_DualStop:00000000 HAL_DACEx_DualStop
C:\Users\Kingj\AppData\Local\Temp\ccIV1q4d.s:183    .text.HAL_DACEx_TriangleWaveGenerate:00000000 $t
C:\Users\Kingj\AppData\Local\Temp\ccIV1q4d.s:189    .text.HAL_DACEx_TriangleWaveGenerate:00000000 HAL_DACEx_TriangleWaveGenerate
C:\Users\Kingj\AppData\Local\Temp\ccIV1q4d.s:270    .text.HAL_DACEx_NoiseWaveGenerate:00000000 $t
C:\Users\Kingj\AppData\Local\Temp\ccIV1q4d.s:276    .text.HAL_DACEx_NoiseWaveGenerate:00000000 HAL_DACEx_NoiseWaveGenerate
C:\Users\Kingj\AppData\Local\Temp\ccIV1q4d.s:357    .text.HAL_DACEx_DualSetValue:00000000 $t
C:\Users\Kingj\AppData\Local\Temp\ccIV1q4d.s:363    .text.HAL_DACEx_DualSetValue:00000000 HAL_DACEx_DualSetValue
C:\Users\Kingj\AppData\Local\Temp\ccIV1q4d.s:425    .text.HAL_DACEx_ConvCpltCallbackCh2:00000000 $t
C:\Users\Kingj\AppData\Local\Temp\ccIV1q4d.s:431    .text.HAL_DACEx_ConvCpltCallbackCh2:00000000 HAL_DACEx_ConvCpltCallbackCh2
C:\Users\Kingj\AppData\Local\Temp\ccIV1q4d.s:446    .text.HAL_DACEx_ConvHalfCpltCallbackCh2:00000000 $t
C:\Users\Kingj\AppData\Local\Temp\ccIV1q4d.s:452    .text.HAL_DACEx_ConvHalfCpltCallbackCh2:00000000 HAL_DACEx_ConvHalfCpltCallbackCh2
C:\Users\Kingj\AppData\Local\Temp\ccIV1q4d.s:467    .text.HAL_DACEx_ErrorCallbackCh2:00000000 $t
C:\Users\Kingj\AppData\Local\Temp\ccIV1q4d.s:473    .text.HAL_DACEx_ErrorCallbackCh2:00000000 HAL_DACEx_ErrorCallbackCh2
C:\Users\Kingj\AppData\Local\Temp\ccIV1q4d.s:488    .text.HAL_DACEx_DMAUnderrunCallbackCh2:00000000 $t
C:\Users\Kingj\AppData\Local\Temp\ccIV1q4d.s:494    .text.HAL_DACEx_DMAUnderrunCallbackCh2:00000000 HAL_DACEx_DMAUnderrunCallbackCh2
C:\Users\Kingj\AppData\Local\Temp\ccIV1q4d.s:509    .text.HAL_DACEx_DualGetValue:00000000 $t
C:\Users\Kingj\AppData\Local\Temp\ccIV1q4d.s:515    .text.HAL_DACEx_DualGetValue:00000000 HAL_DACEx_DualGetValue
C:\Users\Kingj\AppData\Local\Temp\ccIV1q4d.s:544    .text.DAC_DMAConvCpltCh2:00000000 $t
C:\Users\Kingj\AppData\Local\Temp\ccIV1q4d.s:550    .text.DAC_DMAConvCpltCh2:00000000 DAC_DMAConvCpltCh2
C:\Users\Kingj\AppData\Local\Temp\ccIV1q4d.s:584    .text.DAC_DMAHalfConvCpltCh2:00000000 $t
C:\Users\Kingj\AppData\Local\Temp\ccIV1q4d.s:590    .text.DAC_DMAHalfConvCpltCh2:00000000 DAC_DMAHalfConvCpltCh2
C:\Users\Kingj\AppData\Local\Temp\ccIV1q4d.s:617    .text.DAC_DMAErrorCh2:00000000 $t
C:\Users\Kingj\AppData\Local\Temp\ccIV1q4d.s:623    .text.DAC_DMAErrorCh2:00000000 DAC_DMAErrorCh2

NO UNDEFINED SYMBOLS
