ARM GAS  C:\Users\Kingj\AppData\Local\Temp\cclARUec.s 			page 1


   1              		.cpu cortex-m3
   2              		.arch armv7-m
   3              		.fpu softvfp
   4              		.eabi_attribute 20, 1
   5              		.eabi_attribute 21, 1
   6              		.eabi_attribute 23, 3
   7              		.eabi_attribute 24, 1
   8              		.eabi_attribute 25, 1
   9              		.eabi_attribute 26, 1
  10              		.eabi_attribute 30, 1
  11              		.eabi_attribute 34, 1
  12              		.eabi_attribute 18, 4
  13              		.file	"stm32f1xx_hal_msp.c"
  14              		.text
  15              	.Ltext0:
  16              		.cfi_sections	.debug_frame
  17              		.section	.text.HAL_MspInit,"ax",%progbits
  18              		.align	1
  19              		.global	HAL_MspInit
  20              		.syntax unified
  21              		.thumb
  22              		.thumb_func
  24              	HAL_MspInit:
  25              	.LFB65:
  26              		.file 1 "Core/Src/stm32f1xx_hal_msp.c"
   1:Core/Src/stm32f1xx_hal_msp.c **** /* USER CODE BEGIN Header */
   2:Core/Src/stm32f1xx_hal_msp.c **** /**
   3:Core/Src/stm32f1xx_hal_msp.c ****   ******************************************************************************
   4:Core/Src/stm32f1xx_hal_msp.c ****   * @file         stm32f1xx_hal_msp.c
   5:Core/Src/stm32f1xx_hal_msp.c ****   * @brief        This file provides code for the MSP Initialization
   6:Core/Src/stm32f1xx_hal_msp.c ****   *               and de-Initialization codes.
   7:Core/Src/stm32f1xx_hal_msp.c ****   ******************************************************************************
   8:Core/Src/stm32f1xx_hal_msp.c ****   * @attention
   9:Core/Src/stm32f1xx_hal_msp.c ****   *
  10:Core/Src/stm32f1xx_hal_msp.c ****   * Copyright (c) 2024 STMicroelectronics.
  11:Core/Src/stm32f1xx_hal_msp.c ****   * All rights reserved.
  12:Core/Src/stm32f1xx_hal_msp.c ****   *
  13:Core/Src/stm32f1xx_hal_msp.c ****   * This software is licensed under terms that can be found in the LICENSE file
  14:Core/Src/stm32f1xx_hal_msp.c ****   * in the root directory of this software component.
  15:Core/Src/stm32f1xx_hal_msp.c ****   * If no LICENSE file comes with this software, it is provided AS-IS.
  16:Core/Src/stm32f1xx_hal_msp.c ****   *
  17:Core/Src/stm32f1xx_hal_msp.c ****   ******************************************************************************
  18:Core/Src/stm32f1xx_hal_msp.c ****   */
  19:Core/Src/stm32f1xx_hal_msp.c **** /* USER CODE END Header */
  20:Core/Src/stm32f1xx_hal_msp.c **** 
  21:Core/Src/stm32f1xx_hal_msp.c **** /* Includes ------------------------------------------------------------------*/
  22:Core/Src/stm32f1xx_hal_msp.c **** #include "main.h"
  23:Core/Src/stm32f1xx_hal_msp.c **** 
  24:Core/Src/stm32f1xx_hal_msp.c **** /* USER CODE BEGIN Includes */
  25:Core/Src/stm32f1xx_hal_msp.c **** 
  26:Core/Src/stm32f1xx_hal_msp.c **** /* USER CODE END Includes */
  27:Core/Src/stm32f1xx_hal_msp.c **** 
  28:Core/Src/stm32f1xx_hal_msp.c **** /* Private typedef -----------------------------------------------------------*/
  29:Core/Src/stm32f1xx_hal_msp.c **** /* USER CODE BEGIN TD */
  30:Core/Src/stm32f1xx_hal_msp.c **** 
  31:Core/Src/stm32f1xx_hal_msp.c **** /* USER CODE END TD */
  32:Core/Src/stm32f1xx_hal_msp.c **** 
ARM GAS  C:\Users\Kingj\AppData\Local\Temp\cclARUec.s 			page 2


  33:Core/Src/stm32f1xx_hal_msp.c **** /* Private define ------------------------------------------------------------*/
  34:Core/Src/stm32f1xx_hal_msp.c **** /* USER CODE BEGIN Define */
  35:Core/Src/stm32f1xx_hal_msp.c **** 
  36:Core/Src/stm32f1xx_hal_msp.c **** /* USER CODE END Define */
  37:Core/Src/stm32f1xx_hal_msp.c **** 
  38:Core/Src/stm32f1xx_hal_msp.c **** /* Private macro -------------------------------------------------------------*/
  39:Core/Src/stm32f1xx_hal_msp.c **** /* USER CODE BEGIN Macro */
  40:Core/Src/stm32f1xx_hal_msp.c **** 
  41:Core/Src/stm32f1xx_hal_msp.c **** /* USER CODE END Macro */
  42:Core/Src/stm32f1xx_hal_msp.c **** 
  43:Core/Src/stm32f1xx_hal_msp.c **** /* Private variables ---------------------------------------------------------*/
  44:Core/Src/stm32f1xx_hal_msp.c **** /* USER CODE BEGIN PV */
  45:Core/Src/stm32f1xx_hal_msp.c **** 
  46:Core/Src/stm32f1xx_hal_msp.c **** /* USER CODE END PV */
  47:Core/Src/stm32f1xx_hal_msp.c **** 
  48:Core/Src/stm32f1xx_hal_msp.c **** /* Private function prototypes -----------------------------------------------*/
  49:Core/Src/stm32f1xx_hal_msp.c **** /* USER CODE BEGIN PFP */
  50:Core/Src/stm32f1xx_hal_msp.c **** 
  51:Core/Src/stm32f1xx_hal_msp.c **** /* USER CODE END PFP */
  52:Core/Src/stm32f1xx_hal_msp.c **** 
  53:Core/Src/stm32f1xx_hal_msp.c **** /* External functions --------------------------------------------------------*/
  54:Core/Src/stm32f1xx_hal_msp.c **** /* USER CODE BEGIN ExternalFunctions */
  55:Core/Src/stm32f1xx_hal_msp.c **** 
  56:Core/Src/stm32f1xx_hal_msp.c **** /* USER CODE END ExternalFunctions */
  57:Core/Src/stm32f1xx_hal_msp.c **** 
  58:Core/Src/stm32f1xx_hal_msp.c **** /* USER CODE BEGIN 0 */
  59:Core/Src/stm32f1xx_hal_msp.c **** 
  60:Core/Src/stm32f1xx_hal_msp.c **** /* USER CODE END 0 */
  61:Core/Src/stm32f1xx_hal_msp.c **** /**
  62:Core/Src/stm32f1xx_hal_msp.c ****   * Initializes the Global MSP.
  63:Core/Src/stm32f1xx_hal_msp.c ****   */
  64:Core/Src/stm32f1xx_hal_msp.c **** void HAL_MspInit(void)
  65:Core/Src/stm32f1xx_hal_msp.c **** {
  27              		.loc 1 65 1 view -0
  28              		.cfi_startproc
  29              		@ args = 0, pretend = 0, frame = 8
  30              		@ frame_needed = 0, uses_anonymous_args = 0
  31              		@ link register save eliminated.
  32 0000 82B0     		sub	sp, sp, #8
  33              	.LCFI0:
  34              		.cfi_def_cfa_offset 8
  66:Core/Src/stm32f1xx_hal_msp.c ****   /* USER CODE BEGIN MspInit 0 */
  67:Core/Src/stm32f1xx_hal_msp.c **** 
  68:Core/Src/stm32f1xx_hal_msp.c ****   /* USER CODE END MspInit 0 */
  69:Core/Src/stm32f1xx_hal_msp.c **** 
  70:Core/Src/stm32f1xx_hal_msp.c ****   __HAL_RCC_AFIO_CLK_ENABLE();
  35              		.loc 1 70 3 view .LVU1
  36              	.LBB2:
  37              		.loc 1 70 3 view .LVU2
  38              		.loc 1 70 3 view .LVU3
  39 0002 0E4B     		ldr	r3, .L3
  40 0004 9A69     		ldr	r2, [r3, #24]
  41 0006 42F00102 		orr	r2, r2, #1
  42 000a 9A61     		str	r2, [r3, #24]
  43              		.loc 1 70 3 view .LVU4
  44 000c 9A69     		ldr	r2, [r3, #24]
  45 000e 02F00102 		and	r2, r2, #1
ARM GAS  C:\Users\Kingj\AppData\Local\Temp\cclARUec.s 			page 3


  46 0012 0092     		str	r2, [sp]
  47              		.loc 1 70 3 view .LVU5
  48 0014 009A     		ldr	r2, [sp]
  49              	.LBE2:
  50              		.loc 1 70 3 view .LVU6
  71:Core/Src/stm32f1xx_hal_msp.c ****   __HAL_RCC_PWR_CLK_ENABLE();
  51              		.loc 1 71 3 view .LVU7
  52              	.LBB3:
  53              		.loc 1 71 3 view .LVU8
  54              		.loc 1 71 3 view .LVU9
  55 0016 DA69     		ldr	r2, [r3, #28]
  56 0018 42F08052 		orr	r2, r2, #268435456
  57 001c DA61     		str	r2, [r3, #28]
  58              		.loc 1 71 3 view .LVU10
  59 001e DB69     		ldr	r3, [r3, #28]
  60 0020 03F08053 		and	r3, r3, #268435456
  61 0024 0193     		str	r3, [sp, #4]
  62              		.loc 1 71 3 view .LVU11
  63 0026 019B     		ldr	r3, [sp, #4]
  64              	.LBE3:
  65              		.loc 1 71 3 view .LVU12
  72:Core/Src/stm32f1xx_hal_msp.c **** 
  73:Core/Src/stm32f1xx_hal_msp.c ****   /* System interrupt init*/
  74:Core/Src/stm32f1xx_hal_msp.c **** 
  75:Core/Src/stm32f1xx_hal_msp.c ****   /** NOJTAG: JTAG-DP Disabled and SW-DP Enabled
  76:Core/Src/stm32f1xx_hal_msp.c ****   */
  77:Core/Src/stm32f1xx_hal_msp.c ****   __HAL_AFIO_REMAP_SWJ_NOJTAG();
  66              		.loc 1 77 3 view .LVU13
  67              	.LBB4:
  68              		.loc 1 77 3 view .LVU14
  69 0028 054A     		ldr	r2, .L3+4
  70 002a 5368     		ldr	r3, [r2, #4]
  71              	.LVL0:
  72              		.loc 1 77 3 view .LVU15
  73 002c 23F0E063 		bic	r3, r3, #117440512
  74              	.LVL1:
  75              		.loc 1 77 3 view .LVU16
  76 0030 43F00073 		orr	r3, r3, #33554432
  77              	.LVL2:
  78              		.loc 1 77 3 view .LVU17
  79 0034 5360     		str	r3, [r2, #4]
  80              	.LBE4:
  81              		.loc 1 77 3 view .LVU18
  78:Core/Src/stm32f1xx_hal_msp.c **** 
  79:Core/Src/stm32f1xx_hal_msp.c ****   /* USER CODE BEGIN MspInit 1 */
  80:Core/Src/stm32f1xx_hal_msp.c **** 
  81:Core/Src/stm32f1xx_hal_msp.c ****   /* USER CODE END MspInit 1 */
  82:Core/Src/stm32f1xx_hal_msp.c **** }
  82              		.loc 1 82 1 is_stmt 0 view .LVU19
  83 0036 02B0     		add	sp, sp, #8
  84              	.LCFI1:
  85              		.cfi_def_cfa_offset 0
  86              		@ sp needed
  87 0038 7047     		bx	lr
  88              	.L4:
  89 003a 00BF     		.align	2
  90              	.L3:
ARM GAS  C:\Users\Kingj\AppData\Local\Temp\cclARUec.s 			page 4


  91 003c 00100240 		.word	1073876992
  92 0040 00000140 		.word	1073807360
  93              		.cfi_endproc
  94              	.LFE65:
  96              		.section	.text.HAL_DAC_MspInit,"ax",%progbits
  97              		.align	1
  98              		.global	HAL_DAC_MspInit
  99              		.syntax unified
 100              		.thumb
 101              		.thumb_func
 103              	HAL_DAC_MspInit:
 104              	.LVL3:
 105              	.LFB66:
  83:Core/Src/stm32f1xx_hal_msp.c **** 
  84:Core/Src/stm32f1xx_hal_msp.c **** /**
  85:Core/Src/stm32f1xx_hal_msp.c **** * @brief DAC MSP Initialization
  86:Core/Src/stm32f1xx_hal_msp.c **** * This function configures the hardware resources used in this example
  87:Core/Src/stm32f1xx_hal_msp.c **** * @param hdac: DAC handle pointer
  88:Core/Src/stm32f1xx_hal_msp.c **** * @retval None
  89:Core/Src/stm32f1xx_hal_msp.c **** */
  90:Core/Src/stm32f1xx_hal_msp.c **** void HAL_DAC_MspInit(DAC_HandleTypeDef* hdac)
  91:Core/Src/stm32f1xx_hal_msp.c **** {
 106              		.loc 1 91 1 is_stmt 1 view -0
 107              		.cfi_startproc
 108              		@ args = 0, pretend = 0, frame = 24
 109              		@ frame_needed = 0, uses_anonymous_args = 0
 110              		.loc 1 91 1 is_stmt 0 view .LVU21
 111 0000 00B5     		push	{lr}
 112              	.LCFI2:
 113              		.cfi_def_cfa_offset 4
 114              		.cfi_offset 14, -4
 115 0002 87B0     		sub	sp, sp, #28
 116              	.LCFI3:
 117              		.cfi_def_cfa_offset 32
  92:Core/Src/stm32f1xx_hal_msp.c ****   GPIO_InitTypeDef GPIO_InitStruct = {0};
 118              		.loc 1 92 3 is_stmt 1 view .LVU22
 119              		.loc 1 92 20 is_stmt 0 view .LVU23
 120 0004 0023     		movs	r3, #0
 121 0006 0293     		str	r3, [sp, #8]
 122 0008 0393     		str	r3, [sp, #12]
 123 000a 0493     		str	r3, [sp, #16]
 124 000c 0593     		str	r3, [sp, #20]
  93:Core/Src/stm32f1xx_hal_msp.c ****   if(hdac->Instance==DAC)
 125              		.loc 1 93 3 is_stmt 1 view .LVU24
 126              		.loc 1 93 10 is_stmt 0 view .LVU25
 127 000e 0268     		ldr	r2, [r0]
 128              		.loc 1 93 5 view .LVU26
 129 0010 114B     		ldr	r3, .L9
 130 0012 9A42     		cmp	r2, r3
 131 0014 02D0     		beq	.L8
 132              	.LVL4:
 133              	.L5:
  94:Core/Src/stm32f1xx_hal_msp.c ****   {
  95:Core/Src/stm32f1xx_hal_msp.c ****   /* USER CODE BEGIN DAC_MspInit 0 */
  96:Core/Src/stm32f1xx_hal_msp.c **** 
  97:Core/Src/stm32f1xx_hal_msp.c ****   /* USER CODE END DAC_MspInit 0 */
  98:Core/Src/stm32f1xx_hal_msp.c ****     /* Peripheral clock enable */
ARM GAS  C:\Users\Kingj\AppData\Local\Temp\cclARUec.s 			page 5


  99:Core/Src/stm32f1xx_hal_msp.c ****     __HAL_RCC_DAC_CLK_ENABLE();
 100:Core/Src/stm32f1xx_hal_msp.c **** 
 101:Core/Src/stm32f1xx_hal_msp.c ****     __HAL_RCC_GPIOA_CLK_ENABLE();
 102:Core/Src/stm32f1xx_hal_msp.c ****     /**DAC GPIO Configuration
 103:Core/Src/stm32f1xx_hal_msp.c ****     PA4     ------> DAC_OUT1
 104:Core/Src/stm32f1xx_hal_msp.c ****     PA5     ------> DAC_OUT2
 105:Core/Src/stm32f1xx_hal_msp.c ****     */
 106:Core/Src/stm32f1xx_hal_msp.c ****     GPIO_InitStruct.Pin = GPIO_PIN_4|GPIO_PIN_5;
 107:Core/Src/stm32f1xx_hal_msp.c ****     GPIO_InitStruct.Mode = GPIO_MODE_ANALOG;
 108:Core/Src/stm32f1xx_hal_msp.c ****     HAL_GPIO_Init(GPIOA, &GPIO_InitStruct);
 109:Core/Src/stm32f1xx_hal_msp.c **** 
 110:Core/Src/stm32f1xx_hal_msp.c ****   /* USER CODE BEGIN DAC_MspInit 1 */
 111:Core/Src/stm32f1xx_hal_msp.c **** 
 112:Core/Src/stm32f1xx_hal_msp.c ****   /* USER CODE END DAC_MspInit 1 */
 113:Core/Src/stm32f1xx_hal_msp.c ****   }
 114:Core/Src/stm32f1xx_hal_msp.c **** 
 115:Core/Src/stm32f1xx_hal_msp.c **** }
 134              		.loc 1 115 1 view .LVU27
 135 0016 07B0     		add	sp, sp, #28
 136              	.LCFI4:
 137              		.cfi_remember_state
 138              		.cfi_def_cfa_offset 4
 139              		@ sp needed
 140 0018 5DF804FB 		ldr	pc, [sp], #4
 141              	.LVL5:
 142              	.L8:
 143              	.LCFI5:
 144              		.cfi_restore_state
  99:Core/Src/stm32f1xx_hal_msp.c **** 
 145              		.loc 1 99 5 is_stmt 1 view .LVU28
 146              	.LBB5:
  99:Core/Src/stm32f1xx_hal_msp.c **** 
 147              		.loc 1 99 5 view .LVU29
  99:Core/Src/stm32f1xx_hal_msp.c **** 
 148              		.loc 1 99 5 view .LVU30
 149 001c 03F5CE33 		add	r3, r3, #105472
 150 0020 DA69     		ldr	r2, [r3, #28]
 151 0022 42F00052 		orr	r2, r2, #536870912
 152 0026 DA61     		str	r2, [r3, #28]
  99:Core/Src/stm32f1xx_hal_msp.c **** 
 153              		.loc 1 99 5 view .LVU31
 154 0028 DA69     		ldr	r2, [r3, #28]
 155 002a 02F00052 		and	r2, r2, #536870912
 156 002e 0092     		str	r2, [sp]
  99:Core/Src/stm32f1xx_hal_msp.c **** 
 157              		.loc 1 99 5 view .LVU32
 158 0030 009A     		ldr	r2, [sp]
 159              	.LBE5:
  99:Core/Src/stm32f1xx_hal_msp.c **** 
 160              		.loc 1 99 5 view .LVU33
 101:Core/Src/stm32f1xx_hal_msp.c ****     /**DAC GPIO Configuration
 161              		.loc 1 101 5 view .LVU34
 162              	.LBB6:
 101:Core/Src/stm32f1xx_hal_msp.c ****     /**DAC GPIO Configuration
 163              		.loc 1 101 5 view .LVU35
 101:Core/Src/stm32f1xx_hal_msp.c ****     /**DAC GPIO Configuration
 164              		.loc 1 101 5 view .LVU36
ARM GAS  C:\Users\Kingj\AppData\Local\Temp\cclARUec.s 			page 6


 165 0032 9A69     		ldr	r2, [r3, #24]
 166 0034 42F00402 		orr	r2, r2, #4
 167 0038 9A61     		str	r2, [r3, #24]
 101:Core/Src/stm32f1xx_hal_msp.c ****     /**DAC GPIO Configuration
 168              		.loc 1 101 5 view .LVU37
 169 003a 9B69     		ldr	r3, [r3, #24]
 170 003c 03F00403 		and	r3, r3, #4
 171 0040 0193     		str	r3, [sp, #4]
 101:Core/Src/stm32f1xx_hal_msp.c ****     /**DAC GPIO Configuration
 172              		.loc 1 101 5 view .LVU38
 173 0042 019B     		ldr	r3, [sp, #4]
 174              	.LBE6:
 101:Core/Src/stm32f1xx_hal_msp.c ****     /**DAC GPIO Configuration
 175              		.loc 1 101 5 view .LVU39
 106:Core/Src/stm32f1xx_hal_msp.c ****     GPIO_InitStruct.Mode = GPIO_MODE_ANALOG;
 176              		.loc 1 106 5 view .LVU40
 106:Core/Src/stm32f1xx_hal_msp.c ****     GPIO_InitStruct.Mode = GPIO_MODE_ANALOG;
 177              		.loc 1 106 25 is_stmt 0 view .LVU41
 178 0044 3023     		movs	r3, #48
 179 0046 0293     		str	r3, [sp, #8]
 107:Core/Src/stm32f1xx_hal_msp.c ****     HAL_GPIO_Init(GPIOA, &GPIO_InitStruct);
 180              		.loc 1 107 5 is_stmt 1 view .LVU42
 107:Core/Src/stm32f1xx_hal_msp.c ****     HAL_GPIO_Init(GPIOA, &GPIO_InitStruct);
 181              		.loc 1 107 26 is_stmt 0 view .LVU43
 182 0048 0323     		movs	r3, #3
 183 004a 0393     		str	r3, [sp, #12]
 108:Core/Src/stm32f1xx_hal_msp.c **** 
 184              		.loc 1 108 5 is_stmt 1 view .LVU44
 185 004c 02A9     		add	r1, sp, #8
 186 004e 0348     		ldr	r0, .L9+4
 187              	.LVL6:
 108:Core/Src/stm32f1xx_hal_msp.c **** 
 188              		.loc 1 108 5 is_stmt 0 view .LVU45
 189 0050 FFF7FEFF 		bl	HAL_GPIO_Init
 190              	.LVL7:
 191              		.loc 1 115 1 view .LVU46
 192 0054 DFE7     		b	.L5
 193              	.L10:
 194 0056 00BF     		.align	2
 195              	.L9:
 196 0058 00740040 		.word	1073771520
 197 005c 00080140 		.word	1073809408
 198              		.cfi_endproc
 199              	.LFE66:
 201              		.section	.text.HAL_DAC_MspDeInit,"ax",%progbits
 202              		.align	1
 203              		.global	HAL_DAC_MspDeInit
 204              		.syntax unified
 205              		.thumb
 206              		.thumb_func
 208              	HAL_DAC_MspDeInit:
 209              	.LVL8:
 210              	.LFB67:
 116:Core/Src/stm32f1xx_hal_msp.c **** 
 117:Core/Src/stm32f1xx_hal_msp.c **** /**
 118:Core/Src/stm32f1xx_hal_msp.c **** * @brief DAC MSP De-Initialization
 119:Core/Src/stm32f1xx_hal_msp.c **** * This function freeze the hardware resources used in this example
ARM GAS  C:\Users\Kingj\AppData\Local\Temp\cclARUec.s 			page 7


 120:Core/Src/stm32f1xx_hal_msp.c **** * @param hdac: DAC handle pointer
 121:Core/Src/stm32f1xx_hal_msp.c **** * @retval None
 122:Core/Src/stm32f1xx_hal_msp.c **** */
 123:Core/Src/stm32f1xx_hal_msp.c **** void HAL_DAC_MspDeInit(DAC_HandleTypeDef* hdac)
 124:Core/Src/stm32f1xx_hal_msp.c **** {
 211              		.loc 1 124 1 is_stmt 1 view -0
 212              		.cfi_startproc
 213              		@ args = 0, pretend = 0, frame = 0
 214              		@ frame_needed = 0, uses_anonymous_args = 0
 215              		.loc 1 124 1 is_stmt 0 view .LVU48
 216 0000 08B5     		push	{r3, lr}
 217              	.LCFI6:
 218              		.cfi_def_cfa_offset 8
 219              		.cfi_offset 3, -8
 220              		.cfi_offset 14, -4
 125:Core/Src/stm32f1xx_hal_msp.c ****   if(hdac->Instance==DAC)
 221              		.loc 1 125 3 is_stmt 1 view .LVU49
 222              		.loc 1 125 10 is_stmt 0 view .LVU50
 223 0002 0268     		ldr	r2, [r0]
 224              		.loc 1 125 5 view .LVU51
 225 0004 064B     		ldr	r3, .L15
 226 0006 9A42     		cmp	r2, r3
 227 0008 00D0     		beq	.L14
 228              	.LVL9:
 229              	.L11:
 126:Core/Src/stm32f1xx_hal_msp.c ****   {
 127:Core/Src/stm32f1xx_hal_msp.c ****   /* USER CODE BEGIN DAC_MspDeInit 0 */
 128:Core/Src/stm32f1xx_hal_msp.c **** 
 129:Core/Src/stm32f1xx_hal_msp.c ****   /* USER CODE END DAC_MspDeInit 0 */
 130:Core/Src/stm32f1xx_hal_msp.c ****     /* Peripheral clock disable */
 131:Core/Src/stm32f1xx_hal_msp.c ****     __HAL_RCC_DAC_CLK_DISABLE();
 132:Core/Src/stm32f1xx_hal_msp.c **** 
 133:Core/Src/stm32f1xx_hal_msp.c ****     /**DAC GPIO Configuration
 134:Core/Src/stm32f1xx_hal_msp.c ****     PA4     ------> DAC_OUT1
 135:Core/Src/stm32f1xx_hal_msp.c ****     PA5     ------> DAC_OUT2
 136:Core/Src/stm32f1xx_hal_msp.c ****     */
 137:Core/Src/stm32f1xx_hal_msp.c ****     HAL_GPIO_DeInit(GPIOA, GPIO_PIN_4|GPIO_PIN_5);
 138:Core/Src/stm32f1xx_hal_msp.c **** 
 139:Core/Src/stm32f1xx_hal_msp.c ****   /* USER CODE BEGIN DAC_MspDeInit 1 */
 140:Core/Src/stm32f1xx_hal_msp.c **** 
 141:Core/Src/stm32f1xx_hal_msp.c ****   /* USER CODE END DAC_MspDeInit 1 */
 142:Core/Src/stm32f1xx_hal_msp.c ****   }
 143:Core/Src/stm32f1xx_hal_msp.c **** 
 144:Core/Src/stm32f1xx_hal_msp.c **** }
 230              		.loc 1 144 1 view .LVU52
 231 000a 08BD     		pop	{r3, pc}
 232              	.LVL10:
 233              	.L14:
 131:Core/Src/stm32f1xx_hal_msp.c **** 
 234              		.loc 1 131 5 is_stmt 1 view .LVU53
 235 000c 054A     		ldr	r2, .L15+4
 236 000e D369     		ldr	r3, [r2, #28]
 237 0010 23F00053 		bic	r3, r3, #536870912
 238 0014 D361     		str	r3, [r2, #28]
 137:Core/Src/stm32f1xx_hal_msp.c **** 
 239              		.loc 1 137 5 view .LVU54
 240 0016 3021     		movs	r1, #48
ARM GAS  C:\Users\Kingj\AppData\Local\Temp\cclARUec.s 			page 8


 241 0018 0348     		ldr	r0, .L15+8
 242              	.LVL11:
 137:Core/Src/stm32f1xx_hal_msp.c **** 
 243              		.loc 1 137 5 is_stmt 0 view .LVU55
 244 001a FFF7FEFF 		bl	HAL_GPIO_DeInit
 245              	.LVL12:
 246              		.loc 1 144 1 view .LVU56
 247 001e F4E7     		b	.L11
 248              	.L16:
 249              		.align	2
 250              	.L15:
 251 0020 00740040 		.word	1073771520
 252 0024 00100240 		.word	1073876992
 253 0028 00080140 		.word	1073809408
 254              		.cfi_endproc
 255              	.LFE67:
 257              		.section	.text.HAL_TIM_Base_MspInit,"ax",%progbits
 258              		.align	1
 259              		.global	HAL_TIM_Base_MspInit
 260              		.syntax unified
 261              		.thumb
 262              		.thumb_func
 264              	HAL_TIM_Base_MspInit:
 265              	.LVL13:
 266              	.LFB68:
 145:Core/Src/stm32f1xx_hal_msp.c **** 
 146:Core/Src/stm32f1xx_hal_msp.c **** /**
 147:Core/Src/stm32f1xx_hal_msp.c **** * @brief TIM_Base MSP Initialization
 148:Core/Src/stm32f1xx_hal_msp.c **** * This function configures the hardware resources used in this example
 149:Core/Src/stm32f1xx_hal_msp.c **** * @param htim_base: TIM_Base handle pointer
 150:Core/Src/stm32f1xx_hal_msp.c **** * @retval None
 151:Core/Src/stm32f1xx_hal_msp.c **** */
 152:Core/Src/stm32f1xx_hal_msp.c **** void HAL_TIM_Base_MspInit(TIM_HandleTypeDef* htim_base)
 153:Core/Src/stm32f1xx_hal_msp.c **** {
 267              		.loc 1 153 1 is_stmt 1 view -0
 268              		.cfi_startproc
 269              		@ args = 0, pretend = 0, frame = 8
 270              		@ frame_needed = 0, uses_anonymous_args = 0
 154:Core/Src/stm32f1xx_hal_msp.c ****   if(htim_base->Instance==TIM2)
 271              		.loc 1 154 3 view .LVU58
 272              		.loc 1 154 15 is_stmt 0 view .LVU59
 273 0000 0368     		ldr	r3, [r0]
 274              		.loc 1 154 5 view .LVU60
 275 0002 B3F1804F 		cmp	r3, #1073741824
 276 0006 00D0     		beq	.L23
 277 0008 7047     		bx	lr
 278              	.L23:
 153:Core/Src/stm32f1xx_hal_msp.c ****   if(htim_base->Instance==TIM2)
 279              		.loc 1 153 1 view .LVU61
 280 000a 00B5     		push	{lr}
 281              	.LCFI7:
 282              		.cfi_def_cfa_offset 4
 283              		.cfi_offset 14, -4
 284 000c 83B0     		sub	sp, sp, #12
 285              	.LCFI8:
 286              		.cfi_def_cfa_offset 16
 155:Core/Src/stm32f1xx_hal_msp.c ****   {
ARM GAS  C:\Users\Kingj\AppData\Local\Temp\cclARUec.s 			page 9


 156:Core/Src/stm32f1xx_hal_msp.c ****   /* USER CODE BEGIN TIM2_MspInit 0 */
 157:Core/Src/stm32f1xx_hal_msp.c **** 
 158:Core/Src/stm32f1xx_hal_msp.c ****   /* USER CODE END TIM2_MspInit 0 */
 159:Core/Src/stm32f1xx_hal_msp.c ****     /* Peripheral clock enable */
 160:Core/Src/stm32f1xx_hal_msp.c ****     __HAL_RCC_TIM2_CLK_ENABLE();
 287              		.loc 1 160 5 is_stmt 1 view .LVU62
 288              	.LBB7:
 289              		.loc 1 160 5 view .LVU63
 290              		.loc 1 160 5 view .LVU64
 291 000e 03F50433 		add	r3, r3, #135168
 292 0012 DA69     		ldr	r2, [r3, #28]
 293 0014 42F00102 		orr	r2, r2, #1
 294 0018 DA61     		str	r2, [r3, #28]
 295              		.loc 1 160 5 view .LVU65
 296 001a DB69     		ldr	r3, [r3, #28]
 297 001c 03F00103 		and	r3, r3, #1
 298 0020 0193     		str	r3, [sp, #4]
 299              		.loc 1 160 5 view .LVU66
 300 0022 019B     		ldr	r3, [sp, #4]
 301              	.LBE7:
 302              		.loc 1 160 5 view .LVU67
 161:Core/Src/stm32f1xx_hal_msp.c ****     /* TIM2 interrupt Init */
 162:Core/Src/stm32f1xx_hal_msp.c ****     HAL_NVIC_SetPriority(TIM2_IRQn, 0, 0);
 303              		.loc 1 162 5 view .LVU68
 304 0024 0022     		movs	r2, #0
 305 0026 1146     		mov	r1, r2
 306 0028 1C20     		movs	r0, #28
 307              	.LVL14:
 308              		.loc 1 162 5 is_stmt 0 view .LVU69
 309 002a FFF7FEFF 		bl	HAL_NVIC_SetPriority
 310              	.LVL15:
 163:Core/Src/stm32f1xx_hal_msp.c ****     HAL_NVIC_EnableIRQ(TIM2_IRQn);
 311              		.loc 1 163 5 is_stmt 1 view .LVU70
 312 002e 1C20     		movs	r0, #28
 313 0030 FFF7FEFF 		bl	HAL_NVIC_EnableIRQ
 314              	.LVL16:
 164:Core/Src/stm32f1xx_hal_msp.c ****   /* USER CODE BEGIN TIM2_MspInit 1 */
 165:Core/Src/stm32f1xx_hal_msp.c **** 
 166:Core/Src/stm32f1xx_hal_msp.c ****   /* USER CODE END TIM2_MspInit 1 */
 167:Core/Src/stm32f1xx_hal_msp.c ****   }
 168:Core/Src/stm32f1xx_hal_msp.c **** 
 169:Core/Src/stm32f1xx_hal_msp.c **** }
 315              		.loc 1 169 1 is_stmt 0 view .LVU71
 316 0034 03B0     		add	sp, sp, #12
 317              	.LCFI9:
 318              		.cfi_def_cfa_offset 4
 319              		@ sp needed
 320 0036 5DF804FB 		ldr	pc, [sp], #4
 321              		.cfi_endproc
 322              	.LFE68:
 324              		.section	.text.HAL_TIM_Base_MspDeInit,"ax",%progbits
 325              		.align	1
 326              		.global	HAL_TIM_Base_MspDeInit
 327              		.syntax unified
 328              		.thumb
 329              		.thumb_func
 331              	HAL_TIM_Base_MspDeInit:
ARM GAS  C:\Users\Kingj\AppData\Local\Temp\cclARUec.s 			page 10


 332              	.LVL17:
 333              	.LFB69:
 170:Core/Src/stm32f1xx_hal_msp.c **** 
 171:Core/Src/stm32f1xx_hal_msp.c **** /**
 172:Core/Src/stm32f1xx_hal_msp.c **** * @brief TIM_Base MSP De-Initialization
 173:Core/Src/stm32f1xx_hal_msp.c **** * This function freeze the hardware resources used in this example
 174:Core/Src/stm32f1xx_hal_msp.c **** * @param htim_base: TIM_Base handle pointer
 175:Core/Src/stm32f1xx_hal_msp.c **** * @retval None
 176:Core/Src/stm32f1xx_hal_msp.c **** */
 177:Core/Src/stm32f1xx_hal_msp.c **** void HAL_TIM_Base_MspDeInit(TIM_HandleTypeDef* htim_base)
 178:Core/Src/stm32f1xx_hal_msp.c **** {
 334              		.loc 1 178 1 is_stmt 1 view -0
 335              		.cfi_startproc
 336              		@ args = 0, pretend = 0, frame = 0
 337              		@ frame_needed = 0, uses_anonymous_args = 0
 338              		.loc 1 178 1 is_stmt 0 view .LVU73
 339 0000 08B5     		push	{r3, lr}
 340              	.LCFI10:
 341              		.cfi_def_cfa_offset 8
 342              		.cfi_offset 3, -8
 343              		.cfi_offset 14, -4
 179:Core/Src/stm32f1xx_hal_msp.c ****   if(htim_base->Instance==TIM2)
 344              		.loc 1 179 3 is_stmt 1 view .LVU74
 345              		.loc 1 179 15 is_stmt 0 view .LVU75
 346 0002 0368     		ldr	r3, [r0]
 347              		.loc 1 179 5 view .LVU76
 348 0004 B3F1804F 		cmp	r3, #1073741824
 349 0008 00D0     		beq	.L27
 350              	.LVL18:
 351              	.L24:
 180:Core/Src/stm32f1xx_hal_msp.c ****   {
 181:Core/Src/stm32f1xx_hal_msp.c ****   /* USER CODE BEGIN TIM2_MspDeInit 0 */
 182:Core/Src/stm32f1xx_hal_msp.c **** 
 183:Core/Src/stm32f1xx_hal_msp.c ****   /* USER CODE END TIM2_MspDeInit 0 */
 184:Core/Src/stm32f1xx_hal_msp.c ****     /* Peripheral clock disable */
 185:Core/Src/stm32f1xx_hal_msp.c ****     __HAL_RCC_TIM2_CLK_DISABLE();
 186:Core/Src/stm32f1xx_hal_msp.c **** 
 187:Core/Src/stm32f1xx_hal_msp.c ****     /* TIM2 interrupt DeInit */
 188:Core/Src/stm32f1xx_hal_msp.c ****     HAL_NVIC_DisableIRQ(TIM2_IRQn);
 189:Core/Src/stm32f1xx_hal_msp.c ****   /* USER CODE BEGIN TIM2_MspDeInit 1 */
 190:Core/Src/stm32f1xx_hal_msp.c **** 
 191:Core/Src/stm32f1xx_hal_msp.c ****   /* USER CODE END TIM2_MspDeInit 1 */
 192:Core/Src/stm32f1xx_hal_msp.c ****   }
 193:Core/Src/stm32f1xx_hal_msp.c **** 
 194:Core/Src/stm32f1xx_hal_msp.c **** }
 352              		.loc 1 194 1 view .LVU77
 353 000a 08BD     		pop	{r3, pc}
 354              	.LVL19:
 355              	.L27:
 185:Core/Src/stm32f1xx_hal_msp.c **** 
 356              		.loc 1 185 5 is_stmt 1 view .LVU78
 357 000c 044A     		ldr	r2, .L28
 358 000e D369     		ldr	r3, [r2, #28]
 359 0010 23F00103 		bic	r3, r3, #1
 360 0014 D361     		str	r3, [r2, #28]
 188:Core/Src/stm32f1xx_hal_msp.c ****   /* USER CODE BEGIN TIM2_MspDeInit 1 */
 361              		.loc 1 188 5 view .LVU79
ARM GAS  C:\Users\Kingj\AppData\Local\Temp\cclARUec.s 			page 11


 362 0016 1C20     		movs	r0, #28
 363              	.LVL20:
 188:Core/Src/stm32f1xx_hal_msp.c ****   /* USER CODE BEGIN TIM2_MspDeInit 1 */
 364              		.loc 1 188 5 is_stmt 0 view .LVU80
 365 0018 FFF7FEFF 		bl	HAL_NVIC_DisableIRQ
 366              	.LVL21:
 367              		.loc 1 194 1 view .LVU81
 368 001c F5E7     		b	.L24
 369              	.L29:
 370 001e 00BF     		.align	2
 371              	.L28:
 372 0020 00100240 		.word	1073876992
 373              		.cfi_endproc
 374              	.LFE69:
 376              		.text
 377              	.Letext0:
 378              		.file 2 "Drivers/CMSIS/Device/ST/STM32F1xx/Include/stm32f103xe.h"
 379              		.file 3 "d:\\arm-gcc\\gcc\\arm-none-eabi\\include\\machine\\_default_types.h"
 380              		.file 4 "d:\\arm-gcc\\gcc\\arm-none-eabi\\include\\sys\\_stdint.h"
 381              		.file 5 "Drivers/STM32F1xx_HAL_Driver/Inc/stm32f1xx_hal_def.h"
 382              		.file 6 "Drivers/STM32F1xx_HAL_Driver/Inc/stm32f1xx_hal_gpio.h"
 383              		.file 7 "Drivers/STM32F1xx_HAL_Driver/Inc/stm32f1xx_hal_dma.h"
 384              		.file 8 "Drivers/STM32F1xx_HAL_Driver/Inc/stm32f1xx_hal_dac.h"
 385              		.file 9 "Drivers/STM32F1xx_HAL_Driver/Inc/stm32f1xx_hal_tim.h"
 386              		.file 10 "Drivers/STM32F1xx_HAL_Driver/Inc/stm32f1xx_hal_cortex.h"
ARM GAS  C:\Users\Kingj\AppData\Local\Temp\cclARUec.s 			page 12


DEFINED SYMBOLS
                            *ABS*:00000000 stm32f1xx_hal_msp.c
C:\Users\Kingj\AppData\Local\Temp\cclARUec.s:18     .text.HAL_MspInit:00000000 $t
C:\Users\Kingj\AppData\Local\Temp\cclARUec.s:24     .text.HAL_MspInit:00000000 HAL_MspInit
C:\Users\Kingj\AppData\Local\Temp\cclARUec.s:91     .text.HAL_MspInit:0000003c $d
C:\Users\Kingj\AppData\Local\Temp\cclARUec.s:97     .text.HAL_DAC_MspInit:00000000 $t
C:\Users\Kingj\AppData\Local\Temp\cclARUec.s:103    .text.HAL_DAC_MspInit:00000000 HAL_DAC_MspInit
C:\Users\Kingj\AppData\Local\Temp\cclARUec.s:196    .text.HAL_DAC_MspInit:00000058 $d
C:\Users\Kingj\AppData\Local\Temp\cclARUec.s:202    .text.HAL_DAC_MspDeInit:00000000 $t
C:\Users\Kingj\AppData\Local\Temp\cclARUec.s:208    .text.HAL_DAC_MspDeInit:00000000 HAL_DAC_MspDeInit
C:\Users\Kingj\AppData\Local\Temp\cclARUec.s:251    .text.HAL_DAC_MspDeInit:00000020 $d
C:\Users\Kingj\AppData\Local\Temp\cclARUec.s:258    .text.HAL_TIM_Base_MspInit:00000000 $t
C:\Users\Kingj\AppData\Local\Temp\cclARUec.s:264    .text.HAL_TIM_Base_MspInit:00000000 HAL_TIM_Base_MspInit
C:\Users\Kingj\AppData\Local\Temp\cclARUec.s:325    .text.HAL_TIM_Base_MspDeInit:00000000 $t
C:\Users\Kingj\AppData\Local\Temp\cclARUec.s:331    .text.HAL_TIM_Base_MspDeInit:00000000 HAL_TIM_Base_MspDeInit
C:\Users\Kingj\AppData\Local\Temp\cclARUec.s:372    .text.HAL_TIM_Base_MspDeInit:00000020 $d

UNDEFINED SYMBOLS
HAL_GPIO_Init
HAL_GPIO_DeInit
HAL_NVIC_SetPriority
HAL_NVIC_EnableIRQ
HAL_NVIC_DisableIRQ
