ARM GAS  C:\Users\Kingj\AppData\Local\Temp\cc81RRtf.s 			page 1


   1              		.cpu cortex-m3
   2              		.arch armv7-m
   3              		.fpu softvfp
   4              		.eabi_attribute 20, 1
   5              		.eabi_attribute 21, 1
   6              		.eabi_attribute 23, 3
   7              		.eabi_attribute 24, 1
   8              		.eabi_attribute 25, 1
   9              		.eabi_attribute 26, 1
  10              		.eabi_attribute 30, 1
  11              		.eabi_attribute 34, 1
  12              		.eabi_attribute 18, 4
  13              		.file	"main.c"
  14              		.text
  15              	.Ltext0:
  16              		.cfi_sections	.debug_frame
  17              		.section	.text.MX_GPIO_Init,"ax",%progbits
  18              		.align	1
  19              		.syntax unified
  20              		.thumb
  21              		.thumb_func
  23              	MX_GPIO_Init:
  24              	.LFB81:
  25              		.file 1 "Core/Src/main.c"
   1:Core/Src/main.c **** /* USER CODE BEGIN Header */
   2:Core/Src/main.c **** /**
   3:Core/Src/main.c ****   ******************************************************************************
   4:Core/Src/main.c ****   * @file           : main.c
   5:Core/Src/main.c ****   * @brief          : Main program body
   6:Core/Src/main.c ****   ******************************************************************************
   7:Core/Src/main.c ****   * @attention
   8:Core/Src/main.c ****   *
   9:Core/Src/main.c ****   * Copyright (c) 2024 STMicroelectronics.
  10:Core/Src/main.c ****   * All rights reserved.
  11:Core/Src/main.c ****   *
  12:Core/Src/main.c ****   * This software is licensed under terms that can be found in the LICENSE file
  13:Core/Src/main.c ****   * in the root directory of this software component.
  14:Core/Src/main.c ****   * If no LICENSE file comes with this software, it is provided AS-IS.
  15:Core/Src/main.c ****   *
  16:Core/Src/main.c ****   ******************************************************************************
  17:Core/Src/main.c ****   */
  18:Core/Src/main.c **** /* USER CODE END Header */
  19:Core/Src/main.c **** /* Includes ------------------------------------------------------------------*/
  20:Core/Src/main.c **** #include "main.h"
  21:Core/Src/main.c **** 
  22:Core/Src/main.c **** /* Private includes ----------------------------------------------------------*/
  23:Core/Src/main.c **** /* USER CODE BEGIN Includes */
  24:Core/Src/main.c **** #include<stdio.h>
  25:Core/Src/main.c **** #include"string.h"
  26:Core/Src/main.c **** /* USER CODE END Includes */
  27:Core/Src/main.c **** 
  28:Core/Src/main.c **** /* Private typedef -----------------------------------------------------------*/
  29:Core/Src/main.c **** /* USER CODE BEGIN PTD */
  30:Core/Src/main.c **** 
  31:Core/Src/main.c **** /* USER CODE END PTD */
  32:Core/Src/main.c **** 
  33:Core/Src/main.c **** /* Private define ------------------------------------------------------------*/
ARM GAS  C:\Users\Kingj\AppData\Local\Temp\cc81RRtf.s 			page 2


  34:Core/Src/main.c **** /* USER CODE BEGIN PD */
  35:Core/Src/main.c **** 
  36:Core/Src/main.c **** /* USER CODE END PD */
  37:Core/Src/main.c **** 
  38:Core/Src/main.c **** /* Private macro -------------------------------------------------------------*/
  39:Core/Src/main.c **** /* USER CODE BEGIN PM */
  40:Core/Src/main.c **** 
  41:Core/Src/main.c **** /* USER CODE END PM */
  42:Core/Src/main.c **** 
  43:Core/Src/main.c **** /* Private variables ---------------------------------------------------------*/
  44:Core/Src/main.c **** I2C_HandleTypeDef hi2c1;
  45:Core/Src/main.c **** 
  46:Core/Src/main.c **** UART_HandleTypeDef huart1;
  47:Core/Src/main.c **** 
  48:Core/Src/main.c **** /* USER CODE BEGIN PV */
  49:Core/Src/main.c **** 
  50:Core/Src/main.c **** /* USER CODE END PV */
  51:Core/Src/main.c **** 
  52:Core/Src/main.c **** /* Private function prototypes -----------------------------------------------*/
  53:Core/Src/main.c **** void SystemClock_Config(void);
  54:Core/Src/main.c **** static void MX_GPIO_Init(void);
  55:Core/Src/main.c **** static void MX_I2C1_Init(void);
  56:Core/Src/main.c **** static void MX_USART1_UART_Init(void);
  57:Core/Src/main.c **** /* USER CODE BEGIN PFP */
  58:Core/Src/main.c **** 
  59:Core/Src/main.c **** /* USER CODE END PFP */
  60:Core/Src/main.c **** 
  61:Core/Src/main.c **** /* Private user code ---------------------------------------------------------*/
  62:Core/Src/main.c **** /* USER CODE BEGIN 0 */
  63:Core/Src/main.c **** const uint8_t DS1307_ADDRESS = 0xD0; 
  64:Core/Src/main.c **** uint8_t seconds;
  65:Core/Src/main.c **** uint8_t minutes;
  66:Core/Src/main.c **** uint8_t hours;
  67:Core/Src/main.c **** void DS1307_GetTime(uint8_t *hours, uint8_t *minutes, uint8_t *seconds) 
  68:Core/Src/main.c **** {
  69:Core/Src/main.c ****     uint8_t data[3];
  70:Core/Src/main.c ****    	uint8_t reg = 0x00;
  71:Core/Src/main.c **** 	HAL_I2C_Master_Transmit(&hi2c1, DS1307_ADDRESS, &reg, 1, 10); 
  72:Core/Src/main.c **** 	HAL_I2C_Master_Receive(&hi2c1, DS1307_ADDRESS, data, 3, 50);     
  73:Core/Src/main.c ****     *seconds = ((data[0] >> 4) * 10) + (data[0] & 0x0F);
  74:Core/Src/main.c ****     *minutes = ((data[1] >> 4) * 10) + (data[1] & 0x0F);
  75:Core/Src/main.c ****     *hours   = ((data[2] >> 4) * 10) + (data[2] & 0x0F);
  76:Core/Src/main.c **** }
  77:Core/Src/main.c **** 
  78:Core/Src/main.c **** 
  79:Core/Src/main.c **** void lcd_send_cmd(uint8_t cmd)
  80:Core/Src/main.c **** {
  81:Core/Src/main.c ****     uint8_t data_u, data_l;
  82:Core/Src/main.c ****     uint8_t data_t[4];
  83:Core/Src/main.c ****     
  84:Core/Src/main.c ****     data_u = (cmd & 0xF0);  // Lấy 4 bit cao
  85:Core/Src/main.c ****     data_l = ((cmd << 4) & 0xF0);  // Lấy 4 bit thấp
  86:Core/Src/main.c ****     
  87:Core/Src/main.c ****     // Gửi 4 bit cao trước
  88:Core/Src/main.c ****     data_t[0] = data_u | 0x04;  // Bật đèn nền, Enable = 1, RS = 0 (lệnh)
  89:Core/Src/main.c ****     data_t[1] = data_u | 0x00;         // Bật đèn nền, Enable = 0, RS = 0 (lệnh)
  90:Core/Src/main.c ****     
ARM GAS  C:\Users\Kingj\AppData\Local\Temp\cc81RRtf.s 			page 3


  91:Core/Src/main.c ****     // Gửi 4 bit thấp sau
  92:Core/Src/main.c ****     data_t[2] = data_l | 0x04;  // Bật đèn nền, Enable = 1, RS = 0 (lệnh)
  93:Core/Src/main.c ****     data_t[3] = data_l | 0x00;         // Bật đèn nền, Enable = 0, RS = 0 (lệnh)
  94:Core/Src/main.c ****     
  95:Core/Src/main.c ****     HAL_I2C_Master_Transmit(&hi2c1, 0x4E, data_t, 4, 100);  // Gửi dữ liệu đến LCD qua I2C
  96:Core/Src/main.c **** }
  97:Core/Src/main.c **** 
  98:Core/Src/main.c **** 
  99:Core/Src/main.c **** void lcd_send_data(uint8_t data)
 100:Core/Src/main.c **** {
 101:Core/Src/main.c ****     uint8_t data_u, data_l;
 102:Core/Src/main.c ****     uint8_t data_t[4];
 103:Core/Src/main.c ****     
 104:Core/Src/main.c ****     data_u = (data & 0xF0);  // Lấy 4 bit cao
 105:Core/Src/main.c ****     data_l = ((data << 4) & 0xF0);  // Lấy 4 bit thấp
 106:Core/Src/main.c ****     
 107:Core/Src/main.c ****     // Gửi 4 bit cao trước
 108:Core/Src/main.c ****     data_t[0] = data_u | 0x05;  // Bật đèn nền, Enable = 1, RS = 1 (dữ liệu)
 109:Core/Src/main.c ****     data_t[1] = data_u | 0x01;  // Bật đèn nền, Enable = 0, RS = 1 (dữ liệu)
 110:Core/Src/main.c ****     
 111:Core/Src/main.c ****     // Gửi 4 bit thấp sau
 112:Core/Src/main.c ****     data_t[2] = data_l | 0x05;  // Bật đèn nền, Enable = 1, RS = 1 (dữ liệu)
 113:Core/Src/main.c ****     data_t[3] = data_l | 0x01;  // Bật đènền, Enable = 0, RS = 1 (dữ liệu)
 114:Core/Src/main.c ****     
 115:Core/Src/main.c ****     HAL_I2C_Master_Transmit(&hi2c1, 0x4E, data_t, 4, 100);  // Gửi dữ liệu đến LCD qua I2C
 116:Core/Src/main.c **** }
 117:Core/Src/main.c **** 
 118:Core/Src/main.c **** 
 119:Core/Src/main.c **** void lcd_init(void)
 120:Core/Src/main.c **** {
 121:Core/Src/main.c ****     // Đợi LCD khởi động
 122:Core/Src/main.c ****     HAL_Delay(50);
 123:Core/Src/main.c ****     
 124:Core/Src/main.c ****     // Khởi tạo chế độ 4-bit
 125:Core/Src/main.c ****     lcd_send_cmd(0x30);
 126:Core/Src/main.c ****     HAL_Delay(5);
 127:Core/Src/main.c ****     lcd_send_cmd(0x30);
 128:Core/Src/main.c ****     HAL_Delay(1);
 129:Core/Src/main.c ****     lcd_send_cmd(0x30);
 130:Core/Src/main.c ****     lcd_send_cmd(0x20);  // Chuyển sang chế độ 4-bit
 131:Core/Src/main.c ****     
 132:Core/Src/main.c ****     // Cấu hình màn hình
 133:Core/Src/main.c ****     lcd_send_cmd(0x28);  // Chế độ 4-bit, 2 dòng, 5x8 font
 134:Core/Src/main.c ****     lcd_send_cmd(0x0C);  // Bật màn hình, tắt con trỏ, không nhấp nháy
 135:Core/Src/main.c ****     lcd_send_cmd(0x01);  // Xóa màn hình
 136:Core/Src/main.c ****     HAL_Delay(2);
 137:Core/Src/main.c ****     lcd_send_cmd(0x06);  // Chế độ nhập từ trái sang phải, không dịch màn hình
 138:Core/Src/main.c **** }
 139:Core/Src/main.c **** 
 140:Core/Src/main.c **** 
 141:Core/Src/main.c **** void lcd_clear(void)
 142:Core/Src/main.c **** {
 143:Core/Src/main.c ****     lcd_send_cmd(0x01);  // Lệnh xóa màn hình
 144:Core/Src/main.c ****     HAL_Delay(2);
 145:Core/Src/main.c **** }
 146:Core/Src/main.c **** 
 147:Core/Src/main.c **** void lcd_put_cur(int row, int col)
ARM GAS  C:\Users\Kingj\AppData\Local\Temp\cc81RRtf.s 			page 4


 148:Core/Src/main.c **** {
 149:Core/Src/main.c ****     uint8_t addr = (row == 0) ? (0x80 + col) : (0xC0 + col);  // Đặt con trỏ
 150:Core/Src/main.c ****     lcd_send_cmd(addr);
 151:Core/Src/main.c **** }
 152:Core/Src/main.c **** 
 153:Core/Src/main.c **** void lcd_send_string(char *str)
 154:Core/Src/main.c **** {
 155:Core/Src/main.c ****     while (*str)
 156:Core/Src/main.c ****     {
 157:Core/Src/main.c ****         lcd_send_data(*str++);  // Gửi từng ký tự một
 158:Core/Src/main.c ****     }
 159:Core/Src/main.c **** }
 160:Core/Src/main.c **** 
 161:Core/Src/main.c **** 
 162:Core/Src/main.c **** uint8_t BCD_to_Dec(uint8_t val) {
 163:Core/Src/main.c ****     return ((val / 16 * 10) + (val % 16));
 164:Core/Src/main.c **** }
 165:Core/Src/main.c **** void get_seconds(uint8_t* seconds)
 166:Core/Src/main.c **** {
 167:Core/Src/main.c **** 	uint8_t buffer;
 168:Core/Src/main.c **** 
 169:Core/Src/main.c **** 
 170:Core/Src/main.c **** 	HAL_I2C_Mem_Read(&hi2c1, DS1307_ADDRESS,0x00,1,&buffer,1,10);
 171:Core/Src/main.c **** 
 172:Core/Src/main.c **** 	//buffer = buffer & 0x7F;
 173:Core/Src/main.c **** 	*seconds = BCD_to_Dec(buffer);
 174:Core/Src/main.c **** }
 175:Core/Src/main.c **** /* USER CODE END 0 */
 176:Core/Src/main.c **** 
 177:Core/Src/main.c **** /**
 178:Core/Src/main.c ****   * @brief  The application entry point.
 179:Core/Src/main.c ****   * @retval int
 180:Core/Src/main.c ****   */
 181:Core/Src/main.c **** int main(void)
 182:Core/Src/main.c **** {
 183:Core/Src/main.c ****   /* USER CODE BEGIN 1 */
 184:Core/Src/main.c **** 
 185:Core/Src/main.c ****   /* USER CODE END 1 */
 186:Core/Src/main.c **** 
 187:Core/Src/main.c ****   /* MCU Configuration--------------------------------------------------------*/
 188:Core/Src/main.c **** 
 189:Core/Src/main.c ****   /* Reset of all peripherals, Initializes the Flash interface and the Systick. */
 190:Core/Src/main.c ****   HAL_Init();
 191:Core/Src/main.c **** 
 192:Core/Src/main.c ****   /* USER CODE BEGIN Init */
 193:Core/Src/main.c **** 
 194:Core/Src/main.c ****   /* USER CODE END Init */
 195:Core/Src/main.c **** 
 196:Core/Src/main.c ****   /* Configure the system clock */
 197:Core/Src/main.c ****   SystemClock_Config();
 198:Core/Src/main.c **** 
 199:Core/Src/main.c ****   /* USER CODE BEGIN SysInit */
 200:Core/Src/main.c **** 
 201:Core/Src/main.c ****   /* USER CODE END SysInit */
 202:Core/Src/main.c **** 
 203:Core/Src/main.c ****   /* Initialize all configured peripherals */
 204:Core/Src/main.c ****   MX_GPIO_Init();
ARM GAS  C:\Users\Kingj\AppData\Local\Temp\cc81RRtf.s 			page 5


 205:Core/Src/main.c ****   MX_I2C1_Init();
 206:Core/Src/main.c ****   MX_USART1_UART_Init();
 207:Core/Src/main.c ****   /* USER CODE BEGIN 2 */
 208:Core/Src/main.c **** 	uint8_t data_trans[100];
 209:Core/Src/main.c **** 	lcd_init();
 210:Core/Src/main.c **** 	lcd_put_cur(0,0);
 211:Core/Src/main.c **** 	lcd_send_string("hello");
 212:Core/Src/main.c **** 	uint8_t seconds;
 213:Core/Src/main.c **** 	uint8_t sec = 0x81;	
 214:Core/Src/main.c **** 	HAL_I2C_Mem_Write(&hi2c1, DS1307_ADDRESS,0x00,1,&sec,1,10);
 215:Core/Src/main.c ****   /* USER CODE END 2 */
 216:Core/Src/main.c **** 
 217:Core/Src/main.c ****   /* Infinite loop */
 218:Core/Src/main.c ****   /* USER CODE BEGIN WHILE */
 219:Core/Src/main.c ****   while (1)
 220:Core/Src/main.c ****   {
 221:Core/Src/main.c ****     /* USER CODE END<F9 WHILE */
 222:Core/Src/main.c **** 
 223:Core/Src/main.c ****     /* USER CODE BEGIN 3 */
 224:Core/Src/main.c ****   	get_seconds(&seconds);
 225:Core/Src/main.c **** 	
 226:Core/Src/main.c **** 	HAL_UART_Transmit(&huart1,&seconds,1,100);
 227:Core/Src/main.c **** 	HAL_Delay(1000);  }
 228:Core/Src/main.c ****   /* USER CODE END 3 */
 229:Core/Src/main.c **** }
 230:Core/Src/main.c **** 
 231:Core/Src/main.c **** /**
 232:Core/Src/main.c ****   * @brief System Clock Configuration
 233:Core/Src/main.c ****   * @retval None
 234:Core/Src/main.c ****   */
 235:Core/Src/main.c **** void SystemClock_Config(void)
 236:Core/Src/main.c **** {
 237:Core/Src/main.c ****   RCC_OscInitTypeDef RCC_OscInitStruct = {0};
 238:Core/Src/main.c ****   RCC_ClkInitTypeDef RCC_ClkInitStruct = {0};
 239:Core/Src/main.c **** 
 240:Core/Src/main.c ****   /** Initializes the RCC Oscillators according to the specified parameters
 241:Core/Src/main.c ****   * in the RCC_OscInitTypeDef structure.
 242:Core/Src/main.c ****   */
 243:Core/Src/main.c ****   RCC_OscInitStruct.OscillatorType = RCC_OSCILLATORTYPE_HSE;
 244:Core/Src/main.c ****   RCC_OscInitStruct.HSEState = RCC_HSE_ON;
 245:Core/Src/main.c ****   RCC_OscInitStruct.HSEPredivValue = RCC_HSE_PREDIV_DIV1;
 246:Core/Src/main.c ****   RCC_OscInitStruct.HSIState = RCC_HSI_ON;
 247:Core/Src/main.c ****   RCC_OscInitStruct.PLL.PLLState = RCC_PLL_ON;
 248:Core/Src/main.c ****   RCC_OscInitStruct.PLL.PLLSource = RCC_PLLSOURCE_HSE;
 249:Core/Src/main.c ****   RCC_OscInitStruct.PLL.PLLMUL = RCC_PLL_MUL9;
 250:Core/Src/main.c ****   if (HAL_RCC_OscConfig(&RCC_OscInitStruct) != HAL_OK)
 251:Core/Src/main.c ****   {
 252:Core/Src/main.c ****     Error_Handler();
 253:Core/Src/main.c ****   }
 254:Core/Src/main.c **** 
 255:Core/Src/main.c ****   /** Initializes the CPU, AHB and APB buses clocks
 256:Core/Src/main.c ****   */
 257:Core/Src/main.c ****   RCC_ClkInitStruct.ClockType = RCC_CLOCKTYPE_HCLK|RCC_CLOCKTYPE_SYSCLK
 258:Core/Src/main.c ****                               |RCC_CLOCKTYPE_PCLK1|RCC_CLOCKTYPE_PCLK2;
 259:Core/Src/main.c ****   RCC_ClkInitStruct.SYSCLKSource = RCC_SYSCLKSOURCE_PLLCLK;
 260:Core/Src/main.c ****   RCC_ClkInitStruct.AHBCLKDivider = RCC_SYSCLK_DIV1;
 261:Core/Src/main.c ****   RCC_ClkInitStruct.APB1CLKDivider = RCC_HCLK_DIV2;
ARM GAS  C:\Users\Kingj\AppData\Local\Temp\cc81RRtf.s 			page 6


 262:Core/Src/main.c ****   RCC_ClkInitStruct.APB2CLKDivider = RCC_HCLK_DIV1;
 263:Core/Src/main.c **** 
 264:Core/Src/main.c ****   if (HAL_RCC_ClockConfig(&RCC_ClkInitStruct, FLASH_LATENCY_2) != HAL_OK)
 265:Core/Src/main.c ****   {
 266:Core/Src/main.c ****     Error_Handler();
 267:Core/Src/main.c ****   }
 268:Core/Src/main.c **** }
 269:Core/Src/main.c **** 
 270:Core/Src/main.c **** /**
 271:Core/Src/main.c ****   * @brief I2C1 Initialization Function
 272:Core/Src/main.c ****   * @param None
 273:Core/Src/main.c ****   * @retval None
 274:Core/Src/main.c ****   */
 275:Core/Src/main.c **** static void MX_I2C1_Init(void)
 276:Core/Src/main.c **** {
 277:Core/Src/main.c **** 
 278:Core/Src/main.c ****   /* USER CODE BEGIN I2C1_Init 0 */
 279:Core/Src/main.c **** 
 280:Core/Src/main.c ****   /* USER CODE END I2C1_Init 0 */
 281:Core/Src/main.c **** 
 282:Core/Src/main.c ****   /* USER CODE BEGIN I2C1_Init 1 */
 283:Core/Src/main.c **** 
 284:Core/Src/main.c ****   /* USER CODE END I2C1_Init 1 */
 285:Core/Src/main.c ****   hi2c1.Instance = I2C1;
 286:Core/Src/main.c ****   hi2c1.Init.ClockSpeed = 100000;
 287:Core/Src/main.c ****   hi2c1.Init.DutyCycle = I2C_DUTYCYCLE_2;
 288:Core/Src/main.c ****   hi2c1.Init.OwnAddress1 = 0;
 289:Core/Src/main.c ****   hi2c1.Init.AddressingMode = I2C_ADDRESSINGMODE_7BIT;
 290:Core/Src/main.c ****   hi2c1.Init.DualAddressMode = I2C_DUALADDRESS_DISABLE;
 291:Core/Src/main.c ****   hi2c1.Init.OwnAddress2 = 0;
 292:Core/Src/main.c ****   hi2c1.Init.GeneralCallMode = I2C_GENERALCALL_DISABLE;
 293:Core/Src/main.c ****   hi2c1.Init.NoStretchMode = I2C_NOSTRETCH_DISABLE;
 294:Core/Src/main.c ****   if (HAL_I2C_Init(&hi2c1) != HAL_OK)
 295:Core/Src/main.c ****   {
 296:Core/Src/main.c ****     Error_Handler();
 297:Core/Src/main.c ****   }
 298:Core/Src/main.c ****   /* USER CODE BEGIN I2C1_Init 2 */
 299:Core/Src/main.c **** 
 300:Core/Src/main.c ****   /* USER CODE END I2C1_Init 2 */
 301:Core/Src/main.c **** 
 302:Core/Src/main.c **** }
 303:Core/Src/main.c **** 
 304:Core/Src/main.c **** /**
 305:Core/Src/main.c ****   * @brief USART1 Initialization Function
 306:Core/Src/main.c ****   * @param None
 307:Core/Src/main.c ****   * @retval None
 308:Core/Src/main.c ****   */
 309:Core/Src/main.c **** static void MX_USART1_UART_Init(void)
 310:Core/Src/main.c **** {
 311:Core/Src/main.c **** 
 312:Core/Src/main.c ****   /* USER CODE BEGIN USART1_Init 0 */
 313:Core/Src/main.c **** 
 314:Core/Src/main.c ****   /* USER CODE END USART1_Init 0 */
 315:Core/Src/main.c **** 
 316:Core/Src/main.c ****   /* USER CODE BEGIN USART1_Init 1 */
 317:Core/Src/main.c **** 
 318:Core/Src/main.c ****   /* USER CODE END USART1_Init 1 */
ARM GAS  C:\Users\Kingj\AppData\Local\Temp\cc81RRtf.s 			page 7


 319:Core/Src/main.c ****   huart1.Instance = USART1;
 320:Core/Src/main.c ****   huart1.Init.BaudRate = 9600;
 321:Core/Src/main.c ****   huart1.Init.WordLength = UART_WORDLENGTH_8B;
 322:Core/Src/main.c ****   huart1.Init.StopBits = UART_STOPBITS_1;
 323:Core/Src/main.c ****   huart1.Init.Parity = UART_PARITY_NONE;
 324:Core/Src/main.c ****   huart1.Init.Mode = UART_MODE_TX_RX;
 325:Core/Src/main.c ****   huart1.Init.HwFlowCtl = UART_HWCONTROL_NONE;
 326:Core/Src/main.c ****   huart1.Init.OverSampling = UART_OVERSAMPLING_16;
 327:Core/Src/main.c ****   if (HAL_UART_Init(&huart1) != HAL_OK)
 328:Core/Src/main.c ****   {
 329:Core/Src/main.c ****     Error_Handler();
 330:Core/Src/main.c ****   }
 331:Core/Src/main.c ****   /* USER CODE BEGIN USART1_Init 2 */
 332:Core/Src/main.c **** 
 333:Core/Src/main.c ****   /* USER CODE END USART1_Init 2 */
 334:Core/Src/main.c **** 
 335:Core/Src/main.c **** }
 336:Core/Src/main.c **** 
 337:Core/Src/main.c **** /**
 338:Core/Src/main.c ****   * @brief GPIO Initialization Function
 339:Core/Src/main.c ****   * @param None
 340:Core/Src/main.c ****   * @retval None
 341:Core/Src/main.c ****   */
 342:Core/Src/main.c **** static void MX_GPIO_Init(void)
 343:Core/Src/main.c **** {
  26              		.loc 1 343 1 view -0
  27              		.cfi_startproc
  28              		@ args = 0, pretend = 0, frame = 32
  29              		@ frame_needed = 0, uses_anonymous_args = 0
  30 0000 30B5     		push	{r4, r5, lr}
  31              	.LCFI0:
  32              		.cfi_def_cfa_offset 12
  33              		.cfi_offset 4, -12
  34              		.cfi_offset 5, -8
  35              		.cfi_offset 14, -4
  36 0002 89B0     		sub	sp, sp, #36
  37              	.LCFI1:
  38              		.cfi_def_cfa_offset 48
 344:Core/Src/main.c ****   GPIO_InitTypeDef GPIO_InitStruct = {0};
  39              		.loc 1 344 3 view .LVU1
  40              		.loc 1 344 20 is_stmt 0 view .LVU2
  41 0004 0024     		movs	r4, #0
  42 0006 0494     		str	r4, [sp, #16]
  43 0008 0594     		str	r4, [sp, #20]
  44 000a 0694     		str	r4, [sp, #24]
  45 000c 0794     		str	r4, [sp, #28]
 345:Core/Src/main.c **** /* USER CODE BEGIN MX_GPIO_Init_1 */
 346:Core/Src/main.c **** /* USER CODE END MX_GPIO_Init_1 */
 347:Core/Src/main.c **** 
 348:Core/Src/main.c ****   /* GPIO Ports Clock Enable */
 349:Core/Src/main.c ****   __HAL_RCC_GPIOD_CLK_ENABLE();
  46              		.loc 1 349 3 is_stmt 1 view .LVU3
  47              	.LBB4:
  48              		.loc 1 349 3 view .LVU4
  49              		.loc 1 349 3 view .LVU5
  50 000e 174B     		ldr	r3, .L3
  51 0010 9A69     		ldr	r2, [r3, #24]
ARM GAS  C:\Users\Kingj\AppData\Local\Temp\cc81RRtf.s 			page 8


  52 0012 42F02002 		orr	r2, r2, #32
  53 0016 9A61     		str	r2, [r3, #24]
  54              		.loc 1 349 3 view .LVU6
  55 0018 9A69     		ldr	r2, [r3, #24]
  56 001a 02F02002 		and	r2, r2, #32
  57 001e 0192     		str	r2, [sp, #4]
  58              		.loc 1 349 3 view .LVU7
  59 0020 019A     		ldr	r2, [sp, #4]
  60              	.LBE4:
  61              		.loc 1 349 3 view .LVU8
 350:Core/Src/main.c ****   __HAL_RCC_GPIOA_CLK_ENABLE();
  62              		.loc 1 350 3 view .LVU9
  63              	.LBB5:
  64              		.loc 1 350 3 view .LVU10
  65              		.loc 1 350 3 view .LVU11
  66 0022 9A69     		ldr	r2, [r3, #24]
  67 0024 42F00402 		orr	r2, r2, #4
  68 0028 9A61     		str	r2, [r3, #24]
  69              		.loc 1 350 3 view .LVU12
  70 002a 9A69     		ldr	r2, [r3, #24]
  71 002c 02F00402 		and	r2, r2, #4
  72 0030 0292     		str	r2, [sp, #8]
  73              		.loc 1 350 3 view .LVU13
  74 0032 029A     		ldr	r2, [sp, #8]
  75              	.LBE5:
  76              		.loc 1 350 3 view .LVU14
 351:Core/Src/main.c ****   __HAL_RCC_GPIOB_CLK_ENABLE();
  77              		.loc 1 351 3 view .LVU15
  78              	.LBB6:
  79              		.loc 1 351 3 view .LVU16
  80              		.loc 1 351 3 view .LVU17
  81 0034 9A69     		ldr	r2, [r3, #24]
  82 0036 42F00802 		orr	r2, r2, #8
  83 003a 9A61     		str	r2, [r3, #24]
  84              		.loc 1 351 3 view .LVU18
  85 003c 9B69     		ldr	r3, [r3, #24]
  86 003e 03F00803 		and	r3, r3, #8
  87 0042 0393     		str	r3, [sp, #12]
  88              		.loc 1 351 3 view .LVU19
  89 0044 039B     		ldr	r3, [sp, #12]
  90              	.LBE6:
  91              		.loc 1 351 3 view .LVU20
 352:Core/Src/main.c **** 
 353:Core/Src/main.c ****   /*Configure GPIO pin Output Level */
 354:Core/Src/main.c ****   HAL_GPIO_WritePin(GPIOA, GPIO_PIN_1, GPIO_PIN_RESET);
  92              		.loc 1 354 3 view .LVU21
  93 0046 0A4D     		ldr	r5, .L3+4
  94 0048 2246     		mov	r2, r4
  95 004a 0221     		movs	r1, #2
  96 004c 2846     		mov	r0, r5
  97 004e FFF7FEFF 		bl	HAL_GPIO_WritePin
  98              	.LVL0:
 355:Core/Src/main.c **** 
 356:Core/Src/main.c ****   /*Configure GPIO pin : PA1 */
 357:Core/Src/main.c ****   GPIO_InitStruct.Pin = GPIO_PIN_1;
  99              		.loc 1 357 3 view .LVU22
 100              		.loc 1 357 23 is_stmt 0 view .LVU23
ARM GAS  C:\Users\Kingj\AppData\Local\Temp\cc81RRtf.s 			page 9


 101 0052 0223     		movs	r3, #2
 102 0054 0493     		str	r3, [sp, #16]
 358:Core/Src/main.c ****   GPIO_InitStruct.Mode = GPIO_MODE_OUTPUT_PP;
 103              		.loc 1 358 3 is_stmt 1 view .LVU24
 104              		.loc 1 358 24 is_stmt 0 view .LVU25
 105 0056 0122     		movs	r2, #1
 106 0058 0592     		str	r2, [sp, #20]
 359:Core/Src/main.c ****   GPIO_InitStruct.Pull = GPIO_NOPULL;
 107              		.loc 1 359 3 is_stmt 1 view .LVU26
 108              		.loc 1 359 24 is_stmt 0 view .LVU27
 109 005a 0694     		str	r4, [sp, #24]
 360:Core/Src/main.c ****   GPIO_InitStruct.Speed = GPIO_SPEED_FREQ_LOW;
 110              		.loc 1 360 3 is_stmt 1 view .LVU28
 111              		.loc 1 360 25 is_stmt 0 view .LVU29
 112 005c 0793     		str	r3, [sp, #28]
 361:Core/Src/main.c ****   HAL_GPIO_Init(GPIOA, &GPIO_InitStruct);
 113              		.loc 1 361 3 is_stmt 1 view .LVU30
 114 005e 04A9     		add	r1, sp, #16
 115 0060 2846     		mov	r0, r5
 116 0062 FFF7FEFF 		bl	HAL_GPIO_Init
 117              	.LVL1:
 362:Core/Src/main.c **** 
 363:Core/Src/main.c **** /* USER CODE BEGIN MX_GPIO_Init_2 */
 364:Core/Src/main.c **** /* USER CODE END MX_GPIO_Init_2 */
 365:Core/Src/main.c **** }
 118              		.loc 1 365 1 is_stmt 0 view .LVU31
 119 0066 09B0     		add	sp, sp, #36
 120              	.LCFI2:
 121              		.cfi_def_cfa_offset 12
 122              		@ sp needed
 123 0068 30BD     		pop	{r4, r5, pc}
 124              	.L4:
 125 006a 00BF     		.align	2
 126              	.L3:
 127 006c 00100240 		.word	1073876992
 128 0070 00080140 		.word	1073809408
 129              		.cfi_endproc
 130              	.LFE81:
 132              		.section	.text.DS1307_GetTime,"ax",%progbits
 133              		.align	1
 134              		.global	DS1307_GetTime
 135              		.syntax unified
 136              		.thumb
 137              		.thumb_func
 139              	DS1307_GetTime:
 140              	.LVL2:
 141              	.LFB68:
  68:Core/Src/main.c ****     uint8_t data[3];
 142              		.loc 1 68 1 is_stmt 1 view -0
 143              		.cfi_startproc
 144              		@ args = 0, pretend = 0, frame = 8
 145              		@ frame_needed = 0, uses_anonymous_args = 0
  68:Core/Src/main.c ****     uint8_t data[3];
 146              		.loc 1 68 1 is_stmt 0 view .LVU33
 147 0000 F0B5     		push	{r4, r5, r6, r7, lr}
 148              	.LCFI3:
 149              		.cfi_def_cfa_offset 20
ARM GAS  C:\Users\Kingj\AppData\Local\Temp\cc81RRtf.s 			page 10


 150              		.cfi_offset 4, -20
 151              		.cfi_offset 5, -16
 152              		.cfi_offset 6, -12
 153              		.cfi_offset 7, -8
 154              		.cfi_offset 14, -4
 155 0002 85B0     		sub	sp, sp, #20
 156              	.LCFI4:
 157              		.cfi_def_cfa_offset 40
 158 0004 0446     		mov	r4, r0
 159 0006 0D46     		mov	r5, r1
 160 0008 1646     		mov	r6, r2
  69:Core/Src/main.c ****    	uint8_t reg = 0x00;
 161              		.loc 1 69 5 is_stmt 1 view .LVU34
  70:Core/Src/main.c **** 	HAL_I2C_Master_Transmit(&hi2c1, DS1307_ADDRESS, &reg, 1, 10); 
 162              		.loc 1 70 5 view .LVU35
  70:Core/Src/main.c **** 	HAL_I2C_Master_Transmit(&hi2c1, DS1307_ADDRESS, &reg, 1, 10); 
 163              		.loc 1 70 13 is_stmt 0 view .LVU36
 164 000a 0023     		movs	r3, #0
 165 000c 8DF80B30 		strb	r3, [sp, #11]
  71:Core/Src/main.c **** 	HAL_I2C_Master_Receive(&hi2c1, DS1307_ADDRESS, data, 3, 50);     
 166              		.loc 1 71 2 is_stmt 1 view .LVU37
 167 0010 184F     		ldr	r7, .L7
 168 0012 0A23     		movs	r3, #10
 169 0014 0093     		str	r3, [sp]
 170 0016 0123     		movs	r3, #1
 171 0018 0DF10B02 		add	r2, sp, #11
 172              	.LVL3:
  71:Core/Src/main.c **** 	HAL_I2C_Master_Receive(&hi2c1, DS1307_ADDRESS, data, 3, 50);     
 173              		.loc 1 71 2 is_stmt 0 view .LVU38
 174 001c D021     		movs	r1, #208
 175              	.LVL4:
  71:Core/Src/main.c **** 	HAL_I2C_Master_Receive(&hi2c1, DS1307_ADDRESS, data, 3, 50);     
 176              		.loc 1 71 2 view .LVU39
 177 001e 3846     		mov	r0, r7
 178              	.LVL5:
  71:Core/Src/main.c **** 	HAL_I2C_Master_Receive(&hi2c1, DS1307_ADDRESS, data, 3, 50);     
 179              		.loc 1 71 2 view .LVU40
 180 0020 FFF7FEFF 		bl	HAL_I2C_Master_Transmit
 181              	.LVL6:
  72:Core/Src/main.c ****     *seconds = ((data[0] >> 4) * 10) + (data[0] & 0x0F);
 182              		.loc 1 72 2 is_stmt 1 view .LVU41
 183 0024 3223     		movs	r3, #50
 184 0026 0093     		str	r3, [sp]
 185 0028 0323     		movs	r3, #3
 186 002a 03AA     		add	r2, sp, #12
 187 002c D021     		movs	r1, #208
 188 002e 3846     		mov	r0, r7
 189 0030 FFF7FEFF 		bl	HAL_I2C_Master_Receive
 190              	.LVL7:
  73:Core/Src/main.c ****     *minutes = ((data[1] >> 4) * 10) + (data[1] & 0x0F);
 191              		.loc 1 73 5 view .LVU42
  73:Core/Src/main.c ****     *minutes = ((data[1] >> 4) * 10) + (data[1] & 0x0F);
 192              		.loc 1 73 22 is_stmt 0 view .LVU43
 193 0034 9DF80C30 		ldrb	r3, [sp, #12]	@ zero_extendqisi2
  73:Core/Src/main.c ****     *minutes = ((data[1] >> 4) * 10) + (data[1] & 0x0F);
 194              		.loc 1 73 49 view .LVU44
 195 0038 03F00F02 		and	r2, r3, #15
ARM GAS  C:\Users\Kingj\AppData\Local\Temp\cc81RRtf.s 			page 11


  73:Core/Src/main.c ****     *minutes = ((data[1] >> 4) * 10) + (data[1] & 0x0F);
 196              		.loc 1 73 38 view .LVU45
 197 003c 1B09     		lsrs	r3, r3, #4
 198 003e 03EB8303 		add	r3, r3, r3, lsl #2
 199 0042 02EB4303 		add	r3, r2, r3, lsl #1
  73:Core/Src/main.c ****     *minutes = ((data[1] >> 4) * 10) + (data[1] & 0x0F);
 200              		.loc 1 73 14 view .LVU46
 201 0046 3370     		strb	r3, [r6]
  74:Core/Src/main.c ****     *hours   = ((data[2] >> 4) * 10) + (data[2] & 0x0F);
 202              		.loc 1 74 5 is_stmt 1 view .LVU47
  74:Core/Src/main.c ****     *hours   = ((data[2] >> 4) * 10) + (data[2] & 0x0F);
 203              		.loc 1 74 22 is_stmt 0 view .LVU48
 204 0048 9DF80D30 		ldrb	r3, [sp, #13]	@ zero_extendqisi2
  74:Core/Src/main.c ****     *hours   = ((data[2] >> 4) * 10) + (data[2] & 0x0F);
 205              		.loc 1 74 49 view .LVU49
 206 004c 03F00F02 		and	r2, r3, #15
  74:Core/Src/main.c ****     *hours   = ((data[2] >> 4) * 10) + (data[2] & 0x0F);
 207              		.loc 1 74 38 view .LVU50
 208 0050 1B09     		lsrs	r3, r3, #4
 209 0052 03EB8303 		add	r3, r3, r3, lsl #2
 210 0056 02EB4303 		add	r3, r2, r3, lsl #1
  74:Core/Src/main.c ****     *hours   = ((data[2] >> 4) * 10) + (data[2] & 0x0F);
 211              		.loc 1 74 14 view .LVU51
 212 005a 2B70     		strb	r3, [r5]
  75:Core/Src/main.c **** }
 213              		.loc 1 75 5 is_stmt 1 view .LVU52
  75:Core/Src/main.c **** }
 214              		.loc 1 75 22 is_stmt 0 view .LVU53
 215 005c 9DF80E30 		ldrb	r3, [sp, #14]	@ zero_extendqisi2
  75:Core/Src/main.c **** }
 216              		.loc 1 75 49 view .LVU54
 217 0060 03F00F02 		and	r2, r3, #15
  75:Core/Src/main.c **** }
 218              		.loc 1 75 38 view .LVU55
 219 0064 1B09     		lsrs	r3, r3, #4
 220 0066 03EB8303 		add	r3, r3, r3, lsl #2
 221 006a 02EB4303 		add	r3, r2, r3, lsl #1
  75:Core/Src/main.c **** }
 222              		.loc 1 75 14 view .LVU56
 223 006e 2370     		strb	r3, [r4]
  76:Core/Src/main.c **** 
 224              		.loc 1 76 1 view .LVU57
 225 0070 05B0     		add	sp, sp, #20
 226              	.LCFI5:
 227              		.cfi_def_cfa_offset 20
 228              		@ sp needed
 229 0072 F0BD     		pop	{r4, r5, r6, r7, pc}
 230              	.LVL8:
 231              	.L8:
  76:Core/Src/main.c **** 
 232              		.loc 1 76 1 view .LVU58
 233              		.align	2
 234              	.L7:
 235 0074 00000000 		.word	.LANCHOR0
 236              		.cfi_endproc
 237              	.LFE68:
 239              		.section	.text.lcd_send_cmd,"ax",%progbits
ARM GAS  C:\Users\Kingj\AppData\Local\Temp\cc81RRtf.s 			page 12


 240              		.align	1
 241              		.global	lcd_send_cmd
 242              		.syntax unified
 243              		.thumb
 244              		.thumb_func
 246              	lcd_send_cmd:
 247              	.LVL9:
 248              	.LFB69:
  80:Core/Src/main.c ****     uint8_t data_u, data_l;
 249              		.loc 1 80 1 is_stmt 1 view -0
 250              		.cfi_startproc
 251              		@ args = 0, pretend = 0, frame = 8
 252              		@ frame_needed = 0, uses_anonymous_args = 0
  80:Core/Src/main.c ****     uint8_t data_u, data_l;
 253              		.loc 1 80 1 is_stmt 0 view .LVU60
 254 0000 00B5     		push	{lr}
 255              	.LCFI6:
 256              		.cfi_def_cfa_offset 4
 257              		.cfi_offset 14, -4
 258 0002 85B0     		sub	sp, sp, #20
 259              	.LCFI7:
 260              		.cfi_def_cfa_offset 24
  81:Core/Src/main.c ****     uint8_t data_t[4];
 261              		.loc 1 81 5 is_stmt 1 view .LVU61
  82:Core/Src/main.c ****     
 262              		.loc 1 82 5 view .LVU62
  84:Core/Src/main.c ****     data_l = ((cmd << 4) & 0xF0);  // Lấy 4 bit thấp
 263              		.loc 1 84 5 view .LVU63
  84:Core/Src/main.c ****     data_l = ((cmd << 4) & 0xF0);  // Lấy 4 bit thấp
 264              		.loc 1 84 12 is_stmt 0 view .LVU64
 265 0004 00F0F003 		and	r3, r0, #240
 266              	.LVL10:
  85:Core/Src/main.c ****     
 267              		.loc 1 85 5 is_stmt 1 view .LVU65
  85:Core/Src/main.c ****     
 268              		.loc 1 85 20 is_stmt 0 view .LVU66
 269 0008 0001     		lsls	r0, r0, #4
 270              	.LVL11:
  85:Core/Src/main.c ****     
 271              		.loc 1 85 12 view .LVU67
 272 000a C0B2     		uxtb	r0, r0
 273              	.LVL12:
  88:Core/Src/main.c ****     data_t[1] = data_u | 0x00;         // Bật đèn nền, Enable = 0, RS = 0 (lệnh)
 274              		.loc 1 88 5 is_stmt 1 view .LVU68
  88:Core/Src/main.c ****     data_t[1] = data_u | 0x00;         // Bật đèn nền, Enable = 0, RS = 0 (lệnh)
 275              		.loc 1 88 15 is_stmt 0 view .LVU69
 276 000c 43F00402 		orr	r2, r3, #4
 277 0010 8DF80C20 		strb	r2, [sp, #12]
  89:Core/Src/main.c ****     
 278              		.loc 1 89 5 is_stmt 1 view .LVU70
  89:Core/Src/main.c ****     
 279              		.loc 1 89 15 is_stmt 0 view .LVU71
 280 0014 8DF80D30 		strb	r3, [sp, #13]
  92:Core/Src/main.c ****     data_t[3] = data_l | 0x00;         // Bật đèn nền, Enable = 0, RS = 0 (lệnh)
 281              		.loc 1 92 5 is_stmt 1 view .LVU72
  92:Core/Src/main.c ****     data_t[3] = data_l | 0x00;         // Bật đèn nền, Enable = 0, RS = 0 (lệnh)
 282              		.loc 1 92 15 is_stmt 0 view .LVU73
ARM GAS  C:\Users\Kingj\AppData\Local\Temp\cc81RRtf.s 			page 13


 283 0018 40F00403 		orr	r3, r0, #4
 284              	.LVL13:
  92:Core/Src/main.c ****     data_t[3] = data_l | 0x00;         // Bật đèn nền, Enable = 0, RS = 0 (lệnh)
 285              		.loc 1 92 15 view .LVU74
 286 001c 8DF80E30 		strb	r3, [sp, #14]
  93:Core/Src/main.c ****     
 287              		.loc 1 93 5 is_stmt 1 view .LVU75
  93:Core/Src/main.c ****     
 288              		.loc 1 93 15 is_stmt 0 view .LVU76
 289 0020 8DF80F00 		strb	r0, [sp, #15]
  95:Core/Src/main.c **** }
 290              		.loc 1 95 5 is_stmt 1 view .LVU77
 291 0024 6423     		movs	r3, #100
 292 0026 0093     		str	r3, [sp]
 293 0028 0423     		movs	r3, #4
 294 002a 03AA     		add	r2, sp, #12
 295 002c 4E21     		movs	r1, #78
 296 002e 0348     		ldr	r0, .L11
 297              	.LVL14:
  95:Core/Src/main.c **** }
 298              		.loc 1 95 5 is_stmt 0 view .LVU78
 299 0030 FFF7FEFF 		bl	HAL_I2C_Master_Transmit
 300              	.LVL15:
  96:Core/Src/main.c **** 
 301              		.loc 1 96 1 view .LVU79
 302 0034 05B0     		add	sp, sp, #20
 303              	.LCFI8:
 304              		.cfi_def_cfa_offset 4
 305              		@ sp needed
 306 0036 5DF804FB 		ldr	pc, [sp], #4
 307              	.L12:
 308 003a 00BF     		.align	2
 309              	.L11:
 310 003c 00000000 		.word	.LANCHOR0
 311              		.cfi_endproc
 312              	.LFE69:
 314              		.section	.text.lcd_send_data,"ax",%progbits
 315              		.align	1
 316              		.global	lcd_send_data
 317              		.syntax unified
 318              		.thumb
 319              		.thumb_func
 321              	lcd_send_data:
 322              	.LVL16:
 323              	.LFB70:
 100:Core/Src/main.c ****     uint8_t data_u, data_l;
 324              		.loc 1 100 1 is_stmt 1 view -0
 325              		.cfi_startproc
 326              		@ args = 0, pretend = 0, frame = 8
 327              		@ frame_needed = 0, uses_anonymous_args = 0
 100:Core/Src/main.c ****     uint8_t data_u, data_l;
 328              		.loc 1 100 1 is_stmt 0 view .LVU81
 329 0000 00B5     		push	{lr}
 330              	.LCFI9:
 331              		.cfi_def_cfa_offset 4
 332              		.cfi_offset 14, -4
 333 0002 85B0     		sub	sp, sp, #20
ARM GAS  C:\Users\Kingj\AppData\Local\Temp\cc81RRtf.s 			page 14


 334              	.LCFI10:
 335              		.cfi_def_cfa_offset 24
 101:Core/Src/main.c ****     uint8_t data_t[4];
 336              		.loc 1 101 5 is_stmt 1 view .LVU82
 102:Core/Src/main.c ****     
 337              		.loc 1 102 5 view .LVU83
 104:Core/Src/main.c ****     data_l = ((data << 4) & 0xF0);  // Lấy 4 bit thấp
 338              		.loc 1 104 5 view .LVU84
 104:Core/Src/main.c ****     data_l = ((data << 4) & 0xF0);  // Lấy 4 bit thấp
 339              		.loc 1 104 12 is_stmt 0 view .LVU85
 340 0004 00F0F003 		and	r3, r0, #240
 341              	.LVL17:
 105:Core/Src/main.c ****     
 342              		.loc 1 105 5 is_stmt 1 view .LVU86
 105:Core/Src/main.c ****     
 343              		.loc 1 105 21 is_stmt 0 view .LVU87
 344 0008 0001     		lsls	r0, r0, #4
 345              	.LVL18:
 105:Core/Src/main.c ****     
 346              		.loc 1 105 12 view .LVU88
 347 000a C0B2     		uxtb	r0, r0
 348              	.LVL19:
 108:Core/Src/main.c ****     data_t[1] = data_u | 0x01;  // Bật đèn nền, Enable = 0, RS = 1 (dữ liệu)
 349              		.loc 1 108 5 is_stmt 1 view .LVU89
 108:Core/Src/main.c ****     data_t[1] = data_u | 0x01;  // Bật đèn nền, Enable = 0, RS = 1 (dữ liệu)
 350              		.loc 1 108 15 is_stmt 0 view .LVU90
 351 000c 43F00502 		orr	r2, r3, #5
 352 0010 8DF80C20 		strb	r2, [sp, #12]
 109:Core/Src/main.c ****     
 353              		.loc 1 109 5 is_stmt 1 view .LVU91
 109:Core/Src/main.c ****     
 354              		.loc 1 109 15 is_stmt 0 view .LVU92
 355 0014 43F00103 		orr	r3, r3, #1
 356              	.LVL20:
 109:Core/Src/main.c ****     
 357              		.loc 1 109 15 view .LVU93
 358 0018 8DF80D30 		strb	r3, [sp, #13]
 112:Core/Src/main.c ****     data_t[3] = data_l | 0x01;  // Bật đènền, Enable = 0, RS = 1 (dữ liệu)
 359              		.loc 1 112 5 is_stmt 1 view .LVU94
 112:Core/Src/main.c ****     data_t[3] = data_l | 0x01;  // Bật đènền, Enable = 0, RS = 1 (dữ liệu)
 360              		.loc 1 112 15 is_stmt 0 view .LVU95
 361 001c 40F00503 		orr	r3, r0, #5
 362 0020 8DF80E30 		strb	r3, [sp, #14]
 113:Core/Src/main.c ****     
 363              		.loc 1 113 5 is_stmt 1 view .LVU96
 113:Core/Src/main.c ****     
 364              		.loc 1 113 15 is_stmt 0 view .LVU97
 365 0024 40F00100 		orr	r0, r0, #1
 366              	.LVL21:
 113:Core/Src/main.c ****     
 367              		.loc 1 113 15 view .LVU98
 368 0028 8DF80F00 		strb	r0, [sp, #15]
 115:Core/Src/main.c **** }
 369              		.loc 1 115 5 is_stmt 1 view .LVU99
 370 002c 6423     		movs	r3, #100
 371 002e 0093     		str	r3, [sp]
 372 0030 0423     		movs	r3, #4
ARM GAS  C:\Users\Kingj\AppData\Local\Temp\cc81RRtf.s 			page 15


 373 0032 03AA     		add	r2, sp, #12
 374 0034 4E21     		movs	r1, #78
 375 0036 0348     		ldr	r0, .L15
 376 0038 FFF7FEFF 		bl	HAL_I2C_Master_Transmit
 377              	.LVL22:
 116:Core/Src/main.c **** 
 378              		.loc 1 116 1 is_stmt 0 view .LVU100
 379 003c 05B0     		add	sp, sp, #20
 380              	.LCFI11:
 381              		.cfi_def_cfa_offset 4
 382              		@ sp needed
 383 003e 5DF804FB 		ldr	pc, [sp], #4
 384              	.L16:
 385 0042 00BF     		.align	2
 386              	.L15:
 387 0044 00000000 		.word	.LANCHOR0
 388              		.cfi_endproc
 389              	.LFE70:
 391              		.section	.text.lcd_init,"ax",%progbits
 392              		.align	1
 393              		.global	lcd_init
 394              		.syntax unified
 395              		.thumb
 396              		.thumb_func
 398              	lcd_init:
 399              	.LFB71:
 120:Core/Src/main.c ****     // Đợi LCD khởi động
 400              		.loc 1 120 1 is_stmt 1 view -0
 401              		.cfi_startproc
 402              		@ args = 0, pretend = 0, frame = 0
 403              		@ frame_needed = 0, uses_anonymous_args = 0
 404 0000 08B5     		push	{r3, lr}
 405              	.LCFI12:
 406              		.cfi_def_cfa_offset 8
 407              		.cfi_offset 3, -8
 408              		.cfi_offset 14, -4
 122:Core/Src/main.c ****     
 409              		.loc 1 122 5 view .LVU102
 410 0002 3220     		movs	r0, #50
 411 0004 FFF7FEFF 		bl	HAL_Delay
 412              	.LVL23:
 125:Core/Src/main.c ****     HAL_Delay(5);
 413              		.loc 1 125 5 view .LVU103
 414 0008 3020     		movs	r0, #48
 415 000a FFF7FEFF 		bl	lcd_send_cmd
 416              	.LVL24:
 126:Core/Src/main.c ****     lcd_send_cmd(0x30);
 417              		.loc 1 126 5 view .LVU104
 418 000e 0520     		movs	r0, #5
 419 0010 FFF7FEFF 		bl	HAL_Delay
 420              	.LVL25:
 127:Core/Src/main.c ****     HAL_Delay(1);
 421              		.loc 1 127 5 view .LVU105
 422 0014 3020     		movs	r0, #48
 423 0016 FFF7FEFF 		bl	lcd_send_cmd
 424              	.LVL26:
 128:Core/Src/main.c ****     lcd_send_cmd(0x30);
ARM GAS  C:\Users\Kingj\AppData\Local\Temp\cc81RRtf.s 			page 16


 425              		.loc 1 128 5 view .LVU106
 426 001a 0120     		movs	r0, #1
 427 001c FFF7FEFF 		bl	HAL_Delay
 428              	.LVL27:
 129:Core/Src/main.c ****     lcd_send_cmd(0x20);  // Chuyển sang chế độ 4-bit
 429              		.loc 1 129 5 view .LVU107
 430 0020 3020     		movs	r0, #48
 431 0022 FFF7FEFF 		bl	lcd_send_cmd
 432              	.LVL28:
 130:Core/Src/main.c ****     
 433              		.loc 1 130 5 view .LVU108
 434 0026 2020     		movs	r0, #32
 435 0028 FFF7FEFF 		bl	lcd_send_cmd
 436              	.LVL29:
 133:Core/Src/main.c ****     lcd_send_cmd(0x0C);  // Bật màn hình, tắt con trỏ, không nhấp nháy
 437              		.loc 1 133 5 view .LVU109
 438 002c 2820     		movs	r0, #40
 439 002e FFF7FEFF 		bl	lcd_send_cmd
 440              	.LVL30:
 134:Core/Src/main.c ****     lcd_send_cmd(0x01);  // Xóa màn hình
 441              		.loc 1 134 5 view .LVU110
 442 0032 0C20     		movs	r0, #12
 443 0034 FFF7FEFF 		bl	lcd_send_cmd
 444              	.LVL31:
 135:Core/Src/main.c ****     HAL_Delay(2);
 445              		.loc 1 135 5 view .LVU111
 446 0038 0120     		movs	r0, #1
 447 003a FFF7FEFF 		bl	lcd_send_cmd
 448              	.LVL32:
 136:Core/Src/main.c ****     lcd_send_cmd(0x06);  // Chế độ nhập từ trái sang phải, không dịch màn hình
 449              		.loc 1 136 5 view .LVU112
 450 003e 0220     		movs	r0, #2
 451 0040 FFF7FEFF 		bl	HAL_Delay
 452              	.LVL33:
 137:Core/Src/main.c **** }
 453              		.loc 1 137 5 view .LVU113
 454 0044 0620     		movs	r0, #6
 455 0046 FFF7FEFF 		bl	lcd_send_cmd
 456              	.LVL34:
 138:Core/Src/main.c **** 
 457              		.loc 1 138 1 is_stmt 0 view .LVU114
 458 004a 08BD     		pop	{r3, pc}
 459              		.cfi_endproc
 460              	.LFE71:
 462              		.section	.text.lcd_clear,"ax",%progbits
 463              		.align	1
 464              		.global	lcd_clear
 465              		.syntax unified
 466              		.thumb
 467              		.thumb_func
 469              	lcd_clear:
 470              	.LFB72:
 142:Core/Src/main.c ****     lcd_send_cmd(0x01);  // Lệnh xóa màn hình
 471              		.loc 1 142 1 is_stmt 1 view -0
 472              		.cfi_startproc
 473              		@ args = 0, pretend = 0, frame = 0
 474              		@ frame_needed = 0, uses_anonymous_args = 0
ARM GAS  C:\Users\Kingj\AppData\Local\Temp\cc81RRtf.s 			page 17


 475 0000 08B5     		push	{r3, lr}
 476              	.LCFI13:
 477              		.cfi_def_cfa_offset 8
 478              		.cfi_offset 3, -8
 479              		.cfi_offset 14, -4
 143:Core/Src/main.c ****     HAL_Delay(2);
 480              		.loc 1 143 5 view .LVU116
 481 0002 0120     		movs	r0, #1
 482 0004 FFF7FEFF 		bl	lcd_send_cmd
 483              	.LVL35:
 144:Core/Src/main.c **** }
 484              		.loc 1 144 5 view .LVU117
 485 0008 0220     		movs	r0, #2
 486 000a FFF7FEFF 		bl	HAL_Delay
 487              	.LVL36:
 145:Core/Src/main.c **** 
 488              		.loc 1 145 1 is_stmt 0 view .LVU118
 489 000e 08BD     		pop	{r3, pc}
 490              		.cfi_endproc
 491              	.LFE72:
 493              		.section	.text.lcd_put_cur,"ax",%progbits
 494              		.align	1
 495              		.global	lcd_put_cur
 496              		.syntax unified
 497              		.thumb
 498              		.thumb_func
 500              	lcd_put_cur:
 501              	.LVL37:
 502              	.LFB73:
 148:Core/Src/main.c ****     uint8_t addr = (row == 0) ? (0x80 + col) : (0xC0 + col);  // Đặt con trỏ
 503              		.loc 1 148 1 is_stmt 1 view -0
 504              		.cfi_startproc
 505              		@ args = 0, pretend = 0, frame = 0
 506              		@ frame_needed = 0, uses_anonymous_args = 0
 148:Core/Src/main.c ****     uint8_t addr = (row == 0) ? (0x80 + col) : (0xC0 + col);  // Đặt con trỏ
 507              		.loc 1 148 1 is_stmt 0 view .LVU120
 508 0000 08B5     		push	{r3, lr}
 509              	.LCFI14:
 510              		.cfi_def_cfa_offset 8
 511              		.cfi_offset 3, -8
 512              		.cfi_offset 14, -4
 149:Core/Src/main.c ****     lcd_send_cmd(addr);
 513              		.loc 1 149 5 is_stmt 1 view .LVU121
 149:Core/Src/main.c ****     lcd_send_cmd(addr);
 514              		.loc 1 149 13 is_stmt 0 view .LVU122
 515 0002 28B9     		cbnz	r0, .L22
 149:Core/Src/main.c ****     lcd_send_cmd(addr);
 516              		.loc 1 149 39 discriminator 1 view .LVU123
 517 0004 C9B2     		uxtb	r1, r1
 518              	.LVL38:
 149:Core/Src/main.c ****     lcd_send_cmd(addr);
 519              		.loc 1 149 13 discriminator 1 view .LVU124
 520 0006 81F08000 		eor	r0, r1, #128
 521              	.LVL39:
 522              	.L23:
 150:Core/Src/main.c **** }
 523              		.loc 1 150 5 is_stmt 1 discriminator 4 view .LVU125
ARM GAS  C:\Users\Kingj\AppData\Local\Temp\cc81RRtf.s 			page 18


 524 000a FFF7FEFF 		bl	lcd_send_cmd
 525              	.LVL40:
 151:Core/Src/main.c **** 
 526              		.loc 1 151 1 is_stmt 0 discriminator 4 view .LVU126
 527 000e 08BD     		pop	{r3, pc}
 528              	.LVL41:
 529              	.L22:
 149:Core/Src/main.c ****     lcd_send_cmd(addr);
 530              		.loc 1 149 54 discriminator 2 view .LVU127
 531 0010 C8B2     		uxtb	r0, r1
 532              	.LVL42:
 149:Core/Src/main.c ****     lcd_send_cmd(addr);
 533              		.loc 1 149 13 discriminator 2 view .LVU128
 534 0012 4038     		subs	r0, r0, #64
 535 0014 C0B2     		uxtb	r0, r0
 536 0016 F8E7     		b	.L23
 537              		.cfi_endproc
 538              	.LFE73:
 540              		.section	.text.lcd_send_string,"ax",%progbits
 541              		.align	1
 542              		.global	lcd_send_string
 543              		.syntax unified
 544              		.thumb
 545              		.thumb_func
 547              	lcd_send_string:
 548              	.LVL43:
 549              	.LFB74:
 154:Core/Src/main.c ****     while (*str)
 550              		.loc 1 154 1 is_stmt 1 view -0
 551              		.cfi_startproc
 552              		@ args = 0, pretend = 0, frame = 0
 553              		@ frame_needed = 0, uses_anonymous_args = 0
 154:Core/Src/main.c ****     while (*str)
 554              		.loc 1 154 1 is_stmt 0 view .LVU130
 555 0000 10B5     		push	{r4, lr}
 556              	.LCFI15:
 557              		.cfi_def_cfa_offset 8
 558              		.cfi_offset 4, -8
 559              		.cfi_offset 14, -4
 560 0002 0446     		mov	r4, r0
 155:Core/Src/main.c ****     {
 561              		.loc 1 155 5 is_stmt 1 view .LVU131
 155:Core/Src/main.c ****     {
 562              		.loc 1 155 11 is_stmt 0 view .LVU132
 563 0004 02E0     		b	.L26
 564              	.LVL44:
 565              	.L27:
 157:Core/Src/main.c ****     }
 566              		.loc 1 157 9 is_stmt 1 view .LVU133
 157:Core/Src/main.c ****     }
 567              		.loc 1 157 27 is_stmt 0 view .LVU134
 568 0006 0134     		adds	r4, r4, #1
 569              	.LVL45:
 157:Core/Src/main.c ****     }
 570              		.loc 1 157 9 view .LVU135
 571 0008 FFF7FEFF 		bl	lcd_send_data
 572              	.LVL46:
ARM GAS  C:\Users\Kingj\AppData\Local\Temp\cc81RRtf.s 			page 19


 573              	.L26:
 155:Core/Src/main.c ****     {
 574              		.loc 1 155 12 is_stmt 1 view .LVU136
 575 000c 2078     		ldrb	r0, [r4]	@ zero_extendqisi2
 576 000e 0028     		cmp	r0, #0
 577 0010 F9D1     		bne	.L27
 159:Core/Src/main.c **** 
 578              		.loc 1 159 1 is_stmt 0 view .LVU137
 579 0012 10BD     		pop	{r4, pc}
 159:Core/Src/main.c **** 
 580              		.loc 1 159 1 view .LVU138
 581              		.cfi_endproc
 582              	.LFE74:
 584              		.section	.text.BCD_to_Dec,"ax",%progbits
 585              		.align	1
 586              		.global	BCD_to_Dec
 587              		.syntax unified
 588              		.thumb
 589              		.thumb_func
 591              	BCD_to_Dec:
 592              	.LVL47:
 593              	.LFB75:
 162:Core/Src/main.c ****     return ((val / 16 * 10) + (val % 16));
 594              		.loc 1 162 33 is_stmt 1 view -0
 595              		.cfi_startproc
 596              		@ args = 0, pretend = 0, frame = 0
 597              		@ frame_needed = 0, uses_anonymous_args = 0
 598              		@ link register save eliminated.
 163:Core/Src/main.c **** }
 599              		.loc 1 163 5 view .LVU140
 163:Core/Src/main.c **** }
 600              		.loc 1 163 36 is_stmt 0 view .LVU141
 601 0000 00F00F03 		and	r3, r0, #15
 163:Core/Src/main.c **** }
 602              		.loc 1 163 29 view .LVU142
 603 0004 0009     		lsrs	r0, r0, #4
 604              	.LVL48:
 163:Core/Src/main.c **** }
 605              		.loc 1 163 29 view .LVU143
 606 0006 00EB8000 		add	r0, r0, r0, lsl #2
 607 000a 03EB4000 		add	r0, r3, r0, lsl #1
 164:Core/Src/main.c **** void get_seconds(uint8_t* seconds)
 608              		.loc 1 164 1 view .LVU144
 609 000e C0B2     		uxtb	r0, r0
 610 0010 7047     		bx	lr
 611              		.cfi_endproc
 612              	.LFE75:
 614              		.section	.text.get_seconds,"ax",%progbits
 615              		.align	1
 616              		.global	get_seconds
 617              		.syntax unified
 618              		.thumb
 619              		.thumb_func
 621              	get_seconds:
 622              	.LVL49:
 623              	.LFB76:
 166:Core/Src/main.c **** 	uint8_t buffer;
ARM GAS  C:\Users\Kingj\AppData\Local\Temp\cc81RRtf.s 			page 20


 624              		.loc 1 166 1 is_stmt 1 view -0
 625              		.cfi_startproc
 626              		@ args = 0, pretend = 0, frame = 8
 627              		@ frame_needed = 0, uses_anonymous_args = 0
 166:Core/Src/main.c **** 	uint8_t buffer;
 628              		.loc 1 166 1 is_stmt 0 view .LVU146
 629 0000 10B5     		push	{r4, lr}
 630              	.LCFI16:
 631              		.cfi_def_cfa_offset 8
 632              		.cfi_offset 4, -8
 633              		.cfi_offset 14, -4
 634 0002 86B0     		sub	sp, sp, #24
 635              	.LCFI17:
 636              		.cfi_def_cfa_offset 32
 637 0004 0446     		mov	r4, r0
 167:Core/Src/main.c **** 
 638              		.loc 1 167 2 is_stmt 1 view .LVU147
 170:Core/Src/main.c **** 
 639              		.loc 1 170 2 view .LVU148
 640 0006 0A23     		movs	r3, #10
 641 0008 0293     		str	r3, [sp, #8]
 642 000a 0123     		movs	r3, #1
 643 000c 0193     		str	r3, [sp, #4]
 644 000e 0DF11702 		add	r2, sp, #23
 645 0012 0092     		str	r2, [sp]
 646 0014 0022     		movs	r2, #0
 647 0016 D021     		movs	r1, #208
 648 0018 0448     		ldr	r0, .L32
 649              	.LVL50:
 170:Core/Src/main.c **** 
 650              		.loc 1 170 2 is_stmt 0 view .LVU149
 651 001a FFF7FEFF 		bl	HAL_I2C_Mem_Read
 652              	.LVL51:
 173:Core/Src/main.c **** }
 653              		.loc 1 173 2 is_stmt 1 view .LVU150
 173:Core/Src/main.c **** }
 654              		.loc 1 173 13 is_stmt 0 view .LVU151
 655 001e 9DF81700 		ldrb	r0, [sp, #23]	@ zero_extendqisi2
 656 0022 FFF7FEFF 		bl	BCD_to_Dec
 657              	.LVL52:
 173:Core/Src/main.c **** }
 658              		.loc 1 173 11 view .LVU152
 659 0026 2070     		strb	r0, [r4]
 174:Core/Src/main.c **** /* USER CODE END 0 */
 660              		.loc 1 174 1 view .LVU153
 661 0028 06B0     		add	sp, sp, #24
 662              	.LCFI18:
 663              		.cfi_def_cfa_offset 8
 664              		@ sp needed
 665 002a 10BD     		pop	{r4, pc}
 666              	.LVL53:
 667              	.L33:
 174:Core/Src/main.c **** /* USER CODE END 0 */
 668              		.loc 1 174 1 view .LVU154
 669              		.align	2
 670              	.L32:
 671 002c 00000000 		.word	.LANCHOR0
ARM GAS  C:\Users\Kingj\AppData\Local\Temp\cc81RRtf.s 			page 21


 672              		.cfi_endproc
 673              	.LFE76:
 675              		.section	.text.Error_Handler,"ax",%progbits
 676              		.align	1
 677              		.global	Error_Handler
 678              		.syntax unified
 679              		.thumb
 680              		.thumb_func
 682              	Error_Handler:
 683              	.LFB82:
 366:Core/Src/main.c **** 
 367:Core/Src/main.c **** /* USER CODE BEGIN 4 */
 368:Core/Src/main.c **** 
 369:Core/Src/main.c **** /* USER CODE END 4 */
 370:Core/Src/main.c **** 
 371:Core/Src/main.c **** /**
 372:Core/Src/main.c ****   * @brief  This function is executed in case of error occurrence.
 373:Core/Src/main.c ****   * @retval None
 374:Core/Src/main.c ****   */
 375:Core/Src/main.c **** void Error_Handler(void)
 376:Core/Src/main.c **** {
 684              		.loc 1 376 1 is_stmt 1 view -0
 685              		.cfi_startproc
 686              		@ Volatile: function does not return.
 687              		@ args = 0, pretend = 0, frame = 0
 688              		@ frame_needed = 0, uses_anonymous_args = 0
 689              		@ link register save eliminated.
 377:Core/Src/main.c ****   /* USER CODE BEGIN Error_Handler_Debug */
 378:Core/Src/main.c ****   /* User can add his own implementation to report the HAL error return state */
 379:Core/Src/main.c ****   __disable_irq();
 690              		.loc 1 379 3 view .LVU156
 691              	.LBB7:
 692              	.LBI7:
 693              		.file 2 "Drivers/CMSIS/Include/cmsis_gcc.h"
   1:Drivers/CMSIS/Include/cmsis_gcc.h **** /**************************************************************************//**
   2:Drivers/CMSIS/Include/cmsis_gcc.h ****  * @file     cmsis_gcc.h
   3:Drivers/CMSIS/Include/cmsis_gcc.h ****  * @brief    CMSIS compiler GCC header file
   4:Drivers/CMSIS/Include/cmsis_gcc.h ****  * @version  V5.0.4
   5:Drivers/CMSIS/Include/cmsis_gcc.h ****  * @date     09. April 2018
   6:Drivers/CMSIS/Include/cmsis_gcc.h ****  ******************************************************************************/
   7:Drivers/CMSIS/Include/cmsis_gcc.h **** /*
   8:Drivers/CMSIS/Include/cmsis_gcc.h ****  * Copyright (c) 2009-2018 Arm Limited. All rights reserved.
   9:Drivers/CMSIS/Include/cmsis_gcc.h ****  *
  10:Drivers/CMSIS/Include/cmsis_gcc.h ****  * SPDX-License-Identifier: Apache-2.0
  11:Drivers/CMSIS/Include/cmsis_gcc.h ****  *
  12:Drivers/CMSIS/Include/cmsis_gcc.h ****  * Licensed under the Apache License, Version 2.0 (the License); you may
  13:Drivers/CMSIS/Include/cmsis_gcc.h ****  * not use this file except in compliance with the License.
  14:Drivers/CMSIS/Include/cmsis_gcc.h ****  * You may obtain a copy of the License at
  15:Drivers/CMSIS/Include/cmsis_gcc.h ****  *
  16:Drivers/CMSIS/Include/cmsis_gcc.h ****  * www.apache.org/licenses/LICENSE-2.0
  17:Drivers/CMSIS/Include/cmsis_gcc.h ****  *
  18:Drivers/CMSIS/Include/cmsis_gcc.h ****  * Unless required by applicable law or agreed to in writing, software
  19:Drivers/CMSIS/Include/cmsis_gcc.h ****  * distributed under the License is distributed on an AS IS BASIS, WITHOUT
  20:Drivers/CMSIS/Include/cmsis_gcc.h ****  * WARRANTIES OR CONDITIONS OF ANY KIND, either express or implied.
  21:Drivers/CMSIS/Include/cmsis_gcc.h ****  * See the License for the specific language governing permissions and
  22:Drivers/CMSIS/Include/cmsis_gcc.h ****  * limitations under the License.
  23:Drivers/CMSIS/Include/cmsis_gcc.h ****  */
ARM GAS  C:\Users\Kingj\AppData\Local\Temp\cc81RRtf.s 			page 22


  24:Drivers/CMSIS/Include/cmsis_gcc.h **** 
  25:Drivers/CMSIS/Include/cmsis_gcc.h **** #ifndef __CMSIS_GCC_H
  26:Drivers/CMSIS/Include/cmsis_gcc.h **** #define __CMSIS_GCC_H
  27:Drivers/CMSIS/Include/cmsis_gcc.h **** 
  28:Drivers/CMSIS/Include/cmsis_gcc.h **** /* ignore some GCC warnings */
  29:Drivers/CMSIS/Include/cmsis_gcc.h **** #pragma GCC diagnostic push
  30:Drivers/CMSIS/Include/cmsis_gcc.h **** #pragma GCC diagnostic ignored "-Wsign-conversion"
  31:Drivers/CMSIS/Include/cmsis_gcc.h **** #pragma GCC diagnostic ignored "-Wconversion"
  32:Drivers/CMSIS/Include/cmsis_gcc.h **** #pragma GCC diagnostic ignored "-Wunused-parameter"
  33:Drivers/CMSIS/Include/cmsis_gcc.h **** 
  34:Drivers/CMSIS/Include/cmsis_gcc.h **** /* Fallback for __has_builtin */
  35:Drivers/CMSIS/Include/cmsis_gcc.h **** #ifndef __has_builtin
  36:Drivers/CMSIS/Include/cmsis_gcc.h ****   #define __has_builtin(x) (0)
  37:Drivers/CMSIS/Include/cmsis_gcc.h **** #endif
  38:Drivers/CMSIS/Include/cmsis_gcc.h **** 
  39:Drivers/CMSIS/Include/cmsis_gcc.h **** /* CMSIS compiler specific defines */
  40:Drivers/CMSIS/Include/cmsis_gcc.h **** #ifndef   __ASM
  41:Drivers/CMSIS/Include/cmsis_gcc.h ****   #define __ASM                                  __asm
  42:Drivers/CMSIS/Include/cmsis_gcc.h **** #endif
  43:Drivers/CMSIS/Include/cmsis_gcc.h **** #ifndef   __INLINE
  44:Drivers/CMSIS/Include/cmsis_gcc.h ****   #define __INLINE                               inline
  45:Drivers/CMSIS/Include/cmsis_gcc.h **** #endif
  46:Drivers/CMSIS/Include/cmsis_gcc.h **** #ifndef   __STATIC_INLINE
  47:Drivers/CMSIS/Include/cmsis_gcc.h ****   #define __STATIC_INLINE                        static inline
  48:Drivers/CMSIS/Include/cmsis_gcc.h **** #endif
  49:Drivers/CMSIS/Include/cmsis_gcc.h **** #ifndef   __STATIC_FORCEINLINE                 
  50:Drivers/CMSIS/Include/cmsis_gcc.h ****   #define __STATIC_FORCEINLINE                   __attribute__((always_inline)) static inline
  51:Drivers/CMSIS/Include/cmsis_gcc.h **** #endif                                           
  52:Drivers/CMSIS/Include/cmsis_gcc.h **** #ifndef   __NO_RETURN
  53:Drivers/CMSIS/Include/cmsis_gcc.h ****   #define __NO_RETURN                            __attribute__((__noreturn__))
  54:Drivers/CMSIS/Include/cmsis_gcc.h **** #endif
  55:Drivers/CMSIS/Include/cmsis_gcc.h **** #ifndef   __USED
  56:Drivers/CMSIS/Include/cmsis_gcc.h ****   #define __USED                                 __attribute__((used))
  57:Drivers/CMSIS/Include/cmsis_gcc.h **** #endif
  58:Drivers/CMSIS/Include/cmsis_gcc.h **** #ifndef   __WEAK
  59:Drivers/CMSIS/Include/cmsis_gcc.h ****   #define __WEAK                                 __attribute__((weak))
  60:Drivers/CMSIS/Include/cmsis_gcc.h **** #endif
  61:Drivers/CMSIS/Include/cmsis_gcc.h **** #ifndef   __PACKED
  62:Drivers/CMSIS/Include/cmsis_gcc.h ****   #define __PACKED                               __attribute__((packed, aligned(1)))
  63:Drivers/CMSIS/Include/cmsis_gcc.h **** #endif
  64:Drivers/CMSIS/Include/cmsis_gcc.h **** #ifndef   __PACKED_STRUCT
  65:Drivers/CMSIS/Include/cmsis_gcc.h ****   #define __PACKED_STRUCT                        struct __attribute__((packed, aligned(1)))
  66:Drivers/CMSIS/Include/cmsis_gcc.h **** #endif
  67:Drivers/CMSIS/Include/cmsis_gcc.h **** #ifndef   __PACKED_UNION
  68:Drivers/CMSIS/Include/cmsis_gcc.h ****   #define __PACKED_UNION                         union __attribute__((packed, aligned(1)))
  69:Drivers/CMSIS/Include/cmsis_gcc.h **** #endif
  70:Drivers/CMSIS/Include/cmsis_gcc.h **** #ifndef   __UNALIGNED_UINT32        /* deprecated */
  71:Drivers/CMSIS/Include/cmsis_gcc.h ****   #pragma GCC diagnostic push
  72:Drivers/CMSIS/Include/cmsis_gcc.h ****   #pragma GCC diagnostic ignored "-Wpacked"
  73:Drivers/CMSIS/Include/cmsis_gcc.h ****   #pragma GCC diagnostic ignored "-Wattributes"
  74:Drivers/CMSIS/Include/cmsis_gcc.h ****   struct __attribute__((packed)) T_UINT32 { uint32_t v; };
  75:Drivers/CMSIS/Include/cmsis_gcc.h ****   #pragma GCC diagnostic pop
  76:Drivers/CMSIS/Include/cmsis_gcc.h ****   #define __UNALIGNED_UINT32(x)                  (((struct T_UINT32 *)(x))->v)
  77:Drivers/CMSIS/Include/cmsis_gcc.h **** #endif
  78:Drivers/CMSIS/Include/cmsis_gcc.h **** #ifndef   __UNALIGNED_UINT16_WRITE
  79:Drivers/CMSIS/Include/cmsis_gcc.h ****   #pragma GCC diagnostic push
  80:Drivers/CMSIS/Include/cmsis_gcc.h ****   #pragma GCC diagnostic ignored "-Wpacked"
ARM GAS  C:\Users\Kingj\AppData\Local\Temp\cc81RRtf.s 			page 23


  81:Drivers/CMSIS/Include/cmsis_gcc.h ****   #pragma GCC diagnostic ignored "-Wattributes"
  82:Drivers/CMSIS/Include/cmsis_gcc.h ****   __PACKED_STRUCT T_UINT16_WRITE { uint16_t v; };
  83:Drivers/CMSIS/Include/cmsis_gcc.h ****   #pragma GCC diagnostic pop
  84:Drivers/CMSIS/Include/cmsis_gcc.h ****   #define __UNALIGNED_UINT16_WRITE(addr, val)    (void)((((struct T_UINT16_WRITE *)(void *)(addr))-
  85:Drivers/CMSIS/Include/cmsis_gcc.h **** #endif
  86:Drivers/CMSIS/Include/cmsis_gcc.h **** #ifndef   __UNALIGNED_UINT16_READ
  87:Drivers/CMSIS/Include/cmsis_gcc.h ****   #pragma GCC diagnostic push
  88:Drivers/CMSIS/Include/cmsis_gcc.h ****   #pragma GCC diagnostic ignored "-Wpacked"
  89:Drivers/CMSIS/Include/cmsis_gcc.h ****   #pragma GCC diagnostic ignored "-Wattributes"
  90:Drivers/CMSIS/Include/cmsis_gcc.h ****   __PACKED_STRUCT T_UINT16_READ { uint16_t v; };
  91:Drivers/CMSIS/Include/cmsis_gcc.h ****   #pragma GCC diagnostic pop
  92:Drivers/CMSIS/Include/cmsis_gcc.h ****   #define __UNALIGNED_UINT16_READ(addr)          (((const struct T_UINT16_READ *)(const void *)(add
  93:Drivers/CMSIS/Include/cmsis_gcc.h **** #endif
  94:Drivers/CMSIS/Include/cmsis_gcc.h **** #ifndef   __UNALIGNED_UINT32_WRITE
  95:Drivers/CMSIS/Include/cmsis_gcc.h ****   #pragma GCC diagnostic push
  96:Drivers/CMSIS/Include/cmsis_gcc.h ****   #pragma GCC diagnostic ignored "-Wpacked"
  97:Drivers/CMSIS/Include/cmsis_gcc.h ****   #pragma GCC diagnostic ignored "-Wattributes"
  98:Drivers/CMSIS/Include/cmsis_gcc.h ****   __PACKED_STRUCT T_UINT32_WRITE { uint32_t v; };
  99:Drivers/CMSIS/Include/cmsis_gcc.h ****   #pragma GCC diagnostic pop
 100:Drivers/CMSIS/Include/cmsis_gcc.h ****   #define __UNALIGNED_UINT32_WRITE(addr, val)    (void)((((struct T_UINT32_WRITE *)(void *)(addr))-
 101:Drivers/CMSIS/Include/cmsis_gcc.h **** #endif
 102:Drivers/CMSIS/Include/cmsis_gcc.h **** #ifndef   __UNALIGNED_UINT32_READ
 103:Drivers/CMSIS/Include/cmsis_gcc.h ****   #pragma GCC diagnostic push
 104:Drivers/CMSIS/Include/cmsis_gcc.h ****   #pragma GCC diagnostic ignored "-Wpacked"
 105:Drivers/CMSIS/Include/cmsis_gcc.h ****   #pragma GCC diagnostic ignored "-Wattributes"
 106:Drivers/CMSIS/Include/cmsis_gcc.h ****   __PACKED_STRUCT T_UINT32_READ { uint32_t v; };
 107:Drivers/CMSIS/Include/cmsis_gcc.h ****   #pragma GCC diagnostic pop
 108:Drivers/CMSIS/Include/cmsis_gcc.h ****   #define __UNALIGNED_UINT32_READ(addr)          (((const struct T_UINT32_READ *)(const void *)(add
 109:Drivers/CMSIS/Include/cmsis_gcc.h **** #endif
 110:Drivers/CMSIS/Include/cmsis_gcc.h **** #ifndef   __ALIGNED
 111:Drivers/CMSIS/Include/cmsis_gcc.h ****   #define __ALIGNED(x)                           __attribute__((aligned(x)))
 112:Drivers/CMSIS/Include/cmsis_gcc.h **** #endif
 113:Drivers/CMSIS/Include/cmsis_gcc.h **** #ifndef   __RESTRICT
 114:Drivers/CMSIS/Include/cmsis_gcc.h ****   #define __RESTRICT                             __restrict
 115:Drivers/CMSIS/Include/cmsis_gcc.h **** #endif
 116:Drivers/CMSIS/Include/cmsis_gcc.h **** 
 117:Drivers/CMSIS/Include/cmsis_gcc.h **** 
 118:Drivers/CMSIS/Include/cmsis_gcc.h **** /* ###########################  Core Function Access  ########################### */
 119:Drivers/CMSIS/Include/cmsis_gcc.h **** /** \ingroup  CMSIS_Core_FunctionInterface
 120:Drivers/CMSIS/Include/cmsis_gcc.h ****     \defgroup CMSIS_Core_RegAccFunctions CMSIS Core Register Access Functions
 121:Drivers/CMSIS/Include/cmsis_gcc.h ****   @{
 122:Drivers/CMSIS/Include/cmsis_gcc.h ****  */
 123:Drivers/CMSIS/Include/cmsis_gcc.h **** 
 124:Drivers/CMSIS/Include/cmsis_gcc.h **** /**
 125:Drivers/CMSIS/Include/cmsis_gcc.h ****   \brief   Enable IRQ Interrupts
 126:Drivers/CMSIS/Include/cmsis_gcc.h ****   \details Enables IRQ interrupts by clearing the I-bit in the CPSR.
 127:Drivers/CMSIS/Include/cmsis_gcc.h ****            Can only be executed in Privileged modes.
 128:Drivers/CMSIS/Include/cmsis_gcc.h ****  */
 129:Drivers/CMSIS/Include/cmsis_gcc.h **** __STATIC_FORCEINLINE void __enable_irq(void)
 130:Drivers/CMSIS/Include/cmsis_gcc.h **** {
 131:Drivers/CMSIS/Include/cmsis_gcc.h ****   __ASM volatile ("cpsie i" : : : "memory");
 132:Drivers/CMSIS/Include/cmsis_gcc.h **** }
 133:Drivers/CMSIS/Include/cmsis_gcc.h **** 
 134:Drivers/CMSIS/Include/cmsis_gcc.h **** 
 135:Drivers/CMSIS/Include/cmsis_gcc.h **** /**
 136:Drivers/CMSIS/Include/cmsis_gcc.h ****   \brief   Disable IRQ Interrupts
 137:Drivers/CMSIS/Include/cmsis_gcc.h ****   \details Disables IRQ interrupts by setting the I-bit in the CPSR.
ARM GAS  C:\Users\Kingj\AppData\Local\Temp\cc81RRtf.s 			page 24


 138:Drivers/CMSIS/Include/cmsis_gcc.h ****            Can only be executed in Privileged modes.
 139:Drivers/CMSIS/Include/cmsis_gcc.h ****  */
 140:Drivers/CMSIS/Include/cmsis_gcc.h **** __STATIC_FORCEINLINE void __disable_irq(void)
 694              		.loc 2 140 27 view .LVU157
 695              	.LBB8:
 141:Drivers/CMSIS/Include/cmsis_gcc.h **** {
 142:Drivers/CMSIS/Include/cmsis_gcc.h ****   __ASM volatile ("cpsid i" : : : "memory");
 696              		.loc 2 142 3 view .LVU158
 697              		.syntax unified
 698              	@ 142 "Drivers/CMSIS/Include/cmsis_gcc.h" 1
 699 0000 72B6     		cpsid i
 700              	@ 0 "" 2
 701              		.thumb
 702              		.syntax unified
 703              	.L35:
 704              	.LBE8:
 705              	.LBE7:
 380:Core/Src/main.c ****   while (1)
 706              		.loc 1 380 3 discriminator 1 view .LVU159
 381:Core/Src/main.c ****   {
 382:Core/Src/main.c ****   }
 707              		.loc 1 382 3 discriminator 1 view .LVU160
 380:Core/Src/main.c ****   while (1)
 708              		.loc 1 380 9 discriminator 1 view .LVU161
 709 0002 FEE7     		b	.L35
 710              		.cfi_endproc
 711              	.LFE82:
 713              		.section	.text.MX_I2C1_Init,"ax",%progbits
 714              		.align	1
 715              		.syntax unified
 716              		.thumb
 717              		.thumb_func
 719              	MX_I2C1_Init:
 720              	.LFB79:
 276:Core/Src/main.c **** 
 721              		.loc 1 276 1 view -0
 722              		.cfi_startproc
 723              		@ args = 0, pretend = 0, frame = 0
 724              		@ frame_needed = 0, uses_anonymous_args = 0
 725 0000 08B5     		push	{r3, lr}
 726              	.LCFI19:
 727              		.cfi_def_cfa_offset 8
 728              		.cfi_offset 3, -8
 729              		.cfi_offset 14, -4
 285:Core/Src/main.c ****   hi2c1.Init.ClockSpeed = 100000;
 730              		.loc 1 285 3 view .LVU163
 285:Core/Src/main.c ****   hi2c1.Init.ClockSpeed = 100000;
 731              		.loc 1 285 18 is_stmt 0 view .LVU164
 732 0002 0A48     		ldr	r0, .L40
 733 0004 0A4B     		ldr	r3, .L40+4
 734 0006 0360     		str	r3, [r0]
 286:Core/Src/main.c ****   hi2c1.Init.DutyCycle = I2C_DUTYCYCLE_2;
 735              		.loc 1 286 3 is_stmt 1 view .LVU165
 286:Core/Src/main.c ****   hi2c1.Init.DutyCycle = I2C_DUTYCYCLE_2;
 736              		.loc 1 286 25 is_stmt 0 view .LVU166
 737 0008 0A4B     		ldr	r3, .L40+8
 738 000a 4360     		str	r3, [r0, #4]
ARM GAS  C:\Users\Kingj\AppData\Local\Temp\cc81RRtf.s 			page 25


 287:Core/Src/main.c ****   hi2c1.Init.OwnAddress1 = 0;
 739              		.loc 1 287 3 is_stmt 1 view .LVU167
 287:Core/Src/main.c ****   hi2c1.Init.OwnAddress1 = 0;
 740              		.loc 1 287 24 is_stmt 0 view .LVU168
 741 000c 0023     		movs	r3, #0
 742 000e 8360     		str	r3, [r0, #8]
 288:Core/Src/main.c ****   hi2c1.Init.AddressingMode = I2C_ADDRESSINGMODE_7BIT;
 743              		.loc 1 288 3 is_stmt 1 view .LVU169
 288:Core/Src/main.c ****   hi2c1.Init.AddressingMode = I2C_ADDRESSINGMODE_7BIT;
 744              		.loc 1 288 26 is_stmt 0 view .LVU170
 745 0010 C360     		str	r3, [r0, #12]
 289:Core/Src/main.c ****   hi2c1.Init.DualAddressMode = I2C_DUALADDRESS_DISABLE;
 746              		.loc 1 289 3 is_stmt 1 view .LVU171
 289:Core/Src/main.c ****   hi2c1.Init.DualAddressMode = I2C_DUALADDRESS_DISABLE;
 747              		.loc 1 289 29 is_stmt 0 view .LVU172
 748 0012 4FF48042 		mov	r2, #16384
 749 0016 0261     		str	r2, [r0, #16]
 290:Core/Src/main.c ****   hi2c1.Init.OwnAddress2 = 0;
 750              		.loc 1 290 3 is_stmt 1 view .LVU173
 290:Core/Src/main.c ****   hi2c1.Init.OwnAddress2 = 0;
 751              		.loc 1 290 30 is_stmt 0 view .LVU174
 752 0018 4361     		str	r3, [r0, #20]
 291:Core/Src/main.c ****   hi2c1.Init.GeneralCallMode = I2C_GENERALCALL_DISABLE;
 753              		.loc 1 291 3 is_stmt 1 view .LVU175
 291:Core/Src/main.c ****   hi2c1.Init.GeneralCallMode = I2C_GENERALCALL_DISABLE;
 754              		.loc 1 291 26 is_stmt 0 view .LVU176
 755 001a 8361     		str	r3, [r0, #24]
 292:Core/Src/main.c ****   hi2c1.Init.NoStretchMode = I2C_NOSTRETCH_DISABLE;
 756              		.loc 1 292 3 is_stmt 1 view .LVU177
 292:Core/Src/main.c ****   hi2c1.Init.NoStretchMode = I2C_NOSTRETCH_DISABLE;
 757              		.loc 1 292 30 is_stmt 0 view .LVU178
 758 001c C361     		str	r3, [r0, #28]
 293:Core/Src/main.c ****   if (HAL_I2C_Init(&hi2c1) != HAL_OK)
 759              		.loc 1 293 3 is_stmt 1 view .LVU179
 293:Core/Src/main.c ****   if (HAL_I2C_Init(&hi2c1) != HAL_OK)
 760              		.loc 1 293 28 is_stmt 0 view .LVU180
 761 001e 0362     		str	r3, [r0, #32]
 294:Core/Src/main.c ****   {
 762              		.loc 1 294 3 is_stmt 1 view .LVU181
 294:Core/Src/main.c ****   {
 763              		.loc 1 294 7 is_stmt 0 view .LVU182
 764 0020 FFF7FEFF 		bl	HAL_I2C_Init
 765              	.LVL54:
 294:Core/Src/main.c ****   {
 766              		.loc 1 294 6 view .LVU183
 767 0024 00B9     		cbnz	r0, .L39
 302:Core/Src/main.c **** 
 768              		.loc 1 302 1 view .LVU184
 769 0026 08BD     		pop	{r3, pc}
 770              	.L39:
 296:Core/Src/main.c ****   }
 771              		.loc 1 296 5 is_stmt 1 view .LVU185
 772 0028 FFF7FEFF 		bl	Error_Handler
 773              	.LVL55:
 774              	.L41:
 775              		.align	2
 776              	.L40:
ARM GAS  C:\Users\Kingj\AppData\Local\Temp\cc81RRtf.s 			page 26


 777 002c 00000000 		.word	.LANCHOR0
 778 0030 00540040 		.word	1073763328
 779 0034 A0860100 		.word	100000
 780              		.cfi_endproc
 781              	.LFE79:
 783              		.section	.text.MX_USART1_UART_Init,"ax",%progbits
 784              		.align	1
 785              		.syntax unified
 786              		.thumb
 787              		.thumb_func
 789              	MX_USART1_UART_Init:
 790              	.LFB80:
 310:Core/Src/main.c **** 
 791              		.loc 1 310 1 view -0
 792              		.cfi_startproc
 793              		@ args = 0, pretend = 0, frame = 0
 794              		@ frame_needed = 0, uses_anonymous_args = 0
 795 0000 08B5     		push	{r3, lr}
 796              	.LCFI20:
 797              		.cfi_def_cfa_offset 8
 798              		.cfi_offset 3, -8
 799              		.cfi_offset 14, -4
 319:Core/Src/main.c ****   huart1.Init.BaudRate = 9600;
 800              		.loc 1 319 3 view .LVU187
 319:Core/Src/main.c ****   huart1.Init.BaudRate = 9600;
 801              		.loc 1 319 19 is_stmt 0 view .LVU188
 802 0002 0A48     		ldr	r0, .L46
 803 0004 0A4B     		ldr	r3, .L46+4
 804 0006 0360     		str	r3, [r0]
 320:Core/Src/main.c ****   huart1.Init.WordLength = UART_WORDLENGTH_8B;
 805              		.loc 1 320 3 is_stmt 1 view .LVU189
 320:Core/Src/main.c ****   huart1.Init.WordLength = UART_WORDLENGTH_8B;
 806              		.loc 1 320 24 is_stmt 0 view .LVU190
 807 0008 4FF41653 		mov	r3, #9600
 808 000c 4360     		str	r3, [r0, #4]
 321:Core/Src/main.c ****   huart1.Init.StopBits = UART_STOPBITS_1;
 809              		.loc 1 321 3 is_stmt 1 view .LVU191
 321:Core/Src/main.c ****   huart1.Init.StopBits = UART_STOPBITS_1;
 810              		.loc 1 321 26 is_stmt 0 view .LVU192
 811 000e 0023     		movs	r3, #0
 812 0010 8360     		str	r3, [r0, #8]
 322:Core/Src/main.c ****   huart1.Init.Parity = UART_PARITY_NONE;
 813              		.loc 1 322 3 is_stmt 1 view .LVU193
 322:Core/Src/main.c ****   huart1.Init.Parity = UART_PARITY_NONE;
 814              		.loc 1 322 24 is_stmt 0 view .LVU194
 815 0012 C360     		str	r3, [r0, #12]
 323:Core/Src/main.c ****   huart1.Init.Mode = UART_MODE_TX_RX;
 816              		.loc 1 323 3 is_stmt 1 view .LVU195
 323:Core/Src/main.c ****   huart1.Init.Mode = UART_MODE_TX_RX;
 817              		.loc 1 323 22 is_stmt 0 view .LVU196
 818 0014 0361     		str	r3, [r0, #16]
 324:Core/Src/main.c ****   huart1.Init.HwFlowCtl = UART_HWCONTROL_NONE;
 819              		.loc 1 324 3 is_stmt 1 view .LVU197
 324:Core/Src/main.c ****   huart1.Init.HwFlowCtl = UART_HWCONTROL_NONE;
 820              		.loc 1 324 20 is_stmt 0 view .LVU198
 821 0016 0C22     		movs	r2, #12
 822 0018 4261     		str	r2, [r0, #20]
ARM GAS  C:\Users\Kingj\AppData\Local\Temp\cc81RRtf.s 			page 27


 325:Core/Src/main.c ****   huart1.Init.OverSampling = UART_OVERSAMPLING_16;
 823              		.loc 1 325 3 is_stmt 1 view .LVU199
 325:Core/Src/main.c ****   huart1.Init.OverSampling = UART_OVERSAMPLING_16;
 824              		.loc 1 325 25 is_stmt 0 view .LVU200
 825 001a 8361     		str	r3, [r0, #24]
 326:Core/Src/main.c ****   if (HAL_UART_Init(&huart1) != HAL_OK)
 826              		.loc 1 326 3 is_stmt 1 view .LVU201
 326:Core/Src/main.c ****   if (HAL_UART_Init(&huart1) != HAL_OK)
 827              		.loc 1 326 28 is_stmt 0 view .LVU202
 828 001c C361     		str	r3, [r0, #28]
 327:Core/Src/main.c ****   {
 829              		.loc 1 327 3 is_stmt 1 view .LVU203
 327:Core/Src/main.c ****   {
 830              		.loc 1 327 7 is_stmt 0 view .LVU204
 831 001e FFF7FEFF 		bl	HAL_UART_Init
 832              	.LVL56:
 327:Core/Src/main.c ****   {
 833              		.loc 1 327 6 view .LVU205
 834 0022 00B9     		cbnz	r0, .L45
 335:Core/Src/main.c **** 
 835              		.loc 1 335 1 view .LVU206
 836 0024 08BD     		pop	{r3, pc}
 837              	.L45:
 329:Core/Src/main.c ****   }
 838              		.loc 1 329 5 is_stmt 1 view .LVU207
 839 0026 FFF7FEFF 		bl	Error_Handler
 840              	.LVL57:
 841              	.L47:
 842 002a 00BF     		.align	2
 843              	.L46:
 844 002c 00000000 		.word	.LANCHOR1
 845 0030 00380140 		.word	1073821696
 846              		.cfi_endproc
 847              	.LFE80:
 849              		.section	.text.SystemClock_Config,"ax",%progbits
 850              		.align	1
 851              		.global	SystemClock_Config
 852              		.syntax unified
 853              		.thumb
 854              		.thumb_func
 856              	SystemClock_Config:
 857              	.LFB78:
 236:Core/Src/main.c ****   RCC_OscInitTypeDef RCC_OscInitStruct = {0};
 858              		.loc 1 236 1 view -0
 859              		.cfi_startproc
 860              		@ args = 0, pretend = 0, frame = 64
 861              		@ frame_needed = 0, uses_anonymous_args = 0
 862 0000 00B5     		push	{lr}
 863              	.LCFI21:
 864              		.cfi_def_cfa_offset 4
 865              		.cfi_offset 14, -4
 866 0002 91B0     		sub	sp, sp, #68
 867              	.LCFI22:
 868              		.cfi_def_cfa_offset 72
 237:Core/Src/main.c ****   RCC_ClkInitTypeDef RCC_ClkInitStruct = {0};
 869              		.loc 1 237 3 view .LVU209
 237:Core/Src/main.c ****   RCC_ClkInitTypeDef RCC_ClkInitStruct = {0};
ARM GAS  C:\Users\Kingj\AppData\Local\Temp\cc81RRtf.s 			page 28


 870              		.loc 1 237 22 is_stmt 0 view .LVU210
 871 0004 2822     		movs	r2, #40
 872 0006 0021     		movs	r1, #0
 873 0008 06A8     		add	r0, sp, #24
 874 000a FFF7FEFF 		bl	memset
 875              	.LVL58:
 238:Core/Src/main.c **** 
 876              		.loc 1 238 3 is_stmt 1 view .LVU211
 238:Core/Src/main.c **** 
 877              		.loc 1 238 22 is_stmt 0 view .LVU212
 878 000e 0023     		movs	r3, #0
 879 0010 0193     		str	r3, [sp, #4]
 880 0012 0293     		str	r3, [sp, #8]
 881 0014 0393     		str	r3, [sp, #12]
 882 0016 0493     		str	r3, [sp, #16]
 883 0018 0593     		str	r3, [sp, #20]
 243:Core/Src/main.c ****   RCC_OscInitStruct.HSEState = RCC_HSE_ON;
 884              		.loc 1 243 3 is_stmt 1 view .LVU213
 243:Core/Src/main.c ****   RCC_OscInitStruct.HSEState = RCC_HSE_ON;
 885              		.loc 1 243 36 is_stmt 0 view .LVU214
 886 001a 0122     		movs	r2, #1
 887 001c 0692     		str	r2, [sp, #24]
 244:Core/Src/main.c ****   RCC_OscInitStruct.HSEPredivValue = RCC_HSE_PREDIV_DIV1;
 888              		.loc 1 244 3 is_stmt 1 view .LVU215
 244:Core/Src/main.c ****   RCC_OscInitStruct.HSEPredivValue = RCC_HSE_PREDIV_DIV1;
 889              		.loc 1 244 30 is_stmt 0 view .LVU216
 890 001e 4FF48033 		mov	r3, #65536
 891 0022 0793     		str	r3, [sp, #28]
 245:Core/Src/main.c ****   RCC_OscInitStruct.HSIState = RCC_HSI_ON;
 892              		.loc 1 245 3 is_stmt 1 view .LVU217
 246:Core/Src/main.c ****   RCC_OscInitStruct.PLL.PLLState = RCC_PLL_ON;
 893              		.loc 1 246 3 view .LVU218
 246:Core/Src/main.c ****   RCC_OscInitStruct.PLL.PLLState = RCC_PLL_ON;
 894              		.loc 1 246 30 is_stmt 0 view .LVU219
 895 0024 0A92     		str	r2, [sp, #40]
 247:Core/Src/main.c ****   RCC_OscInitStruct.PLL.PLLSource = RCC_PLLSOURCE_HSE;
 896              		.loc 1 247 3 is_stmt 1 view .LVU220
 247:Core/Src/main.c ****   RCC_OscInitStruct.PLL.PLLSource = RCC_PLLSOURCE_HSE;
 897              		.loc 1 247 34 is_stmt 0 view .LVU221
 898 0026 0222     		movs	r2, #2
 899 0028 0D92     		str	r2, [sp, #52]
 248:Core/Src/main.c ****   RCC_OscInitStruct.PLL.PLLMUL = RCC_PLL_MUL9;
 900              		.loc 1 248 3 is_stmt 1 view .LVU222
 248:Core/Src/main.c ****   RCC_OscInitStruct.PLL.PLLMUL = RCC_PLL_MUL9;
 901              		.loc 1 248 35 is_stmt 0 view .LVU223
 902 002a 0E93     		str	r3, [sp, #56]
 249:Core/Src/main.c ****   if (HAL_RCC_OscConfig(&RCC_OscInitStruct) != HAL_OK)
 903              		.loc 1 249 3 is_stmt 1 view .LVU224
 249:Core/Src/main.c ****   if (HAL_RCC_OscConfig(&RCC_OscInitStruct) != HAL_OK)
 904              		.loc 1 249 32 is_stmt 0 view .LVU225
 905 002c 4FF4E013 		mov	r3, #1835008
 906 0030 0F93     		str	r3, [sp, #60]
 250:Core/Src/main.c ****   {
 907              		.loc 1 250 3 is_stmt 1 view .LVU226
 250:Core/Src/main.c ****   {
 908              		.loc 1 250 7 is_stmt 0 view .LVU227
 909 0032 06A8     		add	r0, sp, #24
ARM GAS  C:\Users\Kingj\AppData\Local\Temp\cc81RRtf.s 			page 29


 910 0034 FFF7FEFF 		bl	HAL_RCC_OscConfig
 911              	.LVL59:
 250:Core/Src/main.c ****   {
 912              		.loc 1 250 6 view .LVU228
 913 0038 80B9     		cbnz	r0, .L52
 257:Core/Src/main.c ****                               |RCC_CLOCKTYPE_PCLK1|RCC_CLOCKTYPE_PCLK2;
 914              		.loc 1 257 3 is_stmt 1 view .LVU229
 257:Core/Src/main.c ****                               |RCC_CLOCKTYPE_PCLK1|RCC_CLOCKTYPE_PCLK2;
 915              		.loc 1 257 31 is_stmt 0 view .LVU230
 916 003a 0F23     		movs	r3, #15
 917 003c 0193     		str	r3, [sp, #4]
 259:Core/Src/main.c ****   RCC_ClkInitStruct.AHBCLKDivider = RCC_SYSCLK_DIV1;
 918              		.loc 1 259 3 is_stmt 1 view .LVU231
 259:Core/Src/main.c ****   RCC_ClkInitStruct.AHBCLKDivider = RCC_SYSCLK_DIV1;
 919              		.loc 1 259 34 is_stmt 0 view .LVU232
 920 003e 0221     		movs	r1, #2
 921 0040 0291     		str	r1, [sp, #8]
 260:Core/Src/main.c ****   RCC_ClkInitStruct.APB1CLKDivider = RCC_HCLK_DIV2;
 922              		.loc 1 260 3 is_stmt 1 view .LVU233
 260:Core/Src/main.c ****   RCC_ClkInitStruct.APB1CLKDivider = RCC_HCLK_DIV2;
 923              		.loc 1 260 35 is_stmt 0 view .LVU234
 924 0042 0023     		movs	r3, #0
 925 0044 0393     		str	r3, [sp, #12]
 261:Core/Src/main.c ****   RCC_ClkInitStruct.APB2CLKDivider = RCC_HCLK_DIV1;
 926              		.loc 1 261 3 is_stmt 1 view .LVU235
 261:Core/Src/main.c ****   RCC_ClkInitStruct.APB2CLKDivider = RCC_HCLK_DIV1;
 927              		.loc 1 261 36 is_stmt 0 view .LVU236
 928 0046 4FF48062 		mov	r2, #1024
 929 004a 0492     		str	r2, [sp, #16]
 262:Core/Src/main.c **** 
 930              		.loc 1 262 3 is_stmt 1 view .LVU237
 262:Core/Src/main.c **** 
 931              		.loc 1 262 36 is_stmt 0 view .LVU238
 932 004c 0593     		str	r3, [sp, #20]
 264:Core/Src/main.c ****   {
 933              		.loc 1 264 3 is_stmt 1 view .LVU239
 264:Core/Src/main.c ****   {
 934              		.loc 1 264 7 is_stmt 0 view .LVU240
 935 004e 01A8     		add	r0, sp, #4
 936 0050 FFF7FEFF 		bl	HAL_RCC_ClockConfig
 937              	.LVL60:
 264:Core/Src/main.c ****   {
 938              		.loc 1 264 6 view .LVU241
 939 0054 20B9     		cbnz	r0, .L53
 268:Core/Src/main.c **** 
 940              		.loc 1 268 1 view .LVU242
 941 0056 11B0     		add	sp, sp, #68
 942              	.LCFI23:
 943              		.cfi_remember_state
 944              		.cfi_def_cfa_offset 4
 945              		@ sp needed
 946 0058 5DF804FB 		ldr	pc, [sp], #4
 947              	.L52:
 948              	.LCFI24:
 949              		.cfi_restore_state
 252:Core/Src/main.c ****   }
 950              		.loc 1 252 5 is_stmt 1 view .LVU243
ARM GAS  C:\Users\Kingj\AppData\Local\Temp\cc81RRtf.s 			page 30


 951 005c FFF7FEFF 		bl	Error_Handler
 952              	.LVL61:
 953              	.L53:
 266:Core/Src/main.c ****   }
 954              		.loc 1 266 5 view .LVU244
 955 0060 FFF7FEFF 		bl	Error_Handler
 956              	.LVL62:
 957              		.cfi_endproc
 958              	.LFE78:
 960              		.section	.rodata.main.str1.4,"aMS",%progbits,1
 961              		.align	2
 962              	.LC0:
 963 0000 68656C6C 		.ascii	"hello\000"
 963      6F00
 964              		.section	.text.main,"ax",%progbits
 965              		.align	1
 966              		.global	main
 967              		.syntax unified
 968              		.thumb
 969              		.thumb_func
 971              	main:
 972              	.LFB77:
 182:Core/Src/main.c ****   /* USER CODE BEGIN 1 */
 973              		.loc 1 182 1 view -0
 974              		.cfi_startproc
 975              		@ Volatile: function does not return.
 976              		@ args = 0, pretend = 0, frame = 8
 977              		@ frame_needed = 0, uses_anonymous_args = 0
 978 0000 00B5     		push	{lr}
 979              	.LCFI25:
 980              		.cfi_def_cfa_offset 4
 981              		.cfi_offset 14, -4
 982 0002 87B0     		sub	sp, sp, #28
 983              	.LCFI26:
 984              		.cfi_def_cfa_offset 32
 190:Core/Src/main.c **** 
 985              		.loc 1 190 3 view .LVU246
 986 0004 FFF7FEFF 		bl	HAL_Init
 987              	.LVL63:
 197:Core/Src/main.c **** 
 988              		.loc 1 197 3 view .LVU247
 989 0008 FFF7FEFF 		bl	SystemClock_Config
 990              	.LVL64:
 204:Core/Src/main.c ****   MX_I2C1_Init();
 991              		.loc 1 204 3 view .LVU248
 992 000c FFF7FEFF 		bl	MX_GPIO_Init
 993              	.LVL65:
 205:Core/Src/main.c ****   MX_USART1_UART_Init();
 994              		.loc 1 205 3 view .LVU249
 995 0010 FFF7FEFF 		bl	MX_I2C1_Init
 996              	.LVL66:
 206:Core/Src/main.c ****   /* USER CODE BEGIN 2 */
 997              		.loc 1 206 3 view .LVU250
 998 0014 FFF7FEFF 		bl	MX_USART1_UART_Init
 999              	.LVL67:
 208:Core/Src/main.c **** 	lcd_init();
 1000              		.loc 1 208 2 view .LVU251
ARM GAS  C:\Users\Kingj\AppData\Local\Temp\cc81RRtf.s 			page 31


 209:Core/Src/main.c **** 	lcd_put_cur(0,0);
 1001              		.loc 1 209 2 view .LVU252
 1002 0018 FFF7FEFF 		bl	lcd_init
 1003              	.LVL68:
 210:Core/Src/main.c **** 	lcd_send_string("hello");
 1004              		.loc 1 210 2 view .LVU253
 1005 001c 0021     		movs	r1, #0
 1006 001e 0846     		mov	r0, r1
 1007 0020 FFF7FEFF 		bl	lcd_put_cur
 1008              	.LVL69:
 211:Core/Src/main.c **** 	uint8_t seconds;
 1009              		.loc 1 211 2 view .LVU254
 1010 0024 1048     		ldr	r0, .L57
 1011 0026 FFF7FEFF 		bl	lcd_send_string
 1012              	.LVL70:
 212:Core/Src/main.c **** 	uint8_t sec = 0x81;	
 1013              		.loc 1 212 2 view .LVU255
 213:Core/Src/main.c **** 	HAL_I2C_Mem_Write(&hi2c1, DS1307_ADDRESS,0x00,1,&sec,1,10);
 1014              		.loc 1 213 2 view .LVU256
 213:Core/Src/main.c **** 	HAL_I2C_Mem_Write(&hi2c1, DS1307_ADDRESS,0x00,1,&sec,1,10);
 1015              		.loc 1 213 10 is_stmt 0 view .LVU257
 1016 002a 8123     		movs	r3, #129
 1017 002c 8DF81630 		strb	r3, [sp, #22]
 214:Core/Src/main.c ****   /* USER CODE END 2 */
 1018              		.loc 1 214 2 is_stmt 1 view .LVU258
 1019 0030 0A23     		movs	r3, #10
 1020 0032 0293     		str	r3, [sp, #8]
 1021 0034 0123     		movs	r3, #1
 1022 0036 0193     		str	r3, [sp, #4]
 1023 0038 0DF11602 		add	r2, sp, #22
 1024 003c 0092     		str	r2, [sp]
 1025 003e 0022     		movs	r2, #0
 1026 0040 D021     		movs	r1, #208
 1027 0042 0A48     		ldr	r0, .L57+4
 1028 0044 FFF7FEFF 		bl	HAL_I2C_Mem_Write
 1029              	.LVL71:
 1030              	.L55:
 219:Core/Src/main.c ****   {
 1031              		.loc 1 219 3 discriminator 1 view .LVU259
 224:Core/Src/main.c **** 	
 1032              		.loc 1 224 4 discriminator 1 view .LVU260
 1033 0048 0DF11700 		add	r0, sp, #23
 1034 004c FFF7FEFF 		bl	get_seconds
 1035              	.LVL72:
 226:Core/Src/main.c **** 	HAL_Delay(1000);  }
 1036              		.loc 1 226 2 discriminator 1 view .LVU261
 1037 0050 6423     		movs	r3, #100
 1038 0052 0122     		movs	r2, #1
 1039 0054 0DF11701 		add	r1, sp, #23
 1040 0058 0548     		ldr	r0, .L57+8
 1041 005a FFF7FEFF 		bl	HAL_UART_Transmit
 1042              	.LVL73:
 227:Core/Src/main.c ****   /* USER CODE END 3 */
 1043              		.loc 1 227 2 discriminator 1 view .LVU262
 1044 005e 4FF47A70 		mov	r0, #1000
 1045 0062 FFF7FEFF 		bl	HAL_Delay
 1046              	.LVL74:
ARM GAS  C:\Users\Kingj\AppData\Local\Temp\cc81RRtf.s 			page 32


 219:Core/Src/main.c ****   {
 1047              		.loc 1 219 9 discriminator 1 view .LVU263
 1048 0066 EFE7     		b	.L55
 1049              	.L58:
 1050              		.align	2
 1051              	.L57:
 1052 0068 00000000 		.word	.LC0
 1053 006c 00000000 		.word	.LANCHOR0
 1054 0070 00000000 		.word	.LANCHOR1
 1055              		.cfi_endproc
 1056              	.LFE77:
 1058              		.global	hours
 1059              		.global	minutes
 1060              		.global	seconds
 1061              		.global	DS1307_ADDRESS
 1062              		.global	huart1
 1063              		.global	hi2c1
 1064              		.section	.bss.hi2c1,"aw",%nobits
 1065              		.align	2
 1066              		.set	.LANCHOR0,. + 0
 1069              	hi2c1:
 1070 0000 00000000 		.space	84
 1070      00000000 
 1070      00000000 
 1070      00000000 
 1070      00000000 
 1071              		.section	.bss.hours,"aw",%nobits
 1074              	hours:
 1075 0000 00       		.space	1
 1076              		.section	.bss.huart1,"aw",%nobits
 1077              		.align	2
 1078              		.set	.LANCHOR1,. + 0
 1081              	huart1:
 1082 0000 00000000 		.space	72
 1082      00000000 
 1082      00000000 
 1082      00000000 
 1082      00000000 
 1083              		.section	.bss.minutes,"aw",%nobits
 1086              	minutes:
 1087 0000 00       		.space	1
 1088              		.section	.bss.seconds,"aw",%nobits
 1091              	seconds:
 1092 0000 00       		.space	1
 1093              		.section	.rodata.DS1307_ADDRESS,"a"
 1096              	DS1307_ADDRESS:
 1097 0000 D0       		.byte	-48
 1098              		.text
 1099              	.Letext0:
 1100              		.file 3 "d:\\arm-gcc\\gcc\\arm-none-eabi\\include\\machine\\_default_types.h"
 1101              		.file 4 "d:\\arm-gcc\\gcc\\arm-none-eabi\\include\\sys\\_stdint.h"
 1102              		.file 5 "Drivers/CMSIS/Device/ST/STM32F1xx/Include/stm32f103x6.h"
 1103              		.file 6 "Drivers/STM32F1xx_HAL_Driver/Inc/stm32f1xx_hal_def.h"
 1104              		.file 7 "Drivers/STM32F1xx_HAL_Driver/Inc/stm32f1xx_hal_rcc.h"
 1105              		.file 8 "Drivers/STM32F1xx_HAL_Driver/Inc/stm32f1xx_hal_rcc_ex.h"
 1106              		.file 9 "Drivers/STM32F1xx_HAL_Driver/Inc/stm32f1xx_hal_gpio.h"
 1107              		.file 10 "Drivers/STM32F1xx_HAL_Driver/Inc/stm32f1xx_hal_dma.h"
ARM GAS  C:\Users\Kingj\AppData\Local\Temp\cc81RRtf.s 			page 33


 1108              		.file 11 "Drivers/STM32F1xx_HAL_Driver/Inc/stm32f1xx_hal_i2c.h"
 1109              		.file 12 "Drivers/STM32F1xx_HAL_Driver/Inc/stm32f1xx_hal_uart.h"
 1110              		.file 13 "Drivers/STM32F1xx_HAL_Driver/Inc/stm32f1xx_hal.h"
 1111              		.file 14 "<built-in>"
ARM GAS  C:\Users\Kingj\AppData\Local\Temp\cc81RRtf.s 			page 34


DEFINED SYMBOLS
                            *ABS*:00000000 main.c
C:\Users\Kingj\AppData\Local\Temp\cc81RRtf.s:18     .text.MX_GPIO_Init:00000000 $t
C:\Users\Kingj\AppData\Local\Temp\cc81RRtf.s:23     .text.MX_GPIO_Init:00000000 MX_GPIO_Init
C:\Users\Kingj\AppData\Local\Temp\cc81RRtf.s:127    .text.MX_GPIO_Init:0000006c $d
C:\Users\Kingj\AppData\Local\Temp\cc81RRtf.s:133    .text.DS1307_GetTime:00000000 $t
C:\Users\Kingj\AppData\Local\Temp\cc81RRtf.s:139    .text.DS1307_GetTime:00000000 DS1307_GetTime
C:\Users\Kingj\AppData\Local\Temp\cc81RRtf.s:235    .text.DS1307_GetTime:00000074 $d
C:\Users\Kingj\AppData\Local\Temp\cc81RRtf.s:240    .text.lcd_send_cmd:00000000 $t
C:\Users\Kingj\AppData\Local\Temp\cc81RRtf.s:246    .text.lcd_send_cmd:00000000 lcd_send_cmd
C:\Users\Kingj\AppData\Local\Temp\cc81RRtf.s:310    .text.lcd_send_cmd:0000003c $d
C:\Users\Kingj\AppData\Local\Temp\cc81RRtf.s:315    .text.lcd_send_data:00000000 $t
C:\Users\Kingj\AppData\Local\Temp\cc81RRtf.s:321    .text.lcd_send_data:00000000 lcd_send_data
C:\Users\Kingj\AppData\Local\Temp\cc81RRtf.s:387    .text.lcd_send_data:00000044 $d
C:\Users\Kingj\AppData\Local\Temp\cc81RRtf.s:392    .text.lcd_init:00000000 $t
C:\Users\Kingj\AppData\Local\Temp\cc81RRtf.s:398    .text.lcd_init:00000000 lcd_init
C:\Users\Kingj\AppData\Local\Temp\cc81RRtf.s:463    .text.lcd_clear:00000000 $t
C:\Users\Kingj\AppData\Local\Temp\cc81RRtf.s:469    .text.lcd_clear:00000000 lcd_clear
C:\Users\Kingj\AppData\Local\Temp\cc81RRtf.s:494    .text.lcd_put_cur:00000000 $t
C:\Users\Kingj\AppData\Local\Temp\cc81RRtf.s:500    .text.lcd_put_cur:00000000 lcd_put_cur
C:\Users\Kingj\AppData\Local\Temp\cc81RRtf.s:541    .text.lcd_send_string:00000000 $t
C:\Users\Kingj\AppData\Local\Temp\cc81RRtf.s:547    .text.lcd_send_string:00000000 lcd_send_string
C:\Users\Kingj\AppData\Local\Temp\cc81RRtf.s:585    .text.BCD_to_Dec:00000000 $t
C:\Users\Kingj\AppData\Local\Temp\cc81RRtf.s:591    .text.BCD_to_Dec:00000000 BCD_to_Dec
C:\Users\Kingj\AppData\Local\Temp\cc81RRtf.s:615    .text.get_seconds:00000000 $t
C:\Users\Kingj\AppData\Local\Temp\cc81RRtf.s:621    .text.get_seconds:00000000 get_seconds
C:\Users\Kingj\AppData\Local\Temp\cc81RRtf.s:671    .text.get_seconds:0000002c $d
C:\Users\Kingj\AppData\Local\Temp\cc81RRtf.s:676    .text.Error_Handler:00000000 $t
C:\Users\Kingj\AppData\Local\Temp\cc81RRtf.s:682    .text.Error_Handler:00000000 Error_Handler
C:\Users\Kingj\AppData\Local\Temp\cc81RRtf.s:714    .text.MX_I2C1_Init:00000000 $t
C:\Users\Kingj\AppData\Local\Temp\cc81RRtf.s:719    .text.MX_I2C1_Init:00000000 MX_I2C1_Init
C:\Users\Kingj\AppData\Local\Temp\cc81RRtf.s:777    .text.MX_I2C1_Init:0000002c $d
C:\Users\Kingj\AppData\Local\Temp\cc81RRtf.s:784    .text.MX_USART1_UART_Init:00000000 $t
C:\Users\Kingj\AppData\Local\Temp\cc81RRtf.s:789    .text.MX_USART1_UART_Init:00000000 MX_USART1_UART_Init
C:\Users\Kingj\AppData\Local\Temp\cc81RRtf.s:844    .text.MX_USART1_UART_Init:0000002c $d
C:\Users\Kingj\AppData\Local\Temp\cc81RRtf.s:850    .text.SystemClock_Config:00000000 $t
C:\Users\Kingj\AppData\Local\Temp\cc81RRtf.s:856    .text.SystemClock_Config:00000000 SystemClock_Config
C:\Users\Kingj\AppData\Local\Temp\cc81RRtf.s:961    .rodata.main.str1.4:00000000 $d
C:\Users\Kingj\AppData\Local\Temp\cc81RRtf.s:965    .text.main:00000000 $t
C:\Users\Kingj\AppData\Local\Temp\cc81RRtf.s:971    .text.main:00000000 main
C:\Users\Kingj\AppData\Local\Temp\cc81RRtf.s:1052   .text.main:00000068 $d
C:\Users\Kingj\AppData\Local\Temp\cc81RRtf.s:1074   .bss.hours:00000000 hours
C:\Users\Kingj\AppData\Local\Temp\cc81RRtf.s:1086   .bss.minutes:00000000 minutes
C:\Users\Kingj\AppData\Local\Temp\cc81RRtf.s:1091   .bss.seconds:00000000 seconds
C:\Users\Kingj\AppData\Local\Temp\cc81RRtf.s:1096   .rodata.DS1307_ADDRESS:00000000 DS1307_ADDRESS
C:\Users\Kingj\AppData\Local\Temp\cc81RRtf.s:1081   .bss.huart1:00000000 huart1
C:\Users\Kingj\AppData\Local\Temp\cc81RRtf.s:1069   .bss.hi2c1:00000000 hi2c1
C:\Users\Kingj\AppData\Local\Temp\cc81RRtf.s:1065   .bss.hi2c1:00000000 $d
C:\Users\Kingj\AppData\Local\Temp\cc81RRtf.s:1075   .bss.hours:00000000 $d
C:\Users\Kingj\AppData\Local\Temp\cc81RRtf.s:1077   .bss.huart1:00000000 $d
C:\Users\Kingj\AppData\Local\Temp\cc81RRtf.s:1087   .bss.minutes:00000000 $d
C:\Users\Kingj\AppData\Local\Temp\cc81RRtf.s:1092   .bss.seconds:00000000 $d

UNDEFINED SYMBOLS
HAL_GPIO_WritePin
HAL_GPIO_Init
HAL_I2C_Master_Transmit
ARM GAS  C:\Users\Kingj\AppData\Local\Temp\cc81RRtf.s 			page 35


HAL_I2C_Master_Receive
HAL_Delay
HAL_I2C_Mem_Read
HAL_I2C_Init
HAL_UART_Init
memset
HAL_RCC_OscConfig
HAL_RCC_ClockConfig
HAL_Init
HAL_I2C_Mem_Write
HAL_UART_Transmit
