2024-08-20 14:41:28,923 [INFO] Activator:176 - 


2024-08-20 14:41:28,974 [INFO] Activator:177 - !SESSION log4j initialized
2024-08-20 14:41:41,208 [INFO] LogOutputStream:77 - [STDOUT_REDIRECT] 
2024-08-20 14:41:44,748 [INFO] ApplicationProperties:184 - Using Application install path: D:\STM32IDE\STM32CubeIDE_1.14.0\STM32CubeIDE\plugins\com.st.stm32cube.common.mx_6.10.0.202311202037
2024-08-20 14:41:44,850 [INFO] DbMcusXml:78 - Set database path to: D:\STM32IDE\STM32CubeIDE_1.14.0\STM32CubeIDE\plugins\com.st.stm32cube.common.mx_6.10.0.202311202037\\db\/mcu/
2024-08-20 14:41:44,851 [INFO] ApiDb:274 - Set plugin database path to: D:\STM32IDE\STM32CubeIDE_1.14.0\STM32CubeIDE\plugins\com.st.stm32cube.common.mx_6.10.0.202311202037\\db\/plugins/boardmanager/
2024-08-20 14:41:44,852 [WARN] ApiDb:259 - Overriding images path with different value:  => D:\STM32IDE\STM32CubeIDE_1.14.0\STM32CubeIDE\plugins\com.st.stm32cube.common.mx_6.10.0.202311202037\\db\/plugins/mcufinder/images/
2024-08-20 14:41:44,941 [INFO] ApiDb:250 - Set database path to: C:\Users\Kingj\.stmcufinder\plugins\mcufinder//mcu/
2024-08-20 14:41:44,945 [INFO] DbMcusAds:125 - Set database path to: C:\Users\Kingj\.stmcufinder\plugins\mcufinder//mcu/
2024-08-20 14:41:44,949 [INFO] CrossReferenceDbSqlite:203 - Set database path to: C:\Users\Kingj\.stmcufinder\plugins\mcufinder//mcu/cs/
2024-08-20 14:41:45,227 [INFO] RulesReader:64 - Compatibility file has been processed (297 Rules)
2024-08-20 14:41:45,423 [INFO] DbMcusXml:78 - Set database path to: D:\STM32IDE\STM32CubeIDE_1.14.0\STM32CubeIDE\plugins\com.st.stm32cube.common.mx_6.10.0.202311202037\\db\/mcu/
2024-08-20 14:41:45,423 [INFO] ApiDb:274 - Set plugin database path to: D:\STM32IDE\STM32CubeIDE_1.14.0\STM32CubeIDE\plugins\com.st.stm32cube.common.mx_6.10.0.202311202037\\db\/plugins/boardmanager/
2024-08-20 14:41:45,423 [INFO] ApiDb:261 - Set plugin images path to: D:\STM32IDE\STM32CubeIDE_1.14.0\STM32CubeIDE\plugins\com.st.stm32cube.common.mx_6.10.0.202311202037\\db\/plugins/mcufinder/images/
2024-08-20 14:41:45,423 [WARN] DbFile:41 - Overriding database path with different value: C:\Users\Kingj\.stmcufinder\plugins\mcufinder/ => C:\Users\Kingj\.stmcufinder\plugins\mcufinder
2024-08-20 14:41:45,423 [INFO] ApiDb:250 - Set database path to: C:\Users\Kingj\.stmcufinder\plugins\mcufinder//mcu/
2024-08-20 14:41:45,423 [WARN] DbFile:41 - Overriding database path with different value: C:\Users\Kingj\.stmcufinder\plugins\mcufinder/ => C:\Users\Kingj\.stmcufinder\plugins\mcufinder
2024-08-20 14:41:45,423 [INFO] DbMcusAds:125 - Set database path to: C:\Users\Kingj\.stmcufinder\plugins\mcufinder//mcu/
2024-08-20 14:41:45,423 [WARN] DbFile:41 - Overriding database path with different value: C:\Users\Kingj\.stmcufinder\plugins\mcufinder/ => C:\Users\Kingj\.stmcufinder\plugins\mcufinder
2024-08-20 14:41:45,424 [WARN] DbFile:41 - Overriding database path with different value: C:\Users\Kingj\.stmcufinder\plugins\mcufinder/ => C:\Users\Kingj\.stmcufinder\plugins\mcufinder
2024-08-20 14:41:45,424 [INFO] CrossReferenceDbSqlite:203 - Set database path to: C:\Users\Kingj\.stmcufinder\plugins\mcufinder//mcu/cs/
2024-08-20 14:41:45,596 [INFO] MainPanel:264 - HeapMemory: 268435456
2024-08-20 14:41:45,842 [INFO] DbMcusXml:78 - Set database path to: D:\STM32IDE\STM32CubeIDE_1.14.0\STM32CubeIDE\plugins\com.st.stm32cube.common.mx_6.10.0.202311202037\\db\/mcu/
2024-08-20 14:41:45,842 [INFO] ApiDb:274 - Set plugin database path to: D:\STM32IDE\STM32CubeIDE_1.14.0\STM32CubeIDE\plugins\com.st.stm32cube.common.mx_6.10.0.202311202037\\db\/plugins/boardmanager/
2024-08-20 14:41:45,842 [INFO] ApiDb:261 - Set plugin images path to: D:\STM32IDE\STM32CubeIDE_1.14.0\STM32CubeIDE\plugins\com.st.stm32cube.common.mx_6.10.0.202311202037\\db\/plugins/mcufinder/images/
2024-08-20 14:41:45,842 [WARN] DbFile:41 - Overriding database path with different value: C:\Users\Kingj\.stmcufinder\plugins\mcufinder/ => C:\Users\Kingj\.stmcufinder\plugins\mcufinder
2024-08-20 14:41:45,842 [INFO] ApiDb:250 - Set database path to: C:\Users\Kingj\.stmcufinder\plugins\mcufinder//mcu/
2024-08-20 14:41:45,843 [WARN] DbFile:41 - Overriding database path with different value: C:\Users\Kingj\.stmcufinder\plugins\mcufinder/ => C:\Users\Kingj\.stmcufinder\plugins\mcufinder
2024-08-20 14:41:45,843 [INFO] DbMcusAds:125 - Set database path to: C:\Users\Kingj\.stmcufinder\plugins\mcufinder//mcu/
2024-08-20 14:41:45,843 [WARN] DbFile:41 - Overriding database path with different value: C:\Users\Kingj\.stmcufinder\plugins\mcufinder/ => C:\Users\Kingj\.stmcufinder\plugins\mcufinder
2024-08-20 14:41:45,843 [WARN] DbFile:41 - Overriding database path with different value: C:\Users\Kingj\.stmcufinder\plugins\mcufinder/ => C:\Users\Kingj\.stmcufinder\plugins\mcufinder
2024-08-20 14:41:45,843 [INFO] CrossReferenceDbSqlite:203 - Set database path to: C:\Users\Kingj\.stmcufinder\plugins\mcufinder//mcu/cs/
2024-08-20 14:41:45,864 [INFO] ApplicationProperties:184 - Using Application install path: D:\STM32IDE\STM32CubeIDE_1.14.0\STM32CubeIDE\plugins\com.st.stm32cube.common.mx_6.10.0.202311202037
2024-08-20 14:41:45,866 [INFO] PluginManage:196 - Search for loadable plugins [exclusion list=, ]
2024-08-20 14:41:45,866 [INFO] PluginManage:310 - Check plugin analytics
2024-08-20 14:41:46,150 [INFO] AnalyticsPlugin:253 - Accepted Software Licenses: STM32CubeMX.6.10.0
2024-08-20 14:41:46,150 [INFO] AnalyticsPlugin:255 - Accepted CMSIS Pack Licenses: 
2024-08-20 14:41:46,150 [INFO] AnalyticsPlugin:257 - Accepted Firmware Licenses: FW.F4.1.28.0
2024-08-20 14:41:46,156 [INFO] PluginManage:359 - Loaded plugin analytics (category:tool,tabindex:-1)
2024-08-20 14:41:46,157 [INFO] PluginManage:310 - Check plugin cadmodel
2024-08-20 14:41:46,198 [INFO] CADModel:105 - Init CAD model plugin
2024-08-20 14:41:46,199 [INFO] PluginManage:359 - Loaded plugin cadmodel (category:power,tabindex:5)
2024-08-20 14:41:46,199 [INFO] PluginManage:310 - Check plugin clock
2024-08-20 14:41:46,236 [INFO] PluginManage:359 - Loaded plugin clock (category:base,tabindex:2)
2024-08-20 14:41:46,236 [INFO] PluginManage:310 - Check plugin ddr
2024-08-20 14:41:46,251 [INFO] PluginManage:359 - Loaded plugin ddr (category:tool,tabindex:6)
2024-08-20 14:41:46,251 [INFO] PluginManage:310 - Check plugin filemanager
2024-08-20 14:41:46,637 [INFO] PluginManage:359 - Loaded plugin filemanager (category:base,tabindex:10)
2024-08-20 14:41:46,637 [INFO] PluginManage:310 - Check plugin ipmanager
2024-08-20 14:41:46,674 [INFO] PluginManage:359 - Loaded plugin ipmanager (category:base,tabindex:5)
2024-08-20 14:41:46,674 [INFO] PluginManage:310 - Check plugin lpbam
2024-08-20 14:41:46,727 [INFO] PluginManage:359 - Loaded plugin lpbam (category:base,tabindex:0)
2024-08-20 14:41:46,727 [INFO] PluginManage:310 - Check plugin memorymap
2024-08-20 14:41:46,778 [INFO] PluginManage:359 - Loaded plugin memorymap (category:base,tabindex:4)
2024-08-20 14:41:46,778 [INFO] PluginManage:310 - Check plugin pinoutandconfiguration
2024-08-20 14:41:46,813 [INFO] PluginManage:359 - Loaded plugin pinoutandconfiguration (category:base,tabindex:1)
2024-08-20 14:41:46,813 [INFO] PluginManage:310 - Check plugin pinoutconfig
2024-08-20 14:41:46,982 [WARN] SupportedApi:132 - Cannot load RTOS API schema: s4s-elt-must-match.1: The content of 'definitions' must match (annotation?, (simpleType | complexType)?, (unique | key | keyref)*)). A problem was found starting at: attribute.
2024-08-20 14:41:47,190 [INFO] PluginManage:359 - Loaded plugin pinoutconfig (category:base,tabindex:0)
2024-08-20 14:41:47,191 [INFO] PluginManage:310 - Check plugin power
2024-08-20 14:41:47,264 [INFO] PluginManage:359 - Loaded plugin power (category:power,tabindex:4)
2024-08-20 14:41:47,264 [INFO] PluginManage:310 - Check plugin projectmanager
2024-08-20 14:41:47,295 [INFO] PluginManage:359 - Loaded plugin projectmanager (category:projectmanager,tabindex:3)
2024-08-20 14:41:47,295 [INFO] PluginManage:310 - Check plugin thirdparty
2024-08-20 14:41:47,809 [INFO] PluginManage:359 - Loaded plugin thirdparty (category:base,tabindex:-1)
2024-08-20 14:41:47,809 [WARN] IntegrityCheckThread:84 - waiting for thirdparty lock release [integrity check]
2024-08-20 14:41:47,809 [INFO] PluginManage:310 - Check plugin tools
2024-08-20 14:41:47,810 [INFO] IntegrityCheckThread:86 - entering critical section [integrity check]
2024-08-20 14:41:47,810 [INFO] ThirdPartyUpdaterWithRetryManager:70 - Updater plugin not ready yet. [1/15]
2024-08-20 14:41:47,824 [INFO] PluginManage:359 - Loaded plugin tools (category:base,tabindex:7)
2024-08-20 14:41:47,824 [INFO] PluginManage:310 - Check plugin tutovideos
2024-08-20 14:41:48,155 [INFO] PluginManage:359 - Loaded plugin tutovideos (category:base,tabindex:-1)
2024-08-20 14:41:48,155 [INFO] PluginManage:310 - Check plugin updater
2024-08-20 14:41:48,208 [INFO] PluginManage:359 - Loaded plugin updater (category:base,tabindex:12)
2024-08-20 14:41:48,208 [INFO] PluginManage:310 - Check plugin userauth
2024-08-20 14:41:48,224 [INFO] UserAuth:114 - Init User Auth plugin
2024-08-20 14:41:48,224 [INFO] PluginManage:359 - Loaded plugin userauth (category:base,tabindex:14)
2024-08-20 14:41:48,224 [INFO] PluginManage:283 - PluginManage : Loaded plugins [17]
2024-08-20 14:41:48,840 [INFO] PinOutPanel:1499 - setPackage(No Configuration,No Configuration)
2024-08-20 14:41:48,946 [INFO] CADModel:165 - CPN selected for project level
2024-08-20 14:41:48,946 [INFO] CADModel:114 - Register for checkConnection events
2024-08-20 14:41:49,027 [INFO] IPUIPlugin:80 - create IPUIPlugin
2024-08-20 14:41:49,028 [INFO] PluginManager:220 - loadIPPluginJar : add adc
2024-08-20 14:41:49,060 [INFO] IPUIPlugin:80 - create IPUIPlugin
2024-08-20 14:41:49,061 [INFO] PluginManager:220 - loadIPPluginJar : add aes
2024-08-20 14:41:49,063 [INFO] IPUIPlugin:80 - create IPUIPlugin
2024-08-20 14:41:49,063 [INFO] PluginManager:220 - loadIPPluginJar : add can
2024-08-20 14:41:49,078 [INFO] IPUIPlugin:80 - create IPUIPlugin
2024-08-20 14:41:49,079 [INFO] PluginManager:220 - loadIPPluginJar : add comp
2024-08-20 14:41:49,083 [INFO] IPUIPlugin:80 - create IPUIPlugin
2024-08-20 14:41:49,083 [INFO] PluginManager:220 - loadIPPluginJar : add cryp
2024-08-20 14:41:49,092 [INFO] IPUIPlugin:80 - create IPUIPlugin
2024-08-20 14:41:49,092 [INFO] PluginManager:220 - loadIPPluginJar : add dfsdm
2024-08-20 14:41:49,123 [INFO] IPUIPlugin:80 - create IPUIPlugin
2024-08-20 14:41:49,124 [INFO] PluginManager:220 - loadIPPluginJar : add dma
2024-08-20 14:41:49,127 [INFO] IPUIPlugin:80 - create IPUIPlugin
2024-08-20 14:41:49,127 [INFO] PluginManager:220 - loadIPPluginJar : add dma3
2024-08-20 14:41:49,138 [INFO] IPUIPlugin:80 - create IPUIPlugin
2024-08-20 14:41:49,138 [INFO] PluginManager:220 - loadIPPluginJar : add fatfs
2024-08-20 14:41:49,150 [INFO] IPUIPlugin:80 - create IPUIPlugin
2024-08-20 14:41:49,150 [INFO] PluginManager:220 - loadIPPluginJar : add fmc
2024-08-20 14:41:49,185 [INFO] IPUIPlugin:80 - create IPUIPlugin
2024-08-20 14:41:49,185 [INFO] PluginManager:220 - loadIPPluginJar : add freertos
2024-08-20 14:41:49,187 [INFO] IPUIPlugin:80 - create IPUIPlugin
2024-08-20 14:41:49,187 [INFO] PluginManager:220 - loadIPPluginJar : add genericplugin
2024-08-20 14:41:49,208 [INFO] IPUIPlugin:80 - create IPUIPlugin
2024-08-20 14:41:49,208 [INFO] PluginManager:220 - loadIPPluginJar : add gfxmmu
2024-08-20 14:41:49,217 [INFO] IPUIPlugin:80 - create IPUIPlugin
2024-08-20 14:41:49,217 [INFO] PluginManager:220 - loadIPPluginJar : add gic
2024-08-20 14:41:49,250 [INFO] IPUIPlugin:80 - create IPUIPlugin
2024-08-20 14:41:49,250 [INFO] PluginManager:220 - loadIPPluginJar : add gpio
2024-08-20 14:41:49,261 [INFO] IPUIPlugin:80 - create IPUIPlugin
2024-08-20 14:41:49,261 [INFO] PluginManager:220 - loadIPPluginJar : add gtzc
2024-08-20 14:41:49,278 [INFO] IPUIPlugin:80 - create IPUIPlugin
2024-08-20 14:41:49,278 [INFO] PluginManager:220 - loadIPPluginJar : add hash
2024-08-20 14:41:49,281 [INFO] IPUIPlugin:80 - create IPUIPlugin
2024-08-20 14:41:49,281 [INFO] PluginManager:220 - loadIPPluginJar : add i2c
2024-08-20 14:41:49,284 [INFO] IPUIPlugin:80 - create IPUIPlugin
2024-08-20 14:41:49,284 [INFO] PluginManager:220 - loadIPPluginJar : add i2s
2024-08-20 14:41:49,286 [INFO] IPUIPlugin:80 - create IPUIPlugin
2024-08-20 14:41:49,286 [INFO] PluginManager:220 - loadIPPluginJar : add i3c
2024-08-20 14:41:49,313 [INFO] IPUIPlugin:80 - create IPUIPlugin
2024-08-20 14:41:49,313 [INFO] PluginManager:220 - loadIPPluginJar : add ipddr
2024-08-20 14:41:49,345 [INFO] IPUIPlugin:80 - create IPUIPlugin
2024-08-20 14:41:49,345 [INFO] PluginManager:220 - loadIPPluginJar : add linkedlist
2024-08-20 14:41:49,349 [INFO] IPUIPlugin:80 - create IPUIPlugin
2024-08-20 14:41:49,350 [INFO] PluginManager:220 - loadIPPluginJar : add lorawan
2024-08-20 14:41:49,352 [INFO] IPUIPlugin:80 - create IPUIPlugin
2024-08-20 14:41:49,352 [INFO] PluginManager:220 - loadIPPluginJar : add ltdc
2024-08-20 14:41:49,376 [INFO] IPUIPlugin:80 - create IPUIPlugin
2024-08-20 14:41:49,376 [INFO] PluginManager:220 - loadIPPluginJar : add mdma
2024-08-20 14:41:49,396 [INFO] IPUIPlugin:80 - create IPUIPlugin
2024-08-20 14:41:49,396 [INFO] PluginManager:220 - loadIPPluginJar : add nvic
2024-08-20 14:41:49,411 [INFO] IPUIPlugin:80 - create IPUIPlugin
2024-08-20 14:41:49,412 [INFO] PluginManager:220 - loadIPPluginJar : add opamp
2024-08-20 14:41:49,415 [INFO] IPUIPlugin:80 - create IPUIPlugin
2024-08-20 14:41:49,416 [INFO] PluginManager:220 - loadIPPluginJar : add openamp
2024-08-20 14:41:49,419 [INFO] IPUIPlugin:80 - create IPUIPlugin
2024-08-20 14:41:49,419 [INFO] PluginManager:220 - loadIPPluginJar : add pdm2pcm
2024-08-20 14:41:49,440 [INFO] IPUIPlugin:80 - create IPUIPlugin
2024-08-20 14:41:49,443 [INFO] PluginManager:220 - loadIPPluginJar : add plateformsettings
2024-08-20 14:41:49,451 [INFO] IPUIPlugin:80 - create IPUIPlugin
2024-08-20 14:41:49,451 [INFO] PluginManager:220 - loadIPPluginJar : add quadspi
2024-08-20 14:41:49,474 [INFO] IPUIPlugin:80 - create IPUIPlugin
2024-08-20 14:41:49,475 [INFO] PluginManager:220 - loadIPPluginJar : add resmgrutility
2024-08-20 14:41:49,493 [INFO] IPUIPlugin:80 - create IPUIPlugin
2024-08-20 14:41:49,493 [INFO] PluginManager:220 - loadIPPluginJar : add sai
2024-08-20 14:41:49,496 [INFO] IPUIPlugin:80 - create IPUIPlugin
2024-08-20 14:41:49,496 [INFO] PluginManager:220 - loadIPPluginJar : add spi
2024-08-20 14:41:49,501 [INFO] IPUIPlugin:80 - create IPUIPlugin
2024-08-20 14:41:49,501 [INFO] PluginManager:220 - loadIPPluginJar : add stm32_wpan
2024-08-20 14:41:49,504 [INFO] IPUIPlugin:80 - create IPUIPlugin
2024-08-20 14:41:49,504 [INFO] PluginManager:220 - loadIPPluginJar : add tim
2024-08-20 14:41:49,508 [INFO] IPUIPlugin:80 - create IPUIPlugin
2024-08-20 14:41:49,508 [INFO] PluginManager:220 - loadIPPluginJar : add touchsensing
2024-08-20 14:41:49,510 [INFO] IPUIPlugin:80 - create IPUIPlugin
2024-08-20 14:41:49,510 [INFO] PluginManager:220 - loadIPPluginJar : add tracer_emb
2024-08-20 14:41:49,512 [INFO] IPUIPlugin:80 - create IPUIPlugin
2024-08-20 14:41:49,512 [INFO] PluginManager:220 - loadIPPluginJar : add ts
2024-08-20 14:41:49,514 [INFO] IPUIPlugin:80 - create IPUIPlugin
2024-08-20 14:41:49,515 [INFO] PluginManager:220 - loadIPPluginJar : add tsc
2024-08-20 14:41:49,542 [INFO] IPUIPlugin:80 - create IPUIPlugin
2024-08-20 14:41:49,542 [INFO] PluginManager:220 - loadIPPluginJar : add ucpd
2024-08-20 14:41:49,544 [INFO] IPUIPlugin:80 - create IPUIPlugin
2024-08-20 14:41:49,545 [INFO] PluginManager:220 - loadIPPluginJar : add usart
2024-08-20 14:41:49,548 [INFO] IPUIPlugin:80 - create IPUIPlugin
2024-08-20 14:41:49,548 [INFO] PluginManager:220 - loadIPPluginJar : add usbx
2024-08-20 14:41:49,684 [INFO] CADModel:165 - CPN selected for project level
2024-08-20 14:41:49,684 [INFO] CADModel:114 - Register for checkConnection events
2024-08-20 14:41:49,685 [FATAL] Updater:308 - Updater called before beeing initialized
2024-08-20 14:41:49,685 [ERROR] CADModel:125 - Updater not yet initialized, retry later 
2024-08-20 14:41:49,950 [INFO] CADModel:165 - CPN selected for project level
2024-08-20 14:41:49,950 [INFO] CADModel:114 - Register for checkConnection events
2024-08-20 14:41:49,950 [FATAL] Updater:308 - Updater called before beeing initialized
2024-08-20 14:41:49,950 [ERROR] CADModel:125 - Updater not yet initialized, retry later 
2024-08-20 14:41:49,953 [FATAL] Updater:308 - Updater called before beeing initialized
2024-08-20 14:41:50,079 [FATAL] Updater:308 - Updater called before beeing initialized
2024-08-20 14:41:50,082 [INFO] DbMcusAds:53 - JSON generation date=Thu May 16 16:22:00 ICT 2024 (1715851320667)
2024-08-20 14:41:50,083 [FATAL] Updater:308 - Updater called before beeing initialized
2024-08-20 14:41:50,176 [WARN] DetailPanel:346 - Failed to get advertising image, set to default
2024-08-20 14:41:50,298 [FATAL] Updater:308 - Updater called before beeing initialized
2024-08-20 14:41:50,300 [FATAL] Updater:308 - Updater called before beeing initialized
2024-08-20 14:41:50,300 [FATAL] Updater:308 - Updater called before beeing initialized
2024-08-20 14:41:50,300 [WARN] DetailPanel:346 - Failed to get advertising image, set to default
2024-08-20 14:41:50,301 [FATAL] Updater:308 - Updater called before beeing initialized
2024-08-20 14:41:50,483 [ERROR] Updater:1120 - MainUpdater not yet initialized. External WinMGr cannot be set.
2024-08-20 14:41:50,500 [INFO] Updater:1056 - Updater Version found : 6.10.0
2024-08-20 14:41:50,522 [INFO] ApplicationProperties:184 - Using Application install path: D:\STM32IDE\STM32CubeIDE_1.14.0\STM32CubeIDE\plugins\com.st.stm32cube.common.mx_6.10.0.202311202037
2024-08-20 14:41:50,810 [INFO] ThirdPartyUpdaterWithRetryManager:70 - Updater plugin not ready yet. [2/15]
2024-08-20 14:41:51,092 [INFO] MainUpdater:2873 - connection check result : 10
2024-08-20 14:41:51,094 [INFO] MainUpdater:290 - Updater Check For Update Now.
2024-08-20 14:41:51,094 [INFO] MicroXplorer:498 - Change Database Version : DB.6.0.100
2024-08-20 14:41:51,144 [INFO] McuFinderGlobals:63 - Set McuFinder mode to 2 (CubeIDE integrated)
2024-08-20 14:41:51,305 [INFO] CheckServerUpdateThread:120 - End of CheckServer Thread
2024-08-20 14:41:51,494 [INFO] UserAuth:404 - Internet connection configuration mode: 1
2024-08-20 14:41:51,618 [INFO] JxBrowserEngine:152 - Initiate JxBrowser Engine with user profile folder
2024-08-20 14:41:53,536 [INFO] WebApp:161 - Instantiating new browser for Auth
2024-08-20 14:41:54,302 [WARN] PackLoader:240 - Cannot read IP mode file for STMicroelectronics.FP-SNS-MOTENVWB1.1.4.0
2024-08-20 14:41:54,331 [WARN] PackLoader:240 - Cannot read IP mode file for STMicroelectronics.X-CUBE-SMBUS.2.1.0
2024-08-20 14:41:54,343 [WARN] PackLoader:240 - Cannot read IP mode file for STMicroelectronics.X-CUBE-TOUCHGFX.4.23.0
2024-08-20 14:41:54,414 [WARN] PackLoader:240 - Cannot read IP mode file for STMicroelectronics.X-CUBE-AZRTOS-F7.1.1.0
2024-08-20 14:41:54,433 [WARN] PackLoader:240 - Cannot read IP mode file for STMicroelectronics.FP-SNS-MOTENV1.4.3.2
2024-08-20 14:41:54,522 [WARN] PackLoader:240 - Cannot read IP mode file for STMicroelectronics.X-CUBE-MEMS1.11.0.0
2024-08-20 14:41:54,704 [WARN] PackLoader:240 - Cannot read IP mode file for STMicroelectronics.FP-SNS-FLIGHT1.5.0.2
2024-08-20 14:41:54,706 [INFO] WebApp:780 - Register for checkConnection events
2024-08-20 14:41:54,707 [INFO] WebApp:414 - Apply proxy settings
2024-08-20 14:41:54,707 [INFO] WebApp:499 - Chromium requires no authentication
2024-08-20 14:41:54,715 [WARN] PackLoader:240 - Cannot read IP mode file for STMicroelectronics.X-CUBE-DISPLAY.3.0.0
2024-08-20 14:41:54,736 [INFO] WebApp:442 - Direct internet connection detected
2024-08-20 14:41:54,741 [WARN] PackLoader:240 - Cannot read IP mode file for STMicroelectronics.X-CUBE-BLE1.7.0.0
2024-08-20 14:41:54,748 [WARN] PackLoader:240 - Cannot read IP mode file for emotas.I-CUBE-CANOPEN.1.3.0
2024-08-20 14:41:54,761 [WARN] PackLoader:240 - Cannot read IP mode file for STMicroelectronics.X-CUBE-BLEMGR.3.1.0
2024-08-20 14:41:54,772 [WARN] PackLoader:240 - Cannot read IP mode file for STMicroelectronics.FP-SNS-SMARTAG2.1.2.0
2024-08-20 14:41:54,789 [INFO] LogOutputStream:77 - [STDOUT_REDIRECT] 1 : Invalid condition id : UX_CORESTACK_Condition cause : null
2024-08-20 14:41:54,790 [INFO] LogOutputStream:77 - [STDOUT_REDIRECT] 1 : Invalid condition id : UX_CORESTACK_Condition cause : null
2024-08-20 14:41:54,792 [INFO] LogOutputStream:77 - [STDOUT_REDIRECT] 1 : Invalid condition id : UX_CORESTACK_Condition cause : null
2024-08-20 14:41:54,794 [INFO] LogOutputStream:77 - [STDOUT_REDIRECT] 1 : Invalid condition id : UX_CORESTACK_Condition cause : null
2024-08-20 14:41:54,795 [INFO] LogOutputStream:77 - [STDOUT_REDIRECT] 1 : Invalid condition id : UX_CORESTACK_Condition cause : null
2024-08-20 14:41:54,800 [WARN] PackLoader:240 - Cannot read IP mode file for STMicroelectronics.X-CUBE-AZRTOS-WL.2.0.0
2024-08-20 14:41:54,810 [WARN] PackLoader:240 - Cannot read IP mode file for STMicroelectronics.FP-SNS-MOTENV1.5.0.0
2024-08-20 14:41:54,818 [WARN] PackLoader:240 - Cannot read IP mode file for wolfSSL.I-CUBE-wolfMQTT.1.19.0
2024-08-20 14:41:54,838 [WARN] PackLoader:240 - Cannot read IP mode file for WES.I-CUBE-Cesium.1.3.0
2024-08-20 14:41:54,845 [WARN] PackLoader:240 - Cannot read IP mode file for STMicroelectronics.X-CUBE-BLE2.3.3.0
2024-08-20 14:41:54,855 [WARN] PackLoader:240 - Cannot read IP mode file for STMicroelectronics.X-CUBE-TCPP.4.1.0
2024-08-20 14:41:54,866 [WARN] PackLoader:240 - Cannot read IP mode file for STMicroelectronics.X-CUBE-ALGOBUILD.1.3.0
2024-08-20 14:41:54,885 [WARN] PackLoader:240 - Cannot read IP mode file for STMicroelectronics.X-CUBE-AZRTOS-G0.1.1.0
2024-08-20 14:41:54,902 [WARN] PackLoader:240 - Cannot read IP mode file for STMicroelectronics.X-CUBE-SAFEA1.1.2.2
2024-08-20 14:41:54,915 [WARN] PackLoader:240 - Cannot read IP mode file for STMicroelectronics.X-CUBE-NFC4.3.0.0
2024-08-20 14:41:54,932 [WARN] PackLoader:240 - Cannot read IP mode file for EmbeddedOffice.I-CUBE-FS-RTOS.1.0.1
2024-08-20 14:41:54,933 [ERROR] ConditionMgr:805 - Attr not supported : Dmpu
2024-08-20 14:41:54,933 [ERROR] ConditionMgr:805 - Attr not supported : Dmpu
2024-08-20 14:41:54,933 [ERROR] ConditionMgr:805 - Attr not supported : Dmpu
2024-08-20 14:41:54,934 [ERROR] ConditionMgr:805 - Attr not supported : Dmpu
2024-08-20 14:41:54,935 [ERROR] ConditionMgr:805 - Attr not supported : Dmpu
2024-08-20 14:41:54,935 [ERROR] ConditionMgr:805 - Attr not supported : Dmpu
2024-08-20 14:41:54,935 [ERROR] ConditionMgr:805 - Attr not supported : Dmpu
2024-08-20 14:41:54,935 [ERROR] ConditionMgr:805 - Attr not supported : Dmpu
2024-08-20 14:41:54,935 [ERROR] ConditionMgr:805 - Attr not supported : Dmpu
2024-08-20 14:41:54,935 [ERROR] ConditionMgr:805 - Attr not supported : Dmpu
2024-08-20 14:41:54,935 [ERROR] ConditionMgr:805 - Attr not supported : Dmpu
2024-08-20 14:41:54,935 [ERROR] ConditionMgr:805 - Attr not supported : Dmpu
2024-08-20 14:41:54,936 [ERROR] ConditionMgr:805 - Attr not supported : Dmpu
2024-08-20 14:41:54,936 [ERROR] ConditionMgr:805 - Attr not supported : Dmpu
2024-08-20 14:41:54,936 [ERROR] ConditionMgr:805 - Attr not supported : Dmpu
2024-08-20 14:41:54,936 [ERROR] ConditionMgr:805 - Attr not supported : Dmpu
2024-08-20 14:41:54,936 [ERROR] ConditionMgr:805 - Attr not supported : Dmpu
2024-08-20 14:41:54,936 [ERROR] ConditionMgr:805 - Attr not supported : Dmpu
2024-08-20 14:41:54,936 [ERROR] ConditionMgr:805 - Attr not supported : Dmpu
2024-08-20 14:41:54,936 [ERROR] ConditionMgr:805 - Attr not supported : Dmpu
2024-08-20 14:41:54,936 [ERROR] ConditionMgr:805 - Attr not supported : Dmpu
2024-08-20 14:41:54,936 [ERROR] ConditionMgr:805 - Attr not supported : Dmpu
2024-08-20 14:41:54,936 [ERROR] ConditionMgr:805 - Attr not supported : Dmpu
2024-08-20 14:41:54,936 [ERROR] ConditionMgr:805 - Attr not supported : Dmpu
2024-08-20 14:41:54,937 [ERROR] ConditionMgr:805 - Attr not supported : Dmpu
2024-08-20 14:41:54,937 [ERROR] ConditionMgr:805 - Attr not supported : Dmpu
2024-08-20 14:41:54,937 [ERROR] ConditionMgr:805 - Attr not supported : Dmpu
2024-08-20 14:41:54,937 [ERROR] ConditionMgr:805 - Attr not supported : Dmpu
2024-08-20 14:41:54,937 [ERROR] ConditionMgr:805 - Attr not supported : Dmpu
2024-08-20 14:41:54,937 [ERROR] ConditionMgr:805 - Attr not supported : Dmpu
2024-08-20 14:41:54,937 [ERROR] ConditionMgr:805 - Attr not supported : Dmpu
2024-08-20 14:41:54,937 [ERROR] ConditionMgr:805 - Attr not supported : Dmpu
2024-08-20 14:41:54,937 [ERROR] ConditionMgr:805 - Attr not supported : Dmpu
2024-08-20 14:41:54,937 [ERROR] ConditionMgr:805 - Attr not supported : Dmpu
2024-08-20 14:41:54,938 [ERROR] ConditionMgr:805 - Attr not supported : Dmpu
2024-08-20 14:41:54,938 [ERROR] ConditionMgr:805 - Attr not supported : Dmpu
2024-08-20 14:41:54,938 [ERROR] ConditionMgr:805 - Attr not supported : Dmpu
2024-08-20 14:41:54,938 [ERROR] ConditionMgr:805 - Attr not supported : Dmpu
2024-08-20 14:41:54,938 [ERROR] ConditionMgr:805 - Attr not supported : Dmpu
2024-08-20 14:41:54,938 [ERROR] ConditionMgr:805 - Attr not supported : Dmpu
2024-08-20 14:41:54,939 [ERROR] ConditionMgr:805 - Attr not supported : Dmpu
2024-08-20 14:41:54,939 [ERROR] ConditionMgr:805 - Attr not supported : Dmpu
2024-08-20 14:41:54,939 [ERROR] ConditionMgr:805 - Attr not supported : Dmpu
2024-08-20 14:41:54,939 [ERROR] ConditionMgr:805 - Attr not supported : Dmpu
2024-08-20 14:41:54,939 [ERROR] ConditionMgr:805 - Attr not supported : Dmpu
2024-08-20 14:41:54,939 [ERROR] ConditionMgr:805 - Attr not supported : Dmpu
2024-08-20 14:41:54,939 [ERROR] ConditionMgr:805 - Attr not supported : Dmpu
2024-08-20 14:41:54,939 [ERROR] ConditionMgr:805 - Attr not supported : Dmpu
2024-08-20 14:41:54,940 [ERROR] ConditionMgr:805 - Attr not supported : Dmpu
2024-08-20 14:41:54,940 [ERROR] ConditionMgr:805 - Attr not supported : Dmpu
2024-08-20 14:41:54,940 [ERROR] ConditionMgr:805 - Attr not supported : Dmpu
2024-08-20 14:41:54,940 [ERROR] ConditionMgr:805 - Attr not supported : Dmpu
2024-08-20 14:41:54,940 [ERROR] ConditionMgr:805 - Attr not supported : Dmpu
2024-08-20 14:41:54,940 [ERROR] ConditionMgr:805 - Attr not supported : Dmpu
2024-08-20 14:41:54,940 [ERROR] ConditionMgr:805 - Attr not supported : Dmpu
2024-08-20 14:41:54,940 [ERROR] ConditionMgr:805 - Attr not supported : Dmpu
2024-08-20 14:41:54,940 [ERROR] ConditionMgr:805 - Attr not supported : Dmpu
2024-08-20 14:41:54,941 [ERROR] ConditionMgr:805 - Attr not supported : Dmpu
2024-08-20 14:41:54,941 [ERROR] ConditionMgr:805 - Attr not supported : Dmpu
2024-08-20 14:41:54,941 [ERROR] ConditionMgr:805 - Attr not supported : Dmpu
2024-08-20 14:41:54,941 [ERROR] ConditionMgr:805 - Attr not supported : Dmpu
2024-08-20 14:41:54,941 [ERROR] ConditionMgr:805 - Attr not supported : Dmpu
2024-08-20 14:41:54,941 [ERROR] ConditionMgr:805 - Attr not supported : Dmpu
2024-08-20 14:41:54,941 [ERROR] ConditionMgr:805 - Attr not supported : Dmpu
2024-08-20 14:41:54,954 [WARN] PackLoader:240 - Cannot read IP mode file for STMicroelectronics.X-CUBE-BLEMGR.3.0.0
2024-08-20 14:41:54,964 [WARN] PackLoader:240 - Cannot read IP mode file for RealThread.X-CUBE-RT-Thread_Nano.4.1.1
2024-08-20 14:41:54,971 [WARN] PackLoader:240 - Cannot read IP mode file for STMicroelectronics.FP-ATR-SIGFOX1.3.2.0
2024-08-20 14:41:54,978 [WARN] PackLoader:240 - Cannot read IP mode file for STMicroelectronics.X-CUBE-EEPRMA1.5.1.0
2024-08-20 14:41:55,015 [WARN] PackLoader:240 - Cannot read IP mode file for SEGGER.I-CUBE-embOS.1.3.1
2024-08-20 14:41:55,085 [WARN] PackLoader:240 - Cannot read IP mode file for STMicroelectronics.X-CUBE-ALGOBUILD.1.4.0
2024-08-20 14:41:55,105 [WARN] PackLoader:240 - Cannot read IP mode file for STMicroelectronics.X-CUBE-GNSS1.6.0.0
2024-08-20 14:41:55,137 [WARN] PackLoader:240 - Cannot read IP mode file for STMicroelectronics.X-CUBE-AZRTOS-F4.1.1.0
2024-08-20 14:41:55,175 [WARN] PackLoader:240 - Cannot read IP mode file for STMicroelectronics.X-CUBE-FREERTOS.1.2.0
2024-08-20 14:41:55,186 [WARN] PackLoader:240 - Cannot read IP mode file for wolfSSL.I-CUBE-wolfSSL.5.6.6
2024-08-20 14:41:55,192 [INFO] WebApp:192 - Starting web application
2024-08-20 14:41:55,193 [INFO] WebApp:544 - Web application path used D:\STM32IDE\STM32CubeIDE_1.14.0\STM32CubeIDE\plugins\com.st.stm32cube.common.mx_6.10.0.202311202037\db\plugins\mcufinder\reactClient1\index.html
2024-08-20 14:41:55,247 [WARN] PackLoader:240 - Cannot read IP mode file for STMicroelectronics.X-CUBE-AZRTOS-L5.2.0.0
2024-08-20 14:41:55,302 [WARN] PackLoader:240 - Cannot read IP mode file for STMicroelectronics.X-CUBE-EEPRMA1.4.2.0
2024-08-20 14:41:55,316 [WARN] PackLoader:240 - Cannot read IP mode file for STMicroelectronics.X-CUBE-NFC6.3.1.0
2024-08-20 14:41:55,328 [WARN] PackLoader:240 - Cannot read IP mode file for ITTIA_DB.I-CUBE-ITTIADB.8.8.0
2024-08-20 14:41:55,355 [WARN] PackLoader:240 - Cannot read IP mode file for STMicroelectronics.X-CUBE-DPower.1.2.0
2024-08-20 14:41:55,363 [WARN] PackLoader:240 - Cannot read IP mode file for STMicroelectronics.X-CUBE-AI.9.0.0
2024-08-20 14:41:55,374 [WARN] PackLoader:240 - Cannot read IP mode file for STMicroelectronics.X-CUBE-NFC7.1.0.1
2024-08-20 14:41:55,383 [WARN] PackLoader:240 - Cannot read IP mode file for wolfSSL.I-CUBE-wolfTPM.3.2.0
2024-08-20 14:41:55,392 [WARN] PackLoader:240 - Cannot read IP mode file for STMicroelectronics.X-CUBE-NFC6.3.0.0
2024-08-20 14:41:55,400 [WARN] PackLoader:240 - Cannot read IP mode file for STMicroelectronics.X-CUBE-AI.8.1.0
2024-08-20 14:41:55,422 [WARN] ConditionMgr:438 - getConditionDescription Invalid condition id : LAN8742 Phy interface Condition cause : null
2024-08-20 14:41:55,424 [WARN] PackLoader:240 - Cannot read IP mode file for STMicroelectronics.X-CUBE-AZRTOS-L4.2.0.0
2024-08-20 14:41:55,426 [WARN] ConditionMgr:1039 - genDependencies : Invalid condition id : LAN8742 Phy interface Condition cause : null
2024-08-20 14:41:55,426 [WARN] ConditionMgr:1039 - genDependencies : Invalid condition id : LAN8742 Phy interface Condition cause : null
2024-08-20 14:41:55,427 [WARN] ConditionMgr:1039 - genDependencies : Invalid condition id : LAN8742 Phy interface Condition cause : null
2024-08-20 14:41:55,442 [WARN] PackLoader:240 - Cannot read IP mode file for STMicroelectronics.X-CUBE-SFXS2LP1.4.0.0
2024-08-20 14:41:55,473 [WARN] PackLoader:240 - Cannot read IP mode file for STMicroelectronics.X-CUBE-AZRTOS-H7.3.3.0
2024-08-20 14:41:55,501 [WARN] ConditionMgr:438 - getConditionDescription Invalid condition id : UX DEVICE CLASS RTOS Condition cause : null
2024-08-20 14:41:55,502 [WARN] ConditionMgr:438 - getConditionDescription Invalid condition id : UX DEVICE CLASS RTOS Condition cause : null
2024-08-20 14:41:55,504 [WARN] PackLoader:240 - Cannot read IP mode file for STMicroelectronics.X-CUBE-AZRTOS-WB.2.0.0
2024-08-20 14:41:55,505 [WARN] ConditionMgr:1039 - genDependencies : Invalid condition id : UX DEVICE CLASS RTOS Condition cause : null
2024-08-20 14:41:55,505 [WARN] ConditionMgr:1039 - genDependencies : Invalid condition id : UX DEVICE CLASS RTOS Condition cause : null
2024-08-20 14:41:55,505 [WARN] ConditionMgr:1039 - genDependencies : Invalid condition id : UX DEVICE CLASS RTOS Condition cause : null
2024-08-20 14:41:55,506 [WARN] ConditionMgr:1039 - genDependencies : Invalid condition id : UX DEVICE CLASS RTOS Condition cause : null
2024-08-20 14:41:55,506 [WARN] ConditionMgr:1039 - genDependencies : Invalid condition id : UX DEVICE CLASS RTOS Condition cause : null
2024-08-20 14:41:55,548 [WARN] PackLoader:240 - Cannot read IP mode file for STMicroelectronics.FP-SNS-STBOX1.2.0.0
2024-08-20 14:41:55,572 [WARN] PackLoader:240 - Cannot read IP mode file for STMicroelectronics.X-CUBE-SUBG2.5.0.0
2024-08-20 14:41:55,589 [WARN] PackLoader:240 - Cannot read IP mode file for Cesanta.I-CUBE-Mongoose.7.13.0
2024-08-20 14:41:55,614 [WARN] PackLoader:240 - Cannot read IP mode file for STMicroelectronics.X-CUBE-AZRTOS-G4.2.0.0
2024-08-20 14:41:55,650 [WARN] PackLoader:240 - Cannot read IP mode file for Infineon.AIROC-Wi-Fi-Bluetooth-STM32.1.5.1
2024-08-20 14:41:55,691 [WARN] PackLoader:240 - Cannot read IP mode file for STMicroelectronics.FP-SNS-MOTENVWB1.1.3.1
2024-08-20 14:41:55,701 [WARN] PackLoader:240 - Cannot read IP mode file for STMicroelectronics.X-CUBE-ISPU.2.0.0
2024-08-20 14:41:55,713 [WARN] PackLoader:240 - Cannot read IP mode file for STMicroelectronics.X-CUBE-ALS.1.0.2
2024-08-20 14:41:55,802 [WARN] PackLoader:240 - Cannot read IP mode file for STMicroelectronics.X-CUBE-MEMS1.10.0.0
2024-08-20 14:41:55,944 [WARN] PackLoader:240 - Cannot read IP mode file for STMicroelectronics.X-CUBE-FREERTOS.1.1.0
2024-08-20 14:41:55,951 [WARN] PackLoader:240 - Cannot read IP mode file for STMicroelectronics.X-CUBE-TOUCHGFX.4.24.0
2024-08-20 14:41:55,958 [WARN] PackLoader:240 - Cannot read IP mode file for portGmbH.I-Cube-SoM-uGOAL.1.1.0
2024-08-20 14:41:55,963 [WARN] PackLoader:240 - Cannot read IP mode file for STMicroelectronics.X-CUBE-ALS.1.0.1
2024-08-20 14:41:55,987 [WARN] PackLoader:240 - Cannot read IP mode file for STMicroelectronics.X-CUBE-AZRTOS-H7RS.1.0.0
2024-08-20 14:41:55,996 [WARN] PackLoader:240 - Cannot read IP mode file for STMicroelectronics.FP-ATR-ASTRA1.2.0.0
2024-08-20 14:41:56,011 [WARN] PackLoader:240 - Cannot read IP mode file for STMicroelectronics.X-CUBE-TOF1.3.4.2
2024-08-20 14:41:56,063 [WARN] PackLoader:240 - Cannot read IP mode file for STMicroelectronics.X-CUBE-TOF1.3.4.0
2024-08-20 14:41:56,097 [WARN] PackLoader:240 - Cannot read IP mode file for STMicroelectronics.X-CUBE-TOF1.3.4.1
2024-08-20 14:41:56,144 [WARN] PackLoader:240 - Cannot read IP mode file for STMicroelectronics.X-CUBE-AZRTOS-H7.3.2.0
2024-08-20 14:41:56,156 [WARN] PackLoader:240 - Cannot read IP mode file for wolfSSL.I-CUBE-wolfSSH.1.4.17
2024-08-20 14:41:56,157 [INFO] ThirdParty:978 - Integrity check success = true
2024-08-20 14:41:56,157 [INFO] IntegrityCheckThread:100 - exiting critical section [integrity check]
2024-08-20 14:41:56,157 [INFO] IntegrityCheckThread:103 - End integrity checks thread
2024-08-20 14:42:16,874 [ERROR] LogOutputStream:75 - [STDERR_REDIRECT] SLF4J: Failed to load class "org.slf4j.impl.StaticLoggerBinder".
2024-08-20 14:42:16,875 [ERROR] LogOutputStream:75 - [STDERR_REDIRECT] SLF4J: Defaulting to no-operation (NOP) logger implementation
2024-08-20 14:42:16,876 [ERROR] LogOutputStream:75 - [STDERR_REDIRECT] SLF4J: See http://www.slf4j.org/codes.html#StaticLoggerBinder for further details.
2024-08-20 15:03:22,846 [INFO] McuFinderGlobals:63 - Set McuFinder mode to 2 (CubeIDE integrated)
2024-08-20 15:03:22,986 [INFO] MainUpdater:2873 - connection check result : 10
2024-08-20 15:03:23,038 [INFO] MainUpdater:2873 - connection check result : 10
2024-08-20 15:03:24,277 [INFO] MicroXplorer:468 - Change Database Path : 
2024-08-20 15:03:24,285 [INFO] MicroXplorer:498 - Change Database Version : DB.6.0.100
2024-08-20 15:03:24,421 [WARN] ThirdParty:871 - waiting for thirdparty lock release [close project]
2024-08-20 15:03:24,421 [INFO] ThirdParty:873 - entering critical section [close project]
2024-08-20 15:03:24,583 [INFO] ThirdParty:883 - exiting critical section [close project]
2024-08-20 15:03:24,665 [INFO] PinOutPanel:1499 - setPackage(No Configuration,No Configuration)
2024-08-20 15:03:24,681 [INFO] UtilMem:75 - Begin LoadConfig() Used Memory: 925103016 Bytes (1073741824)
2024-08-20 15:03:24,705 [INFO] MicroXplorer:468 - Change Database Path : 
2024-08-20 15:03:24,705 [INFO] MicroXplorer:498 - Change Database Version : DB.6.0.100
2024-08-20 15:03:24,706 [INFO] OpenFileManager:312 - Change cursor
2024-08-20 15:03:25,239 [INFO] Mcu:2016 - Initializing MCU STM32F103C(8-B)Tx STM32F103C8Tx STM32F103C8T6
2024-08-20 15:03:28,011 [INFO] Context:659 - Trying to add GPIOservice into a context  which must be forbidden
2024-08-20 15:03:29,186 [INFO] RtosManager:555 - Registered RTOS mode: class=CMSIS, group=RTOS, mode=CMSIS_V1, owner=FREERTOS
2024-08-20 15:03:29,186 [INFO] RtosManager:555 - Registered RTOS mode: class=CMSIS, group=RTOS2, mode=CMSIS_V2, owner=FREERTOS
2024-08-20 15:03:29,186 [INFO] RtosManager:555 - Registered RTOS mode: class=RTOS, group=Core, mode=CMSIS_V1, owner=FREERTOS
2024-08-20 15:03:29,186 [INFO] RtosManager:555 - Registered RTOS mode: class=RTOS, group=Core, mode=CMSIS_V2, owner=FREERTOS
2024-08-20 15:03:29,187 [WARN] ModelIntegratedComponent:184 - Missing modes for component STMicroelectronics:FreeRTOS:0.0.1:STMicroelectronics:RTOS:FreeRTOS:Core:::10.2.0:
2024-08-20 15:03:29,204 [WARN] ModelIntegratedComponent:63 - No mode defined for component null
2024-08-20 15:03:29,204 [WARN] ModelIntegratedComponent:63 - No mode defined for component null
2024-08-20 15:03:29,205 [WARN] ModelIntegratedComponent:63 - No mode defined for component null
2024-08-20 15:03:29,205 [WARN] ModelIntegratedComponent:63 - No mode defined for component null
2024-08-20 15:03:29,205 [WARN] ModelIntegratedComponent:63 - No mode defined for component null
2024-08-20 15:03:29,205 [WARN] ModelIntegratedComponent:63 - No mode defined for component null
2024-08-20 15:03:29,205 [WARN] ModelIntegratedComponent:63 - No mode defined for component null
2024-08-20 15:03:29,205 [WARN] ModelIntegratedComponent:63 - No mode defined for component null
2024-08-20 15:03:29,205 [WARN] ModelIntegratedComponent:63 - No mode defined for component null
2024-08-20 15:03:29,205 [WARN] ModelIntegratedComponent:63 - No mode defined for component null
2024-08-20 15:03:29,205 [WARN] ModelIntegratedComponent:63 - No mode defined for component null
2024-08-20 15:03:29,205 [WARN] ModelIntegratedComponent:63 - No mode defined for component null
2024-08-20 15:03:29,205 [WARN] ModelIntegratedComponent:63 - No mode defined for component null
2024-08-20 15:03:29,206 [WARN] ModelIntegratedComponent:63 - No mode defined for component null
2024-08-20 15:03:29,206 [WARN] ModelIntegratedComponent:63 - No mode defined for component null
2024-08-20 15:03:29,206 [WARN] ModelIntegratedComponent:63 - No mode defined for component null
2024-08-20 15:03:29,206 [WARN] ModelIntegratedComponent:63 - No mode defined for component null
2024-08-20 15:03:29,206 [WARN] ModelIntegratedComponent:63 - No mode defined for component null
2024-08-20 15:03:29,206 [WARN] ModelIntegratedComponent:63 - No mode defined for component null
2024-08-20 15:03:29,206 [WARN] ModelIntegratedComponent:63 - No mode defined for component null
2024-08-20 15:03:29,206 [WARN] ModelIntegratedComponent:63 - No mode defined for component null
2024-08-20 15:03:29,206 [WARN] ModelIntegratedComponent:63 - No mode defined for component null
2024-08-20 15:03:29,206 [WARN] ModelIntegratedComponent:63 - No mode defined for component null
2024-08-20 15:03:29,207 [WARN] ModelIntegratedComponent:63 - No mode defined for component null
2024-08-20 15:03:29,207 [WARN] ModelIntegratedComponent:63 - No mode defined for component null
2024-08-20 15:03:29,207 [WARN] ModelIntegratedComponent:63 - No mode defined for component null
2024-08-20 15:03:29,207 [WARN] ModelIntegratedComponent:63 - No mode defined for component null
2024-08-20 15:03:29,207 [WARN] ModelIntegratedComponent:63 - No mode defined for component null
2024-08-20 15:03:29,207 [WARN] ModelIntegratedComponent:63 - No mode defined for component null
2024-08-20 15:03:29,207 [WARN] ModelIntegratedComponent:63 - No mode defined for component null
2024-08-20 15:03:29,207 [WARN] ModelIntegratedComponent:63 - No mode defined for component null
2024-08-20 15:03:29,207 [WARN] ModelIntegratedComponent:63 - No mode defined for component null
2024-08-20 15:03:29,207 [WARN] ModelIntegratedComponent:63 - No mode defined for component null
2024-08-20 15:03:29,320 [INFO] ThirdPartyModel:298 - Start build external matchings
2024-08-20 15:03:30,108 [INFO] ThirdPartyModel:316 - End build external matchings
2024-08-20 15:03:30,134 [INFO] ImportTextPane:194 - (OptionalMessage_ERROR) IP (RCC) : Invalid parameter (FamilyName)
2024-08-20 15:03:30,477 [INFO] UtilMem:75 - End LoadConfig() Used Memory: 779408832 Bytes (1073741824)
2024-08-20 15:03:31,012 [INFO] ApiDb:581 - Connected to CubeFinder SQLite database (C:\Users\Kingj\.stmcufinder\plugins\mcufinder\mcu\cube-finder-db.db)
2024-08-20 15:03:31,161 [INFO] ApiDb:668 - CubeFinder database Data Model version=2.1
2024-08-20 15:03:31,161 [INFO] ApiDb:669 - CubeFinder database Configuration version=3.0.39
2024-08-20 15:03:31,164 [INFO] ApiDb:670 - CubeFinder database generation date=2024-06-20 (1718880634)
2024-08-20 15:03:31,164 [INFO] ApiDb:671 - CubeFinder database FW Pack versions=[FP-ATR-ASTRA1_V2.0.0, FP-SNS-FLIGHT1_V5.0.2, FP-SNS-MOTENV1_V5.0.0, FP-SNS-MOTENVWB1_V1.4.0, FP-SNS-SMARTAG2_V1.2.0, STM32Cube_FW_C0_V1.2.0, STM32Cube_FW_F4_V1.28.0, STM32Cube_FW_F7_V1.17.2, STM32Cube_FW_G0_V1.6.2, STM32Cube_FW_G4_V1.6.0, STM32Cube_FW_H5_V1.3.0, STM32Cube_FW_H7RS_V1.1.0, STM32Cube_FW_H7_V1.11.2, STM32Cube_FW_L0_V1.12.2, STM32Cube_FW_L5_V1.5.1, STM32Cube_FW_U0_V1.1.0, STM32Cube_FW_U5_V1.6.0, STM32Cube_FW_WB0_V1.0.0, STM32Cube_FW_WBA_V1.4.0, STM32Cube_FW_WB_V1.20.0, STM32Cube_FW_WL_V1.3.0, X-CUBE-ALGOBUILD_V1.4.0, X-CUBE-ALS_V1.0.2, X-CUBE-AZRTOS-F4_V1.1.0, X-CUBE-AZRTOS-F7_V1.1.0, X-CUBE-AZRTOS-G0_V1.1.0, X-CUBE-AZRTOS-G4_V2.0.0, X-CUBE-AZRTOS-H7RS_V1.0.0, X-CUBE-AZRTOS-H7_V3.2.0, X-CUBE-AZRTOS-L4_V2.0.0, X-CUBE-AZRTOS-L5_V1.1.0, X-CUBE-AZRTOS-WB_V2.0.0, X-CUBE-AZRTOS-WL_V2.0.0, X-CUBE-BLE1_V7.0.0, X-CUBE-BLE2_V3.3.0, X-CUBE-BLEMGR_V3.1.0, X-CUBE-EEPRMA1_V5.1.0, X-CUBE-FREERTOS_V1.2.0, X-CUBE-GNSS1_V6.0.0, X-CUBE-MEMS1_V10.0.0, X-CUBE-NFC4_V3.0.0, X-CUBE-NFC7_V1.0.1, X-CUBE-SFXS2LP1_V4.0.0, X-CUBE-SUBG2_V5.0.0, X-CUBE-TOF1_V3.4.1]
2024-08-20 15:03:35,940 [INFO] ApiDb:240 - Found 371 in-development CPN: [B-G473E-ZEST1S, B-WB1M-WPAN1, B-WL5M-SUBG1, NUCLEO-C031C6, NUCLEO-H503RB, NUCLEO-H563ZI, NUCLEO-U545RE-Q, NUCLEO-U5A5ZJ-Q, NUCLEO-WBA52CG, NUCLEO-WBA55CG, STEVAL-MKBOXPRO, STEVAL-PROTEUS1, STEVAL-STWINBX1, STM320518-EVAL, STM32C0116-DK, STM32C011D6Y3TR, STM32C011D6Y6TR, STM32C011F4P3, STM32C011F4P6, STM32C011F4U3, STM32C011F4U6TR, STM32C011F6P3, STM32C011F6P6, STM32C011F6U3, STM32C011F6U6TR, STM32C011J4M3, STM32C011J4M6, STM32C011J6M3, STM32C011J6M6, STM32C0316-DK, STM32C031C4T3, STM32C031C4T6, STM32C031C4U3, STM32C031C4U6, STM32C031C6T3, STM32C031C6T6, STM32C031C6U3, STM32C031C6U6, STM32C031F4P3, STM32C031F4P6, STM32C031F6P3, STM32C031F6P6, STM32C031G4U3, STM32C031G4U6, STM32C031G6U3, STM32C031G6U6, STM32C031K4T3, STM32C031K4T6, STM32C031K4U3, STM32C031K4U6, STM32C031K6T3, STM32C031K6T6, STM32C031K6U3, STM32C031K6U6, STM32G071K8TXN, STM32G071K8UXN, STM32G081GBU6N, STM32G081KBT6N, STM32G081KBUXN, STM32G0B1CCT6N, STM32G0B1KCT6, STM32G0B1NEY6TR, STM32G0B1RCT6N, STM32G0C1CCT6, STM32G0C1CCT6N, STM32G0C1CCU6N, STM32G0C1CET6N, STM32G0C1CEU6N, STM32G0C1KCT6, STM32G0C1NEY6TR, STM32G0C1RCI6N, STM32G0C1RCT6N, STM32G0C1REI6N, STM32G0C1RET6N, STM32G0C1VCI6, STM32G0C1VEI6, STM32G471CCT6, STM32G471CCU6, STM32G471CET3, STM32G471CET6, STM32G471CEU3, STM32G471CEU6, STM32G471MCT6, STM32G471MET3, STM32G471MET6, STM32G471MEY6TR, STM32G471QCT6, STM32G471QET3, STM32G471RCT6, STM32G471RET3, STM32G471RET6, STM32G471VCH6, STM32G471VCI6, STM32G471VCT6, STM32G471VEH3, STM32G471VEH6, STM32G471VEI3, STM32G471VEI6, STM32G471VET3, STM32G471VET6, STM32G474CCT6, STM32H503CBT6, STM32H503CBU6, STM32H503EBY6TR, STM32H503KBU6, STM32H503RBT6, STM32H562AGI6, STM32H562AII6, STM32H562IGK6, STM32H562IGT6, STM32H562IIK6, STM32H562IIT6, STM32H562RGT6, STM32H562RGV6, STM32H562RIT6, STM32H562RIV6, STM32H562VGT6, STM32H562VIT6, STM32H562ZGT6, STM32H562ZIT6, STM32H563AGI6, STM32H563AII3Q, STM32H563AII6, STM32H563IGK6, STM32H563IGT6, STM32H563IIK3Q, STM32H563IIK6, STM32H563IIT3Q, STM32H563IIT6, STM32H563MIY3QTR, STM32H563RGT6, STM32H563RGV6, STM32H563RIT6, STM32H563RIV6, STM32H563VGT6, STM32H563VIT3Q, STM32H563VIT6, STM32H563ZGT6, STM32H563ZIT3Q, STM32H563ZIT6, STM32H573AII3Q, STM32H573AII6, STM32H573I-DK, STM32H573IIK3Q, STM32H573IIK6, STM32H573IIT3Q, STM32H573IIT6, STM32H573MIY3QTR, STM32H573RIT6, STM32H573RIV6, STM32H573VIT3Q, STM32H573VIT6, STM32H573ZIT3Q, STM32H573ZIT6, STM32L4R5QGI6STR, STM32MP131AAE3, STM32MP131AAF3, STM32MP131AAG3, STM32MP131CAE3, STM32MP131CAF3, STM32MP131CAG3, STM32MP131DAE7, STM32MP131DAF7, STM32MP131DAG7, STM32MP131FAE7, STM32MP131FAF7, STM32MP131FAG7, STM32MP133AAE3, STM32MP133AAF3, STM32MP133AAG3, STM32MP133CAE3, STM32MP133CAF3, STM32MP133CAG3, STM32MP133DAE7, STM32MP133DAF7, STM32MP133DAG7, STM32MP133FAE7, STM32MP133FAF7, STM32MP133FAG7, STM32MP135AAE3, STM32MP135AAF3, STM32MP135AAG3, STM32MP135CAE3, STM32MP135CAF3, STM32MP135CAG3, STM32MP135DAE7, STM32MP135DAF7, STM32MP135DAG7, STM32MP135F-DK, STM32MP135FAE7, STM32MP135FAF7, STM32MP135FAF7T, STM32MP135FAF7U, STM32MP135FAG7, STM32U535CBT6, STM32U535CBT6Q, STM32U535CBU6, STM32U535CBU6Q, STM32U535CCT6, STM32U535CCT6Q, STM32U535CCU6, STM32U535CCU6Q, STM32U535CET6, STM32U535CET6Q, STM32U535CEU6, STM32U535CEU6Q, STM32U535JEY6QTR, STM32U535NCY6QTR, STM32U535NEY6QTR, STM32U535RBI6, STM32U535RBI6Q, STM32U535RBT6, STM32U535RBT6Q, STM32U535RCI6, STM32U535RCI6Q, STM32U535RCT6, STM32U535RCT6Q, STM32U535REI6, STM32U535REI6Q, STM32U535RET6, STM32U535RET6Q, STM32U535VCI6, STM32U535VCI6Q, STM32U535VCT6, STM32U535VCT6Q, STM32U535VEI6, STM32U535VEI6Q, STM32U535VET6, STM32U535VET6Q, STM32U545CET6, STM32U545CET6Q, STM32U545CEU6, STM32U545CEU6Q, STM32U545JEY6QTR, STM32U545NEY6QTR, STM32U545REI6, STM32U545REI6Q, STM32U545RET6, STM32U545RET6Q, STM32U545VEI6, STM32U545VEI6Q, STM32U545VET6, STM32U545VET6Q, STM32U595AIH6, STM32U595AIH6Q, STM32U595AJH6, STM32U595AJH6Q, STM32U595QII6, STM32U595QII6Q, STM32U595QJI6, STM32U595QJI6Q, STM32U595RIT6, STM32U595RIT6Q, STM32U595RJT6, STM32U595RJT6Q, STM32U595VIT6, STM32U595VIT6Q, STM32U595VJT6, STM32U595VJT6Q, STM32U595ZIT6, STM32U595ZIT6Q, STM32U595ZIY6QTR, STM32U595ZJT6, STM32U595ZJT6Q, STM32U595ZJY6QTR, STM32U599BJY6QTR, STM32U599NIH6Q, STM32U599NJH6Q, STM32U599VIT6Q, STM32U599VJT6, STM32U599VJT6Q, STM32U599ZIT6Q, STM32U599ZIY6QTR, STM32U599ZJT6Q, STM32U599ZJY6QTR, STM32U5A5AJH6, STM32U5A5AJH6Q, STM32U5A5QJI6, STM32U5A5QJI6Q, STM32U5A5RJT6, STM32U5A5RJT6Q, STM32U5A5VJT6, STM32U5A5VJT6Q, STM32U5A5ZJT6, STM32U5A5ZJT6Q, STM32U5A5ZJY6QTR, STM32U5A9BJY6QTR, STM32U5A9J-DK, STM32U5A9NJH6Q, STM32U5A9VJT6Q, STM32U5A9ZJT6Q, STM32U5A9ZJY6QTR, STM32U5F7VIT6, STM32U5F7VIT6Q, STM32U5F7VJT6, STM32U5F7VJT6Q, STM32U5F9BJY6QTR, STM32U5F9NJH6Q, STM32U5F9VIT6Q, STM32U5F9VJT6Q, STM32U5F9ZIJ6QTR, STM32U5F9ZIT6Q, STM32U5F9ZJJ6QTR, STM32U5F9ZJT6Q, STM32U5G7VJT6, STM32U5G7VJT6Q, STM32U5G9BJY6QTR, STM32U5G9J-DK1, STM32U5G9J-DK2, STM32U5G9NJH6Q, STM32U5G9VJT6Q, STM32U5G9ZJJ6QTR, STM32U5G9ZJT6Q, STM32WB1MMCH6, STM32WBA50KEU6, STM32WBA50KEU6TR, STM32WBA50KGU6, STM32WBA50KGU6TR, STM32WBA52CEU6, STM32WBA52CEU6TR, STM32WBA52CEU7, STM32WBA52CEU7TR, STM32WBA52CGU6, STM32WBA52CGU6TR, STM32WBA52CGU6U, STM32WBA52CGU7, STM32WBA52CGU7TR, STM32WBA52KEU6, STM32WBA52KEU6TR, STM32WBA52KGU6, STM32WBA52KGU6TR, STM32WBA54CEU6, STM32WBA54CEU6TR, STM32WBA54CEU7, STM32WBA54CEU7TR, STM32WBA54CGU6, STM32WBA54CGU6TR, STM32WBA54CGU7, STM32WBA54CGU7TR, STM32WBA54KEU6, STM32WBA54KEU6TR, STM32WBA54KEU7, STM32WBA54KEU7TR, STM32WBA54KGU6, STM32WBA54KGU6TR, STM32WBA54KGU7, STM32WBA54KGU7TR, STM32WBA55CEU6, STM32WBA55CEU6TR, STM32WBA55CEU7, STM32WBA55CEU7TR, STM32WBA55CGU6, STM32WBA55CGU6TR, STM32WBA55CGU6U, STM32WBA55CGU7, STM32WBA55CGU7TR, STM32WBA55G-DK1, STM32WBA55HEF6, STM32WBA55HEF7, STM32WBA55HGF6, STM32WBA55HGF7, STM32WBA55UEI6, STM32WBA55UEI6TR, STM32WBA55UEI7, STM32WBA55UEI7TR, STM32WBA55UGI6, STM32WBA55UGI6TR, STM32WBA55UGI7, STM32WBA55UGI7TR, STM32WL5MOCH6, STM32WL5MOCH6TR]
2024-08-20 15:03:35,980 [INFO] DbMcus:218 - Found 4203 MCUs, 4203 are supported
2024-08-20 15:03:35,982 [INFO] ApiDb:423 - Load user favorites file C:\Users\Kingj/.stm32cubeide/favorites.mcus.txt: 0 item(s)
2024-08-20 15:03:35,982 [INFO] ApiDb:427 - User favorites MCUs=[]
2024-08-20 15:03:35,982 [INFO] DbMcus:224 - Set 0 / 0 favorites MCUs
2024-08-20 15:03:36,941 [INFO] MicroXplorer:468 - Change Database Path : 
2024-08-20 15:03:36,941 [INFO] MicroXplorer:498 - Change Database Version : DB.6.0.100
2024-08-20 15:03:36,942 [WARN] ThirdParty:833 - waiting for thirdparty lock release [change project]
2024-08-20 15:03:36,943 [INFO] ThirdParty:835 - entering critical section [change project]
2024-08-20 15:03:36,943 [INFO] ThirdParty:1030 - CMSIS Pack Vendor :STMicroelectronics USBPD 4.1
2024-08-20 15:03:36,943 [INFO] ThirdParty:1030 - CMSIS Pack Vendor :STMicroelectronics X-CUBE-AZRTOS-H7 3.3.0
2024-08-20 15:03:36,943 [INFO] ThirdParty:1030 - CMSIS Pack Vendor :STMicroelectronics X-CUBE-GNSS1 6.0.0
2024-08-20 15:03:36,943 [INFO] ThirdParty:1030 - CMSIS Pack Vendor :STMicroelectronics USB_HOST 2.0.0
2024-08-20 15:03:36,943 [INFO] ThirdParty:1030 - CMSIS Pack Vendor :STMicroelectronics FP-SNS-MOTENVWB1 1.4.0
2024-08-20 15:03:36,943 [INFO] ThirdParty:1030 - CMSIS Pack Vendor :STMicroelectronics X-CUBE-AZRTOS-F4 1.1.0
2024-08-20 15:03:36,943 [INFO] ThirdParty:1030 - CMSIS Pack Vendor :STMicroelectronics LIBJPEG 8.0.0
2024-08-20 15:03:36,943 [INFO] ThirdParty:1030 - CMSIS Pack Vendor :STMicroelectronics X-CUBE-SMBUS 2.1.0
2024-08-20 15:03:36,943 [INFO] ThirdParty:1030 - CMSIS Pack Vendor :STMicroelectronics USB_DEVICE 3.0.0
2024-08-20 15:03:36,943 [INFO] ThirdParty:1030 - CMSIS Pack Vendor :STMicroelectronics X-CUBE-TCPP 4.1.0
2024-08-20 15:03:36,943 [INFO] ThirdParty:1030 - CMSIS Pack Vendor :STMicroelectronics X-CUBE-FREERTOS 1.2.0
2024-08-20 15:03:36,944 [INFO] ThirdParty:1030 - CMSIS Pack Vendor :STMicroelectronics X-CUBE-AZRTOS-WB 2.0.0
2024-08-20 15:03:36,944 [INFO] ThirdParty:1030 - CMSIS Pack Vendor :wolfSSL I-CUBE-wolfSSL 5.6.6
2024-08-20 15:03:36,944 [INFO] ThirdParty:1030 - CMSIS Pack Vendor :STMicroelectronics X-CUBE-TOUCHGFX 4.23.0
2024-08-20 15:03:36,944 [INFO] ThirdParty:1030 - CMSIS Pack Vendor :STMicroelectronics X-CUBE-AZRTOS-F7 1.1.0
2024-08-20 15:03:36,944 [INFO] ThirdParty:1030 - CMSIS Pack Vendor :STMicroelectronics X-CUBE-AZRTOS-L5 2.0.0
2024-08-20 15:03:36,944 [INFO] ThirdParty:1030 - CMSIS Pack Vendor :STMicroelectronics USB_DEVICE 2.0.0
2024-08-20 15:03:36,944 [INFO] ThirdParty:1030 - CMSIS Pack Vendor :STMicroelectronics X-CUBE-EEPRMA1 4.2.0
2024-08-20 15:03:36,944 [INFO] ThirdParty:1030 - CMSIS Pack Vendor :STMicroelectronics X-CUBE-NFC6 3.1.0
2024-08-20 15:03:36,944 [INFO] ThirdParty:1030 - CMSIS Pack Vendor :ITTIA_DB I-CUBE-ITTIADB 8.8.0
2024-08-20 15:03:36,944 [INFO] ThirdParty:1030 - CMSIS Pack Vendor :STMicroelectronics FP-SNS-STBOX1 2.0.0
2024-08-20 15:03:36,944 [INFO] ThirdParty:1030 - CMSIS Pack Vendor :STMicroelectronics FP-SNS-MOTENV1 4.3.2
2024-08-20 15:03:36,944 [INFO] ThirdParty:1030 - CMSIS Pack Vendor :STMicroelectronics X-CUBE-ALGOBUILD 1.3.0
2024-08-20 15:03:36,944 [INFO] ThirdParty:1030 - CMSIS Pack Vendor :STMicroelectronics X-CUBE-MEMS1 11.0.0
2024-08-20 15:03:36,944 [INFO] ThirdParty:1030 - CMSIS Pack Vendor :STMicroelectronics FreeRTOS 0.0.1
2024-08-20 15:03:36,944 [INFO] ThirdParty:1030 - CMSIS Pack Vendor :STMicroelectronics X-CUBE-AZRTOS-G0 1.1.0
2024-08-20 15:03:36,944 [INFO] ThirdParty:1030 - CMSIS Pack Vendor :STMicroelectronics X-CUBE-SAFEA1 1.2.2
2024-08-20 15:03:36,944 [INFO] ThirdParty:1030 - CMSIS Pack Vendor :STMicroelectronics X-CUBE-NFC4 3.0.0
2024-08-20 15:03:36,944 [INFO] ThirdParty:1030 - CMSIS Pack Vendor :STMicroelectronics X-CUBE-DPower 1.2.0
2024-08-20 15:03:36,945 [INFO] ThirdParty:1030 - CMSIS Pack Vendor :STMicroelectronics X-CUBE-SUBG2 5.0.0
2024-08-20 15:03:36,945 [INFO] ThirdParty:1030 - CMSIS Pack Vendor :STMicroelectronics STM32_WPAN 1.0.0
2024-08-20 15:03:36,945 [INFO] ThirdParty:1030 - CMSIS Pack Vendor :EmbeddedOffice I-CUBE-FS-RTOS 1.0.1
2024-08-20 15:03:36,945 [INFO] ThirdParty:1030 - CMSIS Pack Vendor :STMicroelectronics lwIP 2.0.3
2024-08-20 15:03:36,945 [INFO] ThirdParty:1030 - CMSIS Pack Vendor :STMicroelectronics FP-SNS-FLIGHT1 5.0.2
2024-08-20 15:03:36,945 [INFO] ThirdParty:1030 - CMSIS Pack Vendor :Cesanta I-CUBE-Mongoose 7.13.0
2024-08-20 15:03:36,945 [INFO] ThirdParty:1030 - CMSIS Pack Vendor :STMicroelectronics USB_HOST 1.0.0
2024-08-20 15:03:36,945 [INFO] ThirdParty:1030 - CMSIS Pack Vendor :STMicroelectronics X-CUBE-AI 9.0.0
2024-08-20 15:03:36,945 [INFO] ThirdParty:1030 - CMSIS Pack Vendor :STMicroelectronics X-CUBE-AZRTOS-G4 2.0.0
2024-08-20 15:03:36,945 [INFO] ThirdParty:1030 - CMSIS Pack Vendor :STMicroelectronics PDM2PCM 3.1.0
2024-08-20 15:03:36,945 [INFO] ThirdParty:1030 - CMSIS Pack Vendor :Infineon AIROC-Wi-Fi-Bluetooth-STM32 1.5.1
2024-08-20 15:03:36,945 [INFO] ThirdParty:1030 - CMSIS Pack Vendor :STMicroelectronics X-CUBE-BLEMGR 3.0.0
2024-08-20 15:03:36,945 [INFO] ThirdParty:1030 - CMSIS Pack Vendor :STMicroelectronics PDM2PCM 3.3.0
2024-08-20 15:03:36,945 [INFO] ThirdParty:1030 - CMSIS Pack Vendor :STMicroelectronics X-CUBE-DISPLAY 3.0.0
2024-08-20 15:03:36,945 [INFO] ThirdParty:1030 - CMSIS Pack Vendor :RealThread X-CUBE-RT-Thread_Nano 4.1.1
2024-08-20 15:03:36,945 [INFO] ThirdParty:1030 - CMSIS Pack Vendor :STMicroelectronics FP-SNS-MOTENVWB1 1.3.1
2024-08-20 15:03:36,945 [INFO] ThirdParty:1030 - CMSIS Pack Vendor :STMicroelectronics X-CUBE-BLE1 7.0.0
2024-08-20 15:03:36,945 [INFO] ThirdParty:1030 - CMSIS Pack Vendor :STMicroelectronics FP-ATR-SIGFOX1 3.2.0
2024-08-20 15:03:36,945 [INFO] ThirdParty:1030 - CMSIS Pack Vendor :STMicroelectronics X-CUBE-ISPU 2.0.0
2024-08-20 15:03:36,945 [INFO] ThirdParty:1030 - CMSIS Pack Vendor :STMicroelectronics X-CUBE-EEPRMA1 5.1.0
2024-08-20 15:03:36,946 [INFO] ThirdParty:1030 - CMSIS Pack Vendor :STMicroelectronics HAL Drivers 0.0.0
2024-08-20 15:03:36,946 [INFO] ThirdParty:1030 - CMSIS Pack Vendor :STMicroelectronics MBEDTLS 2.16.2
2024-08-20 15:03:36,946 [INFO] ThirdParty:1030 - CMSIS Pack Vendor :STMicroelectronics X-CUBE-ALS 1.0.2
2024-08-20 15:03:36,946 [INFO] ThirdParty:1030 - CMSIS Pack Vendor :emotas I-CUBE-CANOPEN 1.3.0
2024-08-20 15:03:36,946 [INFO] ThirdParty:1030 - CMSIS Pack Vendor :STMicroelectronics X-CUBE-MEMS1 10.0.0
2024-08-20 15:03:36,946 [INFO] ThirdParty:1030 - CMSIS Pack Vendor :STMicroelectronics X-CUBE-FREERTOS 1.1.0
2024-08-20 15:03:36,946 [INFO] ThirdParty:1030 - CMSIS Pack Vendor :STMicroelectronics X-CUBE-NFC7 1.0.1
2024-08-20 15:03:36,946 [INFO] ThirdParty:1030 - CMSIS Pack Vendor :STMicroelectronics MBEDTLS 2.14.1
2024-08-20 15:03:36,946 [INFO] ThirdParty:1030 - CMSIS Pack Vendor :STMicroelectronics X-CUBE-TOUCHGFX 4.24.0
2024-08-20 15:03:36,946 [INFO] ThirdParty:1030 - CMSIS Pack Vendor :wolfSSL I-CUBE-wolfTPM 3.2.0
2024-08-20 15:03:36,946 [INFO] ThirdParty:1030 - CMSIS Pack Vendor :STMicroelectronics X-CUBE-NFC6 3.0.0
2024-08-20 15:03:36,946 [INFO] ThirdParty:1030 - CMSIS Pack Vendor :portGmbH I-Cube-SoM-uGOAL 1.1.0
2024-08-20 15:03:36,946 [INFO] ThirdParty:1030 - CMSIS Pack Vendor :STMicroelectronics X-CUBE-ALS 1.0.1
2024-08-20 15:03:36,946 [INFO] ThirdParty:1030 - CMSIS Pack Vendor :STMicroelectronics X-CUBE-BLEMGR 3.1.0
2024-08-20 15:03:36,946 [INFO] ThirdParty:1030 - CMSIS Pack Vendor :STMicroelectronics ThreadX 1.0.0
2024-08-20 15:03:36,946 [INFO] ThirdParty:1030 - CMSIS Pack Vendor :STMicroelectronics FP-SNS-SMARTAG2 1.2.0
2024-08-20 15:03:36,946 [INFO] ThirdParty:1030 - CMSIS Pack Vendor :STMicroelectronics X-CUBE-AZRTOS-WL 2.0.0
2024-08-20 15:03:36,946 [INFO] ThirdParty:1030 - CMSIS Pack Vendor :SEGGER I-CUBE-embOS 1.3.1
2024-08-20 15:03:36,946 [INFO] ThirdParty:1030 - CMSIS Pack Vendor :STMicroelectronics X-CUBE-ALGOBUILD 1.4.0
2024-08-20 15:03:36,947 [INFO] ThirdParty:1030 - CMSIS Pack Vendor :STMicroelectronics FP-SNS-MOTENV1 5.0.0
2024-08-20 15:03:36,947 [INFO] ThirdParty:1030 - CMSIS Pack Vendor :STMicroelectronics USB_DEVICE 1.0.0
2024-08-20 15:03:36,947 [INFO] ThirdParty:1030 - CMSIS Pack Vendor :STMicroelectronics X-CUBE-AI 8.1.0
2024-08-20 15:03:36,947 [INFO] ThirdParty:1030 - CMSIS Pack Vendor :STMicroelectronics X-CUBE-AZRTOS-H7RS 1.0.0
2024-08-20 15:03:36,947 [INFO] ThirdParty:1030 - CMSIS Pack Vendor :wolfSSL I-CUBE-wolfMQTT 1.19.0
2024-08-20 15:03:36,947 [INFO] ThirdParty:1030 - CMSIS Pack Vendor :STMicroelectronics X-CUBE-AZRTOS-L4 2.0.0
2024-08-20 15:03:36,947 [INFO] ThirdParty:1030 - CMSIS Pack Vendor :STMicroelectronics ThreadX 0.0.2
2024-08-20 15:03:36,947 [INFO] ThirdParty:1030 - CMSIS Pack Vendor :WES I-CUBE-Cesium 1.3.0
2024-08-20 15:03:36,947 [INFO] ThirdParty:1030 - CMSIS Pack Vendor :STMicroelectronics FP-ATR-ASTRA1 2.0.0
2024-08-20 15:03:36,947 [INFO] ThirdParty:1030 - CMSIS Pack Vendor :STMicroelectronics lwIP 2.1.2
2024-08-20 15:03:36,947 [INFO] ThirdParty:1030 - CMSIS Pack Vendor :STMicroelectronics X-CUBE-SFXS2LP1 4.0.0
2024-08-20 15:03:36,947 [INFO] ThirdParty:1030 - CMSIS Pack Vendor :STMicroelectronics X-CUBE-BLE2 3.3.0
2024-08-20 15:03:36,947 [INFO] ThirdParty:1030 - CMSIS Pack Vendor :STMicroelectronics X-CUBE-TOF1 3.4.2
2024-08-20 15:03:36,947 [INFO] ThirdParty:1030 - CMSIS Pack Vendor :STMicroelectronics X-CUBE-TOF1 3.4.0
2024-08-20 15:03:36,947 [INFO] ThirdParty:1030 - CMSIS Pack Vendor :STMicroelectronics X-CUBE-TOF1 3.4.1
2024-08-20 15:03:36,947 [INFO] ThirdParty:1030 - CMSIS Pack Vendor :STMicroelectronics X-CUBE-AZRTOS-H7 3.2.0
2024-08-20 15:03:36,947 [INFO] ThirdParty:1030 - CMSIS Pack Vendor :STMicroelectronics PDM2PCM 3.2.0
2024-08-20 15:03:36,947 [INFO] ThirdParty:1030 - CMSIS Pack Vendor :wolfSSL I-CUBE-wolfSSH 1.4.17
2024-08-20 15:03:36,948 [INFO] ThirdParty:841 - exiting critical section [change project]
2024-08-20 15:03:38,099 [INFO] PinOutPanel:1499 - setPackage(No Configuration,No Configuration)
2024-08-20 15:03:38,101 [INFO] PinOutPanel:1499 - setPackage(STM32F103C8Tx,LQFP48)
2024-08-20 15:03:39,496 [INFO] UtilMem:75 - Before build in PCC Used Memory: 592573312 Bytes (1073741824)
2024-08-20 15:03:41,153 [INFO] UtilMem:75 - After build in PCC Used Memory: 655810384 Bytes (1073741824)
2024-08-20 15:03:41,202 [INFO] IPUIPlugin:80 - create IPUIPlugin
2024-08-20 15:03:41,202 [INFO] IPUIPlugin:80 - create IPUIPlugin
2024-08-20 15:03:41,218 [INFO] IPUIPlugin:80 - create IPUIPlugin
2024-08-20 15:03:41,219 [INFO] IPUIPlugin:80 - create IPUIPlugin
2024-08-20 15:03:41,219 [INFO] IPUIPlugin:80 - create IPUIPlugin
2024-08-20 15:03:41,220 [INFO] IPUIPlugin:80 - create IPUIPlugin
2024-08-20 15:03:41,221 [INFO] IPUIPlugin:80 - create IPUIPlugin
2024-08-20 15:03:41,221 [INFO] IPUIPlugin:80 - create IPUIPlugin
2024-08-20 15:03:41,222 [INFO] IPUIPlugin:80 - create IPUIPlugin
2024-08-20 15:03:41,223 [INFO] IPUIPlugin:80 - create IPUIPlugin
2024-08-20 15:03:41,223 [INFO] IPUIPlugin:80 - create IPUIPlugin
2024-08-20 15:03:41,223 [INFO] IPUIPlugin:80 - create IPUIPlugin
2024-08-20 15:03:41,224 [INFO] IPUIPlugin:80 - create IPUIPlugin
2024-08-20 15:03:41,224 [INFO] IPUIPlugin:80 - create IPUIPlugin
2024-08-20 15:03:41,224 [INFO] IPUIPlugin:80 - create IPUIPlugin
2024-08-20 15:03:41,224 [INFO] IPUIPlugin:80 - create IPUIPlugin
2024-08-20 15:03:41,225 [INFO] IPUIPlugin:80 - create IPUIPlugin
2024-08-20 15:03:41,225 [INFO] IPUIPlugin:80 - create IPUIPlugin
2024-08-20 15:03:41,225 [INFO] IPUIPlugin:80 - create IPUIPlugin
2024-08-20 15:03:41,225 [INFO] IPUIPlugin:80 - create IPUIPlugin
2024-08-20 15:03:41,226 [INFO] IPUIPlugin:80 - create IPUIPlugin
2024-08-20 15:03:41,226 [INFO] IPUIPlugin:80 - create IPUIPlugin
2024-08-20 15:03:41,227 [INFO] IPUIPlugin:80 - create IPUIPlugin
2024-08-20 15:03:41,227 [INFO] IPUIPlugin:80 - create IPUIPlugin
2024-08-20 15:03:41,227 [INFO] IPUIPlugin:80 - create IPUIPlugin
2024-08-20 15:03:41,227 [INFO] IPUIPlugin:80 - create IPUIPlugin
2024-08-20 15:03:41,228 [INFO] IPUIPlugin:80 - create IPUIPlugin
2024-08-20 15:03:41,848 [INFO] CADModel:165 - CPN selected for project levelSTM32F103C8T6
2024-08-20 15:03:41,848 [INFO] CADModel:114 - Register for checkConnection events
2024-08-20 15:03:41,928 [INFO] OpenFileManager:343 - Restore cursor
2024-08-20 15:06:51,736 [INFO] UtilMem:75 - End SaveConfig() Used Memory: 850694376 Bytes (1073741824)
2024-08-20 15:06:54,383 [INFO] UtilMem:75 - End SaveConfig() Used Memory: 870282544 Bytes (1073741824)
2024-08-20 15:06:58,557 [INFO] UtilMem:75 - End SaveConfig() Used Memory: 935707032 Bytes (1073741824)
2024-08-20 15:06:59,384 [INFO] BlockDiagram:2759 - set Specific Code input for plugin: NVIC
2024-08-20 15:06:59,384 [INFO] BlockDiagram:2759 - set Specific Code input for plugin: SYS
2024-08-20 15:06:59,385 [INFO] BlockDiagram:2759 - set Specific Code input for plugin: GPIO
2024-08-20 15:06:59,385 [INFO] BlockDiagram:2759 - set Specific Code input for plugin: RCC
2024-08-20 15:06:59,410 [INFO] CodeGenerator:807 - code generatio: config db path: D:\STM32IDE\STM32CubeIDE_1.14.0\STM32CubeIDE\plugins\com.st.stm32cube.common.mx_6.10.0.202311202037\\db\
2024-08-20 15:07:00,902 [INFO] CodeEngine:255 - oldGeneratedFile, D:\STM32WorkSpace\controlled\MXTmpFiles\license.tmp_save
2024-08-20 15:07:01,531 [INFO] CodeEngine:279 - Generated code: D:\STM32WorkSpace\controlled\MXTmpFiles\license.tmp
2024-08-20 15:07:01,927 [INFO] CodeEngine:255 - oldGeneratedFile, D:\STM32WorkSpace\controlled\MXTmpFiles\gpio.tmp_save
2024-08-20 15:07:02,029 [INFO] CodeEngine:279 - Generated code: D:\STM32WorkSpace\controlled\MXTmpFiles\gpio.tmp
2024-08-20 15:07:02,170 [INFO] CodeEngine:255 - oldGeneratedFile, D:\STM32WorkSpace\controlled\Core\Src\stm32f1xx_it.c_save
2024-08-20 15:07:02,342 [INFO] CodeEngine:279 - Generated code: D:\STM32WorkSpace\controlled\Core\Src\stm32f1xx_it.c
2024-08-20 15:07:02,346 [INFO] CodeEngine:255 - oldGeneratedFile, D:\STM32WorkSpace\controlled\Core\Inc\stm32f1xx_it.h_save
2024-08-20 15:07:02,432 [INFO] CodeEngine:279 - Generated code: D:\STM32WorkSpace\controlled\Core\Inc\stm32f1xx_it.h
2024-08-20 15:07:02,479 [INFO] CodeEngine:255 - oldGeneratedFile, D:\STM32WorkSpace\controlled\Core\Src\stm32f1xx_hal_msp.c_save
2024-08-20 15:07:02,608 [INFO] CodeEngine:279 - Generated code: D:\STM32WorkSpace\controlled\Core\Src\stm32f1xx_hal_msp.c
2024-08-20 15:07:02,611 [INFO] CodeEngine:255 - oldGeneratedFile, D:\STM32WorkSpace\controlled\MXTmpFiles\system.tmp_save
2024-08-20 15:07:02,679 [INFO] CodeEngine:279 - Generated code: D:\STM32WorkSpace\controlled\MXTmpFiles\system.tmp
2024-08-20 15:07:02,719 [INFO] CodeEngine:311 - oldGeneratedFile, D:\STM32WorkSpace\controlled\Core\Inc\stm32f1xx_hal_conf.h_save
2024-08-20 15:07:02,844 [INFO] CodeEngine:335 - Generated code: D:\STM32WorkSpace\controlled\Core\Inc\stm32f1xx_hal_conf.h
2024-08-20 15:07:02,919 [INFO] CodeEngine:255 - oldGeneratedFile, D:\STM32WorkSpace\controlled\Core\Inc\main.h_save
2024-08-20 15:07:03,047 [INFO] CodeEngine:279 - Generated code: D:\STM32WorkSpace\controlled\Core\Inc\main.h
2024-08-20 15:07:03,050 [INFO] CodeEngine:255 - oldGeneratedFile, D:\STM32WorkSpace\controlled\Core\Src\main.c_save
2024-08-20 15:07:03,191 [INFO] CodeEngine:279 - Generated code: D:\STM32WorkSpace\controlled\Core\Src\main.c
2024-08-20 15:07:04,423 [INFO] ProjectBuilder:3076 - Time for Copy HAL[1] : 361mS.
2024-08-20 15:07:04,465 [INFO] ProjectBuilder:4485 - Project Generator version: 4.2.0-B44
2024-08-20 15:07:04,843 [INFO] ConfigFileManager:1495 - The Die is : DIE410
2024-08-20 15:07:04,899 [INFO] ApiDbMcu:508 - Load IP Config File for FATFS
2024-08-20 15:07:04,969 [INFO] ApiDbMcu:508 - Load IP Config File for FREERTOS
2024-08-20 15:07:05,044 [INFO] ApiDbMcu:508 - Load IP Config File for USB_DEVICE
2024-08-20 15:07:07,515 [INFO] LogOutputStream:77 - [STDOUT_REDIRECT] 
2024-08-20 15:07:09,595 [INFO] ProjectBuilder:4747 - Time for Generating toolchain IDE Files: 5130mS.
2024-08-20 15:07:09,596 [INFO] ProjectBuilder:2947 - Time for Copy CMSIS : 0mS.
2024-08-20 15:07:09,598 [INFO] ProjectBuilder:2947 - Time for Copy CMSIS : 0mS.
2024-08-20 21:24:08,519 [INFO] Activator:176 - 


2024-08-20 21:24:08,543 [INFO] Activator:177 - !SESSION log4j initialized
2024-08-20 21:24:24,103 [INFO] LogOutputStream:77 - [STDOUT_REDIRECT] 
2024-08-20 21:24:27,849 [INFO] ApplicationProperties:184 - Using Application install path: D:\STM32IDE\STM32CubeIDE_1.14.0\STM32CubeIDE\plugins\com.st.stm32cube.common.mx_6.10.0.202311202037
2024-08-20 21:24:27,991 [INFO] DbMcusXml:78 - Set database path to: D:\STM32IDE\STM32CubeIDE_1.14.0\STM32CubeIDE\plugins\com.st.stm32cube.common.mx_6.10.0.202311202037\\db\/mcu/
2024-08-20 21:24:27,992 [INFO] ApiDb:274 - Set plugin database path to: D:\STM32IDE\STM32CubeIDE_1.14.0\STM32CubeIDE\plugins\com.st.stm32cube.common.mx_6.10.0.202311202037\\db\/plugins/boardmanager/
2024-08-20 21:24:27,992 [WARN] ApiDb:259 - Overriding images path with different value:  => D:\STM32IDE\STM32CubeIDE_1.14.0\STM32CubeIDE\plugins\com.st.stm32cube.common.mx_6.10.0.202311202037\\db\/plugins/mcufinder/images/
2024-08-20 21:24:28,092 [INFO] ApiDb:250 - Set database path to: C:\Users\Kingj\.stmcufinder\plugins\mcufinder//mcu/
2024-08-20 21:24:28,094 [INFO] DbMcusAds:125 - Set database path to: C:\Users\Kingj\.stmcufinder\plugins\mcufinder//mcu/
2024-08-20 21:24:28,096 [INFO] CrossReferenceDbSqlite:203 - Set database path to: C:\Users\Kingj\.stmcufinder\plugins\mcufinder//mcu/cs/
2024-08-20 21:24:28,346 [INFO] RulesReader:64 - Compatibility file has been processed (297 Rules)
2024-08-20 21:24:28,578 [INFO] DbMcusXml:78 - Set database path to: D:\STM32IDE\STM32CubeIDE_1.14.0\STM32CubeIDE\plugins\com.st.stm32cube.common.mx_6.10.0.202311202037\\db\/mcu/
2024-08-20 21:24:28,579 [INFO] ApiDb:274 - Set plugin database path to: D:\STM32IDE\STM32CubeIDE_1.14.0\STM32CubeIDE\plugins\com.st.stm32cube.common.mx_6.10.0.202311202037\\db\/plugins/boardmanager/
2024-08-20 21:24:28,579 [INFO] ApiDb:261 - Set plugin images path to: D:\STM32IDE\STM32CubeIDE_1.14.0\STM32CubeIDE\plugins\com.st.stm32cube.common.mx_6.10.0.202311202037\\db\/plugins/mcufinder/images/
2024-08-20 21:24:28,579 [WARN] DbFile:41 - Overriding database path with different value: C:\Users\Kingj\.stmcufinder\plugins\mcufinder/ => C:\Users\Kingj\.stmcufinder\plugins\mcufinder
2024-08-20 21:24:28,579 [INFO] ApiDb:250 - Set database path to: C:\Users\Kingj\.stmcufinder\plugins\mcufinder//mcu/
2024-08-20 21:24:28,579 [WARN] DbFile:41 - Overriding database path with different value: C:\Users\Kingj\.stmcufinder\plugins\mcufinder/ => C:\Users\Kingj\.stmcufinder\plugins\mcufinder
2024-08-20 21:24:28,579 [INFO] DbMcusAds:125 - Set database path to: C:\Users\Kingj\.stmcufinder\plugins\mcufinder//mcu/
2024-08-20 21:24:28,580 [WARN] DbFile:41 - Overriding database path with different value: C:\Users\Kingj\.stmcufinder\plugins\mcufinder/ => C:\Users\Kingj\.stmcufinder\plugins\mcufinder
2024-08-20 21:24:28,580 [WARN] DbFile:41 - Overriding database path with different value: C:\Users\Kingj\.stmcufinder\plugins\mcufinder/ => C:\Users\Kingj\.stmcufinder\plugins\mcufinder
2024-08-20 21:24:28,580 [INFO] CrossReferenceDbSqlite:203 - Set database path to: C:\Users\Kingj\.stmcufinder\plugins\mcufinder//mcu/cs/
2024-08-20 21:24:28,699 [INFO] MainPanel:264 - HeapMemory: 268435456
2024-08-20 21:24:28,928 [INFO] DbMcusXml:78 - Set database path to: D:\STM32IDE\STM32CubeIDE_1.14.0\STM32CubeIDE\plugins\com.st.stm32cube.common.mx_6.10.0.202311202037\\db\/mcu/
2024-08-20 21:24:28,928 [INFO] ApiDb:274 - Set plugin database path to: D:\STM32IDE\STM32CubeIDE_1.14.0\STM32CubeIDE\plugins\com.st.stm32cube.common.mx_6.10.0.202311202037\\db\/plugins/boardmanager/
2024-08-20 21:24:28,928 [INFO] ApiDb:261 - Set plugin images path to: D:\STM32IDE\STM32CubeIDE_1.14.0\STM32CubeIDE\plugins\com.st.stm32cube.common.mx_6.10.0.202311202037\\db\/plugins/mcufinder/images/
2024-08-20 21:24:28,929 [WARN] DbFile:41 - Overriding database path with different value: C:\Users\Kingj\.stmcufinder\plugins\mcufinder/ => C:\Users\Kingj\.stmcufinder\plugins\mcufinder
2024-08-20 21:24:28,929 [INFO] ApiDb:250 - Set database path to: C:\Users\Kingj\.stmcufinder\plugins\mcufinder//mcu/
2024-08-20 21:24:28,929 [WARN] DbFile:41 - Overriding database path with different value: C:\Users\Kingj\.stmcufinder\plugins\mcufinder/ => C:\Users\Kingj\.stmcufinder\plugins\mcufinder
2024-08-20 21:24:28,929 [INFO] DbMcusAds:125 - Set database path to: C:\Users\Kingj\.stmcufinder\plugins\mcufinder//mcu/
2024-08-20 21:24:28,929 [WARN] DbFile:41 - Overriding database path with different value: C:\Users\Kingj\.stmcufinder\plugins\mcufinder/ => C:\Users\Kingj\.stmcufinder\plugins\mcufinder
2024-08-20 21:24:28,929 [WARN] DbFile:41 - Overriding database path with different value: C:\Users\Kingj\.stmcufinder\plugins\mcufinder/ => C:\Users\Kingj\.stmcufinder\plugins\mcufinder
2024-08-20 21:24:28,929 [INFO] CrossReferenceDbSqlite:203 - Set database path to: C:\Users\Kingj\.stmcufinder\plugins\mcufinder//mcu/cs/
2024-08-20 21:24:28,949 [INFO] ApplicationProperties:184 - Using Application install path: D:\STM32IDE\STM32CubeIDE_1.14.0\STM32CubeIDE\plugins\com.st.stm32cube.common.mx_6.10.0.202311202037
2024-08-20 21:24:28,951 [INFO] PluginManage:196 - Search for loadable plugins [exclusion list=, ]
2024-08-20 21:24:28,953 [INFO] PluginManage:310 - Check plugin analytics
2024-08-20 21:24:29,306 [INFO] AnalyticsPlugin:253 - Accepted Software Licenses: STM32CubeMX.6.10.0
2024-08-20 21:24:29,306 [INFO] AnalyticsPlugin:255 - Accepted CMSIS Pack Licenses: 
2024-08-20 21:24:29,307 [INFO] AnalyticsPlugin:257 - Accepted Firmware Licenses: FW.F4.1.28.0
2024-08-20 21:24:29,309 [INFO] PluginManage:359 - Loaded plugin analytics (category:tool,tabindex:-1)
2024-08-20 21:24:29,309 [INFO] PluginManage:310 - Check plugin cadmodel
2024-08-20 21:24:29,351 [INFO] CADModel:105 - Init CAD model plugin
2024-08-20 21:24:29,351 [INFO] PluginManage:359 - Loaded plugin cadmodel (category:power,tabindex:5)
2024-08-20 21:24:29,351 [INFO] PluginManage:310 - Check plugin clock
2024-08-20 21:24:29,444 [INFO] PluginManage:359 - Loaded plugin clock (category:base,tabindex:2)
2024-08-20 21:24:29,444 [INFO] PluginManage:310 - Check plugin ddr
2024-08-20 21:24:29,482 [INFO] PluginManage:359 - Loaded plugin ddr (category:tool,tabindex:6)
2024-08-20 21:24:29,483 [INFO] PluginManage:310 - Check plugin filemanager
2024-08-20 21:24:29,924 [INFO] PluginManage:359 - Loaded plugin filemanager (category:base,tabindex:10)
2024-08-20 21:24:29,924 [INFO] PluginManage:310 - Check plugin ipmanager
2024-08-20 21:24:29,950 [INFO] PluginManage:359 - Loaded plugin ipmanager (category:base,tabindex:5)
2024-08-20 21:24:29,950 [INFO] PluginManage:310 - Check plugin lpbam
2024-08-20 21:24:30,014 [INFO] PluginManage:359 - Loaded plugin lpbam (category:base,tabindex:0)
2024-08-20 21:24:30,014 [INFO] PluginManage:310 - Check plugin memorymap
2024-08-20 21:24:30,084 [INFO] PluginManage:359 - Loaded plugin memorymap (category:base,tabindex:4)
2024-08-20 21:24:30,084 [INFO] PluginManage:310 - Check plugin pinoutandconfiguration
2024-08-20 21:24:30,145 [INFO] PluginManage:359 - Loaded plugin pinoutandconfiguration (category:base,tabindex:1)
2024-08-20 21:24:30,146 [INFO] PluginManage:310 - Check plugin pinoutconfig
2024-08-20 21:24:30,308 [WARN] SupportedApi:132 - Cannot load RTOS API schema: s4s-elt-must-match.1: The content of 'definitions' must match (annotation?, (simpleType | complexType)?, (unique | key | keyref)*)). A problem was found starting at: attribute.
2024-08-20 21:24:30,461 [INFO] PluginManage:359 - Loaded plugin pinoutconfig (category:base,tabindex:0)
2024-08-20 21:24:30,461 [INFO] PluginManage:310 - Check plugin power
2024-08-20 21:24:30,535 [INFO] PluginManage:359 - Loaded plugin power (category:power,tabindex:4)
2024-08-20 21:24:30,535 [INFO] PluginManage:310 - Check plugin projectmanager
2024-08-20 21:24:30,574 [INFO] PluginManage:359 - Loaded plugin projectmanager (category:projectmanager,tabindex:3)
2024-08-20 21:24:30,574 [INFO] PluginManage:310 - Check plugin thirdparty
2024-08-20 21:24:31,152 [WARN] IntegrityCheckThread:84 - waiting for thirdparty lock release [integrity check]
2024-08-20 21:24:31,152 [INFO] IntegrityCheckThread:86 - entering critical section [integrity check]
2024-08-20 21:24:31,155 [INFO] PluginManage:359 - Loaded plugin thirdparty (category:base,tabindex:-1)
2024-08-20 21:24:31,155 [INFO] ThirdPartyUpdaterWithRetryManager:70 - Updater plugin not ready yet. [1/15]
2024-08-20 21:24:31,156 [INFO] PluginManage:310 - Check plugin tools
2024-08-20 21:24:31,175 [INFO] PluginManage:359 - Loaded plugin tools (category:base,tabindex:7)
2024-08-20 21:24:31,175 [INFO] PluginManage:310 - Check plugin tutovideos
2024-08-20 21:24:31,566 [INFO] PluginManage:359 - Loaded plugin tutovideos (category:base,tabindex:-1)
2024-08-20 21:24:31,567 [INFO] PluginManage:310 - Check plugin updater
2024-08-20 21:24:31,612 [INFO] PluginManage:359 - Loaded plugin updater (category:base,tabindex:12)
2024-08-20 21:24:31,613 [INFO] PluginManage:310 - Check plugin userauth
2024-08-20 21:24:31,635 [INFO] UserAuth:114 - Init User Auth plugin
2024-08-20 21:24:31,635 [INFO] PluginManage:359 - Loaded plugin userauth (category:base,tabindex:14)
2024-08-20 21:24:31,635 [INFO] PluginManage:283 - PluginManage : Loaded plugins [17]
2024-08-20 21:24:32,382 [INFO] PinOutPanel:1499 - setPackage(No Configuration,No Configuration)
2024-08-20 21:24:32,498 [INFO] CADModel:165 - CPN selected for project level
2024-08-20 21:24:32,500 [INFO] CADModel:114 - Register for checkConnection events
2024-08-20 21:24:32,617 [INFO] IPUIPlugin:80 - create IPUIPlugin
2024-08-20 21:24:32,617 [INFO] PluginManager:220 - loadIPPluginJar : add adc
2024-08-20 21:24:32,637 [INFO] IPUIPlugin:80 - create IPUIPlugin
2024-08-20 21:24:32,637 [INFO] PluginManager:220 - loadIPPluginJar : add aes
2024-08-20 21:24:32,640 [INFO] IPUIPlugin:80 - create IPUIPlugin
2024-08-20 21:24:32,640 [INFO] PluginManager:220 - loadIPPluginJar : add can
2024-08-20 21:24:32,651 [INFO] IPUIPlugin:80 - create IPUIPlugin
2024-08-20 21:24:32,651 [INFO] PluginManager:220 - loadIPPluginJar : add comp
2024-08-20 21:24:32,655 [INFO] IPUIPlugin:80 - create IPUIPlugin
2024-08-20 21:24:32,655 [INFO] PluginManager:220 - loadIPPluginJar : add cryp
2024-08-20 21:24:32,664 [INFO] IPUIPlugin:80 - create IPUIPlugin
2024-08-20 21:24:32,665 [INFO] PluginManager:220 - loadIPPluginJar : add dfsdm
2024-08-20 21:24:32,680 [INFO] IPUIPlugin:80 - create IPUIPlugin
2024-08-20 21:24:32,680 [INFO] PluginManager:220 - loadIPPluginJar : add dma
2024-08-20 21:24:32,684 [INFO] IPUIPlugin:80 - create IPUIPlugin
2024-08-20 21:24:32,684 [INFO] PluginManager:220 - loadIPPluginJar : add dma3
2024-08-20 21:24:32,700 [INFO] IPUIPlugin:80 - create IPUIPlugin
2024-08-20 21:24:32,700 [INFO] PluginManager:220 - loadIPPluginJar : add fatfs
2024-08-20 21:24:32,734 [INFO] IPUIPlugin:80 - create IPUIPlugin
2024-08-20 21:24:32,734 [INFO] PluginManager:220 - loadIPPluginJar : add fmc
2024-08-20 21:24:32,761 [INFO] IPUIPlugin:80 - create IPUIPlugin
2024-08-20 21:24:32,761 [INFO] PluginManager:220 - loadIPPluginJar : add freertos
2024-08-20 21:24:32,763 [INFO] IPUIPlugin:80 - create IPUIPlugin
2024-08-20 21:24:32,763 [INFO] PluginManager:220 - loadIPPluginJar : add genericplugin
2024-08-20 21:24:32,779 [INFO] IPUIPlugin:80 - create IPUIPlugin
2024-08-20 21:24:32,779 [INFO] PluginManager:220 - loadIPPluginJar : add gfxmmu
2024-08-20 21:24:32,802 [INFO] IPUIPlugin:80 - create IPUIPlugin
2024-08-20 21:24:32,802 [INFO] PluginManager:220 - loadIPPluginJar : add gic
2024-08-20 21:24:32,858 [INFO] IPUIPlugin:80 - create IPUIPlugin
2024-08-20 21:24:32,859 [INFO] PluginManager:220 - loadIPPluginJar : add gpio
2024-08-20 21:24:32,886 [INFO] IPUIPlugin:80 - create IPUIPlugin
2024-08-20 21:24:32,886 [INFO] PluginManager:220 - loadIPPluginJar : add gtzc
2024-08-20 21:24:32,896 [INFO] IPUIPlugin:80 - create IPUIPlugin
2024-08-20 21:24:32,896 [INFO] PluginManager:220 - loadIPPluginJar : add hash
2024-08-20 21:24:32,898 [INFO] IPUIPlugin:80 - create IPUIPlugin
2024-08-20 21:24:32,898 [INFO] PluginManager:220 - loadIPPluginJar : add i2c
2024-08-20 21:24:32,904 [INFO] IPUIPlugin:80 - create IPUIPlugin
2024-08-20 21:24:32,905 [INFO] PluginManager:220 - loadIPPluginJar : add i2s
2024-08-20 21:24:32,908 [INFO] IPUIPlugin:80 - create IPUIPlugin
2024-08-20 21:24:32,908 [INFO] PluginManager:220 - loadIPPluginJar : add i3c
2024-08-20 21:24:32,951 [INFO] IPUIPlugin:80 - create IPUIPlugin
2024-08-20 21:24:32,951 [INFO] PluginManager:220 - loadIPPluginJar : add ipddr
2024-08-20 21:24:32,977 [INFO] IPUIPlugin:80 - create IPUIPlugin
2024-08-20 21:24:32,977 [INFO] PluginManager:220 - loadIPPluginJar : add linkedlist
2024-08-20 21:24:32,980 [INFO] IPUIPlugin:80 - create IPUIPlugin
2024-08-20 21:24:32,980 [INFO] PluginManager:220 - loadIPPluginJar : add lorawan
2024-08-20 21:24:32,982 [INFO] IPUIPlugin:80 - create IPUIPlugin
2024-08-20 21:24:32,982 [INFO] PluginManager:220 - loadIPPluginJar : add ltdc
2024-08-20 21:24:33,008 [INFO] IPUIPlugin:80 - create IPUIPlugin
2024-08-20 21:24:33,008 [INFO] PluginManager:220 - loadIPPluginJar : add mdma
2024-08-20 21:24:33,026 [INFO] IPUIPlugin:80 - create IPUIPlugin
2024-08-20 21:24:33,026 [INFO] PluginManager:220 - loadIPPluginJar : add nvic
2024-08-20 21:24:33,047 [INFO] IPUIPlugin:80 - create IPUIPlugin
2024-08-20 21:24:33,047 [INFO] PluginManager:220 - loadIPPluginJar : add opamp
2024-08-20 21:24:33,051 [INFO] IPUIPlugin:80 - create IPUIPlugin
2024-08-20 21:24:33,051 [INFO] PluginManager:220 - loadIPPluginJar : add openamp
2024-08-20 21:24:33,055 [INFO] IPUIPlugin:80 - create IPUIPlugin
2024-08-20 21:24:33,055 [INFO] PluginManager:220 - loadIPPluginJar : add pdm2pcm
2024-08-20 21:24:33,072 [INFO] IPUIPlugin:80 - create IPUIPlugin
2024-08-20 21:24:33,074 [INFO] PluginManager:220 - loadIPPluginJar : add plateformsettings
2024-08-20 21:24:33,087 [INFO] IPUIPlugin:80 - create IPUIPlugin
2024-08-20 21:24:33,087 [INFO] PluginManager:220 - loadIPPluginJar : add quadspi
2024-08-20 21:24:33,116 [INFO] IPUIPlugin:80 - create IPUIPlugin
2024-08-20 21:24:33,117 [INFO] PluginManager:220 - loadIPPluginJar : add resmgrutility
2024-08-20 21:24:33,132 [INFO] IPUIPlugin:80 - create IPUIPlugin
2024-08-20 21:24:33,132 [INFO] PluginManager:220 - loadIPPluginJar : add sai
2024-08-20 21:24:33,135 [INFO] IPUIPlugin:80 - create IPUIPlugin
2024-08-20 21:24:33,136 [INFO] PluginManager:220 - loadIPPluginJar : add spi
2024-08-20 21:24:33,141 [INFO] IPUIPlugin:80 - create IPUIPlugin
2024-08-20 21:24:33,141 [INFO] PluginManager:220 - loadIPPluginJar : add stm32_wpan
2024-08-20 21:24:33,154 [INFO] IPUIPlugin:80 - create IPUIPlugin
2024-08-20 21:24:33,154 [INFO] PluginManager:220 - loadIPPluginJar : add tim
2024-08-20 21:24:33,158 [INFO] IPUIPlugin:80 - create IPUIPlugin
2024-08-20 21:24:33,159 [INFO] PluginManager:220 - loadIPPluginJar : add touchsensing
2024-08-20 21:24:33,161 [INFO] IPUIPlugin:80 - create IPUIPlugin
2024-08-20 21:24:33,161 [INFO] PluginManager:220 - loadIPPluginJar : add tracer_emb
2024-08-20 21:24:33,163 [INFO] IPUIPlugin:80 - create IPUIPlugin
2024-08-20 21:24:33,164 [INFO] PluginManager:220 - loadIPPluginJar : add ts
2024-08-20 21:24:33,166 [INFO] IPUIPlugin:80 - create IPUIPlugin
2024-08-20 21:24:33,166 [INFO] PluginManager:220 - loadIPPluginJar : add tsc
2024-08-20 21:24:33,168 [INFO] IPUIPlugin:80 - create IPUIPlugin
2024-08-20 21:24:33,168 [INFO] PluginManager:220 - loadIPPluginJar : add ucpd
2024-08-20 21:24:33,181 [INFO] IPUIPlugin:80 - create IPUIPlugin
2024-08-20 21:24:33,181 [INFO] PluginManager:220 - loadIPPluginJar : add usart
2024-08-20 21:24:33,184 [INFO] IPUIPlugin:80 - create IPUIPlugin
2024-08-20 21:24:33,184 [INFO] PluginManager:220 - loadIPPluginJar : add usbx
2024-08-20 21:24:33,343 [INFO] CADModel:165 - CPN selected for project level
2024-08-20 21:24:33,343 [INFO] CADModel:114 - Register for checkConnection events
2024-08-20 21:24:33,344 [FATAL] Updater:308 - Updater called before beeing initialized
2024-08-20 21:24:33,344 [ERROR] CADModel:125 - Updater not yet initialized, retry later 
2024-08-20 21:24:33,703 [INFO] CADModel:165 - CPN selected for project level
2024-08-20 21:24:33,703 [INFO] CADModel:114 - Register for checkConnection events
2024-08-20 21:24:33,703 [FATAL] Updater:308 - Updater called before beeing initialized
2024-08-20 21:24:33,703 [ERROR] CADModel:125 - Updater not yet initialized, retry later 
2024-08-20 21:24:33,706 [FATAL] Updater:308 - Updater called before beeing initialized
2024-08-20 21:24:33,869 [FATAL] Updater:308 - Updater called before beeing initialized
2024-08-20 21:24:33,873 [INFO] DbMcusAds:53 - JSON generation date=Thu May 16 16:22:00 ICT 2024 (1715851320667)
2024-08-20 21:24:33,873 [FATAL] Updater:308 - Updater called before beeing initialized
2024-08-20 21:24:34,028 [WARN] DetailPanel:346 - Failed to get advertising image, set to default
2024-08-20 21:24:34,157 [INFO] ThirdPartyUpdaterWithRetryManager:70 - Updater plugin not ready yet. [2/15]
2024-08-20 21:24:34,158 [FATAL] Updater:308 - Updater called before beeing initialized
2024-08-20 21:24:34,160 [FATAL] Updater:308 - Updater called before beeing initialized
2024-08-20 21:24:34,160 [FATAL] Updater:308 - Updater called before beeing initialized
2024-08-20 21:24:34,160 [WARN] DetailPanel:346 - Failed to get advertising image, set to default
2024-08-20 21:24:34,161 [FATAL] Updater:308 - Updater called before beeing initialized
2024-08-20 21:24:34,271 [ERROR] Updater:1120 - MainUpdater not yet initialized. External WinMGr cannot be set.
2024-08-20 21:24:34,289 [INFO] Updater:1056 - Updater Version found : 6.10.0
2024-08-20 21:24:34,334 [INFO] ApplicationProperties:184 - Using Application install path: D:\STM32IDE\STM32CubeIDE_1.14.0\STM32CubeIDE\plugins\com.st.stm32cube.common.mx_6.10.0.202311202037
2024-08-20 21:24:35,045 [INFO] MainUpdater:2873 - connection check result : 10
2024-08-20 21:24:35,046 [INFO] MainUpdater:290 - Updater Check For Update Now.
2024-08-20 21:24:35,047 [INFO] MicroXplorer:498 - Change Database Version : DB.6.0.100
2024-08-20 21:24:35,085 [INFO] McuFinderGlobals:63 - Set McuFinder mode to 2 (CubeIDE integrated)
2024-08-20 21:24:35,233 [INFO] CheckServerUpdateThread:120 - End of CheckServer Thread
2024-08-20 21:24:35,667 [INFO] UserAuth:404 - Internet connection configuration mode: 1
2024-08-20 21:24:35,934 [INFO] JxBrowserEngine:152 - Initiate JxBrowser Engine with user profile folder
2024-08-20 21:24:38,488 [WARN] PackLoader:240 - Cannot read IP mode file for STMicroelectronics.FP-SNS-MOTENVWB1.1.4.0
2024-08-20 21:24:38,512 [WARN] PackLoader:240 - Cannot read IP mode file for STMicroelectronics.X-CUBE-SMBUS.2.1.0
2024-08-20 21:24:38,527 [WARN] PackLoader:240 - Cannot read IP mode file for STMicroelectronics.X-CUBE-TOUCHGFX.4.23.0
2024-08-20 21:24:38,607 [WARN] PackLoader:240 - Cannot read IP mode file for STMicroelectronics.X-CUBE-AZRTOS-F7.1.1.0
2024-08-20 21:24:38,629 [WARN] PackLoader:240 - Cannot read IP mode file for STMicroelectronics.FP-SNS-MOTENV1.4.3.2
2024-08-20 21:24:38,792 [WARN] PackLoader:240 - Cannot read IP mode file for STMicroelectronics.X-CUBE-MEMS1.11.0.0
2024-08-20 21:24:38,919 [INFO] WebApp:161 - Instantiating new browser for Auth
2024-08-20 21:24:39,080 [WARN] PackLoader:240 - Cannot read IP mode file for STMicroelectronics.FP-SNS-FLIGHT1.5.0.2
2024-08-20 21:24:39,107 [WARN] PackLoader:240 - Cannot read IP mode file for STMicroelectronics.X-CUBE-DISPLAY.3.0.0
2024-08-20 21:24:39,127 [WARN] PackLoader:240 - Cannot read IP mode file for STMicroelectronics.X-CUBE-BLE1.7.0.0
2024-08-20 21:24:39,163 [WARN] PackLoader:240 - Cannot read IP mode file for emotas.I-CUBE-CANOPEN.1.3.0
2024-08-20 21:24:39,183 [WARN] PackLoader:240 - Cannot read IP mode file for STMicroelectronics.X-CUBE-BLEMGR.3.1.0
2024-08-20 21:24:39,211 [WARN] PackLoader:240 - Cannot read IP mode file for STMicroelectronics.FP-SNS-SMARTAG2.1.2.0
2024-08-20 21:24:39,230 [INFO] LogOutputStream:77 - [STDOUT_REDIRECT] 1 : Invalid condition id : UX_CORESTACK_Condition cause : null
2024-08-20 21:24:39,231 [INFO] LogOutputStream:77 - [STDOUT_REDIRECT] 1 : Invalid condition id : UX_CORESTACK_Condition cause : null
2024-08-20 21:24:39,233 [INFO] LogOutputStream:77 - [STDOUT_REDIRECT] 1 : Invalid condition id : UX_CORESTACK_Condition cause : null
2024-08-20 21:24:39,234 [INFO] LogOutputStream:77 - [STDOUT_REDIRECT] 1 : Invalid condition id : UX_CORESTACK_Condition cause : null
2024-08-20 21:24:39,236 [INFO] LogOutputStream:77 - [STDOUT_REDIRECT] 1 : Invalid condition id : UX_CORESTACK_Condition cause : null
2024-08-20 21:24:39,241 [WARN] PackLoader:240 - Cannot read IP mode file for STMicroelectronics.X-CUBE-AZRTOS-WL.2.0.0
2024-08-20 21:24:39,276 [WARN] PackLoader:240 - Cannot read IP mode file for STMicroelectronics.FP-SNS-MOTENV1.5.0.0
2024-08-20 21:24:39,286 [WARN] PackLoader:240 - Cannot read IP mode file for wolfSSL.I-CUBE-wolfMQTT.1.19.0
2024-08-20 21:24:39,323 [WARN] PackLoader:240 - Cannot read IP mode file for WES.I-CUBE-Cesium.1.3.0
2024-08-20 21:24:39,338 [WARN] PackLoader:240 - Cannot read IP mode file for STMicroelectronics.X-CUBE-BLE2.3.3.0
2024-08-20 21:24:39,357 [WARN] PackLoader:240 - Cannot read IP mode file for STMicroelectronics.X-CUBE-TCPP.4.1.0
2024-08-20 21:24:39,372 [WARN] PackLoader:240 - Cannot read IP mode file for STMicroelectronics.X-CUBE-ALGOBUILD.1.3.0
2024-08-20 21:24:39,482 [WARN] PackLoader:240 - Cannot read IP mode file for STMicroelectronics.X-CUBE-AZRTOS-G0.1.1.0
2024-08-20 21:24:39,532 [WARN] PackLoader:240 - Cannot read IP mode file for STMicroelectronics.X-CUBE-SAFEA1.1.2.2
2024-08-20 21:24:39,577 [WARN] PackLoader:240 - Cannot read IP mode file for STMicroelectronics.X-CUBE-NFC4.3.0.0
2024-08-20 21:24:39,619 [WARN] PackLoader:240 - Cannot read IP mode file for EmbeddedOffice.I-CUBE-FS-RTOS.1.0.1
2024-08-20 21:24:39,620 [ERROR] ConditionMgr:805 - Attr not supported : Dmpu
2024-08-20 21:24:39,620 [ERROR] ConditionMgr:805 - Attr not supported : Dmpu
2024-08-20 21:24:39,620 [ERROR] ConditionMgr:805 - Attr not supported : Dmpu
2024-08-20 21:24:39,620 [ERROR] ConditionMgr:805 - Attr not supported : Dmpu
2024-08-20 21:24:39,620 [ERROR] ConditionMgr:805 - Attr not supported : Dmpu
2024-08-20 21:24:39,620 [ERROR] ConditionMgr:805 - Attr not supported : Dmpu
2024-08-20 21:24:39,620 [ERROR] ConditionMgr:805 - Attr not supported : Dmpu
2024-08-20 21:24:39,620 [ERROR] ConditionMgr:805 - Attr not supported : Dmpu
2024-08-20 21:24:39,621 [ERROR] ConditionMgr:805 - Attr not supported : Dmpu
2024-08-20 21:24:39,621 [ERROR] ConditionMgr:805 - Attr not supported : Dmpu
2024-08-20 21:24:39,621 [ERROR] ConditionMgr:805 - Attr not supported : Dmpu
2024-08-20 21:24:39,621 [ERROR] ConditionMgr:805 - Attr not supported : Dmpu
2024-08-20 21:24:39,621 [ERROR] ConditionMgr:805 - Attr not supported : Dmpu
2024-08-20 21:24:39,621 [ERROR] ConditionMgr:805 - Attr not supported : Dmpu
2024-08-20 21:24:39,621 [ERROR] ConditionMgr:805 - Attr not supported : Dmpu
2024-08-20 21:24:39,621 [ERROR] ConditionMgr:805 - Attr not supported : Dmpu
2024-08-20 21:24:39,621 [ERROR] ConditionMgr:805 - Attr not supported : Dmpu
2024-08-20 21:24:39,621 [ERROR] ConditionMgr:805 - Attr not supported : Dmpu
2024-08-20 21:24:39,621 [ERROR] ConditionMgr:805 - Attr not supported : Dmpu
2024-08-20 21:24:39,622 [ERROR] ConditionMgr:805 - Attr not supported : Dmpu
2024-08-20 21:24:39,622 [ERROR] ConditionMgr:805 - Attr not supported : Dmpu
2024-08-20 21:24:39,622 [ERROR] ConditionMgr:805 - Attr not supported : Dmpu
2024-08-20 21:24:39,622 [ERROR] ConditionMgr:805 - Attr not supported : Dmpu
2024-08-20 21:24:39,622 [ERROR] ConditionMgr:805 - Attr not supported : Dmpu
2024-08-20 21:24:39,622 [ERROR] ConditionMgr:805 - Attr not supported : Dmpu
2024-08-20 21:24:39,622 [ERROR] ConditionMgr:805 - Attr not supported : Dmpu
2024-08-20 21:24:39,622 [ERROR] ConditionMgr:805 - Attr not supported : Dmpu
2024-08-20 21:24:39,622 [ERROR] ConditionMgr:805 - Attr not supported : Dmpu
2024-08-20 21:24:39,622 [ERROR] ConditionMgr:805 - Attr not supported : Dmpu
2024-08-20 21:24:39,622 [ERROR] ConditionMgr:805 - Attr not supported : Dmpu
2024-08-20 21:24:39,623 [ERROR] ConditionMgr:805 - Attr not supported : Dmpu
2024-08-20 21:24:39,623 [ERROR] ConditionMgr:805 - Attr not supported : Dmpu
2024-08-20 21:24:39,623 [ERROR] ConditionMgr:805 - Attr not supported : Dmpu
2024-08-20 21:24:39,623 [ERROR] ConditionMgr:805 - Attr not supported : Dmpu
2024-08-20 21:24:39,623 [ERROR] ConditionMgr:805 - Attr not supported : Dmpu
2024-08-20 21:24:39,623 [ERROR] ConditionMgr:805 - Attr not supported : Dmpu
2024-08-20 21:24:39,623 [ERROR] ConditionMgr:805 - Attr not supported : Dmpu
2024-08-20 21:24:39,623 [ERROR] ConditionMgr:805 - Attr not supported : Dmpu
2024-08-20 21:24:39,623 [ERROR] ConditionMgr:805 - Attr not supported : Dmpu
2024-08-20 21:24:39,624 [ERROR] ConditionMgr:805 - Attr not supported : Dmpu
2024-08-20 21:24:39,624 [ERROR] ConditionMgr:805 - Attr not supported : Dmpu
2024-08-20 21:24:39,624 [ERROR] ConditionMgr:805 - Attr not supported : Dmpu
2024-08-20 21:24:39,624 [ERROR] ConditionMgr:805 - Attr not supported : Dmpu
2024-08-20 21:24:39,624 [ERROR] ConditionMgr:805 - Attr not supported : Dmpu
2024-08-20 21:24:39,624 [ERROR] ConditionMgr:805 - Attr not supported : Dmpu
2024-08-20 21:24:39,624 [ERROR] ConditionMgr:805 - Attr not supported : Dmpu
2024-08-20 21:24:39,624 [ERROR] ConditionMgr:805 - Attr not supported : Dmpu
2024-08-20 21:24:39,624 [ERROR] ConditionMgr:805 - Attr not supported : Dmpu
2024-08-20 21:24:39,624 [ERROR] ConditionMgr:805 - Attr not supported : Dmpu
2024-08-20 21:24:39,625 [ERROR] ConditionMgr:805 - Attr not supported : Dmpu
2024-08-20 21:24:39,625 [ERROR] ConditionMgr:805 - Attr not supported : Dmpu
2024-08-20 21:24:39,625 [ERROR] ConditionMgr:805 - Attr not supported : Dmpu
2024-08-20 21:24:39,625 [ERROR] ConditionMgr:805 - Attr not supported : Dmpu
2024-08-20 21:24:39,625 [ERROR] ConditionMgr:805 - Attr not supported : Dmpu
2024-08-20 21:24:39,625 [ERROR] ConditionMgr:805 - Attr not supported : Dmpu
2024-08-20 21:24:39,625 [ERROR] ConditionMgr:805 - Attr not supported : Dmpu
2024-08-20 21:24:39,625 [ERROR] ConditionMgr:805 - Attr not supported : Dmpu
2024-08-20 21:24:39,625 [ERROR] ConditionMgr:805 - Attr not supported : Dmpu
2024-08-20 21:24:39,625 [ERROR] ConditionMgr:805 - Attr not supported : Dmpu
2024-08-20 21:24:39,626 [ERROR] ConditionMgr:805 - Attr not supported : Dmpu
2024-08-20 21:24:39,626 [ERROR] ConditionMgr:805 - Attr not supported : Dmpu
2024-08-20 21:24:39,626 [ERROR] ConditionMgr:805 - Attr not supported : Dmpu
2024-08-20 21:24:39,626 [ERROR] ConditionMgr:805 - Attr not supported : Dmpu
2024-08-20 21:24:39,626 [ERROR] ConditionMgr:805 - Attr not supported : Dmpu
2024-08-20 21:24:39,653 [WARN] PackLoader:240 - Cannot read IP mode file for STMicroelectronics.X-CUBE-BLEMGR.3.0.0
2024-08-20 21:24:39,670 [WARN] PackLoader:240 - Cannot read IP mode file for RealThread.X-CUBE-RT-Thread_Nano.4.1.1
2024-08-20 21:24:39,678 [WARN] PackLoader:240 - Cannot read IP mode file for STMicroelectronics.FP-ATR-SIGFOX1.3.2.0
2024-08-20 21:24:39,696 [WARN] PackLoader:240 - Cannot read IP mode file for STMicroelectronics.X-CUBE-EEPRMA1.5.1.0
2024-08-20 21:24:39,797 [WARN] PackLoader:240 - Cannot read IP mode file for SEGGER.I-CUBE-embOS.1.3.1
2024-08-20 21:24:39,854 [WARN] PackLoader:240 - Cannot read IP mode file for STMicroelectronics.X-CUBE-ALGOBUILD.1.4.0
2024-08-20 21:24:39,864 [WARN] PackLoader:240 - Cannot read IP mode file for STMicroelectronics.X-CUBE-GNSS1.6.0.0
2024-08-20 21:24:39,900 [WARN] PackLoader:240 - Cannot read IP mode file for STMicroelectronics.X-CUBE-AZRTOS-F4.1.1.0
2024-08-20 21:24:39,942 [WARN] PackLoader:240 - Cannot read IP mode file for STMicroelectronics.X-CUBE-FREERTOS.1.2.0
2024-08-20 21:24:39,948 [WARN] PackLoader:240 - Cannot read IP mode file for wolfSSL.I-CUBE-wolfSSL.5.6.6
2024-08-20 21:24:40,128 [WARN] PackLoader:240 - Cannot read IP mode file for STMicroelectronics.X-CUBE-AZRTOS-L5.2.0.0
2024-08-20 21:24:40,138 [WARN] PackLoader:240 - Cannot read IP mode file for STMicroelectronics.X-CUBE-EEPRMA1.4.2.0
2024-08-20 21:24:40,268 [WARN] PackLoader:240 - Cannot read IP mode file for STMicroelectronics.X-CUBE-NFC6.3.1.0
2024-08-20 21:24:40,286 [WARN] PackLoader:240 - Cannot read IP mode file for ITTIA_DB.I-CUBE-ITTIADB.8.8.0
2024-08-20 21:24:40,297 [WARN] PackLoader:240 - Cannot read IP mode file for STMicroelectronics.X-CUBE-DPower.1.2.0
2024-08-20 21:24:40,317 [WARN] PackLoader:240 - Cannot read IP mode file for STMicroelectronics.X-CUBE-AI.9.0.0
2024-08-20 21:24:40,327 [WARN] PackLoader:240 - Cannot read IP mode file for STMicroelectronics.X-CUBE-NFC7.1.0.1
2024-08-20 21:24:40,335 [WARN] PackLoader:240 - Cannot read IP mode file for wolfSSL.I-CUBE-wolfTPM.3.2.0
2024-08-20 21:24:40,345 [WARN] PackLoader:240 - Cannot read IP mode file for STMicroelectronics.X-CUBE-NFC6.3.0.0
2024-08-20 21:24:40,354 [WARN] PackLoader:240 - Cannot read IP mode file for STMicroelectronics.X-CUBE-AI.8.1.0
2024-08-20 21:24:40,381 [WARN] ConditionMgr:438 - getConditionDescription Invalid condition id : LAN8742 Phy interface Condition cause : null
2024-08-20 21:24:40,382 [WARN] PackLoader:240 - Cannot read IP mode file for STMicroelectronics.X-CUBE-AZRTOS-L4.2.0.0
2024-08-20 21:24:40,383 [WARN] ConditionMgr:1039 - genDependencies : Invalid condition id : LAN8742 Phy interface Condition cause : null
2024-08-20 21:24:40,384 [WARN] ConditionMgr:1039 - genDependencies : Invalid condition id : LAN8742 Phy interface Condition cause : null
2024-08-20 21:24:40,384 [WARN] ConditionMgr:1039 - genDependencies : Invalid condition id : LAN8742 Phy interface Condition cause : null
2024-08-20 21:24:40,399 [WARN] PackLoader:240 - Cannot read IP mode file for STMicroelectronics.X-CUBE-SFXS2LP1.4.0.0
2024-08-20 21:24:40,407 [INFO] WebApp:780 - Register for checkConnection events
2024-08-20 21:24:40,407 [INFO] WebApp:414 - Apply proxy settings
2024-08-20 21:24:40,408 [INFO] WebApp:499 - Chromium requires no authentication
2024-08-20 21:24:40,417 [INFO] WebApp:442 - Direct internet connection detected
2024-08-20 21:24:40,422 [WARN] PackLoader:240 - Cannot read IP mode file for STMicroelectronics.X-CUBE-AZRTOS-H7.3.3.0
2024-08-20 21:24:40,447 [WARN] ConditionMgr:438 - getConditionDescription Invalid condition id : UX DEVICE CLASS RTOS Condition cause : null
2024-08-20 21:24:40,447 [WARN] ConditionMgr:438 - getConditionDescription Invalid condition id : UX DEVICE CLASS RTOS Condition cause : null
2024-08-20 21:24:40,451 [WARN] PackLoader:240 - Cannot read IP mode file for STMicroelectronics.X-CUBE-AZRTOS-WB.2.0.0
2024-08-20 21:24:40,452 [WARN] ConditionMgr:1039 - genDependencies : Invalid condition id : UX DEVICE CLASS RTOS Condition cause : null
2024-08-20 21:24:40,452 [WARN] ConditionMgr:1039 - genDependencies : Invalid condition id : UX DEVICE CLASS RTOS Condition cause : null
2024-08-20 21:24:40,453 [WARN] ConditionMgr:1039 - genDependencies : Invalid condition id : UX DEVICE CLASS RTOS Condition cause : null
2024-08-20 21:24:40,454 [WARN] ConditionMgr:1039 - genDependencies : Invalid condition id : UX DEVICE CLASS RTOS Condition cause : null
2024-08-20 21:24:40,454 [WARN] ConditionMgr:1039 - genDependencies : Invalid condition id : UX DEVICE CLASS RTOS Condition cause : null
2024-08-20 21:24:40,465 [WARN] PackLoader:240 - Cannot read IP mode file for STMicroelectronics.FP-SNS-STBOX1.2.0.0
2024-08-20 21:24:40,482 [WARN] PackLoader:240 - Cannot read IP mode file for STMicroelectronics.X-CUBE-SUBG2.5.0.0
2024-08-20 21:24:40,493 [WARN] PackLoader:240 - Cannot read IP mode file for Cesanta.I-CUBE-Mongoose.7.13.0
2024-08-20 21:24:40,523 [WARN] PackLoader:240 - Cannot read IP mode file for STMicroelectronics.X-CUBE-AZRTOS-G4.2.0.0
2024-08-20 21:24:40,540 [WARN] PackLoader:240 - Cannot read IP mode file for Infineon.AIROC-Wi-Fi-Bluetooth-STM32.1.5.1
2024-08-20 21:24:40,556 [WARN] PackLoader:240 - Cannot read IP mode file for STMicroelectronics.FP-SNS-MOTENVWB1.1.3.1
2024-08-20 21:24:40,562 [WARN] PackLoader:240 - Cannot read IP mode file for STMicroelectronics.X-CUBE-ISPU.2.0.0
2024-08-20 21:24:40,576 [WARN] PackLoader:240 - Cannot read IP mode file for STMicroelectronics.X-CUBE-ALS.1.0.2
2024-08-20 21:24:40,650 [WARN] PackLoader:240 - Cannot read IP mode file for STMicroelectronics.X-CUBE-MEMS1.10.0.0
2024-08-20 21:24:40,722 [INFO] WebApp:192 - Starting web application
2024-08-20 21:24:40,722 [INFO] WebApp:544 - Web application path used D:\STM32IDE\STM32CubeIDE_1.14.0\STM32CubeIDE\plugins\com.st.stm32cube.common.mx_6.10.0.202311202037\db\plugins\mcufinder\reactClient1\index.html
2024-08-20 21:24:40,860 [WARN] PackLoader:240 - Cannot read IP mode file for STMicroelectronics.X-CUBE-FREERTOS.1.1.0
2024-08-20 21:24:40,877 [WARN] PackLoader:240 - Cannot read IP mode file for STMicroelectronics.X-CUBE-TOUCHGFX.4.24.0
2024-08-20 21:24:40,890 [WARN] PackLoader:240 - Cannot read IP mode file for portGmbH.I-Cube-SoM-uGOAL.1.1.0
2024-08-20 21:24:40,900 [WARN] PackLoader:240 - Cannot read IP mode file for STMicroelectronics.X-CUBE-ALS.1.0.1
2024-08-20 21:24:40,926 [WARN] PackLoader:240 - Cannot read IP mode file for STMicroelectronics.X-CUBE-AZRTOS-H7RS.1.0.0
2024-08-20 21:24:40,935 [WARN] PackLoader:240 - Cannot read IP mode file for STMicroelectronics.FP-ATR-ASTRA1.2.0.0
2024-08-20 21:24:40,958 [WARN] PackLoader:240 - Cannot read IP mode file for STMicroelectronics.X-CUBE-TOF1.3.4.2
2024-08-20 21:24:40,995 [WARN] PackLoader:240 - Cannot read IP mode file for STMicroelectronics.X-CUBE-TOF1.3.4.0
2024-08-20 21:24:41,039 [WARN] PackLoader:240 - Cannot read IP mode file for STMicroelectronics.X-CUBE-TOF1.3.4.1
2024-08-20 21:24:41,082 [WARN] PackLoader:240 - Cannot read IP mode file for STMicroelectronics.X-CUBE-AZRTOS-H7.3.2.0
2024-08-20 21:24:41,092 [WARN] PackLoader:240 - Cannot read IP mode file for wolfSSL.I-CUBE-wolfSSH.1.4.17
2024-08-20 21:24:41,093 [INFO] ThirdParty:978 - Integrity check success = true
2024-08-20 21:24:41,093 [INFO] IntegrityCheckThread:100 - exiting critical section [integrity check]
2024-08-20 21:24:41,093 [INFO] IntegrityCheckThread:103 - End integrity checks thread
2024-08-20 21:25:02,172 [ERROR] LogOutputStream:75 - [STDERR_REDIRECT] SLF4J: Failed to load class "org.slf4j.impl.StaticLoggerBinder".
2024-08-20 21:25:02,172 [ERROR] LogOutputStream:75 - [STDERR_REDIRECT] SLF4J: Defaulting to no-operation (NOP) logger implementation
2024-08-20 21:25:02,174 [ERROR] LogOutputStream:75 - [STDERR_REDIRECT] SLF4J: See http://www.slf4j.org/codes.html#StaticLoggerBinder for further details.
2024-08-20 22:42:37,602 [ERROR] LogOutputStream:75 - [STDERR_REDIRECT] 
