2024-08-27 21:49:08,756 [INFO] Activator:176 - 


2024-08-27 21:49:08,778 [INFO] Activator:177 - !SESSION log4j initialized
2024-08-27 21:49:20,677 [INFO] LogOutputStream:77 - [STDOUT_REDIRECT] 
2024-08-27 21:49:24,987 [INFO] ApplicationProperties:184 - Using Application install path: D:\STM32IDE\STM32CubeIDE_1.14.0\STM32CubeIDE\plugins\com.st.stm32cube.common.mx_6.10.0.202311202037
2024-08-27 21:49:25,032 [INFO] DbMcusXml:78 - Set database path to: D:\STM32IDE\STM32CubeIDE_1.14.0\STM32CubeIDE\plugins\com.st.stm32cube.common.mx_6.10.0.202311202037\\db\/mcu/
2024-08-27 21:49:25,033 [INFO] ApiDb:274 - Set plugin database path to: D:\STM32IDE\STM32CubeIDE_1.14.0\STM32CubeIDE\plugins\com.st.stm32cube.common.mx_6.10.0.202311202037\\db\/plugins/boardmanager/
2024-08-27 21:49:25,052 [WARN] ApiDb:259 - Overriding images path with different value:  => D:\STM32IDE\STM32CubeIDE_1.14.0\STM32CubeIDE\plugins\com.st.stm32cube.common.mx_6.10.0.202311202037\\db\/plugins/mcufinder/images/
2024-08-27 21:49:25,196 [INFO] ApiDb:250 - Set database path to: C:\Users\Kingj\.stmcufinder\plugins\mcufinder//mcu/
2024-08-27 21:49:25,200 [INFO] DbMcusAds:125 - Set database path to: C:\Users\Kingj\.stmcufinder\plugins\mcufinder//mcu/
2024-08-27 21:49:25,203 [INFO] CrossReferenceDbSqlite:203 - Set database path to: C:\Users\Kingj\.stmcufinder\plugins\mcufinder//mcu/cs/
2024-08-27 21:49:25,538 [INFO] RulesReader:64 - Compatibility file has been processed (297 Rules)
2024-08-27 21:49:25,727 [INFO] DbMcusXml:78 - Set database path to: D:\STM32IDE\STM32CubeIDE_1.14.0\STM32CubeIDE\plugins\com.st.stm32cube.common.mx_6.10.0.202311202037\\db\/mcu/
2024-08-27 21:49:25,728 [INFO] ApiDb:274 - Set plugin database path to: D:\STM32IDE\STM32CubeIDE_1.14.0\STM32CubeIDE\plugins\com.st.stm32cube.common.mx_6.10.0.202311202037\\db\/plugins/boardmanager/
2024-08-27 21:49:25,728 [INFO] ApiDb:261 - Set plugin images path to: D:\STM32IDE\STM32CubeIDE_1.14.0\STM32CubeIDE\plugins\com.st.stm32cube.common.mx_6.10.0.202311202037\\db\/plugins/mcufinder/images/
2024-08-27 21:49:25,728 [WARN] DbFile:41 - Overriding database path with different value: C:\Users\Kingj\.stmcufinder\plugins\mcufinder/ => C:\Users\Kingj\.stmcufinder\plugins\mcufinder
2024-08-27 21:49:25,728 [INFO] ApiDb:250 - Set database path to: C:\Users\Kingj\.stmcufinder\plugins\mcufinder//mcu/
2024-08-27 21:49:25,728 [WARN] DbFile:41 - Overriding database path with different value: C:\Users\Kingj\.stmcufinder\plugins\mcufinder/ => C:\Users\Kingj\.stmcufinder\plugins\mcufinder
2024-08-27 21:49:25,728 [INFO] DbMcusAds:125 - Set database path to: C:\Users\Kingj\.stmcufinder\plugins\mcufinder//mcu/
2024-08-27 21:49:25,728 [WARN] DbFile:41 - Overriding database path with different value: C:\Users\Kingj\.stmcufinder\plugins\mcufinder/ => C:\Users\Kingj\.stmcufinder\plugins\mcufinder
2024-08-27 21:49:25,728 [WARN] DbFile:41 - Overriding database path with different value: C:\Users\Kingj\.stmcufinder\plugins\mcufinder/ => C:\Users\Kingj\.stmcufinder\plugins\mcufinder
2024-08-27 21:49:25,729 [INFO] CrossReferenceDbSqlite:203 - Set database path to: C:\Users\Kingj\.stmcufinder\plugins\mcufinder//mcu/cs/
2024-08-27 21:49:25,871 [INFO] MainPanel:264 - HeapMemory: 268435456
2024-08-27 21:49:26,148 [INFO] DbMcusXml:78 - Set database path to: D:\STM32IDE\STM32CubeIDE_1.14.0\STM32CubeIDE\plugins\com.st.stm32cube.common.mx_6.10.0.202311202037\\db\/mcu/
2024-08-27 21:49:26,148 [INFO] ApiDb:274 - Set plugin database path to: D:\STM32IDE\STM32CubeIDE_1.14.0\STM32CubeIDE\plugins\com.st.stm32cube.common.mx_6.10.0.202311202037\\db\/plugins/boardmanager/
2024-08-27 21:49:26,148 [INFO] ApiDb:261 - Set plugin images path to: D:\STM32IDE\STM32CubeIDE_1.14.0\STM32CubeIDE\plugins\com.st.stm32cube.common.mx_6.10.0.202311202037\\db\/plugins/mcufinder/images/
2024-08-27 21:49:26,148 [WARN] DbFile:41 - Overriding database path with different value: C:\Users\Kingj\.stmcufinder\plugins\mcufinder/ => C:\Users\Kingj\.stmcufinder\plugins\mcufinder
2024-08-27 21:49:26,149 [INFO] ApiDb:250 - Set database path to: C:\Users\Kingj\.stmcufinder\plugins\mcufinder//mcu/
2024-08-27 21:49:26,149 [WARN] DbFile:41 - Overriding database path with different value: C:\Users\Kingj\.stmcufinder\plugins\mcufinder/ => C:\Users\Kingj\.stmcufinder\plugins\mcufinder
2024-08-27 21:49:26,149 [INFO] DbMcusAds:125 - Set database path to: C:\Users\Kingj\.stmcufinder\plugins\mcufinder//mcu/
2024-08-27 21:49:26,149 [WARN] DbFile:41 - Overriding database path with different value: C:\Users\Kingj\.stmcufinder\plugins\mcufinder/ => C:\Users\Kingj\.stmcufinder\plugins\mcufinder
2024-08-27 21:49:26,149 [WARN] DbFile:41 - Overriding database path with different value: C:\Users\Kingj\.stmcufinder\plugins\mcufinder/ => C:\Users\Kingj\.stmcufinder\plugins\mcufinder
2024-08-27 21:49:26,149 [INFO] CrossReferenceDbSqlite:203 - Set database path to: C:\Users\Kingj\.stmcufinder\plugins\mcufinder//mcu/cs/
2024-08-27 21:49:26,168 [INFO] ApplicationProperties:184 - Using Application install path: D:\STM32IDE\STM32CubeIDE_1.14.0\STM32CubeIDE\plugins\com.st.stm32cube.common.mx_6.10.0.202311202037
2024-08-27 21:49:26,170 [INFO] PluginManage:196 - Search for loadable plugins [exclusion list=, ]
2024-08-27 21:49:26,172 [INFO] PluginManage:310 - Check plugin analytics
2024-08-27 21:49:26,484 [INFO] AnalyticsPlugin:253 - Accepted Software Licenses: STM32CubeMX.6.10.0
2024-08-27 21:49:26,484 [INFO] AnalyticsPlugin:255 - Accepted CMSIS Pack Licenses: 
2024-08-27 21:49:26,485 [INFO] AnalyticsPlugin:257 - Accepted Firmware Licenses: FW.F4.1.28.0
2024-08-27 21:49:26,493 [INFO] PluginManage:359 - Loaded plugin analytics (category:tool,tabindex:-1)
2024-08-27 21:49:26,494 [INFO] PluginManage:310 - Check plugin cadmodel
2024-08-27 21:49:26,538 [INFO] CADModel:105 - Init CAD model plugin
2024-08-27 21:49:26,539 [INFO] PluginManage:359 - Loaded plugin cadmodel (category:power,tabindex:5)
2024-08-27 21:49:26,540 [INFO] PluginManage:310 - Check plugin clock
2024-08-27 21:49:26,580 [INFO] PluginManage:359 - Loaded plugin clock (category:base,tabindex:2)
2024-08-27 21:49:26,581 [INFO] PluginManage:310 - Check plugin ddr
2024-08-27 21:49:26,601 [INFO] PluginManage:359 - Loaded plugin ddr (category:tool,tabindex:6)
2024-08-27 21:49:26,601 [INFO] PluginManage:310 - Check plugin filemanager
2024-08-27 21:49:27,111 [INFO] PluginManage:359 - Loaded plugin filemanager (category:base,tabindex:10)
2024-08-27 21:49:27,111 [INFO] PluginManage:310 - Check plugin ipmanager
2024-08-27 21:49:27,134 [INFO] PluginManage:359 - Loaded plugin ipmanager (category:base,tabindex:5)
2024-08-27 21:49:27,134 [INFO] PluginManage:310 - Check plugin lpbam
2024-08-27 21:49:27,186 [INFO] PluginManage:359 - Loaded plugin lpbam (category:base,tabindex:0)
2024-08-27 21:49:27,187 [INFO] PluginManage:310 - Check plugin memorymap
2024-08-27 21:49:27,243 [INFO] PluginManage:359 - Loaded plugin memorymap (category:base,tabindex:4)
2024-08-27 21:49:27,244 [INFO] PluginManage:310 - Check plugin pinoutandconfiguration
2024-08-27 21:49:27,273 [INFO] PluginManage:359 - Loaded plugin pinoutandconfiguration (category:base,tabindex:1)
2024-08-27 21:49:27,273 [INFO] PluginManage:310 - Check plugin pinoutconfig
2024-08-27 21:49:27,416 [WARN] SupportedApi:132 - Cannot load RTOS API schema: s4s-elt-must-match.1: The content of 'definitions' must match (annotation?, (simpleType | complexType)?, (unique | key | keyref)*)). A problem was found starting at: attribute.
2024-08-27 21:49:27,583 [INFO] PluginManage:359 - Loaded plugin pinoutconfig (category:base,tabindex:0)
2024-08-27 21:49:27,584 [INFO] PluginManage:310 - Check plugin power
2024-08-27 21:49:27,657 [INFO] PluginManage:359 - Loaded plugin power (category:power,tabindex:4)
2024-08-27 21:49:27,658 [INFO] PluginManage:310 - Check plugin projectmanager
2024-08-27 21:49:27,692 [INFO] PluginManage:359 - Loaded plugin projectmanager (category:projectmanager,tabindex:3)
2024-08-27 21:49:27,692 [INFO] PluginManage:310 - Check plugin thirdparty
2024-08-27 21:49:28,170 [WARN] IntegrityCheckThread:84 - waiting for thirdparty lock release [integrity check]
2024-08-27 21:49:28,170 [INFO] PluginManage:359 - Loaded plugin thirdparty (category:base,tabindex:-1)
2024-08-27 21:49:28,171 [INFO] IntegrityCheckThread:86 - entering critical section [integrity check]
2024-08-27 21:49:28,171 [INFO] PluginManage:310 - Check plugin tools
2024-08-27 21:49:28,172 [INFO] ThirdPartyUpdaterWithRetryManager:70 - Updater plugin not ready yet. [1/15]
2024-08-27 21:49:28,190 [INFO] PluginManage:359 - Loaded plugin tools (category:base,tabindex:7)
2024-08-27 21:49:28,191 [INFO] PluginManage:310 - Check plugin tutovideos
2024-08-27 21:49:28,561 [INFO] PluginManage:359 - Loaded plugin tutovideos (category:base,tabindex:-1)
2024-08-27 21:49:28,561 [INFO] PluginManage:310 - Check plugin updater
2024-08-27 21:49:28,600 [INFO] PluginManage:359 - Loaded plugin updater (category:base,tabindex:12)
2024-08-27 21:49:28,600 [INFO] PluginManage:310 - Check plugin userauth
2024-08-27 21:49:28,627 [INFO] UserAuth:114 - Init User Auth plugin
2024-08-27 21:49:28,628 [INFO] PluginManage:359 - Loaded plugin userauth (category:base,tabindex:14)
2024-08-27 21:49:28,629 [INFO] PluginManage:283 - PluginManage : Loaded plugins [17]
2024-08-27 21:49:29,151 [INFO] PinOutPanel:1499 - setPackage(No Configuration,No Configuration)
2024-08-27 21:49:29,287 [INFO] CADModel:165 - CPN selected for project level
2024-08-27 21:49:29,288 [INFO] CADModel:114 - Register for checkConnection events
2024-08-27 21:49:29,378 [INFO] IPUIPlugin:80 - create IPUIPlugin
2024-08-27 21:49:29,378 [INFO] PluginManager:220 - loadIPPluginJar : add adc
2024-08-27 21:49:29,399 [INFO] IPUIPlugin:80 - create IPUIPlugin
2024-08-27 21:49:29,399 [INFO] PluginManager:220 - loadIPPluginJar : add aes
2024-08-27 21:49:29,436 [INFO] IPUIPlugin:80 - create IPUIPlugin
2024-08-27 21:49:29,437 [INFO] PluginManager:220 - loadIPPluginJar : add can
2024-08-27 21:49:29,468 [INFO] IPUIPlugin:80 - create IPUIPlugin
2024-08-27 21:49:29,468 [INFO] PluginManager:220 - loadIPPluginJar : add comp
2024-08-27 21:49:29,480 [INFO] IPUIPlugin:80 - create IPUIPlugin
2024-08-27 21:49:29,480 [INFO] PluginManager:220 - loadIPPluginJar : add cryp
2024-08-27 21:49:29,493 [INFO] IPUIPlugin:80 - create IPUIPlugin
2024-08-27 21:49:29,493 [INFO] PluginManager:220 - loadIPPluginJar : add dfsdm
2024-08-27 21:49:29,509 [INFO] IPUIPlugin:80 - create IPUIPlugin
2024-08-27 21:49:29,509 [INFO] PluginManager:220 - loadIPPluginJar : add dma
2024-08-27 21:49:29,512 [INFO] IPUIPlugin:80 - create IPUIPlugin
2024-08-27 21:49:29,512 [INFO] PluginManager:220 - loadIPPluginJar : add dma3
2024-08-27 21:49:29,527 [INFO] IPUIPlugin:80 - create IPUIPlugin
2024-08-27 21:49:29,527 [INFO] PluginManager:220 - loadIPPluginJar : add fatfs
2024-08-27 21:49:29,539 [INFO] IPUIPlugin:80 - create IPUIPlugin
2024-08-27 21:49:29,539 [INFO] PluginManager:220 - loadIPPluginJar : add fmc
2024-08-27 21:49:29,566 [INFO] IPUIPlugin:80 - create IPUIPlugin
2024-08-27 21:49:29,566 [INFO] PluginManager:220 - loadIPPluginJar : add freertos
2024-08-27 21:49:29,568 [INFO] IPUIPlugin:80 - create IPUIPlugin
2024-08-27 21:49:29,568 [INFO] PluginManager:220 - loadIPPluginJar : add genericplugin
2024-08-27 21:49:29,584 [INFO] IPUIPlugin:80 - create IPUIPlugin
2024-08-27 21:49:29,584 [INFO] PluginManager:220 - loadIPPluginJar : add gfxmmu
2024-08-27 21:49:29,588 [INFO] IPUIPlugin:80 - create IPUIPlugin
2024-08-27 21:49:29,588 [INFO] PluginManager:220 - loadIPPluginJar : add gic
2024-08-27 21:49:29,620 [INFO] IPUIPlugin:80 - create IPUIPlugin
2024-08-27 21:49:29,620 [INFO] PluginManager:220 - loadIPPluginJar : add gpio
2024-08-27 21:49:29,637 [INFO] IPUIPlugin:80 - create IPUIPlugin
2024-08-27 21:49:29,637 [INFO] PluginManager:220 - loadIPPluginJar : add gtzc
2024-08-27 21:49:29,657 [INFO] IPUIPlugin:80 - create IPUIPlugin
2024-08-27 21:49:29,658 [INFO] PluginManager:220 - loadIPPluginJar : add hash
2024-08-27 21:49:29,662 [INFO] IPUIPlugin:80 - create IPUIPlugin
2024-08-27 21:49:29,662 [INFO] PluginManager:220 - loadIPPluginJar : add i2c
2024-08-27 21:49:29,665 [INFO] IPUIPlugin:80 - create IPUIPlugin
2024-08-27 21:49:29,666 [INFO] PluginManager:220 - loadIPPluginJar : add i2s
2024-08-27 21:49:29,669 [INFO] IPUIPlugin:80 - create IPUIPlugin
2024-08-27 21:49:29,670 [INFO] PluginManager:220 - loadIPPluginJar : add i3c
2024-08-27 21:49:29,702 [INFO] IPUIPlugin:80 - create IPUIPlugin
2024-08-27 21:49:29,702 [INFO] PluginManager:220 - loadIPPluginJar : add ipddr
2024-08-27 21:49:29,727 [INFO] IPUIPlugin:80 - create IPUIPlugin
2024-08-27 21:49:29,727 [INFO] PluginManager:220 - loadIPPluginJar : add linkedlist
2024-08-27 21:49:29,730 [INFO] IPUIPlugin:80 - create IPUIPlugin
2024-08-27 21:49:29,730 [INFO] PluginManager:220 - loadIPPluginJar : add lorawan
2024-08-27 21:49:29,732 [INFO] IPUIPlugin:80 - create IPUIPlugin
2024-08-27 21:49:29,733 [INFO] PluginManager:220 - loadIPPluginJar : add ltdc
2024-08-27 21:49:29,760 [INFO] IPUIPlugin:80 - create IPUIPlugin
2024-08-27 21:49:29,760 [INFO] PluginManager:220 - loadIPPluginJar : add mdma
2024-08-27 21:49:29,778 [INFO] IPUIPlugin:80 - create IPUIPlugin
2024-08-27 21:49:29,778 [INFO] PluginManager:220 - loadIPPluginJar : add nvic
2024-08-27 21:49:29,798 [INFO] IPUIPlugin:80 - create IPUIPlugin
2024-08-27 21:49:29,798 [INFO] PluginManager:220 - loadIPPluginJar : add opamp
2024-08-27 21:49:29,803 [INFO] IPUIPlugin:80 - create IPUIPlugin
2024-08-27 21:49:29,803 [INFO] PluginManager:220 - loadIPPluginJar : add openamp
2024-08-27 21:49:29,807 [INFO] IPUIPlugin:80 - create IPUIPlugin
2024-08-27 21:49:29,807 [INFO] PluginManager:220 - loadIPPluginJar : add pdm2pcm
2024-08-27 21:49:29,822 [INFO] IPUIPlugin:80 - create IPUIPlugin
2024-08-27 21:49:29,824 [INFO] PluginManager:220 - loadIPPluginJar : add plateformsettings
2024-08-27 21:49:29,836 [INFO] IPUIPlugin:80 - create IPUIPlugin
2024-08-27 21:49:29,836 [INFO] PluginManager:220 - loadIPPluginJar : add quadspi
2024-08-27 21:49:29,856 [INFO] IPUIPlugin:80 - create IPUIPlugin
2024-08-27 21:49:29,856 [INFO] PluginManager:220 - loadIPPluginJar : add resmgrutility
2024-08-27 21:49:29,871 [INFO] IPUIPlugin:80 - create IPUIPlugin
2024-08-27 21:49:29,871 [INFO] PluginManager:220 - loadIPPluginJar : add sai
2024-08-27 21:49:29,875 [INFO] IPUIPlugin:80 - create IPUIPlugin
2024-08-27 21:49:29,875 [INFO] PluginManager:220 - loadIPPluginJar : add spi
2024-08-27 21:49:29,882 [INFO] IPUIPlugin:80 - create IPUIPlugin
2024-08-27 21:49:29,882 [INFO] PluginManager:220 - loadIPPluginJar : add stm32_wpan
2024-08-27 21:49:29,884 [INFO] IPUIPlugin:80 - create IPUIPlugin
2024-08-27 21:49:29,884 [INFO] PluginManager:220 - loadIPPluginJar : add tim
2024-08-27 21:49:29,887 [INFO] IPUIPlugin:80 - create IPUIPlugin
2024-08-27 21:49:29,888 [INFO] PluginManager:220 - loadIPPluginJar : add touchsensing
2024-08-27 21:49:29,890 [INFO] IPUIPlugin:80 - create IPUIPlugin
2024-08-27 21:49:29,890 [INFO] PluginManager:220 - loadIPPluginJar : add tracer_emb
2024-08-27 21:49:29,892 [INFO] IPUIPlugin:80 - create IPUIPlugin
2024-08-27 21:49:29,892 [INFO] PluginManager:220 - loadIPPluginJar : add ts
2024-08-27 21:49:29,910 [INFO] IPUIPlugin:80 - create IPUIPlugin
2024-08-27 21:49:29,910 [INFO] PluginManager:220 - loadIPPluginJar : add tsc
2024-08-27 21:49:29,912 [INFO] IPUIPlugin:80 - create IPUIPlugin
2024-08-27 21:49:29,912 [INFO] PluginManager:220 - loadIPPluginJar : add ucpd
2024-08-27 21:49:29,915 [INFO] IPUIPlugin:80 - create IPUIPlugin
2024-08-27 21:49:29,915 [INFO] PluginManager:220 - loadIPPluginJar : add usart
2024-08-27 21:49:29,918 [INFO] IPUIPlugin:80 - create IPUIPlugin
2024-08-27 21:49:29,918 [INFO] PluginManager:220 - loadIPPluginJar : add usbx
2024-08-27 21:49:30,073 [INFO] CADModel:165 - CPN selected for project level
2024-08-27 21:49:30,074 [INFO] CADModel:114 - Register for checkConnection events
2024-08-27 21:49:30,075 [FATAL] Updater:308 - Updater called before beeing initialized
2024-08-27 21:49:30,075 [ERROR] CADModel:125 - Updater not yet initialized, retry later 
2024-08-27 21:49:30,318 [INFO] CADModel:165 - CPN selected for project level
2024-08-27 21:49:30,318 [INFO] CADModel:114 - Register for checkConnection events
2024-08-27 21:49:30,318 [FATAL] Updater:308 - Updater called before beeing initialized
2024-08-27 21:49:30,318 [ERROR] CADModel:125 - Updater not yet initialized, retry later 
2024-08-27 21:49:30,321 [FATAL] Updater:308 - Updater called before beeing initialized
2024-08-27 21:49:30,447 [FATAL] Updater:308 - Updater called before beeing initialized
2024-08-27 21:49:30,450 [INFO] DbMcusAds:53 - JSON generation date=Thu May 16 16:22:00 ICT 2024 (1715851320667)
2024-08-27 21:49:30,450 [FATAL] Updater:308 - Updater called before beeing initialized
2024-08-27 21:49:30,575 [WARN] DetailPanel:346 - Failed to get advertising image, set to default
2024-08-27 21:49:30,655 [FATAL] Updater:308 - Updater called before beeing initialized
2024-08-27 21:49:30,657 [FATAL] Updater:308 - Updater called before beeing initialized
2024-08-27 21:49:30,657 [FATAL] Updater:308 - Updater called before beeing initialized
2024-08-27 21:49:30,657 [WARN] DetailPanel:346 - Failed to get advertising image, set to default
2024-08-27 21:49:30,658 [FATAL] Updater:308 - Updater called before beeing initialized
2024-08-27 21:49:30,766 [ERROR] Updater:1120 - MainUpdater not yet initialized. External WinMGr cannot be set.
2024-08-27 21:49:30,824 [INFO] Updater:1056 - Updater Version found : 6.10.0
2024-08-27 21:49:30,855 [INFO] ApplicationProperties:184 - Using Application install path: D:\STM32IDE\STM32CubeIDE_1.14.0\STM32CubeIDE\plugins\com.st.stm32cube.common.mx_6.10.0.202311202037
2024-08-27 21:49:31,174 [INFO] ThirdPartyUpdaterWithRetryManager:70 - Updater plugin not ready yet. [2/15]
2024-08-27 21:49:31,899 [INFO] MainUpdater:2873 - connection check result : 10
2024-08-27 21:49:31,901 [INFO] MainUpdater:290 - Updater Check For Update Now.
2024-08-27 21:49:31,901 [INFO] MicroXplorer:498 - Change Database Version : DB.6.0.100
2024-08-27 21:49:31,987 [INFO] McuFinderGlobals:63 - Set McuFinder mode to 2 (CubeIDE integrated)
2024-08-27 21:49:32,120 [INFO] CheckServerUpdateThread:120 - End of CheckServer Thread
2024-08-27 21:49:32,377 [INFO] UserAuth:404 - Internet connection configuration mode: 1
2024-08-27 21:49:32,490 [INFO] JxBrowserEngine:152 - Initiate JxBrowser Engine with user profile folder
2024-08-27 21:49:35,379 [WARN] PackLoader:240 - Cannot read IP mode file for STMicroelectronics.FP-SNS-MOTENVWB1.1.4.0
2024-08-27 21:49:35,407 [WARN] PackLoader:240 - Cannot read IP mode file for STMicroelectronics.X-CUBE-SMBUS.2.1.0
2024-08-27 21:49:35,424 [WARN] PackLoader:240 - Cannot read IP mode file for STMicroelectronics.X-CUBE-TOUCHGFX.4.23.0
2024-08-27 21:49:35,487 [WARN] PackLoader:240 - Cannot read IP mode file for STMicroelectronics.X-CUBE-AZRTOS-F7.1.1.0
2024-08-27 21:49:35,512 [WARN] PackLoader:240 - Cannot read IP mode file for STMicroelectronics.FP-SNS-MOTENV1.4.3.2
2024-08-27 21:49:35,639 [INFO] WebApp:161 - Instantiating new browser for Auth
2024-08-27 21:49:35,667 [WARN] PackLoader:240 - Cannot read IP mode file for STMicroelectronics.X-CUBE-MEMS1.11.0.0
2024-08-27 21:49:36,002 [WARN] PackLoader:240 - Cannot read IP mode file for STMicroelectronics.FP-SNS-FLIGHT1.5.0.2
2024-08-27 21:49:36,123 [WARN] PackLoader:240 - Cannot read IP mode file for STMicroelectronics.X-CUBE-DISPLAY.3.0.0
2024-08-27 21:49:36,153 [WARN] PackLoader:240 - Cannot read IP mode file for STMicroelectronics.X-CUBE-BLE1.7.0.0
2024-08-27 21:49:36,278 [WARN] PackLoader:240 - Cannot read IP mode file for emotas.I-CUBE-CANOPEN.1.3.0
2024-08-27 21:49:36,338 [WARN] PackLoader:240 - Cannot read IP mode file for STMicroelectronics.X-CUBE-BLEMGR.3.1.0
2024-08-27 21:49:36,373 [WARN] PackLoader:240 - Cannot read IP mode file for STMicroelectronics.FP-SNS-SMARTAG2.1.2.0
2024-08-27 21:49:36,389 [INFO] LogOutputStream:77 - [STDOUT_REDIRECT] 1 : Invalid condition id : UX_CORESTACK_Condition cause : null
2024-08-27 21:49:36,390 [INFO] LogOutputStream:77 - [STDOUT_REDIRECT] 1 : Invalid condition id : UX_CORESTACK_Condition cause : null
2024-08-27 21:49:36,392 [INFO] LogOutputStream:77 - [STDOUT_REDIRECT] 1 : Invalid condition id : UX_CORESTACK_Condition cause : null
2024-08-27 21:49:36,394 [INFO] LogOutputStream:77 - [STDOUT_REDIRECT] 1 : Invalid condition id : UX_CORESTACK_Condition cause : null
2024-08-27 21:49:36,395 [INFO] LogOutputStream:77 - [STDOUT_REDIRECT] 1 : Invalid condition id : UX_CORESTACK_Condition cause : null
2024-08-27 21:49:36,399 [WARN] PackLoader:240 - Cannot read IP mode file for STMicroelectronics.X-CUBE-AZRTOS-WL.2.0.0
2024-08-27 21:49:36,409 [WARN] PackLoader:240 - Cannot read IP mode file for STMicroelectronics.FP-SNS-MOTENV1.5.0.0
2024-08-27 21:49:36,468 [WARN] PackLoader:240 - Cannot read IP mode file for wolfSSL.I-CUBE-wolfMQTT.1.19.0
2024-08-27 21:49:36,512 [WARN] PackLoader:240 - Cannot read IP mode file for WES.I-CUBE-Cesium.1.3.0
2024-08-27 21:49:36,524 [WARN] PackLoader:240 - Cannot read IP mode file for STMicroelectronics.X-CUBE-BLE2.3.3.0
2024-08-27 21:49:36,558 [WARN] PackLoader:240 - Cannot read IP mode file for STMicroelectronics.X-CUBE-TCPP.4.1.0
2024-08-27 21:49:36,612 [WARN] PackLoader:240 - Cannot read IP mode file for STMicroelectronics.X-CUBE-ALGOBUILD.1.3.0
2024-08-27 21:49:36,715 [WARN] PackLoader:240 - Cannot read IP mode file for STMicroelectronics.X-CUBE-AZRTOS-G0.1.1.0
2024-08-27 21:49:36,747 [WARN] PackLoader:240 - Cannot read IP mode file for STMicroelectronics.X-CUBE-SAFEA1.1.2.2
2024-08-27 21:49:36,772 [WARN] PackLoader:240 - Cannot read IP mode file for STMicroelectronics.X-CUBE-NFC4.3.0.0
2024-08-27 21:49:36,847 [WARN] PackLoader:240 - Cannot read IP mode file for EmbeddedOffice.I-CUBE-FS-RTOS.1.0.1
2024-08-27 21:49:36,847 [ERROR] ConditionMgr:805 - Attr not supported : Dmpu
2024-08-27 21:49:36,847 [ERROR] ConditionMgr:805 - Attr not supported : Dmpu
2024-08-27 21:49:36,848 [ERROR] ConditionMgr:805 - Attr not supported : Dmpu
2024-08-27 21:49:36,848 [ERROR] ConditionMgr:805 - Attr not supported : Dmpu
2024-08-27 21:49:36,848 [ERROR] ConditionMgr:805 - Attr not supported : Dmpu
2024-08-27 21:49:36,848 [ERROR] ConditionMgr:805 - Attr not supported : Dmpu
2024-08-27 21:49:36,848 [ERROR] ConditionMgr:805 - Attr not supported : Dmpu
2024-08-27 21:49:36,848 [ERROR] ConditionMgr:805 - Attr not supported : Dmpu
2024-08-27 21:49:36,848 [ERROR] ConditionMgr:805 - Attr not supported : Dmpu
2024-08-27 21:49:36,848 [ERROR] ConditionMgr:805 - Attr not supported : Dmpu
2024-08-27 21:49:36,848 [ERROR] ConditionMgr:805 - Attr not supported : Dmpu
2024-08-27 21:49:36,848 [ERROR] ConditionMgr:805 - Attr not supported : Dmpu
2024-08-27 21:49:36,848 [ERROR] ConditionMgr:805 - Attr not supported : Dmpu
2024-08-27 21:49:36,849 [ERROR] ConditionMgr:805 - Attr not supported : Dmpu
2024-08-27 21:49:36,849 [ERROR] ConditionMgr:805 - Attr not supported : Dmpu
2024-08-27 21:49:36,849 [ERROR] ConditionMgr:805 - Attr not supported : Dmpu
2024-08-27 21:49:36,849 [ERROR] ConditionMgr:805 - Attr not supported : Dmpu
2024-08-27 21:49:36,849 [ERROR] ConditionMgr:805 - Attr not supported : Dmpu
2024-08-27 21:49:36,849 [ERROR] ConditionMgr:805 - Attr not supported : Dmpu
2024-08-27 21:49:36,849 [ERROR] ConditionMgr:805 - Attr not supported : Dmpu
2024-08-27 21:49:36,849 [ERROR] ConditionMgr:805 - Attr not supported : Dmpu
2024-08-27 21:49:36,849 [ERROR] ConditionMgr:805 - Attr not supported : Dmpu
2024-08-27 21:49:36,849 [ERROR] ConditionMgr:805 - Attr not supported : Dmpu
2024-08-27 21:49:36,849 [ERROR] ConditionMgr:805 - Attr not supported : Dmpu
2024-08-27 21:49:36,850 [ERROR] ConditionMgr:805 - Attr not supported : Dmpu
2024-08-27 21:49:36,850 [ERROR] ConditionMgr:805 - Attr not supported : Dmpu
2024-08-27 21:49:36,850 [ERROR] ConditionMgr:805 - Attr not supported : Dmpu
2024-08-27 21:49:36,850 [ERROR] ConditionMgr:805 - Attr not supported : Dmpu
2024-08-27 21:49:36,850 [ERROR] ConditionMgr:805 - Attr not supported : Dmpu
2024-08-27 21:49:36,850 [ERROR] ConditionMgr:805 - Attr not supported : Dmpu
2024-08-27 21:49:36,850 [ERROR] ConditionMgr:805 - Attr not supported : Dmpu
2024-08-27 21:49:36,850 [ERROR] ConditionMgr:805 - Attr not supported : Dmpu
2024-08-27 21:49:36,850 [ERROR] ConditionMgr:805 - Attr not supported : Dmpu
2024-08-27 21:49:36,850 [ERROR] ConditionMgr:805 - Attr not supported : Dmpu
2024-08-27 21:49:36,850 [ERROR] ConditionMgr:805 - Attr not supported : Dmpu
2024-08-27 21:49:36,851 [ERROR] ConditionMgr:805 - Attr not supported : Dmpu
2024-08-27 21:49:36,851 [ERROR] ConditionMgr:805 - Attr not supported : Dmpu
2024-08-27 21:49:36,851 [ERROR] ConditionMgr:805 - Attr not supported : Dmpu
2024-08-27 21:49:36,851 [ERROR] ConditionMgr:805 - Attr not supported : Dmpu
2024-08-27 21:49:36,851 [ERROR] ConditionMgr:805 - Attr not supported : Dmpu
2024-08-27 21:49:36,851 [ERROR] ConditionMgr:805 - Attr not supported : Dmpu
2024-08-27 21:49:36,851 [ERROR] ConditionMgr:805 - Attr not supported : Dmpu
2024-08-27 21:49:36,852 [ERROR] ConditionMgr:805 - Attr not supported : Dmpu
2024-08-27 21:49:36,852 [ERROR] ConditionMgr:805 - Attr not supported : Dmpu
2024-08-27 21:49:36,852 [ERROR] ConditionMgr:805 - Attr not supported : Dmpu
2024-08-27 21:49:36,852 [ERROR] ConditionMgr:805 - Attr not supported : Dmpu
2024-08-27 21:49:36,852 [ERROR] ConditionMgr:805 - Attr not supported : Dmpu
2024-08-27 21:49:36,852 [ERROR] ConditionMgr:805 - Attr not supported : Dmpu
2024-08-27 21:49:36,852 [ERROR] ConditionMgr:805 - Attr not supported : Dmpu
2024-08-27 21:49:36,852 [ERROR] ConditionMgr:805 - Attr not supported : Dmpu
2024-08-27 21:49:36,852 [ERROR] ConditionMgr:805 - Attr not supported : Dmpu
2024-08-27 21:49:36,853 [ERROR] ConditionMgr:805 - Attr not supported : Dmpu
2024-08-27 21:49:36,853 [ERROR] ConditionMgr:805 - Attr not supported : Dmpu
2024-08-27 21:49:36,853 [ERROR] ConditionMgr:805 - Attr not supported : Dmpu
2024-08-27 21:49:36,853 [ERROR] ConditionMgr:805 - Attr not supported : Dmpu
2024-08-27 21:49:36,853 [ERROR] ConditionMgr:805 - Attr not supported : Dmpu
2024-08-27 21:49:36,853 [ERROR] ConditionMgr:805 - Attr not supported : Dmpu
2024-08-27 21:49:36,853 [ERROR] ConditionMgr:805 - Attr not supported : Dmpu
2024-08-27 21:49:36,853 [ERROR] ConditionMgr:805 - Attr not supported : Dmpu
2024-08-27 21:49:36,854 [ERROR] ConditionMgr:805 - Attr not supported : Dmpu
2024-08-27 21:49:36,854 [ERROR] ConditionMgr:805 - Attr not supported : Dmpu
2024-08-27 21:49:36,854 [ERROR] ConditionMgr:805 - Attr not supported : Dmpu
2024-08-27 21:49:36,854 [ERROR] ConditionMgr:805 - Attr not supported : Dmpu
2024-08-27 21:49:36,854 [ERROR] ConditionMgr:805 - Attr not supported : Dmpu
2024-08-27 21:49:36,866 [WARN] PackLoader:240 - Cannot read IP mode file for STMicroelectronics.X-CUBE-BLEMGR.3.0.0
2024-08-27 21:49:36,903 [WARN] PackLoader:240 - Cannot read IP mode file for RealThread.X-CUBE-RT-Thread_Nano.4.1.1
2024-08-27 21:49:36,913 [WARN] PackLoader:240 - Cannot read IP mode file for STMicroelectronics.FP-ATR-SIGFOX1.3.2.0
2024-08-27 21:49:36,928 [WARN] PackLoader:240 - Cannot read IP mode file for STMicroelectronics.X-CUBE-EEPRMA1.5.1.0
2024-08-27 21:49:36,966 [WARN] PackLoader:240 - Cannot read IP mode file for SEGGER.I-CUBE-embOS.1.3.1
2024-08-27 21:49:37,078 [WARN] PackLoader:240 - Cannot read IP mode file for STMicroelectronics.X-CUBE-ALGOBUILD.1.4.0
2024-08-27 21:49:37,087 [WARN] PackLoader:240 - Cannot read IP mode file for STMicroelectronics.X-CUBE-GNSS1.6.0.0
2024-08-27 21:49:37,113 [WARN] PackLoader:240 - Cannot read IP mode file for STMicroelectronics.X-CUBE-AZRTOS-F4.1.1.0
2024-08-27 21:49:37,126 [WARN] PackLoader:240 - Cannot read IP mode file for STMicroelectronics.X-CUBE-FREERTOS.1.2.0
2024-08-27 21:49:37,183 [WARN] PackLoader:240 - Cannot read IP mode file for wolfSSL.I-CUBE-wolfSSL.5.6.6
2024-08-27 21:49:37,203 [WARN] PackLoader:240 - Cannot read IP mode file for STMicroelectronics.X-CUBE-AZRTOS-L5.2.0.0
2024-08-27 21:49:37,251 [WARN] PackLoader:240 - Cannot read IP mode file for STMicroelectronics.X-CUBE-EEPRMA1.4.2.0
2024-08-27 21:49:37,279 [WARN] PackLoader:240 - Cannot read IP mode file for STMicroelectronics.X-CUBE-NFC6.3.1.0
2024-08-27 21:49:37,291 [WARN] PackLoader:240 - Cannot read IP mode file for ITTIA_DB.I-CUBE-ITTIADB.8.8.0
2024-08-27 21:49:37,297 [WARN] PackLoader:240 - Cannot read IP mode file for STMicroelectronics.X-CUBE-DPower.1.2.0
2024-08-27 21:49:37,303 [WARN] PackLoader:240 - Cannot read IP mode file for STMicroelectronics.X-CUBE-AI.9.0.0
2024-08-27 21:49:37,310 [WARN] PackLoader:240 - Cannot read IP mode file for STMicroelectronics.X-CUBE-NFC7.1.0.1
2024-08-27 21:49:37,315 [WARN] PackLoader:240 - Cannot read IP mode file for wolfSSL.I-CUBE-wolfTPM.3.2.0
2024-08-27 21:49:37,321 [WARN] PackLoader:240 - Cannot read IP mode file for STMicroelectronics.X-CUBE-NFC6.3.0.0
2024-08-27 21:49:37,328 [WARN] PackLoader:240 - Cannot read IP mode file for STMicroelectronics.X-CUBE-AI.8.1.0
2024-08-27 21:49:37,348 [WARN] ConditionMgr:438 - getConditionDescription Invalid condition id : LAN8742 Phy interface Condition cause : null
2024-08-27 21:49:37,349 [WARN] PackLoader:240 - Cannot read IP mode file for STMicroelectronics.X-CUBE-AZRTOS-L4.2.0.0
2024-08-27 21:49:37,350 [WARN] ConditionMgr:1039 - genDependencies : Invalid condition id : LAN8742 Phy interface Condition cause : null
2024-08-27 21:49:37,350 [WARN] ConditionMgr:1039 - genDependencies : Invalid condition id : LAN8742 Phy interface Condition cause : null
2024-08-27 21:49:37,351 [WARN] ConditionMgr:1039 - genDependencies : Invalid condition id : LAN8742 Phy interface Condition cause : null
2024-08-27 21:49:37,383 [WARN] PackLoader:240 - Cannot read IP mode file for STMicroelectronics.X-CUBE-SFXS2LP1.4.0.0
2024-08-27 21:49:37,409 [WARN] PackLoader:240 - Cannot read IP mode file for STMicroelectronics.X-CUBE-AZRTOS-H7.3.3.0
2024-08-27 21:49:37,438 [WARN] ConditionMgr:438 - getConditionDescription Invalid condition id : UX DEVICE CLASS RTOS Condition cause : null
2024-08-27 21:49:37,438 [WARN] ConditionMgr:438 - getConditionDescription Invalid condition id : UX DEVICE CLASS RTOS Condition cause : null
2024-08-27 21:49:37,451 [WARN] PackLoader:240 - Cannot read IP mode file for STMicroelectronics.X-CUBE-AZRTOS-WB.2.0.0
2024-08-27 21:49:37,452 [WARN] ConditionMgr:1039 - genDependencies : Invalid condition id : UX DEVICE CLASS RTOS Condition cause : null
2024-08-27 21:49:37,453 [WARN] ConditionMgr:1039 - genDependencies : Invalid condition id : UX DEVICE CLASS RTOS Condition cause : null
2024-08-27 21:49:37,454 [WARN] ConditionMgr:1039 - genDependencies : Invalid condition id : UX DEVICE CLASS RTOS Condition cause : null
2024-08-27 21:49:37,454 [WARN] ConditionMgr:1039 - genDependencies : Invalid condition id : UX DEVICE CLASS RTOS Condition cause : null
2024-08-27 21:49:37,454 [WARN] ConditionMgr:1039 - genDependencies : Invalid condition id : UX DEVICE CLASS RTOS Condition cause : null
2024-08-27 21:49:37,469 [WARN] PackLoader:240 - Cannot read IP mode file for STMicroelectronics.FP-SNS-STBOX1.2.0.0
2024-08-27 21:49:37,496 [WARN] PackLoader:240 - Cannot read IP mode file for STMicroelectronics.X-CUBE-SUBG2.5.0.0
2024-08-27 21:49:37,526 [WARN] PackLoader:240 - Cannot read IP mode file for Cesanta.I-CUBE-Mongoose.7.13.0
2024-08-27 21:49:37,554 [WARN] PackLoader:240 - Cannot read IP mode file for STMicroelectronics.X-CUBE-AZRTOS-G4.2.0.0
2024-08-27 21:49:37,591 [WARN] PackLoader:240 - Cannot read IP mode file for Infineon.AIROC-Wi-Fi-Bluetooth-STM32.1.5.1
2024-08-27 21:49:37,618 [WARN] PackLoader:240 - Cannot read IP mode file for STMicroelectronics.FP-SNS-MOTENVWB1.1.3.1
2024-08-27 21:49:37,669 [WARN] PackLoader:240 - Cannot read IP mode file for STMicroelectronics.X-CUBE-ISPU.2.0.0
2024-08-27 21:49:37,686 [WARN] PackLoader:240 - Cannot read IP mode file for STMicroelectronics.X-CUBE-ALS.1.0.2
2024-08-27 21:49:37,758 [WARN] PackLoader:240 - Cannot read IP mode file for STMicroelectronics.X-CUBE-MEMS1.10.0.0
2024-08-27 21:49:37,961 [WARN] PackLoader:240 - Cannot read IP mode file for STMicroelectronics.X-CUBE-FREERTOS.1.1.0
2024-08-27 21:49:37,967 [WARN] PackLoader:240 - Cannot read IP mode file for STMicroelectronics.X-CUBE-TOUCHGFX.4.24.0
2024-08-27 21:49:37,977 [WARN] PackLoader:240 - Cannot read IP mode file for portGmbH.I-Cube-SoM-uGOAL.1.1.0
2024-08-27 21:49:37,984 [WARN] PackLoader:240 - Cannot read IP mode file for STMicroelectronics.X-CUBE-ALS.1.0.1
2024-08-27 21:49:38,014 [WARN] PackLoader:240 - Cannot read IP mode file for STMicroelectronics.X-CUBE-AZRTOS-H7RS.1.0.0
2024-08-27 21:49:38,026 [WARN] PackLoader:240 - Cannot read IP mode file for STMicroelectronics.FP-ATR-ASTRA1.2.0.0
2024-08-27 21:49:38,044 [WARN] PackLoader:240 - Cannot read IP mode file for STMicroelectronics.X-CUBE-TOF1.3.4.2
2024-08-27 21:49:38,077 [WARN] PackLoader:240 - Cannot read IP mode file for STMicroelectronics.X-CUBE-TOF1.3.4.0
2024-08-27 21:49:38,117 [WARN] PackLoader:240 - Cannot read IP mode file for STMicroelectronics.X-CUBE-TOF1.3.4.1
2024-08-27 21:49:38,220 [WARN] PackLoader:240 - Cannot read IP mode file for STMicroelectronics.X-CUBE-AZRTOS-H7.3.2.0
2024-08-27 21:49:38,242 [WARN] PackLoader:240 - Cannot read IP mode file for wolfSSL.I-CUBE-wolfSSH.1.4.17
2024-08-27 21:49:38,243 [INFO] ThirdParty:978 - Integrity check success = true
2024-08-27 21:49:38,244 [INFO] IntegrityCheckThread:100 - exiting critical section [integrity check]
2024-08-27 21:49:38,244 [INFO] IntegrityCheckThread:103 - End integrity checks thread
2024-08-27 21:49:38,492 [INFO] WebApp:780 - Register for checkConnection events
2024-08-27 21:49:38,492 [INFO] WebApp:414 - Apply proxy settings
2024-08-27 21:49:38,493 [INFO] WebApp:499 - Chromium requires no authentication
2024-08-27 21:49:38,514 [INFO] WebApp:442 - Direct internet connection detected
2024-08-27 21:49:38,902 [INFO] WebApp:192 - Starting web application
2024-08-27 21:49:38,903 [INFO] WebApp:544 - Web application path used D:\STM32IDE\STM32CubeIDE_1.14.0\STM32CubeIDE\plugins\com.st.stm32cube.common.mx_6.10.0.202311202037\db\plugins\mcufinder\reactClient1\index.html
2024-08-27 21:50:00,715 [ERROR] LogOutputStream:75 - [STDERR_REDIRECT] SLF4J: Failed to load class "org.slf4j.impl.StaticLoggerBinder".
2024-08-27 21:50:00,716 [ERROR] LogOutputStream:75 - [STDERR_REDIRECT] SLF4J: Defaulting to no-operation (NOP) logger implementation
2024-08-27 21:50:00,720 [ERROR] LogOutputStream:75 - [STDERR_REDIRECT] SLF4J: See http://www.slf4j.org/codes.html#StaticLoggerBinder for further details.
2024-08-27 22:40:10,600 [ERROR] LogOutputStream:75 - [STDERR_REDIRECT] 
