2024-09-18 14:46:48,870 [INFO] Activator:176 - 


2024-09-18 14:46:48,875 [INFO] Activator:177 - !SESSION log4j initialized
2024-09-18 14:47:03,584 [INFO] LogOutputStream:77 - [STDOUT_REDIRECT] 
2024-09-18 14:47:08,585 [INFO] ApplicationProperties:184 - Using Application install path: D:\STM32IDE\STM32CubeIDE_1.14.0\STM32CubeIDE\plugins\com.st.stm32cube.common.mx_6.10.0.202311202037
2024-09-18 14:47:08,638 [INFO] DbMcusXml:78 - Set database path to: D:\STM32IDE\STM32CubeIDE_1.14.0\STM32CubeIDE\plugins\com.st.stm32cube.common.mx_6.10.0.202311202037\\db\/mcu/
2024-09-18 14:47:08,638 [INFO] ApiDb:274 - Set plugin database path to: D:\STM32IDE\STM32CubeIDE_1.14.0\STM32CubeIDE\plugins\com.st.stm32cube.common.mx_6.10.0.202311202037\\db\/plugins/boardmanager/
2024-09-18 14:47:08,639 [WARN] ApiDb:259 - Overriding images path with different value:  => D:\STM32IDE\STM32CubeIDE_1.14.0\STM32CubeIDE\plugins\com.st.stm32cube.common.mx_6.10.0.202311202037\\db\/plugins/mcufinder/images/
2024-09-18 14:47:08,719 [INFO] ApiDb:250 - Set database path to: C:\Users\Kingj\.stmcufinder\plugins\mcufinder//mcu/
2024-09-18 14:47:08,722 [INFO] DbMcusAds:125 - Set database path to: C:\Users\Kingj\.stmcufinder\plugins\mcufinder//mcu/
2024-09-18 14:47:08,727 [INFO] CrossReferenceDbSqlite:203 - Set database path to: C:\Users\Kingj\.stmcufinder\plugins\mcufinder//mcu/cs/
2024-09-18 14:47:08,964 [INFO] RulesReader:64 - Compatibility file has been processed (297 Rules)
2024-09-18 14:47:09,126 [INFO] DbMcusXml:78 - Set database path to: D:\STM32IDE\STM32CubeIDE_1.14.0\STM32CubeIDE\plugins\com.st.stm32cube.common.mx_6.10.0.202311202037\\db\/mcu/
2024-09-18 14:47:09,126 [INFO] ApiDb:274 - Set plugin database path to: D:\STM32IDE\STM32CubeIDE_1.14.0\STM32CubeIDE\plugins\com.st.stm32cube.common.mx_6.10.0.202311202037\\db\/plugins/boardmanager/
2024-09-18 14:47:09,126 [INFO] ApiDb:261 - Set plugin images path to: D:\STM32IDE\STM32CubeIDE_1.14.0\STM32CubeIDE\plugins\com.st.stm32cube.common.mx_6.10.0.202311202037\\db\/plugins/mcufinder/images/
2024-09-18 14:47:09,126 [WARN] DbFile:41 - Overriding database path with different value: C:\Users\Kingj\.stmcufinder\plugins\mcufinder/ => C:\Users\Kingj\.stmcufinder\plugins\mcufinder
2024-09-18 14:47:09,127 [INFO] ApiDb:250 - Set database path to: C:\Users\Kingj\.stmcufinder\plugins\mcufinder//mcu/
2024-09-18 14:47:09,127 [WARN] DbFile:41 - Overriding database path with different value: C:\Users\Kingj\.stmcufinder\plugins\mcufinder/ => C:\Users\Kingj\.stmcufinder\plugins\mcufinder
2024-09-18 14:47:09,127 [INFO] DbMcusAds:125 - Set database path to: C:\Users\Kingj\.stmcufinder\plugins\mcufinder//mcu/
2024-09-18 14:47:09,127 [WARN] DbFile:41 - Overriding database path with different value: C:\Users\Kingj\.stmcufinder\plugins\mcufinder/ => C:\Users\Kingj\.stmcufinder\plugins\mcufinder
2024-09-18 14:47:09,127 [WARN] DbFile:41 - Overriding database path with different value: C:\Users\Kingj\.stmcufinder\plugins\mcufinder/ => C:\Users\Kingj\.stmcufinder\plugins\mcufinder
2024-09-18 14:47:09,127 [INFO] CrossReferenceDbSqlite:203 - Set database path to: C:\Users\Kingj\.stmcufinder\plugins\mcufinder//mcu/cs/
2024-09-18 14:47:09,269 [INFO] MainPanel:264 - HeapMemory: 268435456
2024-09-18 14:47:09,513 [INFO] DbMcusXml:78 - Set database path to: D:\STM32IDE\STM32CubeIDE_1.14.0\STM32CubeIDE\plugins\com.st.stm32cube.common.mx_6.10.0.202311202037\\db\/mcu/
2024-09-18 14:47:09,513 [INFO] ApiDb:274 - Set plugin database path to: D:\STM32IDE\STM32CubeIDE_1.14.0\STM32CubeIDE\plugins\com.st.stm32cube.common.mx_6.10.0.202311202037\\db\/plugins/boardmanager/
2024-09-18 14:47:09,513 [INFO] ApiDb:261 - Set plugin images path to: D:\STM32IDE\STM32CubeIDE_1.14.0\STM32CubeIDE\plugins\com.st.stm32cube.common.mx_6.10.0.202311202037\\db\/plugins/mcufinder/images/
2024-09-18 14:47:09,513 [WARN] DbFile:41 - Overriding database path with different value: C:\Users\Kingj\.stmcufinder\plugins\mcufinder/ => C:\Users\Kingj\.stmcufinder\plugins\mcufinder
2024-09-18 14:47:09,513 [INFO] ApiDb:250 - Set database path to: C:\Users\Kingj\.stmcufinder\plugins\mcufinder//mcu/
2024-09-18 14:47:09,513 [WARN] DbFile:41 - Overriding database path with different value: C:\Users\Kingj\.stmcufinder\plugins\mcufinder/ => C:\Users\Kingj\.stmcufinder\plugins\mcufinder
2024-09-18 14:47:09,513 [INFO] DbMcusAds:125 - Set database path to: C:\Users\Kingj\.stmcufinder\plugins\mcufinder//mcu/
2024-09-18 14:47:09,514 [WARN] DbFile:41 - Overriding database path with different value: C:\Users\Kingj\.stmcufinder\plugins\mcufinder/ => C:\Users\Kingj\.stmcufinder\plugins\mcufinder
2024-09-18 14:47:09,514 [WARN] DbFile:41 - Overriding database path with different value: C:\Users\Kingj\.stmcufinder\plugins\mcufinder/ => C:\Users\Kingj\.stmcufinder\plugins\mcufinder
2024-09-18 14:47:09,514 [INFO] CrossReferenceDbSqlite:203 - Set database path to: C:\Users\Kingj\.stmcufinder\plugins\mcufinder//mcu/cs/
2024-09-18 14:47:09,546 [INFO] ApplicationProperties:184 - Using Application install path: D:\STM32IDE\STM32CubeIDE_1.14.0\STM32CubeIDE\plugins\com.st.stm32cube.common.mx_6.10.0.202311202037
2024-09-18 14:47:09,548 [INFO] PluginManage:196 - Search for loadable plugins [exclusion list=, ]
2024-09-18 14:47:09,549 [INFO] PluginManage:310 - Check plugin analytics
2024-09-18 14:47:09,866 [INFO] AnalyticsPlugin:253 - Accepted Software Licenses: STM32CubeMX.6.10.0
2024-09-18 14:47:09,866 [INFO] AnalyticsPlugin:255 - Accepted CMSIS Pack Licenses: 
2024-09-18 14:47:09,867 [INFO] AnalyticsPlugin:257 - Accepted Firmware Licenses: FW.F4.1.28.0
2024-09-18 14:47:09,871 [INFO] PluginManage:359 - Loaded plugin analytics (category:tool,tabindex:-1)
2024-09-18 14:47:09,872 [INFO] PluginManage:310 - Check plugin cadmodel
2024-09-18 14:47:09,934 [INFO] CADModel:105 - Init CAD model plugin
2024-09-18 14:47:09,934 [INFO] PluginManage:359 - Loaded plugin cadmodel (category:power,tabindex:5)
2024-09-18 14:47:09,934 [INFO] PluginManage:310 - Check plugin clock
2024-09-18 14:47:09,982 [INFO] PluginManage:359 - Loaded plugin clock (category:base,tabindex:2)
2024-09-18 14:47:09,982 [INFO] PluginManage:310 - Check plugin ddr
2024-09-18 14:47:10,007 [INFO] PluginManage:359 - Loaded plugin ddr (category:tool,tabindex:6)
2024-09-18 14:47:10,007 [INFO] PluginManage:310 - Check plugin filemanager
2024-09-18 14:47:10,526 [INFO] PluginManage:359 - Loaded plugin filemanager (category:base,tabindex:10)
2024-09-18 14:47:10,526 [INFO] PluginManage:310 - Check plugin ipmanager
2024-09-18 14:47:10,554 [INFO] PluginManage:359 - Loaded plugin ipmanager (category:base,tabindex:5)
2024-09-18 14:47:10,554 [INFO] PluginManage:310 - Check plugin lpbam
2024-09-18 14:47:10,613 [INFO] PluginManage:359 - Loaded plugin lpbam (category:base,tabindex:0)
2024-09-18 14:47:10,613 [INFO] PluginManage:310 - Check plugin memorymap
2024-09-18 14:47:10,670 [INFO] PluginManage:359 - Loaded plugin memorymap (category:base,tabindex:4)
2024-09-18 14:47:10,670 [INFO] PluginManage:310 - Check plugin pinoutandconfiguration
2024-09-18 14:47:10,706 [INFO] PluginManage:359 - Loaded plugin pinoutandconfiguration (category:base,tabindex:1)
2024-09-18 14:47:10,706 [INFO] PluginManage:310 - Check plugin pinoutconfig
2024-09-18 14:47:10,933 [WARN] SupportedApi:132 - Cannot load RTOS API schema: s4s-elt-must-match.1: The content of 'definitions' must match (annotation?, (simpleType | complexType)?, (unique | key | keyref)*)). A problem was found starting at: attribute.
2024-09-18 14:47:11,169 [INFO] PluginManage:359 - Loaded plugin pinoutconfig (category:base,tabindex:0)
2024-09-18 14:47:11,170 [INFO] PluginManage:310 - Check plugin power
2024-09-18 14:47:11,250 [INFO] PluginManage:359 - Loaded plugin power (category:power,tabindex:4)
2024-09-18 14:47:11,250 [INFO] PluginManage:310 - Check plugin projectmanager
2024-09-18 14:47:11,282 [INFO] PluginManage:359 - Loaded plugin projectmanager (category:projectmanager,tabindex:3)
2024-09-18 14:47:11,282 [INFO] PluginManage:310 - Check plugin thirdparty
2024-09-18 14:47:11,692 [INFO] PluginManage:359 - Loaded plugin thirdparty (category:base,tabindex:-1)
2024-09-18 14:47:11,692 [WARN] IntegrityCheckThread:84 - waiting for thirdparty lock release [integrity check]
2024-09-18 14:47:11,692 [INFO] PluginManage:310 - Check plugin tools
2024-09-18 14:47:11,692 [INFO] IntegrityCheckThread:86 - entering critical section [integrity check]
2024-09-18 14:47:11,693 [INFO] ThirdPartyUpdaterWithRetryManager:70 - Updater plugin not ready yet. [1/15]
2024-09-18 14:47:11,699 [INFO] PluginManage:359 - Loaded plugin tools (category:base,tabindex:7)
2024-09-18 14:47:11,699 [INFO] PluginManage:310 - Check plugin tutovideos
2024-09-18 14:47:12,075 [INFO] PluginManage:359 - Loaded plugin tutovideos (category:base,tabindex:-1)
2024-09-18 14:47:12,075 [INFO] PluginManage:310 - Check plugin updater
2024-09-18 14:47:12,164 [INFO] PluginManage:359 - Loaded plugin updater (category:base,tabindex:12)
2024-09-18 14:47:12,164 [INFO] PluginManage:310 - Check plugin userauth
2024-09-18 14:47:12,195 [INFO] UserAuth:114 - Init User Auth plugin
2024-09-18 14:47:12,196 [INFO] PluginManage:359 - Loaded plugin userauth (category:base,tabindex:14)
2024-09-18 14:47:12,197 [INFO] PluginManage:283 - PluginManage : Loaded plugins [17]
2024-09-18 14:47:12,720 [INFO] PinOutPanel:1499 - setPackage(No Configuration,No Configuration)
2024-09-18 14:47:12,817 [INFO] CADModel:165 - CPN selected for project level
2024-09-18 14:47:12,818 [INFO] CADModel:114 - Register for checkConnection events
2024-09-18 14:47:12,891 [INFO] IPUIPlugin:80 - create IPUIPlugin
2024-09-18 14:47:12,892 [INFO] PluginManager:220 - loadIPPluginJar : add adc
2024-09-18 14:47:12,908 [INFO] IPUIPlugin:80 - create IPUIPlugin
2024-09-18 14:47:12,909 [INFO] PluginManager:220 - loadIPPluginJar : add aes
2024-09-18 14:47:12,928 [INFO] IPUIPlugin:80 - create IPUIPlugin
2024-09-18 14:47:12,929 [INFO] PluginManager:220 - loadIPPluginJar : add can
2024-09-18 14:47:12,943 [INFO] IPUIPlugin:80 - create IPUIPlugin
2024-09-18 14:47:12,943 [INFO] PluginManager:220 - loadIPPluginJar : add comp
2024-09-18 14:47:12,947 [INFO] IPUIPlugin:80 - create IPUIPlugin
2024-09-18 14:47:12,947 [INFO] PluginManager:220 - loadIPPluginJar : add cryp
2024-09-18 14:47:12,969 [INFO] IPUIPlugin:80 - create IPUIPlugin
2024-09-18 14:47:12,969 [INFO] PluginManager:220 - loadIPPluginJar : add dfsdm
2024-09-18 14:47:12,987 [INFO] IPUIPlugin:80 - create IPUIPlugin
2024-09-18 14:47:12,987 [INFO] PluginManager:220 - loadIPPluginJar : add dma
2024-09-18 14:47:12,990 [INFO] IPUIPlugin:80 - create IPUIPlugin
2024-09-18 14:47:12,990 [INFO] PluginManager:220 - loadIPPluginJar : add dma3
2024-09-18 14:47:12,993 [INFO] IPUIPlugin:80 - create IPUIPlugin
2024-09-18 14:47:12,993 [INFO] PluginManager:220 - loadIPPluginJar : add fatfs
2024-09-18 14:47:12,997 [INFO] IPUIPlugin:80 - create IPUIPlugin
2024-09-18 14:47:12,997 [INFO] PluginManager:220 - loadIPPluginJar : add fmc
2024-09-18 14:47:13,022 [INFO] IPUIPlugin:80 - create IPUIPlugin
2024-09-18 14:47:13,023 [INFO] PluginManager:220 - loadIPPluginJar : add freertos
2024-09-18 14:47:13,044 [INFO] IPUIPlugin:80 - create IPUIPlugin
2024-09-18 14:47:13,045 [INFO] PluginManager:220 - loadIPPluginJar : add genericplugin
2024-09-18 14:47:13,059 [INFO] IPUIPlugin:80 - create IPUIPlugin
2024-09-18 14:47:13,060 [INFO] PluginManager:220 - loadIPPluginJar : add gfxmmu
2024-09-18 14:47:13,087 [INFO] IPUIPlugin:80 - create IPUIPlugin
2024-09-18 14:47:13,087 [INFO] PluginManager:220 - loadIPPluginJar : add gic
2024-09-18 14:47:13,094 [INFO] IPUIPlugin:80 - create IPUIPlugin
2024-09-18 14:47:13,094 [INFO] PluginManager:220 - loadIPPluginJar : add gpio
2024-09-18 14:47:13,113 [INFO] IPUIPlugin:80 - create IPUIPlugin
2024-09-18 14:47:13,113 [INFO] PluginManager:220 - loadIPPluginJar : add gtzc
2024-09-18 14:47:13,118 [INFO] IPUIPlugin:80 - create IPUIPlugin
2024-09-18 14:47:13,118 [INFO] PluginManager:220 - loadIPPluginJar : add hash
2024-09-18 14:47:13,131 [INFO] IPUIPlugin:80 - create IPUIPlugin
2024-09-18 14:47:13,131 [INFO] PluginManager:220 - loadIPPluginJar : add i2c
2024-09-18 14:47:13,135 [INFO] IPUIPlugin:80 - create IPUIPlugin
2024-09-18 14:47:13,135 [INFO] PluginManager:220 - loadIPPluginJar : add i2s
2024-09-18 14:47:13,138 [INFO] IPUIPlugin:80 - create IPUIPlugin
2024-09-18 14:47:13,139 [INFO] PluginManager:220 - loadIPPluginJar : add i3c
2024-09-18 14:47:13,143 [INFO] IPUIPlugin:80 - create IPUIPlugin
2024-09-18 14:47:13,143 [INFO] PluginManager:220 - loadIPPluginJar : add ipddr
2024-09-18 14:47:13,161 [INFO] IPUIPlugin:80 - create IPUIPlugin
2024-09-18 14:47:13,161 [INFO] PluginManager:220 - loadIPPluginJar : add linkedlist
2024-09-18 14:47:13,165 [INFO] IPUIPlugin:80 - create IPUIPlugin
2024-09-18 14:47:13,165 [INFO] PluginManager:220 - loadIPPluginJar : add lorawan
2024-09-18 14:47:13,167 [INFO] IPUIPlugin:80 - create IPUIPlugin
2024-09-18 14:47:13,167 [INFO] PluginManager:220 - loadIPPluginJar : add ltdc
2024-09-18 14:47:13,198 [INFO] IPUIPlugin:80 - create IPUIPlugin
2024-09-18 14:47:13,199 [INFO] PluginManager:220 - loadIPPluginJar : add mdma
2024-09-18 14:47:13,215 [INFO] IPUIPlugin:80 - create IPUIPlugin
2024-09-18 14:47:13,215 [INFO] PluginManager:220 - loadIPPluginJar : add nvic
2024-09-18 14:47:13,233 [INFO] IPUIPlugin:80 - create IPUIPlugin
2024-09-18 14:47:13,233 [INFO] PluginManager:220 - loadIPPluginJar : add opamp
2024-09-18 14:47:13,237 [INFO] IPUIPlugin:80 - create IPUIPlugin
2024-09-18 14:47:13,238 [INFO] PluginManager:220 - loadIPPluginJar : add openamp
2024-09-18 14:47:13,242 [INFO] IPUIPlugin:80 - create IPUIPlugin
2024-09-18 14:47:13,242 [INFO] PluginManager:220 - loadIPPluginJar : add pdm2pcm
2024-09-18 14:47:13,247 [INFO] IPUIPlugin:80 - create IPUIPlugin
2024-09-18 14:47:13,249 [INFO] PluginManager:220 - loadIPPluginJar : add plateformsettings
2024-09-18 14:47:13,250 [INFO] IPUIPlugin:80 - create IPUIPlugin
2024-09-18 14:47:13,251 [INFO] PluginManager:220 - loadIPPluginJar : add quadspi
2024-09-18 14:47:13,279 [INFO] IPUIPlugin:80 - create IPUIPlugin
2024-09-18 14:47:13,279 [INFO] PluginManager:220 - loadIPPluginJar : add resmgrutility
2024-09-18 14:47:13,283 [INFO] IPUIPlugin:80 - create IPUIPlugin
2024-09-18 14:47:13,283 [INFO] PluginManager:220 - loadIPPluginJar : add sai
2024-09-18 14:47:13,286 [INFO] IPUIPlugin:80 - create IPUIPlugin
2024-09-18 14:47:13,286 [INFO] PluginManager:220 - loadIPPluginJar : add spi
2024-09-18 14:47:13,309 [INFO] IPUIPlugin:80 - create IPUIPlugin
2024-09-18 14:47:13,309 [INFO] PluginManager:220 - loadIPPluginJar : add stm32_wpan
2024-09-18 14:47:13,311 [INFO] IPUIPlugin:80 - create IPUIPlugin
2024-09-18 14:47:13,311 [INFO] PluginManager:220 - loadIPPluginJar : add tim
2024-09-18 14:47:13,326 [INFO] IPUIPlugin:80 - create IPUIPlugin
2024-09-18 14:47:13,326 [INFO] PluginManager:220 - loadIPPluginJar : add touchsensing
2024-09-18 14:47:13,329 [INFO] IPUIPlugin:80 - create IPUIPlugin
2024-09-18 14:47:13,329 [INFO] PluginManager:220 - loadIPPluginJar : add tracer_emb
2024-09-18 14:47:13,331 [INFO] IPUIPlugin:80 - create IPUIPlugin
2024-09-18 14:47:13,331 [INFO] PluginManager:220 - loadIPPluginJar : add ts
2024-09-18 14:47:13,333 [INFO] IPUIPlugin:80 - create IPUIPlugin
2024-09-18 14:47:13,333 [INFO] PluginManager:220 - loadIPPluginJar : add tsc
2024-09-18 14:47:13,336 [INFO] IPUIPlugin:80 - create IPUIPlugin
2024-09-18 14:47:13,337 [INFO] PluginManager:220 - loadIPPluginJar : add ucpd
2024-09-18 14:47:13,348 [INFO] IPUIPlugin:80 - create IPUIPlugin
2024-09-18 14:47:13,349 [INFO] PluginManager:220 - loadIPPluginJar : add usart
2024-09-18 14:47:13,358 [INFO] IPUIPlugin:80 - create IPUIPlugin
2024-09-18 14:47:13,358 [INFO] PluginManager:220 - loadIPPluginJar : add usbx
2024-09-18 14:47:13,509 [INFO] CADModel:165 - CPN selected for project level
2024-09-18 14:47:13,509 [INFO] CADModel:114 - Register for checkConnection events
2024-09-18 14:47:13,509 [FATAL] Updater:308 - Updater called before beeing initialized
2024-09-18 14:47:13,509 [ERROR] CADModel:125 - Updater not yet initialized, retry later 
2024-09-18 14:47:13,838 [INFO] CADModel:165 - CPN selected for project level
2024-09-18 14:47:13,838 [INFO] CADModel:114 - Register for checkConnection events
2024-09-18 14:47:13,838 [FATAL] Updater:308 - Updater called before beeing initialized
2024-09-18 14:47:13,839 [ERROR] CADModel:125 - Updater not yet initialized, retry later 
2024-09-18 14:47:13,841 [FATAL] Updater:308 - Updater called before beeing initialized
2024-09-18 14:47:13,960 [FATAL] Updater:308 - Updater called before beeing initialized
2024-09-18 14:47:13,964 [INFO] DbMcusAds:53 - JSON generation date=Mon Sep 16 21:40:22 ICT 2024 (1726497622318)
2024-09-18 14:47:13,965 [FATAL] Updater:308 - Updater called before beeing initialized
2024-09-18 14:47:14,063 [WARN] DetailPanel:346 - Failed to get advertising image, set to default
2024-09-18 14:47:14,189 [FATAL] Updater:308 - Updater called before beeing initialized
2024-09-18 14:47:14,191 [FATAL] Updater:308 - Updater called before beeing initialized
2024-09-18 14:47:14,191 [FATAL] Updater:308 - Updater called before beeing initialized
2024-09-18 14:47:14,191 [WARN] DetailPanel:346 - Failed to get advertising image, set to default
2024-09-18 14:47:14,192 [FATAL] Updater:308 - Updater called before beeing initialized
2024-09-18 14:47:14,260 [ERROR] Updater:1120 - MainUpdater not yet initialized. External WinMGr cannot be set.
2024-09-18 14:47:14,261 [INFO] Updater:1056 - Updater Version found : 6.10.0
2024-09-18 14:47:14,278 [INFO] ApplicationProperties:184 - Using Application install path: D:\STM32IDE\STM32CubeIDE_1.14.0\STM32CubeIDE\plugins\com.st.stm32cube.common.mx_6.10.0.202311202037
2024-09-18 14:47:14,695 [INFO] ThirdPartyUpdaterWithRetryManager:70 - Updater plugin not ready yet. [2/15]
2024-09-18 14:47:14,838 [INFO] MainUpdater:2873 - connection check result : 10
2024-09-18 14:47:14,840 [INFO] MainUpdater:290 - Updater Check For Update Now.
2024-09-18 14:47:14,840 [INFO] MicroXplorer:498 - Change Database Version : DB.6.0.100
2024-09-18 14:47:14,875 [INFO] McuFinderGlobals:63 - Set McuFinder mode to 2 (CubeIDE integrated)
2024-09-18 14:47:15,111 [INFO] CheckServerUpdateThread:120 - End of CheckServer Thread
2024-09-18 14:47:15,330 [INFO] UserAuth:404 - Internet connection configuration mode: 1
2024-09-18 14:47:15,465 [INFO] JxBrowserEngine:152 - Initiate JxBrowser Engine with user profile folder
2024-09-18 14:47:17,885 [INFO] WebApp:161 - Instantiating new browser for Auth
2024-09-18 14:47:18,659 [WARN] PackLoader:240 - Cannot read IP mode file for STMicroelectronics.FP-SNS-MOTENVWB1.1.4.0
2024-09-18 14:47:18,691 [WARN] PackLoader:240 - Cannot read IP mode file for STMicroelectronics.X-CUBE-SMBUS.2.1.0
2024-09-18 14:47:18,700 [WARN] PackLoader:240 - Cannot read IP mode file for STMicroelectronics.X-CUBE-TOUCHGFX.4.23.0
2024-09-18 14:47:18,755 [WARN] PackLoader:240 - Cannot read IP mode file for STMicroelectronics.X-CUBE-AZRTOS-F7.1.1.0
2024-09-18 14:47:18,773 [WARN] PackLoader:240 - Cannot read IP mode file for STMicroelectronics.FP-SNS-MOTENV1.4.3.2
2024-09-18 14:47:18,913 [WARN] PackLoader:240 - Cannot read IP mode file for STMicroelectronics.X-CUBE-MEMS1.11.0.0
2024-09-18 14:47:19,139 [WARN] PackLoader:240 - Cannot read IP mode file for STMicroelectronics.FP-SNS-FLIGHT1.5.0.2
2024-09-18 14:47:19,149 [WARN] PackLoader:240 - Cannot read IP mode file for STMicroelectronics.X-CUBE-DISPLAY.3.0.0
2024-09-18 14:47:19,162 [WARN] PackLoader:240 - Cannot read IP mode file for STMicroelectronics.X-CUBE-BLE1.7.0.0
2024-09-18 14:47:19,170 [WARN] PackLoader:240 - Cannot read IP mode file for emotas.I-CUBE-CANOPEN.1.3.0
2024-09-18 14:47:19,185 [WARN] PackLoader:240 - Cannot read IP mode file for STMicroelectronics.X-CUBE-BLEMGR.3.1.0
2024-09-18 14:47:19,224 [WARN] PackLoader:240 - Cannot read IP mode file for STMicroelectronics.FP-SNS-SMARTAG2.1.2.0
2024-09-18 14:47:19,246 [INFO] LogOutputStream:77 - [STDOUT_REDIRECT] 1 : Invalid condition id : UX_CORESTACK_Condition cause : null
2024-09-18 14:47:19,247 [INFO] LogOutputStream:77 - [STDOUT_REDIRECT] 1 : Invalid condition id : UX_CORESTACK_Condition cause : null
2024-09-18 14:47:19,249 [INFO] LogOutputStream:77 - [STDOUT_REDIRECT] 1 : Invalid condition id : UX_CORESTACK_Condition cause : null
2024-09-18 14:47:19,250 [INFO] LogOutputStream:77 - [STDOUT_REDIRECT] 1 : Invalid condition id : UX_CORESTACK_Condition cause : null
2024-09-18 14:47:19,253 [INFO] LogOutputStream:77 - [STDOUT_REDIRECT] 1 : Invalid condition id : UX_CORESTACK_Condition cause : null
2024-09-18 14:47:19,258 [WARN] PackLoader:240 - Cannot read IP mode file for STMicroelectronics.X-CUBE-AZRTOS-WL.2.0.0
2024-09-18 14:47:19,266 [WARN] PackLoader:240 - Cannot read IP mode file for STMicroelectronics.FP-SNS-MOTENV1.5.0.0
2024-09-18 14:47:19,275 [WARN] PackLoader:240 - Cannot read IP mode file for wolfSSL.I-CUBE-wolfMQTT.1.19.0
2024-09-18 14:47:19,276 [INFO] WebApp:780 - Register for checkConnection events
2024-09-18 14:47:19,277 [INFO] WebApp:414 - Apply proxy settings
2024-09-18 14:47:19,277 [INFO] WebApp:499 - Chromium requires no authentication
2024-09-18 14:47:19,288 [WARN] PackLoader:240 - Cannot read IP mode file for WES.I-CUBE-Cesium.1.3.0
2024-09-18 14:47:19,290 [INFO] WebApp:442 - Direct internet connection detected
2024-09-18 14:47:19,296 [WARN] PackLoader:240 - Cannot read IP mode file for STMicroelectronics.X-CUBE-BLE2.3.3.0
2024-09-18 14:47:19,307 [WARN] PackLoader:240 - Cannot read IP mode file for STMicroelectronics.X-CUBE-TCPP.4.1.0
2024-09-18 14:47:19,317 [WARN] PackLoader:240 - Cannot read IP mode file for STMicroelectronics.X-CUBE-ALGOBUILD.1.3.0
2024-09-18 14:47:19,340 [WARN] PackLoader:240 - Cannot read IP mode file for STMicroelectronics.X-CUBE-AZRTOS-G0.1.1.0
2024-09-18 14:47:19,350 [WARN] PackLoader:240 - Cannot read IP mode file for STMicroelectronics.X-CUBE-SAFEA1.1.2.2
2024-09-18 14:47:19,359 [WARN] PackLoader:240 - Cannot read IP mode file for STMicroelectronics.X-CUBE-NFC4.3.0.0
2024-09-18 14:47:19,373 [WARN] PackLoader:240 - Cannot read IP mode file for EmbeddedOffice.I-CUBE-FS-RTOS.1.0.1
2024-09-18 14:47:19,374 [ERROR] ConditionMgr:805 - Attr not supported : Dmpu
2024-09-18 14:47:19,374 [ERROR] ConditionMgr:805 - Attr not supported : Dmpu
2024-09-18 14:47:19,374 [ERROR] ConditionMgr:805 - Attr not supported : Dmpu
2024-09-18 14:47:19,374 [ERROR] ConditionMgr:805 - Attr not supported : Dmpu
2024-09-18 14:47:19,374 [ERROR] ConditionMgr:805 - Attr not supported : Dmpu
2024-09-18 14:47:19,374 [ERROR] ConditionMgr:805 - Attr not supported : Dmpu
2024-09-18 14:47:19,374 [ERROR] ConditionMgr:805 - Attr not supported : Dmpu
2024-09-18 14:47:19,375 [ERROR] ConditionMgr:805 - Attr not supported : Dmpu
2024-09-18 14:47:19,375 [ERROR] ConditionMgr:805 - Attr not supported : Dmpu
2024-09-18 14:47:19,375 [ERROR] ConditionMgr:805 - Attr not supported : Dmpu
2024-09-18 14:47:19,375 [ERROR] ConditionMgr:805 - Attr not supported : Dmpu
2024-09-18 14:47:19,375 [ERROR] ConditionMgr:805 - Attr not supported : Dmpu
2024-09-18 14:47:19,375 [ERROR] ConditionMgr:805 - Attr not supported : Dmpu
2024-09-18 14:47:19,375 [ERROR] ConditionMgr:805 - Attr not supported : Dmpu
2024-09-18 14:47:19,375 [ERROR] ConditionMgr:805 - Attr not supported : Dmpu
2024-09-18 14:47:19,375 [ERROR] ConditionMgr:805 - Attr not supported : Dmpu
2024-09-18 14:47:19,375 [ERROR] ConditionMgr:805 - Attr not supported : Dmpu
2024-09-18 14:47:19,375 [ERROR] ConditionMgr:805 - Attr not supported : Dmpu
2024-09-18 14:47:19,376 [ERROR] ConditionMgr:805 - Attr not supported : Dmpu
2024-09-18 14:47:19,376 [ERROR] ConditionMgr:805 - Attr not supported : Dmpu
2024-09-18 14:47:19,376 [ERROR] ConditionMgr:805 - Attr not supported : Dmpu
2024-09-18 14:47:19,376 [ERROR] ConditionMgr:805 - Attr not supported : Dmpu
2024-09-18 14:47:19,376 [ERROR] ConditionMgr:805 - Attr not supported : Dmpu
2024-09-18 14:47:19,376 [ERROR] ConditionMgr:805 - Attr not supported : Dmpu
2024-09-18 14:47:19,376 [ERROR] ConditionMgr:805 - Attr not supported : Dmpu
2024-09-18 14:47:19,376 [ERROR] ConditionMgr:805 - Attr not supported : Dmpu
2024-09-18 14:47:19,376 [ERROR] ConditionMgr:805 - Attr not supported : Dmpu
2024-09-18 14:47:19,376 [ERROR] ConditionMgr:805 - Attr not supported : Dmpu
2024-09-18 14:47:19,377 [ERROR] ConditionMgr:805 - Attr not supported : Dmpu
2024-09-18 14:47:19,377 [ERROR] ConditionMgr:805 - Attr not supported : Dmpu
2024-09-18 14:47:19,377 [ERROR] ConditionMgr:805 - Attr not supported : Dmpu
2024-09-18 14:47:19,377 [ERROR] ConditionMgr:805 - Attr not supported : Dmpu
2024-09-18 14:47:19,377 [ERROR] ConditionMgr:805 - Attr not supported : Dmpu
2024-09-18 14:47:19,377 [ERROR] ConditionMgr:805 - Attr not supported : Dmpu
2024-09-18 14:47:19,377 [ERROR] ConditionMgr:805 - Attr not supported : Dmpu
2024-09-18 14:47:19,377 [ERROR] ConditionMgr:805 - Attr not supported : Dmpu
2024-09-18 14:47:19,377 [ERROR] ConditionMgr:805 - Attr not supported : Dmpu
2024-09-18 14:47:19,377 [ERROR] ConditionMgr:805 - Attr not supported : Dmpu
2024-09-18 14:47:19,378 [ERROR] ConditionMgr:805 - Attr not supported : Dmpu
2024-09-18 14:47:19,378 [ERROR] ConditionMgr:805 - Attr not supported : Dmpu
2024-09-18 14:47:19,378 [ERROR] ConditionMgr:805 - Attr not supported : Dmpu
2024-09-18 14:47:19,378 [ERROR] ConditionMgr:805 - Attr not supported : Dmpu
2024-09-18 14:47:19,378 [ERROR] ConditionMgr:805 - Attr not supported : Dmpu
2024-09-18 14:47:19,378 [ERROR] ConditionMgr:805 - Attr not supported : Dmpu
2024-09-18 14:47:19,378 [ERROR] ConditionMgr:805 - Attr not supported : Dmpu
2024-09-18 14:47:19,378 [ERROR] ConditionMgr:805 - Attr not supported : Dmpu
2024-09-18 14:47:19,378 [ERROR] ConditionMgr:805 - Attr not supported : Dmpu
2024-09-18 14:47:19,378 [ERROR] ConditionMgr:805 - Attr not supported : Dmpu
2024-09-18 14:47:19,378 [ERROR] ConditionMgr:805 - Attr not supported : Dmpu
2024-09-18 14:47:19,379 [ERROR] ConditionMgr:805 - Attr not supported : Dmpu
2024-09-18 14:47:19,379 [ERROR] ConditionMgr:805 - Attr not supported : Dmpu
2024-09-18 14:47:19,379 [ERROR] ConditionMgr:805 - Attr not supported : Dmpu
2024-09-18 14:47:19,379 [ERROR] ConditionMgr:805 - Attr not supported : Dmpu
2024-09-18 14:47:19,379 [ERROR] ConditionMgr:805 - Attr not supported : Dmpu
2024-09-18 14:47:19,379 [ERROR] ConditionMgr:805 - Attr not supported : Dmpu
2024-09-18 14:47:19,379 [ERROR] ConditionMgr:805 - Attr not supported : Dmpu
2024-09-18 14:47:19,379 [ERROR] ConditionMgr:805 - Attr not supported : Dmpu
2024-09-18 14:47:19,379 [ERROR] ConditionMgr:805 - Attr not supported : Dmpu
2024-09-18 14:47:19,379 [ERROR] ConditionMgr:805 - Attr not supported : Dmpu
2024-09-18 14:47:19,379 [ERROR] ConditionMgr:805 - Attr not supported : Dmpu
2024-09-18 14:47:19,379 [ERROR] ConditionMgr:805 - Attr not supported : Dmpu
2024-09-18 14:47:19,379 [ERROR] ConditionMgr:805 - Attr not supported : Dmpu
2024-09-18 14:47:19,380 [ERROR] ConditionMgr:805 - Attr not supported : Dmpu
2024-09-18 14:47:19,380 [ERROR] ConditionMgr:805 - Attr not supported : Dmpu
2024-09-18 14:47:19,390 [WARN] PackLoader:240 - Cannot read IP mode file for STMicroelectronics.X-CUBE-BLEMGR.3.0.0
2024-09-18 14:47:19,399 [WARN] PackLoader:240 - Cannot read IP mode file for RealThread.X-CUBE-RT-Thread_Nano.4.1.1
2024-09-18 14:47:19,406 [WARN] PackLoader:240 - Cannot read IP mode file for STMicroelectronics.FP-ATR-SIGFOX1.3.2.0
2024-09-18 14:47:19,415 [WARN] PackLoader:240 - Cannot read IP mode file for STMicroelectronics.X-CUBE-EEPRMA1.5.1.0
2024-09-18 14:47:19,471 [WARN] PackLoader:240 - Cannot read IP mode file for SEGGER.I-CUBE-embOS.1.3.1
2024-09-18 14:47:19,532 [WARN] PackLoader:240 - Cannot read IP mode file for STMicroelectronics.X-CUBE-ALGOBUILD.1.4.0
2024-09-18 14:47:19,540 [WARN] PackLoader:240 - Cannot read IP mode file for STMicroelectronics.X-CUBE-GNSS1.6.0.0
2024-09-18 14:47:19,565 [WARN] PackLoader:240 - Cannot read IP mode file for STMicroelectronics.X-CUBE-AZRTOS-F4.1.1.0
2024-09-18 14:47:19,577 [WARN] PackLoader:240 - Cannot read IP mode file for STMicroelectronics.X-CUBE-ISPU.2.1.0
2024-09-18 14:47:19,592 [WARN] PackLoader:240 - Cannot read IP mode file for STMicroelectronics.X-CUBE-FREERTOS.1.2.0
2024-09-18 14:47:19,599 [WARN] PackLoader:240 - Cannot read IP mode file for wolfSSL.I-CUBE-wolfSSL.5.6.6
2024-09-18 14:47:19,601 [INFO] WebApp:192 - Starting web application
2024-09-18 14:47:19,601 [INFO] WebApp:544 - Web application path used D:\STM32IDE\STM32CubeIDE_1.14.0\STM32CubeIDE\plugins\com.st.stm32cube.common.mx_6.10.0.202311202037\db\plugins\mcufinder\reactClient1\index.html
2024-09-18 14:47:19,624 [WARN] PackLoader:240 - Cannot read IP mode file for STMicroelectronics.X-CUBE-AZRTOS-L5.2.0.0
2024-09-18 14:47:19,635 [WARN] PackLoader:240 - Cannot read IP mode file for STMicroelectronics.X-CUBE-EEPRMA1.4.2.0
2024-09-18 14:47:19,660 [WARN] PackLoader:240 - Cannot read IP mode file for STMicroelectronics.X-CUBE-NFC6.3.1.0
2024-09-18 14:47:19,686 [WARN] PackLoader:240 - Cannot read IP mode file for ITTIA_DB.I-CUBE-ITTIADB.8.8.0
2024-09-18 14:47:19,714 [WARN] PackLoader:240 - Cannot read IP mode file for STMicroelectronics.X-CUBE-DPower.1.2.0
2024-09-18 14:47:19,725 [WARN] PackLoader:240 - Cannot read IP mode file for STMicroelectronics.X-CUBE-AI.9.0.0
2024-09-18 14:47:19,734 [WARN] PackLoader:240 - Cannot read IP mode file for STMicroelectronics.X-CUBE-NFC7.1.0.1
2024-09-18 14:47:19,747 [WARN] PackLoader:240 - Cannot read IP mode file for wolfSSL.I-CUBE-wolfTPM.3.2.0
2024-09-18 14:47:19,757 [WARN] PackLoader:240 - Cannot read IP mode file for STMicroelectronics.X-CUBE-NFC6.3.0.0
2024-09-18 14:47:19,766 [WARN] PackLoader:240 - Cannot read IP mode file for STMicroelectronics.X-CUBE-AI.8.1.0
2024-09-18 14:47:19,800 [WARN] ConditionMgr:438 - getConditionDescription Invalid condition id : LAN8742 Phy interface Condition cause : null
2024-09-18 14:47:19,801 [WARN] PackLoader:240 - Cannot read IP mode file for STMicroelectronics.X-CUBE-AZRTOS-L4.2.0.0
2024-09-18 14:47:19,804 [WARN] ConditionMgr:1039 - genDependencies : Invalid condition id : LAN8742 Phy interface Condition cause : null
2024-09-18 14:47:19,805 [WARN] ConditionMgr:1039 - genDependencies : Invalid condition id : LAN8742 Phy interface Condition cause : null
2024-09-18 14:47:19,806 [WARN] ConditionMgr:1039 - genDependencies : Invalid condition id : LAN8742 Phy interface Condition cause : null
2024-09-18 14:47:19,823 [WARN] PackLoader:240 - Cannot read IP mode file for STMicroelectronics.X-CUBE-SFXS2LP1.4.0.0
2024-09-18 14:47:19,863 [WARN] PackLoader:240 - Cannot read IP mode file for STMicroelectronics.X-CUBE-AZRTOS-H7.3.3.0
2024-09-18 14:47:19,896 [WARN] ConditionMgr:438 - getConditionDescription Invalid condition id : UX DEVICE CLASS RTOS Condition cause : null
2024-09-18 14:47:19,896 [WARN] ConditionMgr:438 - getConditionDescription Invalid condition id : UX DEVICE CLASS RTOS Condition cause : null
2024-09-18 14:47:19,899 [WARN] PackLoader:240 - Cannot read IP mode file for STMicroelectronics.X-CUBE-AZRTOS-WB.2.0.0
2024-09-18 14:47:19,900 [WARN] ConditionMgr:1039 - genDependencies : Invalid condition id : UX DEVICE CLASS RTOS Condition cause : null
2024-09-18 14:47:19,901 [WARN] ConditionMgr:1039 - genDependencies : Invalid condition id : UX DEVICE CLASS RTOS Condition cause : null
2024-09-18 14:47:19,901 [WARN] ConditionMgr:1039 - genDependencies : Invalid condition id : UX DEVICE CLASS RTOS Condition cause : null
2024-09-18 14:47:19,902 [WARN] ConditionMgr:1039 - genDependencies : Invalid condition id : UX DEVICE CLASS RTOS Condition cause : null
2024-09-18 14:47:19,902 [WARN] ConditionMgr:1039 - genDependencies : Invalid condition id : UX DEVICE CLASS RTOS Condition cause : null
2024-09-18 14:47:19,909 [WARN] PackLoader:240 - Cannot read IP mode file for STMicroelectronics.X-CUBE-GNSS1.7.0.0
2024-09-18 14:47:19,929 [WARN] PackLoader:240 - Cannot read IP mode file for STMicroelectronics.FP-SNS-STBOX1.2.0.0
2024-09-18 14:47:19,953 [WARN] PackLoader:240 - Cannot read IP mode file for STMicroelectronics.X-CUBE-SUBG2.5.0.0
2024-09-18 14:47:19,968 [WARN] PackLoader:240 - Cannot read IP mode file for Cesanta.I-CUBE-Mongoose.7.13.0
2024-09-18 14:47:20,008 [WARN] PackLoader:240 - Cannot read IP mode file for STMicroelectronics.X-CUBE-AZRTOS-G4.2.0.0
2024-09-18 14:47:20,057 [WARN] PackLoader:240 - Cannot read IP mode file for Infineon.AIROC-Wi-Fi-Bluetooth-STM32.1.5.1
2024-09-18 14:47:20,110 [WARN] PackLoader:240 - Cannot read IP mode file for STMicroelectronics.FP-SNS-MOTENVWB1.1.3.1
2024-09-18 14:47:20,116 [WARN] PackLoader:240 - Cannot read IP mode file for STMicroelectronics.X-CUBE-ISPU.2.0.0
2024-09-18 14:47:20,122 [WARN] PackLoader:240 - Cannot read IP mode file for STMicroelectronics.X-CUBE-ALS.1.0.2
2024-09-18 14:47:20,266 [WARN] PackLoader:240 - Cannot read IP mode file for STMicroelectronics.X-CUBE-MEMS1.10.0.0
2024-09-18 14:47:20,475 [WARN] PackLoader:240 - Cannot read IP mode file for STMicroelectronics.X-CUBE-FREERTOS.1.1.0
2024-09-18 14:47:20,481 [WARN] PackLoader:240 - Cannot read IP mode file for STMicroelectronics.X-CUBE-TOUCHGFX.4.24.0
2024-09-18 14:47:20,489 [WARN] PackLoader:240 - Cannot read IP mode file for portGmbH.I-Cube-SoM-uGOAL.1.1.0
2024-09-18 14:47:20,494 [WARN] PackLoader:240 - Cannot read IP mode file for STMicroelectronics.X-CUBE-ALS.1.0.1
2024-09-18 14:47:20,521 [WARN] PackLoader:240 - Cannot read IP mode file for STMicroelectronics.X-CUBE-AZRTOS-H7RS.1.0.0
2024-09-18 14:47:20,530 [WARN] PackLoader:240 - Cannot read IP mode file for STMicroelectronics.FP-ATR-ASTRA1.2.0.0
2024-09-18 14:47:20,549 [WARN] PackLoader:240 - Cannot read IP mode file for STMicroelectronics.X-CUBE-TOF1.3.4.2
2024-09-18 14:47:20,573 [WARN] PackLoader:240 - Cannot read IP mode file for STMicroelectronics.X-CUBE-TOF1.3.4.0
2024-09-18 14:47:20,620 [WARN] PackLoader:240 - Cannot read IP mode file for STMicroelectronics.X-CUBE-TOF1.3.4.1
2024-09-18 14:47:20,655 [WARN] PackLoader:240 - Cannot read IP mode file for STMicroelectronics.X-CUBE-AZRTOS-H7.3.2.0
2024-09-18 14:47:20,666 [WARN] PackLoader:240 - Cannot read IP mode file for wolfSSL.I-CUBE-wolfSSH.1.4.17
2024-09-18 14:47:20,666 [INFO] ThirdParty:978 - Integrity check success = true
2024-09-18 14:47:20,666 [INFO] IntegrityCheckThread:100 - exiting critical section [integrity check]
2024-09-18 14:47:20,666 [INFO] IntegrityCheckThread:103 - End integrity checks thread
2024-09-18 14:47:21,566 [ERROR] LogOutputStream:75 - [STDERR_REDIRECT] Sep 18, 2024 2:47:21 PM org.glassfish.grizzly.http.server.NetworkListener start
2024-09-18 14:47:21,568 [ERROR] LogOutputStream:75 - [STDERR_REDIRECT] INFO: Started listener bound to [localhost:1595]
2024-09-18 14:47:21,568 [ERROR] LogOutputStream:75 - [STDERR_REDIRECT] 
2024-09-18 14:47:21,570 [ERROR] LogOutputStream:75 - [STDERR_REDIRECT] Sep 18, 2024 2:47:21 PM org.glassfish.grizzly.http.server.HttpServer start
2024-09-18 14:47:21,571 [ERROR] LogOutputStream:75 - [STDERR_REDIRECT] INFO: [HttpServer] Started.
2024-09-18 14:47:21,571 [ERROR] LogOutputStream:75 - [STDERR_REDIRECT] 
2024-09-18 15:14:45,344 [ERROR] LogOutputStream:75 - [STDERR_REDIRECT] 
2024-09-18 15:14:45,367 [ERROR] LogOutputStream:75 - [STDERR_REDIRECT] 
