2024-08-26 15:13:23,845 [INFO] Activator:176 - 


2024-08-26 15:13:23,866 [INFO] Activator:177 - !SESSION log4j initialized
2024-08-26 15:13:35,444 [INFO] LogOutputStream:77 - [STDOUT_REDIRECT] 
2024-08-26 15:13:39,229 [INFO] ApplicationProperties:184 - Using Application install path: D:\STM32IDE\STM32CubeIDE_1.14.0\STM32CubeIDE\plugins\com.st.stm32cube.common.mx_6.10.0.202311202037
2024-08-26 15:13:39,351 [INFO] DbMcusXml:78 - Set database path to: D:\STM32IDE\STM32CubeIDE_1.14.0\STM32CubeIDE\plugins\com.st.stm32cube.common.mx_6.10.0.202311202037\\db\/mcu/
2024-08-26 15:13:39,351 [INFO] ApiDb:274 - Set plugin database path to: D:\STM32IDE\STM32CubeIDE_1.14.0\STM32CubeIDE\plugins\com.st.stm32cube.common.mx_6.10.0.202311202037\\db\/plugins/boardmanager/
2024-08-26 15:13:39,385 [WARN] ApiDb:259 - Overriding images path with different value:  => D:\STM32IDE\STM32CubeIDE_1.14.0\STM32CubeIDE\plugins\com.st.stm32cube.common.mx_6.10.0.202311202037\\db\/plugins/mcufinder/images/
2024-08-26 15:13:39,519 [INFO] ApiDb:250 - Set database path to: C:\Users\Kingj\.stmcufinder\plugins\mcufinder//mcu/
2024-08-26 15:13:39,522 [INFO] DbMcusAds:125 - Set database path to: C:\Users\Kingj\.stmcufinder\plugins\mcufinder//mcu/
2024-08-26 15:13:39,526 [INFO] CrossReferenceDbSqlite:203 - Set database path to: C:\Users\Kingj\.stmcufinder\plugins\mcufinder//mcu/cs/
2024-08-26 15:13:39,765 [INFO] RulesReader:64 - Compatibility file has been processed (297 Rules)
2024-08-26 15:13:39,941 [INFO] DbMcusXml:78 - Set database path to: D:\STM32IDE\STM32CubeIDE_1.14.0\STM32CubeIDE\plugins\com.st.stm32cube.common.mx_6.10.0.202311202037\\db\/mcu/
2024-08-26 15:13:39,941 [INFO] ApiDb:274 - Set plugin database path to: D:\STM32IDE\STM32CubeIDE_1.14.0\STM32CubeIDE\plugins\com.st.stm32cube.common.mx_6.10.0.202311202037\\db\/plugins/boardmanager/
2024-08-26 15:13:39,942 [INFO] ApiDb:261 - Set plugin images path to: D:\STM32IDE\STM32CubeIDE_1.14.0\STM32CubeIDE\plugins\com.st.stm32cube.common.mx_6.10.0.202311202037\\db\/plugins/mcufinder/images/
2024-08-26 15:13:39,942 [WARN] DbFile:41 - Overriding database path with different value: C:\Users\Kingj\.stmcufinder\plugins\mcufinder/ => C:\Users\Kingj\.stmcufinder\plugins\mcufinder
2024-08-26 15:13:39,942 [INFO] ApiDb:250 - Set database path to: C:\Users\Kingj\.stmcufinder\plugins\mcufinder//mcu/
2024-08-26 15:13:39,942 [WARN] DbFile:41 - Overriding database path with different value: C:\Users\Kingj\.stmcufinder\plugins\mcufinder/ => C:\Users\Kingj\.stmcufinder\plugins\mcufinder
2024-08-26 15:13:39,942 [INFO] DbMcusAds:125 - Set database path to: C:\Users\Kingj\.stmcufinder\plugins\mcufinder//mcu/
2024-08-26 15:13:39,942 [WARN] DbFile:41 - Overriding database path with different value: C:\Users\Kingj\.stmcufinder\plugins\mcufinder/ => C:\Users\Kingj\.stmcufinder\plugins\mcufinder
2024-08-26 15:13:39,942 [WARN] DbFile:41 - Overriding database path with different value: C:\Users\Kingj\.stmcufinder\plugins\mcufinder/ => C:\Users\Kingj\.stmcufinder\plugins\mcufinder
2024-08-26 15:13:39,942 [INFO] CrossReferenceDbSqlite:203 - Set database path to: C:\Users\Kingj\.stmcufinder\plugins\mcufinder//mcu/cs/
2024-08-26 15:13:40,076 [INFO] MainPanel:264 - HeapMemory: 268435456
2024-08-26 15:13:40,265 [INFO] DbMcusXml:78 - Set database path to: D:\STM32IDE\STM32CubeIDE_1.14.0\STM32CubeIDE\plugins\com.st.stm32cube.common.mx_6.10.0.202311202037\\db\/mcu/
2024-08-26 15:13:40,266 [INFO] ApiDb:274 - Set plugin database path to: D:\STM32IDE\STM32CubeIDE_1.14.0\STM32CubeIDE\plugins\com.st.stm32cube.common.mx_6.10.0.202311202037\\db\/plugins/boardmanager/
2024-08-26 15:13:40,266 [INFO] ApiDb:261 - Set plugin images path to: D:\STM32IDE\STM32CubeIDE_1.14.0\STM32CubeIDE\plugins\com.st.stm32cube.common.mx_6.10.0.202311202037\\db\/plugins/mcufinder/images/
2024-08-26 15:13:40,266 [WARN] DbFile:41 - Overriding database path with different value: C:\Users\Kingj\.stmcufinder\plugins\mcufinder/ => C:\Users\Kingj\.stmcufinder\plugins\mcufinder
2024-08-26 15:13:40,266 [INFO] ApiDb:250 - Set database path to: C:\Users\Kingj\.stmcufinder\plugins\mcufinder//mcu/
2024-08-26 15:13:40,266 [WARN] DbFile:41 - Overriding database path with different value: C:\Users\Kingj\.stmcufinder\plugins\mcufinder/ => C:\Users\Kingj\.stmcufinder\plugins\mcufinder
2024-08-26 15:13:40,266 [INFO] DbMcusAds:125 - Set database path to: C:\Users\Kingj\.stmcufinder\plugins\mcufinder//mcu/
2024-08-26 15:13:40,266 [WARN] DbFile:41 - Overriding database path with different value: C:\Users\Kingj\.stmcufinder\plugins\mcufinder/ => C:\Users\Kingj\.stmcufinder\plugins\mcufinder
2024-08-26 15:13:40,266 [WARN] DbFile:41 - Overriding database path with different value: C:\Users\Kingj\.stmcufinder\plugins\mcufinder/ => C:\Users\Kingj\.stmcufinder\plugins\mcufinder
2024-08-26 15:13:40,267 [INFO] CrossReferenceDbSqlite:203 - Set database path to: C:\Users\Kingj\.stmcufinder\plugins\mcufinder//mcu/cs/
2024-08-26 15:13:40,289 [INFO] ApplicationProperties:184 - Using Application install path: D:\STM32IDE\STM32CubeIDE_1.14.0\STM32CubeIDE\plugins\com.st.stm32cube.common.mx_6.10.0.202311202037
2024-08-26 15:13:40,291 [INFO] PluginManage:196 - Search for loadable plugins [exclusion list=, ]
2024-08-26 15:13:40,293 [INFO] PluginManage:310 - Check plugin analytics
2024-08-26 15:13:40,573 [INFO] AnalyticsPlugin:253 - Accepted Software Licenses: STM32CubeMX.6.10.0
2024-08-26 15:13:40,573 [INFO] AnalyticsPlugin:255 - Accepted CMSIS Pack Licenses: 
2024-08-26 15:13:40,573 [INFO] AnalyticsPlugin:257 - Accepted Firmware Licenses: FW.F4.1.28.0
2024-08-26 15:13:40,578 [INFO] PluginManage:359 - Loaded plugin analytics (category:tool,tabindex:-1)
2024-08-26 15:13:40,579 [INFO] PluginManage:310 - Check plugin cadmodel
2024-08-26 15:13:40,623 [INFO] CADModel:105 - Init CAD model plugin
2024-08-26 15:13:40,623 [INFO] PluginManage:359 - Loaded plugin cadmodel (category:power,tabindex:5)
2024-08-26 15:13:40,623 [INFO] PluginManage:310 - Check plugin clock
2024-08-26 15:13:40,726 [INFO] PluginManage:359 - Loaded plugin clock (category:base,tabindex:2)
2024-08-26 15:13:40,727 [INFO] PluginManage:310 - Check plugin ddr
2024-08-26 15:13:40,747 [INFO] PluginManage:359 - Loaded plugin ddr (category:tool,tabindex:6)
2024-08-26 15:13:40,748 [INFO] PluginManage:310 - Check plugin filemanager
2024-08-26 15:13:41,236 [INFO] PluginManage:359 - Loaded plugin filemanager (category:base,tabindex:10)
2024-08-26 15:13:41,236 [INFO] PluginManage:310 - Check plugin ipmanager
2024-08-26 15:13:41,255 [INFO] PluginManage:359 - Loaded plugin ipmanager (category:base,tabindex:5)
2024-08-26 15:13:41,255 [INFO] PluginManage:310 - Check plugin lpbam
2024-08-26 15:13:41,306 [INFO] PluginManage:359 - Loaded plugin lpbam (category:base,tabindex:0)
2024-08-26 15:13:41,306 [INFO] PluginManage:310 - Check plugin memorymap
2024-08-26 15:13:41,377 [INFO] PluginManage:359 - Loaded plugin memorymap (category:base,tabindex:4)
2024-08-26 15:13:41,377 [INFO] PluginManage:310 - Check plugin pinoutandconfiguration
2024-08-26 15:13:41,403 [INFO] PluginManage:359 - Loaded plugin pinoutandconfiguration (category:base,tabindex:1)
2024-08-26 15:13:41,404 [INFO] PluginManage:310 - Check plugin pinoutconfig
2024-08-26 15:13:41,534 [WARN] SupportedApi:132 - Cannot load RTOS API schema: s4s-elt-must-match.1: The content of 'definitions' must match (annotation?, (simpleType | complexType)?, (unique | key | keyref)*)). A problem was found starting at: attribute.
2024-08-26 15:13:41,680 [INFO] PluginManage:359 - Loaded plugin pinoutconfig (category:base,tabindex:0)
2024-08-26 15:13:41,680 [INFO] PluginManage:310 - Check plugin power
2024-08-26 15:13:41,751 [INFO] PluginManage:359 - Loaded plugin power (category:power,tabindex:4)
2024-08-26 15:13:41,752 [INFO] PluginManage:310 - Check plugin projectmanager
2024-08-26 15:13:41,800 [INFO] PluginManage:359 - Loaded plugin projectmanager (category:projectmanager,tabindex:3)
2024-08-26 15:13:41,800 [INFO] PluginManage:310 - Check plugin thirdparty
2024-08-26 15:13:42,243 [INFO] PluginManage:359 - Loaded plugin thirdparty (category:base,tabindex:-1)
2024-08-26 15:13:42,243 [WARN] IntegrityCheckThread:84 - waiting for thirdparty lock release [integrity check]
2024-08-26 15:13:42,243 [INFO] PluginManage:310 - Check plugin tools
2024-08-26 15:13:42,262 [INFO] IntegrityCheckThread:86 - entering critical section [integrity check]
2024-08-26 15:13:42,263 [INFO] ThirdPartyUpdaterWithRetryManager:70 - Updater plugin not ready yet. [1/15]
2024-08-26 15:13:42,284 [INFO] PluginManage:359 - Loaded plugin tools (category:base,tabindex:7)
2024-08-26 15:13:42,285 [INFO] PluginManage:310 - Check plugin tutovideos
2024-08-26 15:13:42,602 [INFO] PluginManage:359 - Loaded plugin tutovideos (category:base,tabindex:-1)
2024-08-26 15:13:42,602 [INFO] PluginManage:310 - Check plugin updater
2024-08-26 15:13:42,657 [INFO] PluginManage:359 - Loaded plugin updater (category:base,tabindex:12)
2024-08-26 15:13:42,657 [INFO] PluginManage:310 - Check plugin userauth
2024-08-26 15:13:42,679 [INFO] UserAuth:114 - Init User Auth plugin
2024-08-26 15:13:42,679 [INFO] PluginManage:359 - Loaded plugin userauth (category:base,tabindex:14)
2024-08-26 15:13:42,680 [INFO] PluginManage:283 - PluginManage : Loaded plugins [17]
2024-08-26 15:13:43,193 [INFO] PinOutPanel:1499 - setPackage(No Configuration,No Configuration)
2024-08-26 15:13:43,374 [INFO] CADModel:165 - CPN selected for project level
2024-08-26 15:13:43,374 [INFO] CADModel:114 - Register for checkConnection events
2024-08-26 15:13:43,462 [INFO] IPUIPlugin:80 - create IPUIPlugin
2024-08-26 15:13:43,462 [INFO] PluginManager:220 - loadIPPluginJar : add adc
2024-08-26 15:13:43,465 [INFO] IPUIPlugin:80 - create IPUIPlugin
2024-08-26 15:13:43,465 [INFO] PluginManager:220 - loadIPPluginJar : add aes
2024-08-26 15:13:43,468 [INFO] IPUIPlugin:80 - create IPUIPlugin
2024-08-26 15:13:43,469 [INFO] PluginManager:220 - loadIPPluginJar : add can
2024-08-26 15:13:43,484 [INFO] IPUIPlugin:80 - create IPUIPlugin
2024-08-26 15:13:43,484 [INFO] PluginManager:220 - loadIPPluginJar : add comp
2024-08-26 15:13:43,495 [INFO] IPUIPlugin:80 - create IPUIPlugin
2024-08-26 15:13:43,496 [INFO] PluginManager:220 - loadIPPluginJar : add cryp
2024-08-26 15:13:43,511 [INFO] IPUIPlugin:80 - create IPUIPlugin
2024-08-26 15:13:43,511 [INFO] PluginManager:220 - loadIPPluginJar : add dfsdm
2024-08-26 15:13:43,530 [INFO] IPUIPlugin:80 - create IPUIPlugin
2024-08-26 15:13:43,531 [INFO] PluginManager:220 - loadIPPluginJar : add dma
2024-08-26 15:13:43,534 [INFO] IPUIPlugin:80 - create IPUIPlugin
2024-08-26 15:13:43,534 [INFO] PluginManager:220 - loadIPPluginJar : add dma3
2024-08-26 15:13:43,544 [INFO] IPUIPlugin:80 - create IPUIPlugin
2024-08-26 15:13:43,544 [INFO] PluginManager:220 - loadIPPluginJar : add fatfs
2024-08-26 15:13:43,556 [INFO] IPUIPlugin:80 - create IPUIPlugin
2024-08-26 15:13:43,556 [INFO] PluginManager:220 - loadIPPluginJar : add fmc
2024-08-26 15:13:43,588 [INFO] IPUIPlugin:80 - create IPUIPlugin
2024-08-26 15:13:43,588 [INFO] PluginManager:220 - loadIPPluginJar : add freertos
2024-08-26 15:13:43,590 [INFO] IPUIPlugin:80 - create IPUIPlugin
2024-08-26 15:13:43,590 [INFO] PluginManager:220 - loadIPPluginJar : add genericplugin
2024-08-26 15:13:43,614 [INFO] IPUIPlugin:80 - create IPUIPlugin
2024-08-26 15:13:43,614 [INFO] PluginManager:220 - loadIPPluginJar : add gfxmmu
2024-08-26 15:13:43,618 [INFO] IPUIPlugin:80 - create IPUIPlugin
2024-08-26 15:13:43,618 [INFO] PluginManager:220 - loadIPPluginJar : add gic
2024-08-26 15:13:43,641 [INFO] IPUIPlugin:80 - create IPUIPlugin
2024-08-26 15:13:43,641 [INFO] PluginManager:220 - loadIPPluginJar : add gpio
2024-08-26 15:13:43,653 [INFO] IPUIPlugin:80 - create IPUIPlugin
2024-08-26 15:13:43,653 [INFO] PluginManager:220 - loadIPPluginJar : add gtzc
2024-08-26 15:13:43,662 [INFO] IPUIPlugin:80 - create IPUIPlugin
2024-08-26 15:13:43,663 [INFO] PluginManager:220 - loadIPPluginJar : add hash
2024-08-26 15:13:43,666 [INFO] IPUIPlugin:80 - create IPUIPlugin
2024-08-26 15:13:43,666 [INFO] PluginManager:220 - loadIPPluginJar : add i2c
2024-08-26 15:13:43,669 [INFO] IPUIPlugin:80 - create IPUIPlugin
2024-08-26 15:13:43,669 [INFO] PluginManager:220 - loadIPPluginJar : add i2s
2024-08-26 15:13:43,671 [INFO] IPUIPlugin:80 - create IPUIPlugin
2024-08-26 15:13:43,671 [INFO] PluginManager:220 - loadIPPluginJar : add i3c
2024-08-26 15:13:43,689 [INFO] IPUIPlugin:80 - create IPUIPlugin
2024-08-26 15:13:43,689 [INFO] PluginManager:220 - loadIPPluginJar : add ipddr
2024-08-26 15:13:43,709 [INFO] IPUIPlugin:80 - create IPUIPlugin
2024-08-26 15:13:43,709 [INFO] PluginManager:220 - loadIPPluginJar : add linkedlist
2024-08-26 15:13:43,712 [INFO] IPUIPlugin:80 - create IPUIPlugin
2024-08-26 15:13:43,712 [INFO] PluginManager:220 - loadIPPluginJar : add lorawan
2024-08-26 15:13:43,713 [INFO] IPUIPlugin:80 - create IPUIPlugin
2024-08-26 15:13:43,714 [INFO] PluginManager:220 - loadIPPluginJar : add ltdc
2024-08-26 15:13:43,746 [INFO] IPUIPlugin:80 - create IPUIPlugin
2024-08-26 15:13:43,746 [INFO] PluginManager:220 - loadIPPluginJar : add mdma
2024-08-26 15:13:43,766 [INFO] IPUIPlugin:80 - create IPUIPlugin
2024-08-26 15:13:43,766 [INFO] PluginManager:220 - loadIPPluginJar : add nvic
2024-08-26 15:13:43,781 [INFO] IPUIPlugin:80 - create IPUIPlugin
2024-08-26 15:13:43,781 [INFO] PluginManager:220 - loadIPPluginJar : add opamp
2024-08-26 15:13:43,785 [INFO] IPUIPlugin:80 - create IPUIPlugin
2024-08-26 15:13:43,785 [INFO] PluginManager:220 - loadIPPluginJar : add openamp
2024-08-26 15:13:43,789 [INFO] IPUIPlugin:80 - create IPUIPlugin
2024-08-26 15:13:43,789 [INFO] PluginManager:220 - loadIPPluginJar : add pdm2pcm
2024-08-26 15:13:43,811 [INFO] IPUIPlugin:80 - create IPUIPlugin
2024-08-26 15:13:43,813 [INFO] PluginManager:220 - loadIPPluginJar : add plateformsettings
2024-08-26 15:13:43,832 [INFO] IPUIPlugin:80 - create IPUIPlugin
2024-08-26 15:13:43,832 [INFO] PluginManager:220 - loadIPPluginJar : add quadspi
2024-08-26 15:13:43,856 [INFO] IPUIPlugin:80 - create IPUIPlugin
2024-08-26 15:13:43,856 [INFO] PluginManager:220 - loadIPPluginJar : add resmgrutility
2024-08-26 15:13:43,878 [INFO] IPUIPlugin:80 - create IPUIPlugin
2024-08-26 15:13:43,878 [INFO] PluginManager:220 - loadIPPluginJar : add sai
2024-08-26 15:13:43,881 [INFO] IPUIPlugin:80 - create IPUIPlugin
2024-08-26 15:13:43,882 [INFO] PluginManager:220 - loadIPPluginJar : add spi
2024-08-26 15:13:43,888 [INFO] IPUIPlugin:80 - create IPUIPlugin
2024-08-26 15:13:43,888 [INFO] PluginManager:220 - loadIPPluginJar : add stm32_wpan
2024-08-26 15:13:43,890 [INFO] IPUIPlugin:80 - create IPUIPlugin
2024-08-26 15:13:43,891 [INFO] PluginManager:220 - loadIPPluginJar : add tim
2024-08-26 15:13:43,895 [INFO] IPUIPlugin:80 - create IPUIPlugin
2024-08-26 15:13:43,895 [INFO] PluginManager:220 - loadIPPluginJar : add touchsensing
2024-08-26 15:13:43,898 [INFO] IPUIPlugin:80 - create IPUIPlugin
2024-08-26 15:13:43,898 [INFO] PluginManager:220 - loadIPPluginJar : add tracer_emb
2024-08-26 15:13:43,900 [INFO] IPUIPlugin:80 - create IPUIPlugin
2024-08-26 15:13:43,900 [INFO] PluginManager:220 - loadIPPluginJar : add ts
2024-08-26 15:13:43,902 [INFO] IPUIPlugin:80 - create IPUIPlugin
2024-08-26 15:13:43,902 [INFO] PluginManager:220 - loadIPPluginJar : add tsc
2024-08-26 15:13:43,904 [INFO] IPUIPlugin:80 - create IPUIPlugin
2024-08-26 15:13:43,905 [INFO] PluginManager:220 - loadIPPluginJar : add ucpd
2024-08-26 15:13:43,907 [INFO] IPUIPlugin:80 - create IPUIPlugin
2024-08-26 15:13:43,908 [INFO] PluginManager:220 - loadIPPluginJar : add usart
2024-08-26 15:13:43,911 [INFO] IPUIPlugin:80 - create IPUIPlugin
2024-08-26 15:13:43,911 [INFO] PluginManager:220 - loadIPPluginJar : add usbx
2024-08-26 15:13:44,063 [INFO] CADModel:165 - CPN selected for project level
2024-08-26 15:13:44,063 [INFO] CADModel:114 - Register for checkConnection events
2024-08-26 15:13:44,064 [FATAL] Updater:308 - Updater called before beeing initialized
2024-08-26 15:13:44,065 [ERROR] CADModel:125 - Updater not yet initialized, retry later 
2024-08-26 15:13:44,353 [INFO] CADModel:165 - CPN selected for project level
2024-08-26 15:13:44,353 [INFO] CADModel:114 - Register for checkConnection events
2024-08-26 15:13:44,374 [FATAL] Updater:308 - Updater called before beeing initialized
2024-08-26 15:13:44,374 [ERROR] CADModel:125 - Updater not yet initialized, retry later 
2024-08-26 15:13:44,376 [FATAL] Updater:308 - Updater called before beeing initialized
2024-08-26 15:13:44,542 [FATAL] Updater:308 - Updater called before beeing initialized
2024-08-26 15:13:44,547 [INFO] DbMcusAds:53 - JSON generation date=Thu May 16 16:22:00 ICT 2024 (1715851320667)
2024-08-26 15:13:44,547 [FATAL] Updater:308 - Updater called before beeing initialized
2024-08-26 15:13:44,667 [WARN] DetailPanel:346 - Failed to get advertising image, set to default
2024-08-26 15:13:44,854 [FATAL] Updater:308 - Updater called before beeing initialized
2024-08-26 15:13:44,856 [FATAL] Updater:308 - Updater called before beeing initialized
2024-08-26 15:13:44,856 [FATAL] Updater:308 - Updater called before beeing initialized
2024-08-26 15:13:44,856 [WARN] DetailPanel:346 - Failed to get advertising image, set to default
2024-08-26 15:13:44,857 [FATAL] Updater:308 - Updater called before beeing initialized
2024-08-26 15:13:44,943 [ERROR] Updater:1120 - MainUpdater not yet initialized. External WinMGr cannot be set.
2024-08-26 15:13:44,962 [INFO] Updater:1056 - Updater Version found : 6.10.0
2024-08-26 15:13:44,997 [INFO] ApplicationProperties:184 - Using Application install path: D:\STM32IDE\STM32CubeIDE_1.14.0\STM32CubeIDE\plugins\com.st.stm32cube.common.mx_6.10.0.202311202037
2024-08-26 15:13:45,264 [INFO] ThirdPartyUpdaterWithRetryManager:70 - Updater plugin not ready yet. [2/15]
2024-08-26 15:13:45,623 [INFO] MainUpdater:2873 - connection check result : 10
2024-08-26 15:13:45,623 [INFO] MainUpdater:3567 - Updater definition file requires update
2024-08-26 15:13:45,624 [INFO] MainUpdater:290 - Updater Check For Update Now.
2024-08-26 15:13:45,624 [INFO] MicroXplorer:498 - Change Database Version : DB.6.0.100
2024-08-26 15:13:45,669 [INFO] McuFinderGlobals:63 - Set McuFinder mode to 2 (CubeIDE integrated)
2024-08-26 15:13:45,744 [INFO] ServerAccessManage:473 - Download File updaters.zip
2024-08-26 15:13:45,888 [INFO] FileExtend:240 - Unzip File : updaters.zip
2024-08-26 15:13:45,889 [INFO] FileExtend:255 - Standard Zip Deflate
2024-08-26 15:13:46,120 [INFO] UserAuth:404 - Internet connection configuration mode: 1
2024-08-26 15:13:46,381 [INFO] ServerAccessManage:473 - Download File PacksControlFlags.xml
2024-08-26 15:13:46,473 [INFO] JxBrowserEngine:152 - Initiate JxBrowser Engine with user profile folder
2024-08-26 15:13:46,588 [INFO] ServerAccessManage:473 - Download File cubemx.pidx
2024-08-26 15:13:46,856 [INFO] LoadServerUpdatesThread:375 - End of LoadServerUpdate Thread
2024-08-26 15:13:47,050 [INFO] CheckServerUpdateThread:120 - End of CheckServer Thread
2024-08-26 15:13:49,198 [INFO] WebApp:161 - Instantiating new browser for Auth
2024-08-26 15:13:49,319 [WARN] PackLoader:240 - Cannot read IP mode file for STMicroelectronics.FP-SNS-MOTENVWB1.1.4.0
2024-08-26 15:13:49,384 [WARN] PackLoader:240 - Cannot read IP mode file for STMicroelectronics.X-CUBE-SMBUS.2.1.0
2024-08-26 15:13:49,395 [WARN] PackLoader:240 - Cannot read IP mode file for STMicroelectronics.X-CUBE-TOUCHGFX.4.23.0
2024-08-26 15:13:49,455 [WARN] PackLoader:240 - Cannot read IP mode file for STMicroelectronics.X-CUBE-AZRTOS-F7.1.1.0
2024-08-26 15:13:49,520 [WARN] PackLoader:240 - Cannot read IP mode file for STMicroelectronics.FP-SNS-MOTENV1.4.3.2
2024-08-26 15:13:49,953 [WARN] PackLoader:240 - Cannot read IP mode file for STMicroelectronics.X-CUBE-MEMS1.11.0.0
2024-08-26 15:13:50,182 [WARN] PackLoader:240 - Cannot read IP mode file for STMicroelectronics.FP-SNS-FLIGHT1.5.0.2
2024-08-26 15:13:50,195 [WARN] PackLoader:240 - Cannot read IP mode file for STMicroelectronics.X-CUBE-DISPLAY.3.0.0
2024-08-26 15:13:50,223 [WARN] PackLoader:240 - Cannot read IP mode file for STMicroelectronics.X-CUBE-BLE1.7.0.0
2024-08-26 15:13:50,234 [WARN] PackLoader:240 - Cannot read IP mode file for emotas.I-CUBE-CANOPEN.1.3.0
2024-08-26 15:13:50,247 [WARN] PackLoader:240 - Cannot read IP mode file for STMicroelectronics.X-CUBE-BLEMGR.3.1.0
2024-08-26 15:13:50,259 [WARN] PackLoader:240 - Cannot read IP mode file for STMicroelectronics.FP-SNS-SMARTAG2.1.2.0
2024-08-26 15:13:50,274 [INFO] LogOutputStream:77 - [STDOUT_REDIRECT] 1 : Invalid condition id : UX_CORESTACK_Condition cause : null
2024-08-26 15:13:50,275 [INFO] LogOutputStream:77 - [STDOUT_REDIRECT] 1 : Invalid condition id : UX_CORESTACK_Condition cause : null
2024-08-26 15:13:50,277 [INFO] LogOutputStream:77 - [STDOUT_REDIRECT] 1 : Invalid condition id : UX_CORESTACK_Condition cause : null
2024-08-26 15:13:50,278 [INFO] LogOutputStream:77 - [STDOUT_REDIRECT] 1 : Invalid condition id : UX_CORESTACK_Condition cause : null
2024-08-26 15:13:50,280 [INFO] LogOutputStream:77 - [STDOUT_REDIRECT] 1 : Invalid condition id : UX_CORESTACK_Condition cause : null
2024-08-26 15:13:50,294 [WARN] PackLoader:240 - Cannot read IP mode file for STMicroelectronics.X-CUBE-AZRTOS-WL.2.0.0
2024-08-26 15:13:50,308 [WARN] PackLoader:240 - Cannot read IP mode file for STMicroelectronics.FP-SNS-MOTENV1.5.0.0
2024-08-26 15:13:50,320 [WARN] PackLoader:240 - Cannot read IP mode file for wolfSSL.I-CUBE-wolfMQTT.1.19.0
2024-08-26 15:13:50,333 [WARN] PackLoader:240 - Cannot read IP mode file for WES.I-CUBE-Cesium.1.3.0
2024-08-26 15:13:50,346 [WARN] PackLoader:240 - Cannot read IP mode file for STMicroelectronics.X-CUBE-BLE2.3.3.0
2024-08-26 15:13:50,358 [WARN] PackLoader:240 - Cannot read IP mode file for STMicroelectronics.X-CUBE-TCPP.4.1.0
2024-08-26 15:13:50,371 [WARN] PackLoader:240 - Cannot read IP mode file for STMicroelectronics.X-CUBE-ALGOBUILD.1.3.0
2024-08-26 15:13:50,399 [WARN] PackLoader:240 - Cannot read IP mode file for STMicroelectronics.X-CUBE-AZRTOS-G0.1.1.0
2024-08-26 15:13:50,415 [WARN] PackLoader:240 - Cannot read IP mode file for STMicroelectronics.X-CUBE-SAFEA1.1.2.2
2024-08-26 15:13:50,426 [WARN] PackLoader:240 - Cannot read IP mode file for STMicroelectronics.X-CUBE-NFC4.3.0.0
2024-08-26 15:13:50,500 [WARN] PackLoader:240 - Cannot read IP mode file for EmbeddedOffice.I-CUBE-FS-RTOS.1.0.1
2024-08-26 15:13:50,500 [ERROR] ConditionMgr:805 - Attr not supported : Dmpu
2024-08-26 15:13:50,501 [ERROR] ConditionMgr:805 - Attr not supported : Dmpu
2024-08-26 15:13:50,501 [ERROR] ConditionMgr:805 - Attr not supported : Dmpu
2024-08-26 15:13:50,501 [ERROR] ConditionMgr:805 - Attr not supported : Dmpu
2024-08-26 15:13:50,501 [ERROR] ConditionMgr:805 - Attr not supported : Dmpu
2024-08-26 15:13:50,501 [ERROR] ConditionMgr:805 - Attr not supported : Dmpu
2024-08-26 15:13:50,501 [ERROR] ConditionMgr:805 - Attr not supported : Dmpu
2024-08-26 15:13:50,501 [ERROR] ConditionMgr:805 - Attr not supported : Dmpu
2024-08-26 15:13:50,501 [ERROR] ConditionMgr:805 - Attr not supported : Dmpu
2024-08-26 15:13:50,501 [ERROR] ConditionMgr:805 - Attr not supported : Dmpu
2024-08-26 15:13:50,502 [ERROR] ConditionMgr:805 - Attr not supported : Dmpu
2024-08-26 15:13:50,502 [ERROR] ConditionMgr:805 - Attr not supported : Dmpu
2024-08-26 15:13:50,502 [ERROR] ConditionMgr:805 - Attr not supported : Dmpu
2024-08-26 15:13:50,502 [ERROR] ConditionMgr:805 - Attr not supported : Dmpu
2024-08-26 15:13:50,502 [ERROR] ConditionMgr:805 - Attr not supported : Dmpu
2024-08-26 15:13:50,502 [ERROR] ConditionMgr:805 - Attr not supported : Dmpu
2024-08-26 15:13:50,502 [ERROR] ConditionMgr:805 - Attr not supported : Dmpu
2024-08-26 15:13:50,502 [ERROR] ConditionMgr:805 - Attr not supported : Dmpu
2024-08-26 15:13:50,502 [ERROR] ConditionMgr:805 - Attr not supported : Dmpu
2024-08-26 15:13:50,502 [ERROR] ConditionMgr:805 - Attr not supported : Dmpu
2024-08-26 15:13:50,503 [ERROR] ConditionMgr:805 - Attr not supported : Dmpu
2024-08-26 15:13:50,503 [ERROR] ConditionMgr:805 - Attr not supported : Dmpu
2024-08-26 15:13:50,503 [ERROR] ConditionMgr:805 - Attr not supported : Dmpu
2024-08-26 15:13:50,503 [ERROR] ConditionMgr:805 - Attr not supported : Dmpu
2024-08-26 15:13:50,503 [ERROR] ConditionMgr:805 - Attr not supported : Dmpu
2024-08-26 15:13:50,503 [ERROR] ConditionMgr:805 - Attr not supported : Dmpu
2024-08-26 15:13:50,503 [ERROR] ConditionMgr:805 - Attr not supported : Dmpu
2024-08-26 15:13:50,503 [ERROR] ConditionMgr:805 - Attr not supported : Dmpu
2024-08-26 15:13:50,503 [ERROR] ConditionMgr:805 - Attr not supported : Dmpu
2024-08-26 15:13:50,504 [ERROR] ConditionMgr:805 - Attr not supported : Dmpu
2024-08-26 15:13:50,504 [ERROR] ConditionMgr:805 - Attr not supported : Dmpu
2024-08-26 15:13:50,504 [ERROR] ConditionMgr:805 - Attr not supported : Dmpu
2024-08-26 15:13:50,504 [ERROR] ConditionMgr:805 - Attr not supported : Dmpu
2024-08-26 15:13:50,504 [ERROR] ConditionMgr:805 - Attr not supported : Dmpu
2024-08-26 15:13:50,504 [ERROR] ConditionMgr:805 - Attr not supported : Dmpu
2024-08-26 15:13:50,504 [ERROR] ConditionMgr:805 - Attr not supported : Dmpu
2024-08-26 15:13:50,504 [ERROR] ConditionMgr:805 - Attr not supported : Dmpu
2024-08-26 15:13:50,505 [ERROR] ConditionMgr:805 - Attr not supported : Dmpu
2024-08-26 15:13:50,505 [ERROR] ConditionMgr:805 - Attr not supported : Dmpu
2024-08-26 15:13:50,505 [ERROR] ConditionMgr:805 - Attr not supported : Dmpu
2024-08-26 15:13:50,505 [ERROR] ConditionMgr:805 - Attr not supported : Dmpu
2024-08-26 15:13:50,505 [ERROR] ConditionMgr:805 - Attr not supported : Dmpu
2024-08-26 15:13:50,506 [ERROR] ConditionMgr:805 - Attr not supported : Dmpu
2024-08-26 15:13:50,507 [ERROR] ConditionMgr:805 - Attr not supported : Dmpu
2024-08-26 15:13:50,508 [ERROR] ConditionMgr:805 - Attr not supported : Dmpu
2024-08-26 15:13:50,508 [ERROR] ConditionMgr:805 - Attr not supported : Dmpu
2024-08-26 15:13:50,509 [ERROR] ConditionMgr:805 - Attr not supported : Dmpu
2024-08-26 15:13:50,509 [ERROR] ConditionMgr:805 - Attr not supported : Dmpu
2024-08-26 15:13:50,509 [ERROR] ConditionMgr:805 - Attr not supported : Dmpu
2024-08-26 15:13:50,510 [ERROR] ConditionMgr:805 - Attr not supported : Dmpu
2024-08-26 15:13:50,510 [ERROR] ConditionMgr:805 - Attr not supported : Dmpu
2024-08-26 15:13:50,510 [ERROR] ConditionMgr:805 - Attr not supported : Dmpu
2024-08-26 15:13:50,510 [ERROR] ConditionMgr:805 - Attr not supported : Dmpu
2024-08-26 15:13:50,510 [ERROR] ConditionMgr:805 - Attr not supported : Dmpu
2024-08-26 15:13:50,511 [ERROR] ConditionMgr:805 - Attr not supported : Dmpu
2024-08-26 15:13:50,511 [ERROR] ConditionMgr:805 - Attr not supported : Dmpu
2024-08-26 15:13:50,511 [ERROR] ConditionMgr:805 - Attr not supported : Dmpu
2024-08-26 15:13:50,511 [ERROR] ConditionMgr:805 - Attr not supported : Dmpu
2024-08-26 15:13:50,511 [ERROR] ConditionMgr:805 - Attr not supported : Dmpu
2024-08-26 15:13:50,512 [ERROR] ConditionMgr:805 - Attr not supported : Dmpu
2024-08-26 15:13:50,512 [ERROR] ConditionMgr:805 - Attr not supported : Dmpu
2024-08-26 15:13:50,512 [ERROR] ConditionMgr:805 - Attr not supported : Dmpu
2024-08-26 15:13:50,512 [ERROR] ConditionMgr:805 - Attr not supported : Dmpu
2024-08-26 15:13:50,512 [ERROR] ConditionMgr:805 - Attr not supported : Dmpu
2024-08-26 15:13:50,535 [WARN] PackLoader:240 - Cannot read IP mode file for STMicroelectronics.X-CUBE-BLEMGR.3.0.0
2024-08-26 15:13:50,553 [WARN] PackLoader:240 - Cannot read IP mode file for RealThread.X-CUBE-RT-Thread_Nano.4.1.1
2024-08-26 15:13:50,563 [WARN] PackLoader:240 - Cannot read IP mode file for STMicroelectronics.FP-ATR-SIGFOX1.3.2.0
2024-08-26 15:13:50,575 [WARN] PackLoader:240 - Cannot read IP mode file for STMicroelectronics.X-CUBE-EEPRMA1.5.1.0
2024-08-26 15:13:50,629 [WARN] PackLoader:240 - Cannot read IP mode file for SEGGER.I-CUBE-embOS.1.3.1
2024-08-26 15:13:50,722 [INFO] WebApp:780 - Register for checkConnection events
2024-08-26 15:13:50,723 [INFO] WebApp:414 - Apply proxy settings
2024-08-26 15:13:50,723 [INFO] WebApp:499 - Chromium requires no authentication
2024-08-26 15:13:50,740 [INFO] WebApp:442 - Direct internet connection detected
2024-08-26 15:13:50,771 [WARN] PackLoader:240 - Cannot read IP mode file for STMicroelectronics.X-CUBE-ALGOBUILD.1.4.0
2024-08-26 15:13:50,974 [WARN] PackLoader:240 - Cannot read IP mode file for STMicroelectronics.X-CUBE-GNSS1.6.0.0
2024-08-26 15:13:51,010 [WARN] PackLoader:240 - Cannot read IP mode file for STMicroelectronics.X-CUBE-AZRTOS-F4.1.1.0
2024-08-26 15:13:51,061 [WARN] PackLoader:240 - Cannot read IP mode file for STMicroelectronics.X-CUBE-FREERTOS.1.2.0
2024-08-26 15:13:51,088 [WARN] PackLoader:240 - Cannot read IP mode file for wolfSSL.I-CUBE-wolfSSL.5.6.6
2024-08-26 15:13:51,118 [WARN] PackLoader:240 - Cannot read IP mode file for STMicroelectronics.X-CUBE-AZRTOS-L5.2.0.0
2024-08-26 15:13:51,170 [WARN] PackLoader:240 - Cannot read IP mode file for STMicroelectronics.X-CUBE-EEPRMA1.4.2.0
2024-08-26 15:13:51,182 [WARN] PackLoader:240 - Cannot read IP mode file for STMicroelectronics.X-CUBE-NFC6.3.1.0
2024-08-26 15:13:51,197 [WARN] PackLoader:240 - Cannot read IP mode file for ITTIA_DB.I-CUBE-ITTIADB.8.8.0
2024-08-26 15:13:51,211 [WARN] PackLoader:240 - Cannot read IP mode file for STMicroelectronics.X-CUBE-DPower.1.2.0
2024-08-26 15:13:51,219 [WARN] PackLoader:240 - Cannot read IP mode file for STMicroelectronics.X-CUBE-AI.9.0.0
2024-08-26 15:13:51,227 [WARN] PackLoader:240 - Cannot read IP mode file for STMicroelectronics.X-CUBE-NFC7.1.0.1
2024-08-26 15:13:51,236 [WARN] PackLoader:240 - Cannot read IP mode file for wolfSSL.I-CUBE-wolfTPM.3.2.0
2024-08-26 15:13:51,246 [WARN] PackLoader:240 - Cannot read IP mode file for STMicroelectronics.X-CUBE-NFC6.3.0.0
2024-08-26 15:13:51,279 [WARN] PackLoader:240 - Cannot read IP mode file for STMicroelectronics.X-CUBE-AI.8.1.0
2024-08-26 15:13:51,302 [WARN] ConditionMgr:438 - getConditionDescription Invalid condition id : LAN8742 Phy interface Condition cause : null
2024-08-26 15:13:51,304 [WARN] PackLoader:240 - Cannot read IP mode file for STMicroelectronics.X-CUBE-AZRTOS-L4.2.0.0
2024-08-26 15:13:51,306 [WARN] ConditionMgr:1039 - genDependencies : Invalid condition id : LAN8742 Phy interface Condition cause : null
2024-08-26 15:13:51,306 [WARN] ConditionMgr:1039 - genDependencies : Invalid condition id : LAN8742 Phy interface Condition cause : null
2024-08-26 15:13:51,306 [WARN] ConditionMgr:1039 - genDependencies : Invalid condition id : LAN8742 Phy interface Condition cause : null
2024-08-26 15:13:51,317 [WARN] PackLoader:240 - Cannot read IP mode file for STMicroelectronics.X-CUBE-SFXS2LP1.4.0.0
2024-08-26 15:13:51,387 [WARN] PackLoader:240 - Cannot read IP mode file for STMicroelectronics.X-CUBE-AZRTOS-H7.3.3.0
2024-08-26 15:13:51,405 [WARN] ConditionMgr:438 - getConditionDescription Invalid condition id : UX DEVICE CLASS RTOS Condition cause : null
2024-08-26 15:13:51,406 [WARN] ConditionMgr:438 - getConditionDescription Invalid condition id : UX DEVICE CLASS RTOS Condition cause : null
2024-08-26 15:13:51,408 [WARN] PackLoader:240 - Cannot read IP mode file for STMicroelectronics.X-CUBE-AZRTOS-WB.2.0.0
2024-08-26 15:13:51,408 [WARN] ConditionMgr:1039 - genDependencies : Invalid condition id : UX DEVICE CLASS RTOS Condition cause : null
2024-08-26 15:13:51,409 [WARN] ConditionMgr:1039 - genDependencies : Invalid condition id : UX DEVICE CLASS RTOS Condition cause : null
2024-08-26 15:13:51,409 [WARN] ConditionMgr:1039 - genDependencies : Invalid condition id : UX DEVICE CLASS RTOS Condition cause : null
2024-08-26 15:13:51,409 [WARN] ConditionMgr:1039 - genDependencies : Invalid condition id : UX DEVICE CLASS RTOS Condition cause : null
2024-08-26 15:13:51,409 [WARN] ConditionMgr:1039 - genDependencies : Invalid condition id : UX DEVICE CLASS RTOS Condition cause : null
2024-08-26 15:13:51,457 [WARN] PackLoader:240 - Cannot read IP mode file for STMicroelectronics.FP-SNS-STBOX1.2.0.0
2024-08-26 15:13:51,475 [WARN] PackLoader:240 - Cannot read IP mode file for STMicroelectronics.X-CUBE-SUBG2.5.0.0
2024-08-26 15:13:51,486 [WARN] PackLoader:240 - Cannot read IP mode file for Cesanta.I-CUBE-Mongoose.7.13.0
2024-08-26 15:13:51,505 [WARN] PackLoader:240 - Cannot read IP mode file for STMicroelectronics.X-CUBE-AZRTOS-G4.2.0.0
2024-08-26 15:13:51,550 [WARN] PackLoader:240 - Cannot read IP mode file for Infineon.AIROC-Wi-Fi-Bluetooth-STM32.1.5.1
2024-08-26 15:13:51,569 [WARN] PackLoader:240 - Cannot read IP mode file for STMicroelectronics.FP-SNS-MOTENVWB1.1.3.1
2024-08-26 15:13:51,577 [WARN] PackLoader:240 - Cannot read IP mode file for STMicroelectronics.X-CUBE-ISPU.2.0.0
2024-08-26 15:13:51,581 [INFO] WebApp:192 - Starting web application
2024-08-26 15:13:51,582 [INFO] WebApp:544 - Web application path used D:\STM32IDE\STM32CubeIDE_1.14.0\STM32CubeIDE\plugins\com.st.stm32cube.common.mx_6.10.0.202311202037\db\plugins\mcufinder\reactClient1\index.html
2024-08-26 15:13:51,585 [WARN] PackLoader:240 - Cannot read IP mode file for STMicroelectronics.X-CUBE-ALS.1.0.2
2024-08-26 15:13:51,642 [WARN] PackLoader:240 - Cannot read IP mode file for STMicroelectronics.X-CUBE-MEMS1.10.0.0
2024-08-26 15:13:51,763 [WARN] PackLoader:240 - Cannot read IP mode file for STMicroelectronics.X-CUBE-FREERTOS.1.1.0
2024-08-26 15:13:51,768 [WARN] PackLoader:240 - Cannot read IP mode file for STMicroelectronics.X-CUBE-TOUCHGFX.4.24.0
2024-08-26 15:13:51,776 [WARN] PackLoader:240 - Cannot read IP mode file for portGmbH.I-Cube-SoM-uGOAL.1.1.0
2024-08-26 15:13:51,782 [WARN] PackLoader:240 - Cannot read IP mode file for STMicroelectronics.X-CUBE-ALS.1.0.1
2024-08-26 15:13:51,813 [WARN] PackLoader:240 - Cannot read IP mode file for STMicroelectronics.X-CUBE-AZRTOS-H7RS.1.0.0
2024-08-26 15:13:51,823 [WARN] PackLoader:240 - Cannot read IP mode file for STMicroelectronics.FP-ATR-ASTRA1.2.0.0
2024-08-26 15:13:51,847 [WARN] PackLoader:240 - Cannot read IP mode file for STMicroelectronics.X-CUBE-TOF1.3.4.2
2024-08-26 15:13:51,874 [WARN] PackLoader:240 - Cannot read IP mode file for STMicroelectronics.X-CUBE-TOF1.3.4.0
2024-08-26 15:13:51,902 [WARN] PackLoader:240 - Cannot read IP mode file for STMicroelectronics.X-CUBE-TOF1.3.4.1
2024-08-26 15:13:52,014 [WARN] PackLoader:240 - Cannot read IP mode file for STMicroelectronics.X-CUBE-AZRTOS-H7.3.2.0
2024-08-26 15:13:52,025 [WARN] PackLoader:240 - Cannot read IP mode file for wolfSSL.I-CUBE-wolfSSH.1.4.17
2024-08-26 15:13:52,026 [INFO] ThirdParty:978 - Integrity check success = true
2024-08-26 15:13:52,026 [INFO] IntegrityCheckThread:100 - exiting critical section [integrity check]
2024-08-26 15:13:52,026 [INFO] IntegrityCheckThread:103 - End integrity checks thread
2024-08-26 15:14:13,209 [ERROR] LogOutputStream:75 - [STDERR_REDIRECT] SLF4J: Failed to load class "org.slf4j.impl.StaticLoggerBinder".
2024-08-26 15:14:13,210 [ERROR] LogOutputStream:75 - [STDERR_REDIRECT] SLF4J: Defaulting to no-operation (NOP) logger implementation
2024-08-26 15:14:13,212 [ERROR] LogOutputStream:75 - [STDERR_REDIRECT] SLF4J: See http://www.slf4j.org/codes.html#StaticLoggerBinder for further details.
2024-08-26 17:24:38,155 [ERROR] LogOutputStream:75 - [STDERR_REDIRECT] 
