2024-09-13 09:23:20,950 [INFO] Activator:176 - 


2024-09-13 09:23:20,989 [INFO] Activator:177 - !SESSION log4j initialized
2024-09-13 09:23:35,078 [INFO] LogOutputStream:77 - [STDOUT_REDIRECT] 
2024-09-13 09:23:41,515 [INFO] ApplicationProperties:184 - Using Application install path: D:\STM32IDE\STM32CubeIDE_1.14.0\STM32CubeIDE\plugins\com.st.stm32cube.common.mx_6.10.0.202311202037
2024-09-13 09:23:41,559 [INFO] DbMcusXml:78 - Set database path to: D:\STM32IDE\STM32CubeIDE_1.14.0\STM32CubeIDE\plugins\com.st.stm32cube.common.mx_6.10.0.202311202037\\db\/mcu/
2024-09-13 09:23:41,559 [INFO] ApiDb:274 - Set plugin database path to: D:\STM32IDE\STM32CubeIDE_1.14.0\STM32CubeIDE\plugins\com.st.stm32cube.common.mx_6.10.0.202311202037\\db\/plugins/boardmanager/
2024-09-13 09:23:41,561 [WARN] ApiDb:259 - Overriding images path with different value:  => D:\STM32IDE\STM32CubeIDE_1.14.0\STM32CubeIDE\plugins\com.st.stm32cube.common.mx_6.10.0.202311202037\\db\/plugins/mcufinder/images/
2024-09-13 09:23:41,686 [INFO] ApiDb:250 - Set database path to: C:\Users\Kingj\.stmcufinder\plugins\mcufinder//mcu/
2024-09-13 09:23:41,687 [INFO] DbMcusAds:125 - Set database path to: C:\Users\Kingj\.stmcufinder\plugins\mcufinder//mcu/
2024-09-13 09:23:41,690 [INFO] CrossReferenceDbSqlite:203 - Set database path to: C:\Users\Kingj\.stmcufinder\plugins\mcufinder//mcu/cs/
2024-09-13 09:23:42,021 [INFO] RulesReader:64 - Compatibility file has been processed (297 Rules)
2024-09-13 09:23:42,182 [INFO] DbMcusXml:78 - Set database path to: D:\STM32IDE\STM32CubeIDE_1.14.0\STM32CubeIDE\plugins\com.st.stm32cube.common.mx_6.10.0.202311202037\\db\/mcu/
2024-09-13 09:23:42,182 [INFO] ApiDb:274 - Set plugin database path to: D:\STM32IDE\STM32CubeIDE_1.14.0\STM32CubeIDE\plugins\com.st.stm32cube.common.mx_6.10.0.202311202037\\db\/plugins/boardmanager/
2024-09-13 09:23:42,182 [INFO] ApiDb:261 - Set plugin images path to: D:\STM32IDE\STM32CubeIDE_1.14.0\STM32CubeIDE\plugins\com.st.stm32cube.common.mx_6.10.0.202311202037\\db\/plugins/mcufinder/images/
2024-09-13 09:23:42,182 [WARN] DbFile:41 - Overriding database path with different value: C:\Users\Kingj\.stmcufinder\plugins\mcufinder/ => C:\Users\Kingj\.stmcufinder\plugins\mcufinder
2024-09-13 09:23:42,182 [INFO] ApiDb:250 - Set database path to: C:\Users\Kingj\.stmcufinder\plugins\mcufinder//mcu/
2024-09-13 09:23:42,183 [WARN] DbFile:41 - Overriding database path with different value: C:\Users\Kingj\.stmcufinder\plugins\mcufinder/ => C:\Users\Kingj\.stmcufinder\plugins\mcufinder
2024-09-13 09:23:42,183 [INFO] DbMcusAds:125 - Set database path to: C:\Users\Kingj\.stmcufinder\plugins\mcufinder//mcu/
2024-09-13 09:23:42,183 [WARN] DbFile:41 - Overriding database path with different value: C:\Users\Kingj\.stmcufinder\plugins\mcufinder/ => C:\Users\Kingj\.stmcufinder\plugins\mcufinder
2024-09-13 09:23:42,183 [WARN] DbFile:41 - Overriding database path with different value: C:\Users\Kingj\.stmcufinder\plugins\mcufinder/ => C:\Users\Kingj\.stmcufinder\plugins\mcufinder
2024-09-13 09:23:42,183 [INFO] CrossReferenceDbSqlite:203 - Set database path to: C:\Users\Kingj\.stmcufinder\plugins\mcufinder//mcu/cs/
2024-09-13 09:23:42,306 [INFO] MainPanel:264 - HeapMemory: 268435456
2024-09-13 09:23:42,532 [INFO] DbMcusXml:78 - Set database path to: D:\STM32IDE\STM32CubeIDE_1.14.0\STM32CubeIDE\plugins\com.st.stm32cube.common.mx_6.10.0.202311202037\\db\/mcu/
2024-09-13 09:23:42,532 [INFO] ApiDb:274 - Set plugin database path to: D:\STM32IDE\STM32CubeIDE_1.14.0\STM32CubeIDE\plugins\com.st.stm32cube.common.mx_6.10.0.202311202037\\db\/plugins/boardmanager/
2024-09-13 09:23:42,532 [INFO] ApiDb:261 - Set plugin images path to: D:\STM32IDE\STM32CubeIDE_1.14.0\STM32CubeIDE\plugins\com.st.stm32cube.common.mx_6.10.0.202311202037\\db\/plugins/mcufinder/images/
2024-09-13 09:23:42,532 [WARN] DbFile:41 - Overriding database path with different value: C:\Users\Kingj\.stmcufinder\plugins\mcufinder/ => C:\Users\Kingj\.stmcufinder\plugins\mcufinder
2024-09-13 09:23:42,532 [INFO] ApiDb:250 - Set database path to: C:\Users\Kingj\.stmcufinder\plugins\mcufinder//mcu/
2024-09-13 09:23:42,533 [WARN] DbFile:41 - Overriding database path with different value: C:\Users\Kingj\.stmcufinder\plugins\mcufinder/ => C:\Users\Kingj\.stmcufinder\plugins\mcufinder
2024-09-13 09:23:42,533 [INFO] DbMcusAds:125 - Set database path to: C:\Users\Kingj\.stmcufinder\plugins\mcufinder//mcu/
2024-09-13 09:23:42,533 [WARN] DbFile:41 - Overriding database path with different value: C:\Users\Kingj\.stmcufinder\plugins\mcufinder/ => C:\Users\Kingj\.stmcufinder\plugins\mcufinder
2024-09-13 09:23:42,533 [WARN] DbFile:41 - Overriding database path with different value: C:\Users\Kingj\.stmcufinder\plugins\mcufinder/ => C:\Users\Kingj\.stmcufinder\plugins\mcufinder
2024-09-13 09:23:42,533 [INFO] CrossReferenceDbSqlite:203 - Set database path to: C:\Users\Kingj\.stmcufinder\plugins\mcufinder//mcu/cs/
2024-09-13 09:23:42,551 [INFO] ApplicationProperties:184 - Using Application install path: D:\STM32IDE\STM32CubeIDE_1.14.0\STM32CubeIDE\plugins\com.st.stm32cube.common.mx_6.10.0.202311202037
2024-09-13 09:23:42,552 [INFO] PluginManage:196 - Search for loadable plugins [exclusion list=, ]
2024-09-13 09:23:42,554 [INFO] PluginManage:310 - Check plugin analytics
2024-09-13 09:23:42,866 [INFO] AnalyticsPlugin:253 - Accepted Software Licenses: STM32CubeMX.6.10.0
2024-09-13 09:23:42,866 [INFO] AnalyticsPlugin:255 - Accepted CMSIS Pack Licenses: 
2024-09-13 09:23:42,866 [INFO] AnalyticsPlugin:257 - Accepted Firmware Licenses: FW.F4.1.28.0
2024-09-13 09:23:42,870 [INFO] PluginManage:359 - Loaded plugin analytics (category:tool,tabindex:-1)
2024-09-13 09:23:42,871 [INFO] PluginManage:310 - Check plugin cadmodel
2024-09-13 09:23:42,910 [INFO] CADModel:105 - Init CAD model plugin
2024-09-13 09:23:42,911 [INFO] PluginManage:359 - Loaded plugin cadmodel (category:power,tabindex:5)
2024-09-13 09:23:42,911 [INFO] PluginManage:310 - Check plugin clock
2024-09-13 09:23:42,949 [INFO] PluginManage:359 - Loaded plugin clock (category:base,tabindex:2)
2024-09-13 09:23:42,949 [INFO] PluginManage:310 - Check plugin ddr
2024-09-13 09:23:42,965 [INFO] PluginManage:359 - Loaded plugin ddr (category:tool,tabindex:6)
2024-09-13 09:23:42,965 [INFO] PluginManage:310 - Check plugin filemanager
2024-09-13 09:23:43,391 [INFO] PluginManage:359 - Loaded plugin filemanager (category:base,tabindex:10)
2024-09-13 09:23:43,391 [INFO] PluginManage:310 - Check plugin ipmanager
2024-09-13 09:23:43,411 [INFO] PluginManage:359 - Loaded plugin ipmanager (category:base,tabindex:5)
2024-09-13 09:23:43,411 [INFO] PluginManage:310 - Check plugin lpbam
2024-09-13 09:23:43,465 [INFO] PluginManage:359 - Loaded plugin lpbam (category:base,tabindex:0)
2024-09-13 09:23:43,465 [INFO] PluginManage:310 - Check plugin memorymap
2024-09-13 09:23:43,521 [INFO] PluginManage:359 - Loaded plugin memorymap (category:base,tabindex:4)
2024-09-13 09:23:43,522 [INFO] PluginManage:310 - Check plugin pinoutandconfiguration
2024-09-13 09:23:43,550 [INFO] PluginManage:359 - Loaded plugin pinoutandconfiguration (category:base,tabindex:1)
2024-09-13 09:23:43,551 [INFO] PluginManage:310 - Check plugin pinoutconfig
2024-09-13 09:23:43,688 [WARN] SupportedApi:132 - Cannot load RTOS API schema: s4s-elt-must-match.1: The content of 'definitions' must match (annotation?, (simpleType | complexType)?, (unique | key | keyref)*)). A problem was found starting at: attribute.
2024-09-13 09:23:43,872 [INFO] PluginManage:359 - Loaded plugin pinoutconfig (category:base,tabindex:0)
2024-09-13 09:23:43,872 [INFO] PluginManage:310 - Check plugin power
2024-09-13 09:23:43,948 [INFO] PluginManage:359 - Loaded plugin power (category:power,tabindex:4)
2024-09-13 09:23:43,948 [INFO] PluginManage:310 - Check plugin projectmanager
2024-09-13 09:23:43,987 [INFO] PluginManage:359 - Loaded plugin projectmanager (category:projectmanager,tabindex:3)
2024-09-13 09:23:43,987 [INFO] PluginManage:310 - Check plugin thirdparty
2024-09-13 09:23:44,534 [INFO] PluginManage:359 - Loaded plugin thirdparty (category:base,tabindex:-1)
2024-09-13 09:23:44,534 [WARN] IntegrityCheckThread:84 - waiting for thirdparty lock release [integrity check]
2024-09-13 09:23:44,534 [INFO] PluginManage:310 - Check plugin tools
2024-09-13 09:23:44,534 [INFO] IntegrityCheckThread:86 - entering critical section [integrity check]
2024-09-13 09:23:44,535 [INFO] ThirdPartyUpdaterWithRetryManager:70 - Updater plugin not ready yet. [1/15]
2024-09-13 09:23:44,546 [INFO] PluginManage:359 - Loaded plugin tools (category:base,tabindex:7)
2024-09-13 09:23:44,547 [INFO] PluginManage:310 - Check plugin tutovideos
2024-09-13 09:23:44,915 [INFO] PluginManage:359 - Loaded plugin tutovideos (category:base,tabindex:-1)
2024-09-13 09:23:44,915 [INFO] PluginManage:310 - Check plugin updater
2024-09-13 09:23:44,954 [INFO] PluginManage:359 - Loaded plugin updater (category:base,tabindex:12)
2024-09-13 09:23:44,954 [INFO] PluginManage:310 - Check plugin userauth
2024-09-13 09:23:44,973 [INFO] UserAuth:114 - Init User Auth plugin
2024-09-13 09:23:44,973 [INFO] PluginManage:359 - Loaded plugin userauth (category:base,tabindex:14)
2024-09-13 09:23:44,974 [INFO] PluginManage:283 - PluginManage : Loaded plugins [17]
2024-09-13 09:23:45,629 [INFO] PinOutPanel:1499 - setPackage(No Configuration,No Configuration)
2024-09-13 09:23:45,783 [INFO] CADModel:165 - CPN selected for project level
2024-09-13 09:23:45,783 [INFO] CADModel:114 - Register for checkConnection events
2024-09-13 09:23:45,972 [INFO] IPUIPlugin:80 - create IPUIPlugin
2024-09-13 09:23:45,973 [INFO] PluginManager:220 - loadIPPluginJar : add adc
2024-09-13 09:23:45,997 [INFO] IPUIPlugin:80 - create IPUIPlugin
2024-09-13 09:23:45,997 [INFO] PluginManager:220 - loadIPPluginJar : add aes
2024-09-13 09:23:46,001 [INFO] IPUIPlugin:80 - create IPUIPlugin
2024-09-13 09:23:46,001 [INFO] PluginManager:220 - loadIPPluginJar : add can
2024-09-13 09:23:46,011 [INFO] IPUIPlugin:80 - create IPUIPlugin
2024-09-13 09:23:46,012 [INFO] PluginManager:220 - loadIPPluginJar : add comp
2024-09-13 09:23:46,018 [INFO] IPUIPlugin:80 - create IPUIPlugin
2024-09-13 09:23:46,018 [INFO] PluginManager:220 - loadIPPluginJar : add cryp
2024-09-13 09:23:46,027 [INFO] IPUIPlugin:80 - create IPUIPlugin
2024-09-13 09:23:46,027 [INFO] PluginManager:220 - loadIPPluginJar : add dfsdm
2024-09-13 09:23:46,050 [INFO] IPUIPlugin:80 - create IPUIPlugin
2024-09-13 09:23:46,051 [INFO] PluginManager:220 - loadIPPluginJar : add dma
2024-09-13 09:23:46,054 [INFO] IPUIPlugin:80 - create IPUIPlugin
2024-09-13 09:23:46,054 [INFO] PluginManager:220 - loadIPPluginJar : add dma3
2024-09-13 09:23:46,070 [INFO] IPUIPlugin:80 - create IPUIPlugin
2024-09-13 09:23:46,071 [INFO] PluginManager:220 - loadIPPluginJar : add fatfs
2024-09-13 09:23:46,083 [INFO] IPUIPlugin:80 - create IPUIPlugin
2024-09-13 09:23:46,084 [INFO] PluginManager:220 - loadIPPluginJar : add fmc
2024-09-13 09:23:46,120 [INFO] IPUIPlugin:80 - create IPUIPlugin
2024-09-13 09:23:46,121 [INFO] PluginManager:220 - loadIPPluginJar : add freertos
2024-09-13 09:23:46,125 [INFO] IPUIPlugin:80 - create IPUIPlugin
2024-09-13 09:23:46,125 [INFO] PluginManager:220 - loadIPPluginJar : add genericplugin
2024-09-13 09:23:46,148 [INFO] IPUIPlugin:80 - create IPUIPlugin
2024-09-13 09:23:46,148 [INFO] PluginManager:220 - loadIPPluginJar : add gfxmmu
2024-09-13 09:23:46,172 [INFO] IPUIPlugin:80 - create IPUIPlugin
2024-09-13 09:23:46,172 [INFO] PluginManager:220 - loadIPPluginJar : add gic
2024-09-13 09:23:46,206 [INFO] IPUIPlugin:80 - create IPUIPlugin
2024-09-13 09:23:46,207 [INFO] PluginManager:220 - loadIPPluginJar : add gpio
2024-09-13 09:23:46,225 [INFO] IPUIPlugin:80 - create IPUIPlugin
2024-09-13 09:23:46,225 [INFO] PluginManager:220 - loadIPPluginJar : add gtzc
2024-09-13 09:23:46,257 [INFO] IPUIPlugin:80 - create IPUIPlugin
2024-09-13 09:23:46,258 [INFO] PluginManager:220 - loadIPPluginJar : add hash
2024-09-13 09:23:46,272 [INFO] IPUIPlugin:80 - create IPUIPlugin
2024-09-13 09:23:46,272 [INFO] PluginManager:220 - loadIPPluginJar : add i2c
2024-09-13 09:23:46,275 [INFO] IPUIPlugin:80 - create IPUIPlugin
2024-09-13 09:23:46,276 [INFO] PluginManager:220 - loadIPPluginJar : add i2s
2024-09-13 09:23:46,279 [INFO] IPUIPlugin:80 - create IPUIPlugin
2024-09-13 09:23:46,280 [INFO] PluginManager:220 - loadIPPluginJar : add i3c
2024-09-13 09:23:46,302 [INFO] IPUIPlugin:80 - create IPUIPlugin
2024-09-13 09:23:46,302 [INFO] PluginManager:220 - loadIPPluginJar : add ipddr
2024-09-13 09:23:46,417 [INFO] IPUIPlugin:80 - create IPUIPlugin
2024-09-13 09:23:46,417 [INFO] PluginManager:220 - loadIPPluginJar : add linkedlist
2024-09-13 09:23:46,423 [INFO] IPUIPlugin:80 - create IPUIPlugin
2024-09-13 09:23:46,423 [INFO] PluginManager:220 - loadIPPluginJar : add lorawan
2024-09-13 09:23:46,428 [INFO] IPUIPlugin:80 - create IPUIPlugin
2024-09-13 09:23:46,428 [INFO] PluginManager:220 - loadIPPluginJar : add ltdc
2024-09-13 09:23:46,493 [INFO] IPUIPlugin:80 - create IPUIPlugin
2024-09-13 09:23:46,493 [INFO] PluginManager:220 - loadIPPluginJar : add mdma
2024-09-13 09:23:46,554 [INFO] IPUIPlugin:80 - create IPUIPlugin
2024-09-13 09:23:46,555 [INFO] PluginManager:220 - loadIPPluginJar : add nvic
2024-09-13 09:23:46,672 [INFO] IPUIPlugin:80 - create IPUIPlugin
2024-09-13 09:23:46,673 [INFO] PluginManager:220 - loadIPPluginJar : add opamp
2024-09-13 09:23:46,686 [INFO] IPUIPlugin:80 - create IPUIPlugin
2024-09-13 09:23:46,687 [INFO] PluginManager:220 - loadIPPluginJar : add openamp
2024-09-13 09:23:46,696 [INFO] IPUIPlugin:80 - create IPUIPlugin
2024-09-13 09:23:46,696 [INFO] PluginManager:220 - loadIPPluginJar : add pdm2pcm
2024-09-13 09:23:46,719 [INFO] IPUIPlugin:80 - create IPUIPlugin
2024-09-13 09:23:46,721 [INFO] PluginManager:220 - loadIPPluginJar : add plateformsettings
2024-09-13 09:23:46,738 [INFO] IPUIPlugin:80 - create IPUIPlugin
2024-09-13 09:23:46,738 [INFO] PluginManager:220 - loadIPPluginJar : add quadspi
2024-09-13 09:23:46,767 [INFO] IPUIPlugin:80 - create IPUIPlugin
2024-09-13 09:23:46,767 [INFO] PluginManager:220 - loadIPPluginJar : add resmgrutility
2024-09-13 09:23:46,783 [INFO] IPUIPlugin:80 - create IPUIPlugin
2024-09-13 09:23:46,783 [INFO] PluginManager:220 - loadIPPluginJar : add sai
2024-09-13 09:23:46,787 [INFO] IPUIPlugin:80 - create IPUIPlugin
2024-09-13 09:23:46,787 [INFO] PluginManager:220 - loadIPPluginJar : add spi
2024-09-13 09:23:46,794 [INFO] IPUIPlugin:80 - create IPUIPlugin
2024-09-13 09:23:46,794 [INFO] PluginManager:220 - loadIPPluginJar : add stm32_wpan
2024-09-13 09:23:46,795 [INFO] IPUIPlugin:80 - create IPUIPlugin
2024-09-13 09:23:46,795 [INFO] PluginManager:220 - loadIPPluginJar : add tim
2024-09-13 09:23:46,799 [INFO] IPUIPlugin:80 - create IPUIPlugin
2024-09-13 09:23:46,799 [INFO] PluginManager:220 - loadIPPluginJar : add touchsensing
2024-09-13 09:23:46,800 [INFO] IPUIPlugin:80 - create IPUIPlugin
2024-09-13 09:23:46,800 [INFO] PluginManager:220 - loadIPPluginJar : add tracer_emb
2024-09-13 09:23:46,803 [INFO] IPUIPlugin:80 - create IPUIPlugin
2024-09-13 09:23:46,803 [INFO] PluginManager:220 - loadIPPluginJar : add ts
2024-09-13 09:23:46,804 [INFO] IPUIPlugin:80 - create IPUIPlugin
2024-09-13 09:23:46,804 [INFO] PluginManager:220 - loadIPPluginJar : add tsc
2024-09-13 09:23:46,806 [INFO] IPUIPlugin:80 - create IPUIPlugin
2024-09-13 09:23:46,807 [INFO] PluginManager:220 - loadIPPluginJar : add ucpd
2024-09-13 09:23:46,809 [INFO] IPUIPlugin:80 - create IPUIPlugin
2024-09-13 09:23:46,809 [INFO] PluginManager:220 - loadIPPluginJar : add usart
2024-09-13 09:23:46,812 [INFO] IPUIPlugin:80 - create IPUIPlugin
2024-09-13 09:23:46,812 [INFO] PluginManager:220 - loadIPPluginJar : add usbx
2024-09-13 09:23:46,967 [INFO] CADModel:165 - CPN selected for project level
2024-09-13 09:23:46,967 [INFO] CADModel:114 - Register for checkConnection events
2024-09-13 09:23:46,968 [FATAL] Updater:308 - Updater called before beeing initialized
2024-09-13 09:23:46,968 [ERROR] CADModel:125 - Updater not yet initialized, retry later 
2024-09-13 09:23:47,433 [INFO] CADModel:165 - CPN selected for project level
2024-09-13 09:23:47,433 [INFO] CADModel:114 - Register for checkConnection events
2024-09-13 09:23:47,458 [FATAL] Updater:308 - Updater called before beeing initialized
2024-09-13 09:23:47,458 [ERROR] CADModel:125 - Updater not yet initialized, retry later 
2024-09-13 09:23:47,464 [FATAL] Updater:308 - Updater called before beeing initialized
2024-09-13 09:23:47,536 [INFO] ThirdPartyUpdaterWithRetryManager:70 - Updater plugin not ready yet. [2/15]
2024-09-13 09:23:47,640 [FATAL] Updater:308 - Updater called before beeing initialized
2024-09-13 09:23:47,644 [INFO] DbMcusAds:53 - JSON generation date=Thu May 16 16:22:00 ICT 2024 (1715851320667)
2024-09-13 09:23:47,644 [FATAL] Updater:308 - Updater called before beeing initialized
2024-09-13 09:23:47,746 [WARN] DetailPanel:346 - Failed to get advertising image, set to default
2024-09-13 09:23:47,984 [FATAL] Updater:308 - Updater called before beeing initialized
2024-09-13 09:23:47,986 [FATAL] Updater:308 - Updater called before beeing initialized
2024-09-13 09:23:47,987 [FATAL] Updater:308 - Updater called before beeing initialized
2024-09-13 09:23:47,987 [WARN] DetailPanel:346 - Failed to get advertising image, set to default
2024-09-13 09:23:47,989 [FATAL] Updater:308 - Updater called before beeing initialized
2024-09-13 09:23:48,295 [ERROR] Updater:1120 - MainUpdater not yet initialized. External WinMGr cannot be set.
2024-09-13 09:23:48,313 [INFO] Updater:1056 - Updater Version found : 6.10.0
2024-09-13 09:23:48,365 [INFO] ApplicationProperties:184 - Using Application install path: D:\STM32IDE\STM32CubeIDE_1.14.0\STM32CubeIDE\plugins\com.st.stm32cube.common.mx_6.10.0.202311202037
2024-09-13 09:23:49,328 [INFO] MainUpdater:2873 - connection check result : 10
2024-09-13 09:23:49,331 [INFO] MainUpdater:290 - Updater Check For Update Now.
2024-09-13 09:23:49,331 [INFO] MicroXplorer:498 - Change Database Version : DB.6.0.100
2024-09-13 09:23:49,409 [INFO] McuFinderGlobals:63 - Set McuFinder mode to 2 (CubeIDE integrated)
2024-09-13 09:23:49,610 [INFO] CheckServerUpdateThread:120 - End of CheckServer Thread
2024-09-13 09:23:49,907 [INFO] UserAuth:404 - Internet connection configuration mode: 1
2024-09-13 09:23:50,072 [INFO] JxBrowserEngine:152 - Initiate JxBrowser Engine with user profile folder
2024-09-13 09:23:51,823 [WARN] PackLoader:240 - Cannot read IP mode file for STMicroelectronics.FP-SNS-MOTENVWB1.1.4.0
2024-09-13 09:23:52,503 [WARN] PackLoader:240 - Cannot read IP mode file for STMicroelectronics.X-CUBE-SMBUS.2.1.0
2024-09-13 09:23:52,509 [WARN] PackLoader:240 - Cannot read IP mode file for STMicroelectronics.X-CUBE-TOUCHGFX.4.23.0
2024-09-13 09:23:52,549 [WARN] PackLoader:240 - Cannot read IP mode file for STMicroelectronics.X-CUBE-AZRTOS-F7.1.1.0
2024-09-13 09:23:52,566 [WARN] PackLoader:240 - Cannot read IP mode file for STMicroelectronics.FP-SNS-MOTENV1.4.3.2
2024-09-13 09:23:52,683 [WARN] PackLoader:240 - Cannot read IP mode file for STMicroelectronics.X-CUBE-MEMS1.11.0.0
2024-09-13 09:23:52,878 [WARN] PackLoader:240 - Cannot read IP mode file for STMicroelectronics.FP-SNS-FLIGHT1.5.0.2
2024-09-13 09:23:52,889 [WARN] PackLoader:240 - Cannot read IP mode file for STMicroelectronics.X-CUBE-DISPLAY.3.0.0
2024-09-13 09:23:52,904 [WARN] PackLoader:240 - Cannot read IP mode file for STMicroelectronics.X-CUBE-BLE1.7.0.0
2024-09-13 09:23:52,911 [WARN] PackLoader:240 - Cannot read IP mode file for emotas.I-CUBE-CANOPEN.1.3.0
2024-09-13 09:23:52,924 [WARN] PackLoader:240 - Cannot read IP mode file for STMicroelectronics.X-CUBE-BLEMGR.3.1.0
2024-09-13 09:23:52,934 [WARN] PackLoader:240 - Cannot read IP mode file for STMicroelectronics.FP-SNS-SMARTAG2.1.2.0
2024-09-13 09:23:52,959 [INFO] LogOutputStream:77 - [STDOUT_REDIRECT] 1 : Invalid condition id : UX_CORESTACK_Condition cause : null
2024-09-13 09:23:52,960 [INFO] LogOutputStream:77 - [STDOUT_REDIRECT] 1 : Invalid condition id : UX_CORESTACK_Condition cause : null
2024-09-13 09:23:52,961 [INFO] LogOutputStream:77 - [STDOUT_REDIRECT] 1 : Invalid condition id : UX_CORESTACK_Condition cause : null
2024-09-13 09:23:52,963 [INFO] LogOutputStream:77 - [STDOUT_REDIRECT] 1 : Invalid condition id : UX_CORESTACK_Condition cause : null
2024-09-13 09:23:52,965 [INFO] LogOutputStream:77 - [STDOUT_REDIRECT] 1 : Invalid condition id : UX_CORESTACK_Condition cause : null
2024-09-13 09:23:52,969 [WARN] PackLoader:240 - Cannot read IP mode file for STMicroelectronics.X-CUBE-AZRTOS-WL.2.0.0
2024-09-13 09:23:53,300 [WARN] PackLoader:240 - Cannot read IP mode file for STMicroelectronics.FP-SNS-MOTENV1.5.0.0
2024-09-13 09:23:53,309 [WARN] PackLoader:240 - Cannot read IP mode file for wolfSSL.I-CUBE-wolfMQTT.1.19.0
2024-09-13 09:23:53,323 [WARN] PackLoader:240 - Cannot read IP mode file for WES.I-CUBE-Cesium.1.3.0
2024-09-13 09:23:53,334 [WARN] PackLoader:240 - Cannot read IP mode file for STMicroelectronics.X-CUBE-BLE2.3.3.0
2024-09-13 09:23:53,346 [WARN] PackLoader:240 - Cannot read IP mode file for STMicroelectronics.X-CUBE-TCPP.4.1.0
2024-09-13 09:23:53,375 [WARN] PackLoader:240 - Cannot read IP mode file for STMicroelectronics.X-CUBE-ALGOBUILD.1.3.0
2024-09-13 09:23:53,419 [WARN] PackLoader:240 - Cannot read IP mode file for STMicroelectronics.X-CUBE-AZRTOS-G0.1.1.0
2024-09-13 09:23:53,445 [WARN] PackLoader:240 - Cannot read IP mode file for STMicroelectronics.X-CUBE-SAFEA1.1.2.2
2024-09-13 09:23:53,460 [WARN] PackLoader:240 - Cannot read IP mode file for STMicroelectronics.X-CUBE-NFC4.3.0.0
2024-09-13 09:23:53,509 [WARN] PackLoader:240 - Cannot read IP mode file for EmbeddedOffice.I-CUBE-FS-RTOS.1.0.1
2024-09-13 09:23:53,509 [ERROR] ConditionMgr:805 - Attr not supported : Dmpu
2024-09-13 09:23:53,510 [ERROR] ConditionMgr:805 - Attr not supported : Dmpu
2024-09-13 09:23:53,510 [ERROR] ConditionMgr:805 - Attr not supported : Dmpu
2024-09-13 09:23:53,510 [ERROR] ConditionMgr:805 - Attr not supported : Dmpu
2024-09-13 09:23:53,511 [ERROR] ConditionMgr:805 - Attr not supported : Dmpu
2024-09-13 09:23:53,511 [ERROR] ConditionMgr:805 - Attr not supported : Dmpu
2024-09-13 09:23:53,511 [ERROR] ConditionMgr:805 - Attr not supported : Dmpu
2024-09-13 09:23:53,511 [ERROR] ConditionMgr:805 - Attr not supported : Dmpu
2024-09-13 09:23:53,511 [ERROR] ConditionMgr:805 - Attr not supported : Dmpu
2024-09-13 09:23:53,511 [ERROR] ConditionMgr:805 - Attr not supported : Dmpu
2024-09-13 09:23:53,511 [ERROR] ConditionMgr:805 - Attr not supported : Dmpu
2024-09-13 09:23:53,511 [ERROR] ConditionMgr:805 - Attr not supported : Dmpu
2024-09-13 09:23:53,511 [ERROR] ConditionMgr:805 - Attr not supported : Dmpu
2024-09-13 09:23:53,511 [ERROR] ConditionMgr:805 - Attr not supported : Dmpu
2024-09-13 09:23:53,511 [ERROR] ConditionMgr:805 - Attr not supported : Dmpu
2024-09-13 09:23:53,511 [ERROR] ConditionMgr:805 - Attr not supported : Dmpu
2024-09-13 09:23:53,512 [ERROR] ConditionMgr:805 - Attr not supported : Dmpu
2024-09-13 09:23:53,512 [ERROR] ConditionMgr:805 - Attr not supported : Dmpu
2024-09-13 09:23:53,512 [ERROR] ConditionMgr:805 - Attr not supported : Dmpu
2024-09-13 09:23:53,512 [ERROR] ConditionMgr:805 - Attr not supported : Dmpu
2024-09-13 09:23:53,512 [ERROR] ConditionMgr:805 - Attr not supported : Dmpu
2024-09-13 09:23:53,512 [ERROR] ConditionMgr:805 - Attr not supported : Dmpu
2024-09-13 09:23:53,512 [ERROR] ConditionMgr:805 - Attr not supported : Dmpu
2024-09-13 09:23:53,513 [ERROR] ConditionMgr:805 - Attr not supported : Dmpu
2024-09-13 09:23:53,513 [ERROR] ConditionMgr:805 - Attr not supported : Dmpu
2024-09-13 09:23:53,513 [ERROR] ConditionMgr:805 - Attr not supported : Dmpu
2024-09-13 09:23:53,513 [ERROR] ConditionMgr:805 - Attr not supported : Dmpu
2024-09-13 09:23:53,514 [ERROR] ConditionMgr:805 - Attr not supported : Dmpu
2024-09-13 09:23:53,514 [ERROR] ConditionMgr:805 - Attr not supported : Dmpu
2024-09-13 09:23:53,514 [ERROR] ConditionMgr:805 - Attr not supported : Dmpu
2024-09-13 09:23:53,514 [ERROR] ConditionMgr:805 - Attr not supported : Dmpu
2024-09-13 09:23:53,514 [ERROR] ConditionMgr:805 - Attr not supported : Dmpu
2024-09-13 09:23:53,515 [ERROR] ConditionMgr:805 - Attr not supported : Dmpu
2024-09-13 09:23:53,515 [ERROR] ConditionMgr:805 - Attr not supported : Dmpu
2024-09-13 09:23:53,515 [ERROR] ConditionMgr:805 - Attr not supported : Dmpu
2024-09-13 09:23:53,515 [ERROR] ConditionMgr:805 - Attr not supported : Dmpu
2024-09-13 09:23:53,515 [ERROR] ConditionMgr:805 - Attr not supported : Dmpu
2024-09-13 09:23:53,515 [ERROR] ConditionMgr:805 - Attr not supported : Dmpu
2024-09-13 09:23:53,518 [ERROR] ConditionMgr:805 - Attr not supported : Dmpu
2024-09-13 09:23:53,525 [ERROR] ConditionMgr:805 - Attr not supported : Dmpu
2024-09-13 09:23:53,562 [ERROR] ConditionMgr:805 - Attr not supported : Dmpu
2024-09-13 09:23:53,562 [ERROR] ConditionMgr:805 - Attr not supported : Dmpu
2024-09-13 09:23:53,562 [ERROR] ConditionMgr:805 - Attr not supported : Dmpu
2024-09-13 09:23:53,562 [ERROR] ConditionMgr:805 - Attr not supported : Dmpu
2024-09-13 09:23:53,562 [ERROR] ConditionMgr:805 - Attr not supported : Dmpu
2024-09-13 09:23:53,562 [ERROR] ConditionMgr:805 - Attr not supported : Dmpu
2024-09-13 09:23:53,563 [ERROR] ConditionMgr:805 - Attr not supported : Dmpu
2024-09-13 09:23:53,563 [ERROR] ConditionMgr:805 - Attr not supported : Dmpu
2024-09-13 09:23:53,563 [ERROR] ConditionMgr:805 - Attr not supported : Dmpu
2024-09-13 09:23:53,563 [ERROR] ConditionMgr:805 - Attr not supported : Dmpu
2024-09-13 09:23:53,563 [ERROR] ConditionMgr:805 - Attr not supported : Dmpu
2024-09-13 09:23:53,564 [ERROR] ConditionMgr:805 - Attr not supported : Dmpu
2024-09-13 09:23:53,564 [ERROR] ConditionMgr:805 - Attr not supported : Dmpu
2024-09-13 09:23:53,564 [ERROR] ConditionMgr:805 - Attr not supported : Dmpu
2024-09-13 09:23:53,564 [ERROR] ConditionMgr:805 - Attr not supported : Dmpu
2024-09-13 09:23:53,564 [ERROR] ConditionMgr:805 - Attr not supported : Dmpu
2024-09-13 09:23:53,564 [ERROR] ConditionMgr:805 - Attr not supported : Dmpu
2024-09-13 09:23:53,564 [ERROR] ConditionMgr:805 - Attr not supported : Dmpu
2024-09-13 09:23:53,564 [ERROR] ConditionMgr:805 - Attr not supported : Dmpu
2024-09-13 09:23:53,564 [ERROR] ConditionMgr:805 - Attr not supported : Dmpu
2024-09-13 09:23:53,565 [ERROR] ConditionMgr:805 - Attr not supported : Dmpu
2024-09-13 09:23:53,565 [ERROR] ConditionMgr:805 - Attr not supported : Dmpu
2024-09-13 09:23:53,565 [ERROR] ConditionMgr:805 - Attr not supported : Dmpu
2024-09-13 09:23:53,565 [ERROR] ConditionMgr:805 - Attr not supported : Dmpu
2024-09-13 09:23:53,611 [WARN] PackLoader:240 - Cannot read IP mode file for STMicroelectronics.X-CUBE-BLEMGR.3.0.0
2024-09-13 09:23:53,631 [WARN] PackLoader:240 - Cannot read IP mode file for RealThread.X-CUBE-RT-Thread_Nano.4.1.1
2024-09-13 09:23:53,639 [WARN] PackLoader:240 - Cannot read IP mode file for STMicroelectronics.FP-ATR-SIGFOX1.3.2.0
2024-09-13 09:23:53,655 [WARN] PackLoader:240 - Cannot read IP mode file for STMicroelectronics.X-CUBE-EEPRMA1.5.1.0
2024-09-13 09:23:53,704 [WARN] PackLoader:240 - Cannot read IP mode file for SEGGER.I-CUBE-embOS.1.3.1
2024-09-13 09:23:53,796 [WARN] PackLoader:240 - Cannot read IP mode file for STMicroelectronics.X-CUBE-ALGOBUILD.1.4.0
2024-09-13 09:23:53,814 [WARN] PackLoader:240 - Cannot read IP mode file for STMicroelectronics.X-CUBE-GNSS1.6.0.0
2024-09-13 09:23:53,844 [WARN] PackLoader:240 - Cannot read IP mode file for STMicroelectronics.X-CUBE-AZRTOS-F4.1.1.0
2024-09-13 09:23:53,876 [INFO] WebApp:161 - Instantiating new browser for Auth
2024-09-13 09:23:53,878 [WARN] PackLoader:240 - Cannot read IP mode file for STMicroelectronics.X-CUBE-FREERTOS.1.2.0
2024-09-13 09:23:53,896 [WARN] PackLoader:240 - Cannot read IP mode file for wolfSSL.I-CUBE-wolfSSL.5.6.6
2024-09-13 09:23:53,941 [WARN] PackLoader:240 - Cannot read IP mode file for STMicroelectronics.X-CUBE-AZRTOS-L5.2.0.0
2024-09-13 09:23:53,955 [WARN] PackLoader:240 - Cannot read IP mode file for STMicroelectronics.X-CUBE-EEPRMA1.4.2.0
2024-09-13 09:23:53,974 [WARN] PackLoader:240 - Cannot read IP mode file for STMicroelectronics.X-CUBE-NFC6.3.1.0
2024-09-13 09:23:53,993 [WARN] PackLoader:240 - Cannot read IP mode file for ITTIA_DB.I-CUBE-ITTIADB.8.8.0
2024-09-13 09:23:54,019 [WARN] PackLoader:240 - Cannot read IP mode file for STMicroelectronics.X-CUBE-DPower.1.2.0
2024-09-13 09:23:54,035 [WARN] PackLoader:240 - Cannot read IP mode file for STMicroelectronics.X-CUBE-AI.9.0.0
2024-09-13 09:23:54,062 [WARN] PackLoader:240 - Cannot read IP mode file for STMicroelectronics.X-CUBE-NFC7.1.0.1
2024-09-13 09:23:54,070 [WARN] PackLoader:240 - Cannot read IP mode file for wolfSSL.I-CUBE-wolfTPM.3.2.0
2024-09-13 09:23:54,090 [WARN] PackLoader:240 - Cannot read IP mode file for STMicroelectronics.X-CUBE-NFC6.3.0.0
2024-09-13 09:23:54,112 [WARN] PackLoader:240 - Cannot read IP mode file for STMicroelectronics.X-CUBE-AI.8.1.0
2024-09-13 09:23:54,141 [WARN] ConditionMgr:438 - getConditionDescription Invalid condition id : LAN8742 Phy interface Condition cause : null
2024-09-13 09:23:54,142 [WARN] PackLoader:240 - Cannot read IP mode file for STMicroelectronics.X-CUBE-AZRTOS-L4.2.0.0
2024-09-13 09:23:54,145 [WARN] ConditionMgr:1039 - genDependencies : Invalid condition id : LAN8742 Phy interface Condition cause : null
2024-09-13 09:23:54,146 [WARN] ConditionMgr:1039 - genDependencies : Invalid condition id : LAN8742 Phy interface Condition cause : null
2024-09-13 09:23:54,147 [WARN] ConditionMgr:1039 - genDependencies : Invalid condition id : LAN8742 Phy interface Condition cause : null
2024-09-13 09:23:54,162 [WARN] PackLoader:240 - Cannot read IP mode file for STMicroelectronics.X-CUBE-SFXS2LP1.4.0.0
2024-09-13 09:23:54,202 [WARN] PackLoader:240 - Cannot read IP mode file for STMicroelectronics.X-CUBE-AZRTOS-H7.3.3.0
2024-09-13 09:23:54,241 [WARN] ConditionMgr:438 - getConditionDescription Invalid condition id : UX DEVICE CLASS RTOS Condition cause : null
2024-09-13 09:23:54,241 [WARN] ConditionMgr:438 - getConditionDescription Invalid condition id : UX DEVICE CLASS RTOS Condition cause : null
2024-09-13 09:23:54,244 [WARN] PackLoader:240 - Cannot read IP mode file for STMicroelectronics.X-CUBE-AZRTOS-WB.2.0.0
2024-09-13 09:23:54,245 [WARN] ConditionMgr:1039 - genDependencies : Invalid condition id : UX DEVICE CLASS RTOS Condition cause : null
2024-09-13 09:23:54,246 [WARN] ConditionMgr:1039 - genDependencies : Invalid condition id : UX DEVICE CLASS RTOS Condition cause : null
2024-09-13 09:23:54,246 [WARN] ConditionMgr:1039 - genDependencies : Invalid condition id : UX DEVICE CLASS RTOS Condition cause : null
2024-09-13 09:23:54,246 [WARN] ConditionMgr:1039 - genDependencies : Invalid condition id : UX DEVICE CLASS RTOS Condition cause : null
2024-09-13 09:23:54,247 [WARN] ConditionMgr:1039 - genDependencies : Invalid condition id : UX DEVICE CLASS RTOS Condition cause : null
2024-09-13 09:23:54,254 [WARN] PackLoader:240 - Cannot read IP mode file for STMicroelectronics.X-CUBE-GNSS1.7.0.0
2024-09-13 09:23:54,264 [WARN] PackLoader:240 - Cannot read IP mode file for STMicroelectronics.FP-SNS-STBOX1.2.0.0
2024-09-13 09:23:54,313 [WARN] PackLoader:240 - Cannot read IP mode file for STMicroelectronics.X-CUBE-SUBG2.5.0.0
2024-09-13 09:23:54,376 [WARN] PackLoader:240 - Cannot read IP mode file for Cesanta.I-CUBE-Mongoose.7.13.0
2024-09-13 09:23:54,405 [WARN] PackLoader:240 - Cannot read IP mode file for STMicroelectronics.X-CUBE-AZRTOS-G4.2.0.0
2024-09-13 09:23:54,446 [WARN] PackLoader:240 - Cannot read IP mode file for Infineon.AIROC-Wi-Fi-Bluetooth-STM32.1.5.1
2024-09-13 09:23:54,462 [WARN] PackLoader:240 - Cannot read IP mode file for STMicroelectronics.FP-SNS-MOTENVWB1.1.3.1
2024-09-13 09:23:54,490 [WARN] PackLoader:240 - Cannot read IP mode file for STMicroelectronics.X-CUBE-ISPU.2.0.0
2024-09-13 09:23:54,501 [WARN] PackLoader:240 - Cannot read IP mode file for STMicroelectronics.X-CUBE-ALS.1.0.2
2024-09-13 09:23:54,596 [WARN] PackLoader:240 - Cannot read IP mode file for STMicroelectronics.X-CUBE-MEMS1.10.0.0
2024-09-13 09:23:54,853 [WARN] PackLoader:240 - Cannot read IP mode file for STMicroelectronics.X-CUBE-FREERTOS.1.1.0
2024-09-13 09:23:54,858 [WARN] PackLoader:240 - Cannot read IP mode file for STMicroelectronics.X-CUBE-TOUCHGFX.4.24.0
2024-09-13 09:23:54,867 [WARN] PackLoader:240 - Cannot read IP mode file for portGmbH.I-Cube-SoM-uGOAL.1.1.0
2024-09-13 09:23:54,897 [WARN] PackLoader:240 - Cannot read IP mode file for STMicroelectronics.X-CUBE-ALS.1.0.1
2024-09-13 09:23:54,956 [WARN] PackLoader:240 - Cannot read IP mode file for STMicroelectronics.X-CUBE-AZRTOS-H7RS.1.0.0
2024-09-13 09:23:54,974 [WARN] PackLoader:240 - Cannot read IP mode file for STMicroelectronics.FP-ATR-ASTRA1.2.0.0
2024-09-13 09:23:55,001 [WARN] PackLoader:240 - Cannot read IP mode file for STMicroelectronics.X-CUBE-TOF1.3.4.2
2024-09-13 09:23:55,041 [WARN] PackLoader:240 - Cannot read IP mode file for STMicroelectronics.X-CUBE-TOF1.3.4.0
2024-09-13 09:23:55,114 [WARN] PackLoader:240 - Cannot read IP mode file for STMicroelectronics.X-CUBE-TOF1.3.4.1
2024-09-13 09:23:55,151 [WARN] PackLoader:240 - Cannot read IP mode file for STMicroelectronics.X-CUBE-AZRTOS-H7.3.2.0
2024-09-13 09:23:55,161 [WARN] PackLoader:240 - Cannot read IP mode file for wolfSSL.I-CUBE-wolfSSH.1.4.17
2024-09-13 09:23:55,162 [INFO] ThirdParty:978 - Integrity check success = true
2024-09-13 09:23:55,162 [INFO] IntegrityCheckThread:100 - exiting critical section [integrity check]
2024-09-13 09:23:55,162 [INFO] IntegrityCheckThread:103 - End integrity checks thread
2024-09-13 09:23:55,233 [INFO] WebApp:780 - Register for checkConnection events
2024-09-13 09:23:55,233 [INFO] WebApp:414 - Apply proxy settings
2024-09-13 09:23:55,233 [INFO] WebApp:499 - Chromium requires no authentication
2024-09-13 09:23:55,244 [INFO] WebApp:442 - Direct internet connection detected
2024-09-13 09:23:55,495 [INFO] WebApp:192 - Starting web application
2024-09-13 09:23:55,495 [INFO] WebApp:544 - Web application path used D:\STM32IDE\STM32CubeIDE_1.14.0\STM32CubeIDE\plugins\com.st.stm32cube.common.mx_6.10.0.202311202037\db\plugins\mcufinder\reactClient1\index.html
2024-09-13 09:24:17,277 [ERROR] LogOutputStream:75 - [STDERR_REDIRECT] SLF4J: Failed to load class "org.slf4j.impl.StaticLoggerBinder".
2024-09-13 09:24:17,279 [ERROR] LogOutputStream:75 - [STDERR_REDIRECT] SLF4J: Defaulting to no-operation (NOP) logger implementation
2024-09-13 09:24:17,285 [ERROR] LogOutputStream:75 - [STDERR_REDIRECT] SLF4J: See http://www.slf4j.org/codes.html#StaticLoggerBinder for further details.
2024-09-13 09:34:58,837 [ERROR] LogOutputStream:75 - [STDERR_REDIRECT] 
