2024-09-06 19:31:26,575 [INFO] Activator:176 - 


2024-09-06 19:31:26,636 [INFO] Activator:177 - !SESSION log4j initialized
2024-09-06 19:31:37,604 [INFO] LogOutputStream:77 - [STDOUT_REDIRECT] 
2024-09-06 19:31:43,731 [INFO] ApplicationProperties:184 - Using Application install path: D:\STM32IDE\STM32CubeIDE_1.14.0\STM32CubeIDE\plugins\com.st.stm32cube.common.mx_6.10.0.202311202037
2024-09-06 19:31:43,785 [INFO] DbMcusXml:78 - Set database path to: D:\STM32IDE\STM32CubeIDE_1.14.0\STM32CubeIDE\plugins\com.st.stm32cube.common.mx_6.10.0.202311202037\\db\/mcu/
2024-09-06 19:31:43,785 [INFO] ApiDb:274 - Set plugin database path to: D:\STM32IDE\STM32CubeIDE_1.14.0\STM32CubeIDE\plugins\com.st.stm32cube.common.mx_6.10.0.202311202037\\db\/plugins/boardmanager/
2024-09-06 19:31:43,785 [WARN] ApiDb:259 - Overriding images path with different value:  => D:\STM32IDE\STM32CubeIDE_1.14.0\STM32CubeIDE\plugins\com.st.stm32cube.common.mx_6.10.0.202311202037\\db\/plugins/mcufinder/images/
2024-09-06 19:31:43,929 [INFO] ApiDb:250 - Set database path to: C:\Users\Kingj\.stmcufinder\plugins\mcufinder//mcu/
2024-09-06 19:31:43,930 [INFO] DbMcusAds:125 - Set database path to: C:\Users\Kingj\.stmcufinder\plugins\mcufinder//mcu/
2024-09-06 19:31:43,932 [INFO] CrossReferenceDbSqlite:203 - Set database path to: C:\Users\Kingj\.stmcufinder\plugins\mcufinder//mcu/cs/
2024-09-06 19:31:44,242 [INFO] RulesReader:64 - Compatibility file has been processed (297 Rules)
2024-09-06 19:31:44,410 [INFO] DbMcusXml:78 - Set database path to: D:\STM32IDE\STM32CubeIDE_1.14.0\STM32CubeIDE\plugins\com.st.stm32cube.common.mx_6.10.0.202311202037\\db\/mcu/
2024-09-06 19:31:44,410 [INFO] ApiDb:274 - Set plugin database path to: D:\STM32IDE\STM32CubeIDE_1.14.0\STM32CubeIDE\plugins\com.st.stm32cube.common.mx_6.10.0.202311202037\\db\/plugins/boardmanager/
2024-09-06 19:31:44,411 [INFO] ApiDb:261 - Set plugin images path to: D:\STM32IDE\STM32CubeIDE_1.14.0\STM32CubeIDE\plugins\com.st.stm32cube.common.mx_6.10.0.202311202037\\db\/plugins/mcufinder/images/
2024-09-06 19:31:44,411 [WARN] DbFile:41 - Overriding database path with different value: C:\Users\Kingj\.stmcufinder\plugins\mcufinder/ => C:\Users\Kingj\.stmcufinder\plugins\mcufinder
2024-09-06 19:31:44,411 [INFO] ApiDb:250 - Set database path to: C:\Users\Kingj\.stmcufinder\plugins\mcufinder//mcu/
2024-09-06 19:31:44,411 [WARN] DbFile:41 - Overriding database path with different value: C:\Users\Kingj\.stmcufinder\plugins\mcufinder/ => C:\Users\Kingj\.stmcufinder\plugins\mcufinder
2024-09-06 19:31:44,411 [INFO] DbMcusAds:125 - Set database path to: C:\Users\Kingj\.stmcufinder\plugins\mcufinder//mcu/
2024-09-06 19:31:44,411 [WARN] DbFile:41 - Overriding database path with different value: C:\Users\Kingj\.stmcufinder\plugins\mcufinder/ => C:\Users\Kingj\.stmcufinder\plugins\mcufinder
2024-09-06 19:31:44,411 [WARN] DbFile:41 - Overriding database path with different value: C:\Users\Kingj\.stmcufinder\plugins\mcufinder/ => C:\Users\Kingj\.stmcufinder\plugins\mcufinder
2024-09-06 19:31:44,412 [INFO] CrossReferenceDbSqlite:203 - Set database path to: C:\Users\Kingj\.stmcufinder\plugins\mcufinder//mcu/cs/
2024-09-06 19:31:44,581 [INFO] MainPanel:264 - HeapMemory: 268435456
2024-09-06 19:31:44,801 [INFO] DbMcusXml:78 - Set database path to: D:\STM32IDE\STM32CubeIDE_1.14.0\STM32CubeIDE\plugins\com.st.stm32cube.common.mx_6.10.0.202311202037\\db\/mcu/
2024-09-06 19:31:44,801 [INFO] ApiDb:274 - Set plugin database path to: D:\STM32IDE\STM32CubeIDE_1.14.0\STM32CubeIDE\plugins\com.st.stm32cube.common.mx_6.10.0.202311202037\\db\/plugins/boardmanager/
2024-09-06 19:31:44,802 [INFO] ApiDb:261 - Set plugin images path to: D:\STM32IDE\STM32CubeIDE_1.14.0\STM32CubeIDE\plugins\com.st.stm32cube.common.mx_6.10.0.202311202037\\db\/plugins/mcufinder/images/
2024-09-06 19:31:44,802 [WARN] DbFile:41 - Overriding database path with different value: C:\Users\Kingj\.stmcufinder\plugins\mcufinder/ => C:\Users\Kingj\.stmcufinder\plugins\mcufinder
2024-09-06 19:31:44,802 [INFO] ApiDb:250 - Set database path to: C:\Users\Kingj\.stmcufinder\plugins\mcufinder//mcu/
2024-09-06 19:31:44,802 [WARN] DbFile:41 - Overriding database path with different value: C:\Users\Kingj\.stmcufinder\plugins\mcufinder/ => C:\Users\Kingj\.stmcufinder\plugins\mcufinder
2024-09-06 19:31:44,802 [INFO] DbMcusAds:125 - Set database path to: C:\Users\Kingj\.stmcufinder\plugins\mcufinder//mcu/
2024-09-06 19:31:44,802 [WARN] DbFile:41 - Overriding database path with different value: C:\Users\Kingj\.stmcufinder\plugins\mcufinder/ => C:\Users\Kingj\.stmcufinder\plugins\mcufinder
2024-09-06 19:31:44,802 [WARN] DbFile:41 - Overriding database path with different value: C:\Users\Kingj\.stmcufinder\plugins\mcufinder/ => C:\Users\Kingj\.stmcufinder\plugins\mcufinder
2024-09-06 19:31:44,803 [INFO] CrossReferenceDbSqlite:203 - Set database path to: C:\Users\Kingj\.stmcufinder\plugins\mcufinder//mcu/cs/
2024-09-06 19:31:44,825 [INFO] ApplicationProperties:184 - Using Application install path: D:\STM32IDE\STM32CubeIDE_1.14.0\STM32CubeIDE\plugins\com.st.stm32cube.common.mx_6.10.0.202311202037
2024-09-06 19:31:44,827 [INFO] PluginManage:196 - Search for loadable plugins [exclusion list=, ]
2024-09-06 19:31:44,829 [INFO] PluginManage:310 - Check plugin analytics
2024-09-06 19:31:45,145 [INFO] AnalyticsPlugin:253 - Accepted Software Licenses: STM32CubeMX.6.10.0
2024-09-06 19:31:45,146 [INFO] AnalyticsPlugin:255 - Accepted CMSIS Pack Licenses: 
2024-09-06 19:31:45,146 [INFO] AnalyticsPlugin:257 - Accepted Firmware Licenses: FW.F4.1.28.0
2024-09-06 19:31:45,149 [INFO] PluginManage:359 - Loaded plugin analytics (category:tool,tabindex:-1)
2024-09-06 19:31:45,150 [INFO] PluginManage:310 - Check plugin cadmodel
2024-09-06 19:31:45,206 [INFO] CADModel:105 - Init CAD model plugin
2024-09-06 19:31:45,207 [INFO] PluginManage:359 - Loaded plugin cadmodel (category:power,tabindex:5)
2024-09-06 19:31:45,208 [INFO] PluginManage:310 - Check plugin clock
2024-09-06 19:31:45,390 [INFO] PluginManage:359 - Loaded plugin clock (category:base,tabindex:2)
2024-09-06 19:31:45,391 [INFO] PluginManage:310 - Check plugin ddr
2024-09-06 19:31:45,416 [INFO] PluginManage:359 - Loaded plugin ddr (category:tool,tabindex:6)
2024-09-06 19:31:45,416 [INFO] PluginManage:310 - Check plugin filemanager
2024-09-06 19:31:46,297 [INFO] PluginManage:359 - Loaded plugin filemanager (category:base,tabindex:10)
2024-09-06 19:31:46,298 [INFO] PluginManage:310 - Check plugin ipmanager
2024-09-06 19:31:46,448 [INFO] PluginManage:359 - Loaded plugin ipmanager (category:base,tabindex:5)
2024-09-06 19:31:46,449 [INFO] PluginManage:310 - Check plugin lpbam
2024-09-06 19:31:46,540 [INFO] PluginManage:359 - Loaded plugin lpbam (category:base,tabindex:0)
2024-09-06 19:31:46,540 [INFO] PluginManage:310 - Check plugin memorymap
2024-09-06 19:31:46,670 [INFO] PluginManage:359 - Loaded plugin memorymap (category:base,tabindex:4)
2024-09-06 19:31:46,670 [INFO] PluginManage:310 - Check plugin pinoutandconfiguration
2024-09-06 19:31:46,786 [INFO] PluginManage:359 - Loaded plugin pinoutandconfiguration (category:base,tabindex:1)
2024-09-06 19:31:46,786 [INFO] PluginManage:310 - Check plugin pinoutconfig
2024-09-06 19:31:47,063 [WARN] SupportedApi:132 - Cannot load RTOS API schema: s4s-elt-must-match.1: The content of 'definitions' must match (annotation?, (simpleType | complexType)?, (unique | key | keyref)*)). A problem was found starting at: attribute.
2024-09-06 19:31:47,423 [INFO] PluginManage:359 - Loaded plugin pinoutconfig (category:base,tabindex:0)
2024-09-06 19:31:47,423 [INFO] PluginManage:310 - Check plugin power
2024-09-06 19:31:47,579 [INFO] PluginManage:359 - Loaded plugin power (category:power,tabindex:4)
2024-09-06 19:31:47,579 [INFO] PluginManage:310 - Check plugin projectmanager
2024-09-06 19:31:47,683 [INFO] PluginManage:359 - Loaded plugin projectmanager (category:projectmanager,tabindex:3)
2024-09-06 19:31:47,683 [INFO] PluginManage:310 - Check plugin thirdparty
2024-09-06 19:31:48,590 [INFO] PluginManage:359 - Loaded plugin thirdparty (category:base,tabindex:-1)
2024-09-06 19:31:48,590 [WARN] IntegrityCheckThread:84 - waiting for thirdparty lock release [integrity check]
2024-09-06 19:31:48,591 [INFO] PluginManage:310 - Check plugin tools
2024-09-06 19:31:48,591 [INFO] IntegrityCheckThread:86 - entering critical section [integrity check]
2024-09-06 19:31:48,591 [INFO] ThirdPartyUpdaterWithRetryManager:70 - Updater plugin not ready yet. [1/15]
2024-09-06 19:31:48,621 [INFO] PluginManage:359 - Loaded plugin tools (category:base,tabindex:7)
2024-09-06 19:31:48,621 [INFO] PluginManage:310 - Check plugin tutovideos
2024-09-06 19:31:49,170 [INFO] PluginManage:359 - Loaded plugin tutovideos (category:base,tabindex:-1)
2024-09-06 19:31:49,170 [INFO] PluginManage:310 - Check plugin updater
2024-09-06 19:31:49,368 [INFO] PluginManage:359 - Loaded plugin updater (category:base,tabindex:12)
2024-09-06 19:31:49,369 [INFO] PluginManage:310 - Check plugin userauth
2024-09-06 19:31:49,397 [INFO] UserAuth:114 - Init User Auth plugin
2024-09-06 19:31:49,397 [INFO] PluginManage:359 - Loaded plugin userauth (category:base,tabindex:14)
2024-09-06 19:31:49,397 [INFO] PluginManage:283 - PluginManage : Loaded plugins [17]
2024-09-06 19:31:50,634 [INFO] PinOutPanel:1499 - setPackage(No Configuration,No Configuration)
2024-09-06 19:31:51,229 [INFO] CADModel:165 - CPN selected for project level
2024-09-06 19:31:51,229 [INFO] CADModel:114 - Register for checkConnection events
2024-09-06 19:31:51,389 [INFO] IPUIPlugin:80 - create IPUIPlugin
2024-09-06 19:31:51,390 [INFO] PluginManager:220 - loadIPPluginJar : add adc
2024-09-06 19:31:51,433 [INFO] IPUIPlugin:80 - create IPUIPlugin
2024-09-06 19:31:51,433 [INFO] PluginManager:220 - loadIPPluginJar : add aes
2024-09-06 19:31:51,436 [INFO] IPUIPlugin:80 - create IPUIPlugin
2024-09-06 19:31:51,437 [INFO] PluginManager:220 - loadIPPluginJar : add can
2024-09-06 19:31:51,443 [INFO] IPUIPlugin:80 - create IPUIPlugin
2024-09-06 19:31:51,443 [INFO] PluginManager:220 - loadIPPluginJar : add comp
2024-09-06 19:31:51,447 [INFO] IPUIPlugin:80 - create IPUIPlugin
2024-09-06 19:31:51,447 [INFO] PluginManager:220 - loadIPPluginJar : add cryp
2024-09-06 19:31:51,458 [INFO] IPUIPlugin:80 - create IPUIPlugin
2024-09-06 19:31:51,458 [INFO] PluginManager:220 - loadIPPluginJar : add dfsdm
2024-09-06 19:31:51,539 [INFO] IPUIPlugin:80 - create IPUIPlugin
2024-09-06 19:31:51,539 [INFO] PluginManager:220 - loadIPPluginJar : add dma
2024-09-06 19:31:51,543 [INFO] IPUIPlugin:80 - create IPUIPlugin
2024-09-06 19:31:51,544 [INFO] PluginManager:220 - loadIPPluginJar : add dma3
2024-09-06 19:31:51,559 [INFO] IPUIPlugin:80 - create IPUIPlugin
2024-09-06 19:31:51,559 [INFO] PluginManager:220 - loadIPPluginJar : add fatfs
2024-09-06 19:31:51,571 [INFO] IPUIPlugin:80 - create IPUIPlugin
2024-09-06 19:31:51,571 [INFO] PluginManager:220 - loadIPPluginJar : add fmc
2024-09-06 19:31:51,592 [INFO] ThirdPartyUpdaterWithRetryManager:70 - Updater plugin not ready yet. [2/15]
2024-09-06 19:31:51,604 [INFO] IPUIPlugin:80 - create IPUIPlugin
2024-09-06 19:31:51,604 [INFO] PluginManager:220 - loadIPPluginJar : add freertos
2024-09-06 19:31:51,606 [INFO] IPUIPlugin:80 - create IPUIPlugin
2024-09-06 19:31:51,606 [INFO] PluginManager:220 - loadIPPluginJar : add genericplugin
2024-09-06 19:31:51,629 [INFO] IPUIPlugin:80 - create IPUIPlugin
2024-09-06 19:31:51,629 [INFO] PluginManager:220 - loadIPPluginJar : add gfxmmu
2024-09-06 19:31:51,636 [INFO] IPUIPlugin:80 - create IPUIPlugin
2024-09-06 19:31:51,636 [INFO] PluginManager:220 - loadIPPluginJar : add gic
2024-09-06 19:31:51,690 [INFO] IPUIPlugin:80 - create IPUIPlugin
2024-09-06 19:31:51,690 [INFO] PluginManager:220 - loadIPPluginJar : add gpio
2024-09-06 19:31:51,733 [INFO] IPUIPlugin:80 - create IPUIPlugin
2024-09-06 19:31:51,733 [INFO] PluginManager:220 - loadIPPluginJar : add gtzc
2024-09-06 19:31:51,755 [INFO] IPUIPlugin:80 - create IPUIPlugin
2024-09-06 19:31:51,755 [INFO] PluginManager:220 - loadIPPluginJar : add hash
2024-09-06 19:31:51,758 [INFO] IPUIPlugin:80 - create IPUIPlugin
2024-09-06 19:31:51,759 [INFO] PluginManager:220 - loadIPPluginJar : add i2c
2024-09-06 19:31:51,762 [INFO] IPUIPlugin:80 - create IPUIPlugin
2024-09-06 19:31:51,762 [INFO] PluginManager:220 - loadIPPluginJar : add i2s
2024-09-06 19:31:51,766 [INFO] IPUIPlugin:80 - create IPUIPlugin
2024-09-06 19:31:51,766 [INFO] PluginManager:220 - loadIPPluginJar : add i3c
2024-09-06 19:31:51,835 [INFO] IPUIPlugin:80 - create IPUIPlugin
2024-09-06 19:31:51,835 [INFO] PluginManager:220 - loadIPPluginJar : add ipddr
2024-09-06 19:31:51,874 [INFO] IPUIPlugin:80 - create IPUIPlugin
2024-09-06 19:31:51,874 [INFO] PluginManager:220 - loadIPPluginJar : add linkedlist
2024-09-06 19:31:51,877 [INFO] IPUIPlugin:80 - create IPUIPlugin
2024-09-06 19:31:51,878 [INFO] PluginManager:220 - loadIPPluginJar : add lorawan
2024-09-06 19:31:51,879 [INFO] IPUIPlugin:80 - create IPUIPlugin
2024-09-06 19:31:51,880 [INFO] PluginManager:220 - loadIPPluginJar : add ltdc
2024-09-06 19:31:51,905 [INFO] IPUIPlugin:80 - create IPUIPlugin
2024-09-06 19:31:51,905 [INFO] PluginManager:220 - loadIPPluginJar : add mdma
2024-09-06 19:31:51,925 [INFO] IPUIPlugin:80 - create IPUIPlugin
2024-09-06 19:31:51,925 [INFO] PluginManager:220 - loadIPPluginJar : add nvic
2024-09-06 19:31:51,939 [INFO] IPUIPlugin:80 - create IPUIPlugin
2024-09-06 19:31:51,939 [INFO] PluginManager:220 - loadIPPluginJar : add opamp
2024-09-06 19:31:51,943 [INFO] IPUIPlugin:80 - create IPUIPlugin
2024-09-06 19:31:51,943 [INFO] PluginManager:220 - loadIPPluginJar : add openamp
2024-09-06 19:31:51,946 [INFO] IPUIPlugin:80 - create IPUIPlugin
2024-09-06 19:31:51,947 [INFO] PluginManager:220 - loadIPPluginJar : add pdm2pcm
2024-09-06 19:31:51,970 [INFO] IPUIPlugin:80 - create IPUIPlugin
2024-09-06 19:31:51,972 [INFO] PluginManager:220 - loadIPPluginJar : add plateformsettings
2024-09-06 19:31:52,067 [INFO] IPUIPlugin:80 - create IPUIPlugin
2024-09-06 19:31:52,067 [INFO] PluginManager:220 - loadIPPluginJar : add quadspi
2024-09-06 19:31:52,091 [INFO] IPUIPlugin:80 - create IPUIPlugin
2024-09-06 19:31:52,091 [INFO] PluginManager:220 - loadIPPluginJar : add resmgrutility
2024-09-06 19:31:52,103 [INFO] IPUIPlugin:80 - create IPUIPlugin
2024-09-06 19:31:52,103 [INFO] PluginManager:220 - loadIPPluginJar : add sai
2024-09-06 19:31:52,106 [INFO] IPUIPlugin:80 - create IPUIPlugin
2024-09-06 19:31:52,107 [INFO] PluginManager:220 - loadIPPluginJar : add spi
2024-09-06 19:31:52,110 [INFO] IPUIPlugin:80 - create IPUIPlugin
2024-09-06 19:31:52,110 [INFO] PluginManager:220 - loadIPPluginJar : add stm32_wpan
2024-09-06 19:31:52,112 [INFO] IPUIPlugin:80 - create IPUIPlugin
2024-09-06 19:31:52,112 [INFO] PluginManager:220 - loadIPPluginJar : add tim
2024-09-06 19:31:52,115 [INFO] IPUIPlugin:80 - create IPUIPlugin
2024-09-06 19:31:52,116 [INFO] PluginManager:220 - loadIPPluginJar : add touchsensing
2024-09-06 19:31:52,118 [INFO] IPUIPlugin:80 - create IPUIPlugin
2024-09-06 19:31:52,118 [INFO] PluginManager:220 - loadIPPluginJar : add tracer_emb
2024-09-06 19:31:52,120 [INFO] IPUIPlugin:80 - create IPUIPlugin
2024-09-06 19:31:52,120 [INFO] PluginManager:220 - loadIPPluginJar : add ts
2024-09-06 19:31:52,122 [INFO] IPUIPlugin:80 - create IPUIPlugin
2024-09-06 19:31:52,123 [INFO] PluginManager:220 - loadIPPluginJar : add tsc
2024-09-06 19:31:52,126 [INFO] IPUIPlugin:80 - create IPUIPlugin
2024-09-06 19:31:52,126 [INFO] PluginManager:220 - loadIPPluginJar : add ucpd
2024-09-06 19:31:52,129 [INFO] IPUIPlugin:80 - create IPUIPlugin
2024-09-06 19:31:52,129 [INFO] PluginManager:220 - loadIPPluginJar : add usart
2024-09-06 19:31:52,226 [INFO] IPUIPlugin:80 - create IPUIPlugin
2024-09-06 19:31:52,226 [INFO] PluginManager:220 - loadIPPluginJar : add usbx
2024-09-06 19:31:52,456 [INFO] CADModel:165 - CPN selected for project level
2024-09-06 19:31:52,456 [INFO] CADModel:114 - Register for checkConnection events
2024-09-06 19:31:52,456 [FATAL] Updater:308 - Updater called before beeing initialized
2024-09-06 19:31:52,457 [ERROR] CADModel:125 - Updater not yet initialized, retry later 
2024-09-06 19:31:53,125 [INFO] CADModel:165 - CPN selected for project level
2024-09-06 19:31:53,125 [INFO] CADModel:114 - Register for checkConnection events
2024-09-06 19:31:53,125 [FATAL] Updater:308 - Updater called before beeing initialized
2024-09-06 19:31:53,125 [ERROR] CADModel:125 - Updater not yet initialized, retry later 
2024-09-06 19:31:53,130 [FATAL] Updater:308 - Updater called before beeing initialized
2024-09-06 19:31:53,308 [FATAL] Updater:308 - Updater called before beeing initialized
2024-09-06 19:31:53,315 [INFO] DbMcusAds:53 - JSON generation date=Thu May 16 16:22:00 ICT 2024 (1715851320667)
2024-09-06 19:31:53,316 [FATAL] Updater:308 - Updater called before beeing initialized
2024-09-06 19:31:53,617 [WARN] DetailPanel:346 - Failed to get advertising image, set to default
2024-09-06 19:31:53,806 [FATAL] Updater:308 - Updater called before beeing initialized
2024-09-06 19:31:53,808 [FATAL] Updater:308 - Updater called before beeing initialized
2024-09-06 19:31:53,808 [FATAL] Updater:308 - Updater called before beeing initialized
2024-09-06 19:31:53,808 [WARN] DetailPanel:346 - Failed to get advertising image, set to default
2024-09-06 19:31:53,809 [FATAL] Updater:308 - Updater called before beeing initialized
2024-09-06 19:31:54,102 [ERROR] Updater:1120 - MainUpdater not yet initialized. External WinMGr cannot be set.
2024-09-06 19:31:54,123 [INFO] Updater:1056 - Updater Version found : 6.10.0
2024-09-06 19:31:54,173 [INFO] ApplicationProperties:184 - Using Application install path: D:\STM32IDE\STM32CubeIDE_1.14.0\STM32CubeIDE\plugins\com.st.stm32cube.common.mx_6.10.0.202311202037
2024-09-06 19:31:54,594 [INFO] ThirdPartyUpdaterWithRetryManager:70 - Updater plugin not ready yet. [3/15]
2024-09-06 19:31:54,813 [INFO] MainUpdater:2873 - connection check result : 10
2024-09-06 19:31:54,814 [INFO] MainUpdater:290 - Updater Check For Update Now.
2024-09-06 19:31:54,814 [INFO] MicroXplorer:498 - Change Database Version : DB.6.0.100
2024-09-06 19:31:54,874 [INFO] McuFinderGlobals:63 - Set McuFinder mode to 2 (CubeIDE integrated)
2024-09-06 19:31:54,998 [INFO] CheckServerUpdateThread:120 - End of CheckServer Thread
2024-09-06 19:31:55,460 [INFO] UserAuth:404 - Internet connection configuration mode: 1
2024-09-06 19:31:55,776 [INFO] JxBrowserEngine:152 - Initiate JxBrowser Engine with user profile folder
2024-09-06 19:31:58,895 [INFO] WebApp:161 - Instantiating new browser for Auth
2024-09-06 19:31:59,241 [WARN] PackLoader:240 - Cannot read IP mode file for STMicroelectronics.FP-SNS-MOTENVWB1.1.4.0
2024-09-06 19:31:59,254 [WARN] PackLoader:240 - Cannot read IP mode file for STMicroelectronics.X-CUBE-SMBUS.2.1.0
2024-09-06 19:31:59,264 [WARN] PackLoader:240 - Cannot read IP mode file for STMicroelectronics.X-CUBE-TOUCHGFX.4.23.0
2024-09-06 19:31:59,320 [WARN] PackLoader:240 - Cannot read IP mode file for STMicroelectronics.X-CUBE-AZRTOS-F7.1.1.0
2024-09-06 19:31:59,340 [WARN] PackLoader:240 - Cannot read IP mode file for STMicroelectronics.FP-SNS-MOTENV1.4.3.2
2024-09-06 19:31:59,614 [WARN] PackLoader:240 - Cannot read IP mode file for STMicroelectronics.X-CUBE-MEMS1.11.0.0
2024-09-06 19:31:59,823 [WARN] PackLoader:240 - Cannot read IP mode file for STMicroelectronics.FP-SNS-FLIGHT1.5.0.2
2024-09-06 19:31:59,864 [WARN] PackLoader:240 - Cannot read IP mode file for STMicroelectronics.X-CUBE-DISPLAY.3.0.0
2024-09-06 19:31:59,998 [WARN] PackLoader:240 - Cannot read IP mode file for STMicroelectronics.X-CUBE-BLE1.7.0.0
2024-09-06 19:32:00,013 [WARN] PackLoader:240 - Cannot read IP mode file for emotas.I-CUBE-CANOPEN.1.3.0
2024-09-06 19:32:00,033 [WARN] PackLoader:240 - Cannot read IP mode file for STMicroelectronics.X-CUBE-BLEMGR.3.1.0
2024-09-06 19:32:00,070 [WARN] PackLoader:240 - Cannot read IP mode file for STMicroelectronics.FP-SNS-SMARTAG2.1.2.0
2024-09-06 19:32:00,095 [INFO] LogOutputStream:77 - [STDOUT_REDIRECT] 1 : Invalid condition id : UX_CORESTACK_Condition cause : null
2024-09-06 19:32:00,096 [INFO] LogOutputStream:77 - [STDOUT_REDIRECT] 1 : Invalid condition id : UX_CORESTACK_Condition cause : null
2024-09-06 19:32:00,098 [INFO] LogOutputStream:77 - [STDOUT_REDIRECT] 1 : Invalid condition id : UX_CORESTACK_Condition cause : null
2024-09-06 19:32:00,100 [INFO] LogOutputStream:77 - [STDOUT_REDIRECT] 1 : Invalid condition id : UX_CORESTACK_Condition cause : null
2024-09-06 19:32:00,102 [INFO] LogOutputStream:77 - [STDOUT_REDIRECT] 1 : Invalid condition id : UX_CORESTACK_Condition cause : null
2024-09-06 19:32:00,109 [WARN] PackLoader:240 - Cannot read IP mode file for STMicroelectronics.X-CUBE-AZRTOS-WL.2.0.0
2024-09-06 19:32:00,142 [WARN] PackLoader:240 - Cannot read IP mode file for STMicroelectronics.FP-SNS-MOTENV1.5.0.0
2024-09-06 19:32:00,155 [WARN] PackLoader:240 - Cannot read IP mode file for wolfSSL.I-CUBE-wolfMQTT.1.19.0
2024-09-06 19:32:00,180 [WARN] PackLoader:240 - Cannot read IP mode file for WES.I-CUBE-Cesium.1.3.0
2024-09-06 19:32:00,190 [WARN] PackLoader:240 - Cannot read IP mode file for STMicroelectronics.X-CUBE-BLE2.3.3.0
2024-09-06 19:32:00,204 [WARN] PackLoader:240 - Cannot read IP mode file for STMicroelectronics.X-CUBE-TCPP.4.1.0
2024-09-06 19:32:00,216 [WARN] PackLoader:240 - Cannot read IP mode file for STMicroelectronics.X-CUBE-ALGOBUILD.1.3.0
2024-09-06 19:32:00,241 [WARN] PackLoader:240 - Cannot read IP mode file for STMicroelectronics.X-CUBE-AZRTOS-G0.1.1.0
2024-09-06 19:32:00,254 [WARN] PackLoader:240 - Cannot read IP mode file for STMicroelectronics.X-CUBE-SAFEA1.1.2.2
2024-09-06 19:32:00,263 [WARN] PackLoader:240 - Cannot read IP mode file for STMicroelectronics.X-CUBE-NFC4.3.0.0
2024-09-06 19:32:00,283 [WARN] PackLoader:240 - Cannot read IP mode file for EmbeddedOffice.I-CUBE-FS-RTOS.1.0.1
2024-09-06 19:32:00,283 [ERROR] ConditionMgr:805 - Attr not supported : Dmpu
2024-09-06 19:32:00,283 [ERROR] ConditionMgr:805 - Attr not supported : Dmpu
2024-09-06 19:32:00,284 [ERROR] ConditionMgr:805 - Attr not supported : Dmpu
2024-09-06 19:32:00,284 [ERROR] ConditionMgr:805 - Attr not supported : Dmpu
2024-09-06 19:32:00,284 [ERROR] ConditionMgr:805 - Attr not supported : Dmpu
2024-09-06 19:32:00,284 [ERROR] ConditionMgr:805 - Attr not supported : Dmpu
2024-09-06 19:32:00,284 [ERROR] ConditionMgr:805 - Attr not supported : Dmpu
2024-09-06 19:32:00,284 [ERROR] ConditionMgr:805 - Attr not supported : Dmpu
2024-09-06 19:32:00,284 [ERROR] ConditionMgr:805 - Attr not supported : Dmpu
2024-09-06 19:32:00,284 [ERROR] ConditionMgr:805 - Attr not supported : Dmpu
2024-09-06 19:32:00,284 [ERROR] ConditionMgr:805 - Attr not supported : Dmpu
2024-09-06 19:32:00,284 [ERROR] ConditionMgr:805 - Attr not supported : Dmpu
2024-09-06 19:32:00,284 [ERROR] ConditionMgr:805 - Attr not supported : Dmpu
2024-09-06 19:32:00,284 [ERROR] ConditionMgr:805 - Attr not supported : Dmpu
2024-09-06 19:32:00,284 [ERROR] ConditionMgr:805 - Attr not supported : Dmpu
2024-09-06 19:32:00,284 [ERROR] ConditionMgr:805 - Attr not supported : Dmpu
2024-09-06 19:32:00,284 [ERROR] ConditionMgr:805 - Attr not supported : Dmpu
2024-09-06 19:32:00,284 [ERROR] ConditionMgr:805 - Attr not supported : Dmpu
2024-09-06 19:32:00,285 [ERROR] ConditionMgr:805 - Attr not supported : Dmpu
2024-09-06 19:32:00,285 [ERROR] ConditionMgr:805 - Attr not supported : Dmpu
2024-09-06 19:32:00,285 [ERROR] ConditionMgr:805 - Attr not supported : Dmpu
2024-09-06 19:32:00,285 [ERROR] ConditionMgr:805 - Attr not supported : Dmpu
2024-09-06 19:32:00,285 [ERROR] ConditionMgr:805 - Attr not supported : Dmpu
2024-09-06 19:32:00,285 [ERROR] ConditionMgr:805 - Attr not supported : Dmpu
2024-09-06 19:32:00,285 [ERROR] ConditionMgr:805 - Attr not supported : Dmpu
2024-09-06 19:32:00,285 [ERROR] ConditionMgr:805 - Attr not supported : Dmpu
2024-09-06 19:32:00,285 [ERROR] ConditionMgr:805 - Attr not supported : Dmpu
2024-09-06 19:32:00,285 [ERROR] ConditionMgr:805 - Attr not supported : Dmpu
2024-09-06 19:32:00,285 [ERROR] ConditionMgr:805 - Attr not supported : Dmpu
2024-09-06 19:32:00,285 [ERROR] ConditionMgr:805 - Attr not supported : Dmpu
2024-09-06 19:32:00,285 [ERROR] ConditionMgr:805 - Attr not supported : Dmpu
2024-09-06 19:32:00,285 [ERROR] ConditionMgr:805 - Attr not supported : Dmpu
2024-09-06 19:32:00,286 [ERROR] ConditionMgr:805 - Attr not supported : Dmpu
2024-09-06 19:32:00,286 [ERROR] ConditionMgr:805 - Attr not supported : Dmpu
2024-09-06 19:32:00,286 [ERROR] ConditionMgr:805 - Attr not supported : Dmpu
2024-09-06 19:32:00,286 [ERROR] ConditionMgr:805 - Attr not supported : Dmpu
2024-09-06 19:32:00,286 [ERROR] ConditionMgr:805 - Attr not supported : Dmpu
2024-09-06 19:32:00,286 [ERROR] ConditionMgr:805 - Attr not supported : Dmpu
2024-09-06 19:32:00,286 [ERROR] ConditionMgr:805 - Attr not supported : Dmpu
2024-09-06 19:32:00,286 [ERROR] ConditionMgr:805 - Attr not supported : Dmpu
2024-09-06 19:32:00,287 [ERROR] ConditionMgr:805 - Attr not supported : Dmpu
2024-09-06 19:32:00,287 [ERROR] ConditionMgr:805 - Attr not supported : Dmpu
2024-09-06 19:32:00,287 [ERROR] ConditionMgr:805 - Attr not supported : Dmpu
2024-09-06 19:32:00,287 [ERROR] ConditionMgr:805 - Attr not supported : Dmpu
2024-09-06 19:32:00,287 [ERROR] ConditionMgr:805 - Attr not supported : Dmpu
2024-09-06 19:32:00,287 [ERROR] ConditionMgr:805 - Attr not supported : Dmpu
2024-09-06 19:32:00,287 [ERROR] ConditionMgr:805 - Attr not supported : Dmpu
2024-09-06 19:32:00,287 [ERROR] ConditionMgr:805 - Attr not supported : Dmpu
2024-09-06 19:32:00,287 [ERROR] ConditionMgr:805 - Attr not supported : Dmpu
2024-09-06 19:32:00,287 [ERROR] ConditionMgr:805 - Attr not supported : Dmpu
2024-09-06 19:32:00,287 [ERROR] ConditionMgr:805 - Attr not supported : Dmpu
2024-09-06 19:32:00,288 [ERROR] ConditionMgr:805 - Attr not supported : Dmpu
2024-09-06 19:32:00,288 [ERROR] ConditionMgr:805 - Attr not supported : Dmpu
2024-09-06 19:32:00,288 [ERROR] ConditionMgr:805 - Attr not supported : Dmpu
2024-09-06 19:32:00,288 [ERROR] ConditionMgr:805 - Attr not supported : Dmpu
2024-09-06 19:32:00,288 [ERROR] ConditionMgr:805 - Attr not supported : Dmpu
2024-09-06 19:32:00,288 [ERROR] ConditionMgr:805 - Attr not supported : Dmpu
2024-09-06 19:32:00,288 [ERROR] ConditionMgr:805 - Attr not supported : Dmpu
2024-09-06 19:32:00,288 [ERROR] ConditionMgr:805 - Attr not supported : Dmpu
2024-09-06 19:32:00,288 [ERROR] ConditionMgr:805 - Attr not supported : Dmpu
2024-09-06 19:32:00,289 [ERROR] ConditionMgr:805 - Attr not supported : Dmpu
2024-09-06 19:32:00,289 [ERROR] ConditionMgr:805 - Attr not supported : Dmpu
2024-09-06 19:32:00,289 [ERROR] ConditionMgr:805 - Attr not supported : Dmpu
2024-09-06 19:32:00,289 [ERROR] ConditionMgr:805 - Attr not supported : Dmpu
2024-09-06 19:32:00,299 [WARN] PackLoader:240 - Cannot read IP mode file for STMicroelectronics.X-CUBE-BLEMGR.3.0.0
2024-09-06 19:32:00,331 [WARN] PackLoader:240 - Cannot read IP mode file for RealThread.X-CUBE-RT-Thread_Nano.4.1.1
2024-09-06 19:32:00,338 [WARN] PackLoader:240 - Cannot read IP mode file for STMicroelectronics.FP-ATR-SIGFOX1.3.2.0
2024-09-06 19:32:00,349 [WARN] PackLoader:240 - Cannot read IP mode file for STMicroelectronics.X-CUBE-EEPRMA1.5.1.0
2024-09-06 19:32:00,492 [WARN] PackLoader:240 - Cannot read IP mode file for SEGGER.I-CUBE-embOS.1.3.1
2024-09-06 19:32:01,428 [WARN] PackLoader:240 - Cannot read IP mode file for STMicroelectronics.X-CUBE-ALGOBUILD.1.4.0
2024-09-06 19:32:01,453 [WARN] PackLoader:240 - Cannot read IP mode file for STMicroelectronics.X-CUBE-GNSS1.6.0.0
2024-09-06 19:32:01,512 [WARN] PackLoader:240 - Cannot read IP mode file for STMicroelectronics.X-CUBE-AZRTOS-F4.1.1.0
2024-09-06 19:32:01,528 [WARN] PackLoader:240 - Cannot read IP mode file for STMicroelectronics.X-CUBE-FREERTOS.1.2.0
2024-09-06 19:32:01,536 [WARN] PackLoader:240 - Cannot read IP mode file for wolfSSL.I-CUBE-wolfSSL.5.6.6
2024-09-06 19:32:01,569 [WARN] PackLoader:240 - Cannot read IP mode file for STMicroelectronics.X-CUBE-AZRTOS-L5.2.0.0
2024-09-06 19:32:01,584 [WARN] PackLoader:240 - Cannot read IP mode file for STMicroelectronics.X-CUBE-EEPRMA1.4.2.0
2024-09-06 19:32:01,600 [WARN] PackLoader:240 - Cannot read IP mode file for STMicroelectronics.X-CUBE-NFC6.3.1.0
2024-09-06 19:32:01,658 [WARN] PackLoader:240 - Cannot read IP mode file for ITTIA_DB.I-CUBE-ITTIADB.8.8.0
2024-09-06 19:32:01,709 [WARN] PackLoader:240 - Cannot read IP mode file for STMicroelectronics.X-CUBE-DPower.1.2.0
2024-09-06 19:32:01,755 [WARN] PackLoader:240 - Cannot read IP mode file for STMicroelectronics.X-CUBE-AI.9.0.0
2024-09-06 19:32:01,846 [WARN] PackLoader:240 - Cannot read IP mode file for STMicroelectronics.X-CUBE-NFC7.1.0.1
2024-09-06 19:32:01,880 [WARN] PackLoader:240 - Cannot read IP mode file for wolfSSL.I-CUBE-wolfTPM.3.2.0
2024-09-06 19:32:01,903 [WARN] PackLoader:240 - Cannot read IP mode file for STMicroelectronics.X-CUBE-NFC6.3.0.0
2024-09-06 19:32:01,930 [WARN] PackLoader:240 - Cannot read IP mode file for STMicroelectronics.X-CUBE-AI.8.1.0
2024-09-06 19:32:01,951 [WARN] ConditionMgr:438 - getConditionDescription Invalid condition id : LAN8742 Phy interface Condition cause : null
2024-09-06 19:32:01,952 [WARN] PackLoader:240 - Cannot read IP mode file for STMicroelectronics.X-CUBE-AZRTOS-L4.2.0.0
2024-09-06 19:32:01,953 [WARN] ConditionMgr:1039 - genDependencies : Invalid condition id : LAN8742 Phy interface Condition cause : null
2024-09-06 19:32:01,954 [WARN] ConditionMgr:1039 - genDependencies : Invalid condition id : LAN8742 Phy interface Condition cause : null
2024-09-06 19:32:01,955 [WARN] ConditionMgr:1039 - genDependencies : Invalid condition id : LAN8742 Phy interface Condition cause : null
2024-09-06 19:32:01,983 [WARN] PackLoader:240 - Cannot read IP mode file for STMicroelectronics.X-CUBE-SFXS2LP1.4.0.0
2024-09-06 19:32:02,061 [WARN] PackLoader:240 - Cannot read IP mode file for STMicroelectronics.X-CUBE-AZRTOS-H7.3.3.0
2024-09-06 19:32:02,090 [WARN] ConditionMgr:438 - getConditionDescription Invalid condition id : UX DEVICE CLASS RTOS Condition cause : null
2024-09-06 19:32:02,090 [WARN] ConditionMgr:438 - getConditionDescription Invalid condition id : UX DEVICE CLASS RTOS Condition cause : null
2024-09-06 19:32:02,096 [WARN] PackLoader:240 - Cannot read IP mode file for STMicroelectronics.X-CUBE-AZRTOS-WB.2.0.0
2024-09-06 19:32:02,097 [WARN] ConditionMgr:1039 - genDependencies : Invalid condition id : UX DEVICE CLASS RTOS Condition cause : null
2024-09-06 19:32:02,098 [WARN] ConditionMgr:1039 - genDependencies : Invalid condition id : UX DEVICE CLASS RTOS Condition cause : null
2024-09-06 19:32:02,099 [WARN] ConditionMgr:1039 - genDependencies : Invalid condition id : UX DEVICE CLASS RTOS Condition cause : null
2024-09-06 19:32:02,099 [WARN] ConditionMgr:1039 - genDependencies : Invalid condition id : UX DEVICE CLASS RTOS Condition cause : null
2024-09-06 19:32:02,100 [WARN] ConditionMgr:1039 - genDependencies : Invalid condition id : UX DEVICE CLASS RTOS Condition cause : null
2024-09-06 19:32:02,112 [WARN] PackLoader:240 - Cannot read IP mode file for STMicroelectronics.FP-SNS-STBOX1.2.0.0
2024-09-06 19:32:02,133 [WARN] PackLoader:240 - Cannot read IP mode file for STMicroelectronics.X-CUBE-SUBG2.5.0.0
2024-09-06 19:32:02,150 [WARN] PackLoader:240 - Cannot read IP mode file for Cesanta.I-CUBE-Mongoose.7.13.0
2024-09-06 19:32:02,176 [WARN] PackLoader:240 - Cannot read IP mode file for STMicroelectronics.X-CUBE-AZRTOS-G4.2.0.0
2024-09-06 19:32:02,197 [WARN] PackLoader:240 - Cannot read IP mode file for Infineon.AIROC-Wi-Fi-Bluetooth-STM32.1.5.1
2024-09-06 19:32:02,205 [WARN] PackLoader:240 - Cannot read IP mode file for STMicroelectronics.FP-SNS-MOTENVWB1.1.3.1
2024-09-06 19:32:02,211 [WARN] PackLoader:240 - Cannot read IP mode file for STMicroelectronics.X-CUBE-ISPU.2.0.0
2024-09-06 19:32:02,218 [WARN] PackLoader:240 - Cannot read IP mode file for STMicroelectronics.X-CUBE-ALS.1.0.2
2024-09-06 19:32:02,299 [WARN] PackLoader:240 - Cannot read IP mode file for STMicroelectronics.X-CUBE-MEMS1.10.0.0
2024-09-06 19:32:02,504 [WARN] PackLoader:240 - Cannot read IP mode file for STMicroelectronics.X-CUBE-FREERTOS.1.1.0
2024-09-06 19:32:02,512 [WARN] PackLoader:240 - Cannot read IP mode file for STMicroelectronics.X-CUBE-TOUCHGFX.4.24.0
2024-09-06 19:32:02,564 [WARN] PackLoader:240 - Cannot read IP mode file for portGmbH.I-Cube-SoM-uGOAL.1.1.0
2024-09-06 19:32:02,571 [WARN] PackLoader:240 - Cannot read IP mode file for STMicroelectronics.X-CUBE-ALS.1.0.1
2024-09-06 19:32:02,621 [WARN] PackLoader:240 - Cannot read IP mode file for STMicroelectronics.X-CUBE-AZRTOS-H7RS.1.0.0
2024-09-06 19:32:02,701 [WARN] PackLoader:240 - Cannot read IP mode file for STMicroelectronics.FP-ATR-ASTRA1.2.0.0
2024-09-06 19:32:02,828 [WARN] PackLoader:240 - Cannot read IP mode file for STMicroelectronics.X-CUBE-TOF1.3.4.2
2024-09-06 19:32:03,122 [WARN] PackLoader:240 - Cannot read IP mode file for STMicroelectronics.X-CUBE-TOF1.3.4.0
2024-09-06 19:32:03,176 [WARN] PackLoader:240 - Cannot read IP mode file for STMicroelectronics.X-CUBE-TOF1.3.4.1
2024-09-06 19:32:03,233 [WARN] PackLoader:240 - Cannot read IP mode file for STMicroelectronics.X-CUBE-AZRTOS-H7.3.2.0
2024-09-06 19:32:03,248 [WARN] PackLoader:240 - Cannot read IP mode file for wolfSSL.I-CUBE-wolfSSH.1.4.17
2024-09-06 19:32:03,249 [INFO] ThirdParty:978 - Integrity check success = true
2024-09-06 19:32:03,250 [INFO] IntegrityCheckThread:100 - exiting critical section [integrity check]
2024-09-06 19:32:03,250 [INFO] IntegrityCheckThread:103 - End integrity checks thread
2024-09-06 19:32:03,269 [INFO] WebApp:780 - Register for checkConnection events
2024-09-06 19:32:03,271 [INFO] WebApp:414 - Apply proxy settings
2024-09-06 19:32:03,275 [INFO] WebApp:499 - Chromium requires no authentication
2024-09-06 19:32:03,357 [INFO] WebApp:442 - Direct internet connection detected
2024-09-06 19:32:03,796 [INFO] WebApp:192 - Starting web application
2024-09-06 19:32:03,796 [INFO] WebApp:544 - Web application path used D:\STM32IDE\STM32CubeIDE_1.14.0\STM32CubeIDE\plugins\com.st.stm32cube.common.mx_6.10.0.202311202037\db\plugins\mcufinder\reactClient1\index.html
2024-09-06 19:32:27,780 [ERROR] LogOutputStream:75 - [STDERR_REDIRECT] SLF4J: Failed to load class "org.slf4j.impl.StaticLoggerBinder".
2024-09-06 19:32:27,784 [ERROR] LogOutputStream:75 - [STDERR_REDIRECT] SLF4J: Defaulting to no-operation (NOP) logger implementation
2024-09-06 19:32:27,785 [ERROR] LogOutputStream:75 - [STDERR_REDIRECT] SLF4J: See http://www.slf4j.org/codes.html#StaticLoggerBinder for further details.
