ARM GAS  C:\Users\Kingj\AppData\Local\Temp\ccGZNgjC.s 			page 1


   1              		.cpu cortex-m4
   2              		.arch armv7e-m
   3              		.fpu fpv4-sp-d16
   4              		.eabi_attribute 27, 1
   5              		.eabi_attribute 28, 1
   6              		.eabi_attribute 20, 1
   7              		.eabi_attribute 21, 1
   8              		.eabi_attribute 23, 3
   9              		.eabi_attribute 24, 1
  10              		.eabi_attribute 25, 1
  11              		.eabi_attribute 26, 1
  12              		.eabi_attribute 30, 1
  13              		.eabi_attribute 34, 1
  14              		.eabi_attribute 18, 4
  15              		.file	"stm32f4xx_hal_msp.c"
  16              		.text
  17              	.Ltext0:
  18              		.cfi_sections	.debug_frame
  19              		.section	.text.HAL_MspInit,"ax",%progbits
  20              		.align	1
  21              		.global	HAL_MspInit
  22              		.syntax unified
  23              		.thumb
  24              		.thumb_func
  26              	HAL_MspInit:
  27              	.LFB134:
  28              		.file 1 "Core/Src/stm32f4xx_hal_msp.c"
   1:Core/Src/stm32f4xx_hal_msp.c **** /* USER CODE BEGIN Header */
   2:Core/Src/stm32f4xx_hal_msp.c **** /**
   3:Core/Src/stm32f4xx_hal_msp.c ****   ******************************************************************************
   4:Core/Src/stm32f4xx_hal_msp.c ****   * @file         stm32f4xx_hal_msp.c
   5:Core/Src/stm32f4xx_hal_msp.c ****   * @brief        This file provides code for the MSP Initialization
   6:Core/Src/stm32f4xx_hal_msp.c ****   *               and de-Initialization codes.
   7:Core/Src/stm32f4xx_hal_msp.c ****   ******************************************************************************
   8:Core/Src/stm32f4xx_hal_msp.c ****   * @attention
   9:Core/Src/stm32f4xx_hal_msp.c ****   *
  10:Core/Src/stm32f4xx_hal_msp.c ****   * Copyright (c) 2024 STMicroelectronics.
  11:Core/Src/stm32f4xx_hal_msp.c ****   * All rights reserved.
  12:Core/Src/stm32f4xx_hal_msp.c ****   *
  13:Core/Src/stm32f4xx_hal_msp.c ****   * This software is licensed under terms that can be found in the LICENSE file
  14:Core/Src/stm32f4xx_hal_msp.c ****   * in the root directory of this software component.
  15:Core/Src/stm32f4xx_hal_msp.c ****   * If no LICENSE file comes with this software, it is provided AS-IS.
  16:Core/Src/stm32f4xx_hal_msp.c ****   *
  17:Core/Src/stm32f4xx_hal_msp.c ****   ******************************************************************************
  18:Core/Src/stm32f4xx_hal_msp.c ****   */
  19:Core/Src/stm32f4xx_hal_msp.c **** /* USER CODE END Header */
  20:Core/Src/stm32f4xx_hal_msp.c **** 
  21:Core/Src/stm32f4xx_hal_msp.c **** /* Includes ------------------------------------------------------------------*/
  22:Core/Src/stm32f4xx_hal_msp.c **** #include "main.h"
  23:Core/Src/stm32f4xx_hal_msp.c **** 
  24:Core/Src/stm32f4xx_hal_msp.c **** /* USER CODE BEGIN Includes */
  25:Core/Src/stm32f4xx_hal_msp.c **** 
  26:Core/Src/stm32f4xx_hal_msp.c **** /* USER CODE END Includes */
  27:Core/Src/stm32f4xx_hal_msp.c **** 
  28:Core/Src/stm32f4xx_hal_msp.c **** /* Private typedef -----------------------------------------------------------*/
  29:Core/Src/stm32f4xx_hal_msp.c **** /* USER CODE BEGIN TD */
  30:Core/Src/stm32f4xx_hal_msp.c **** 
ARM GAS  C:\Users\Kingj\AppData\Local\Temp\ccGZNgjC.s 			page 2


  31:Core/Src/stm32f4xx_hal_msp.c **** /* USER CODE END TD */
  32:Core/Src/stm32f4xx_hal_msp.c **** 
  33:Core/Src/stm32f4xx_hal_msp.c **** /* Private define ------------------------------------------------------------*/
  34:Core/Src/stm32f4xx_hal_msp.c **** /* USER CODE BEGIN Define */
  35:Core/Src/stm32f4xx_hal_msp.c **** 
  36:Core/Src/stm32f4xx_hal_msp.c **** /* USER CODE END Define */
  37:Core/Src/stm32f4xx_hal_msp.c **** 
  38:Core/Src/stm32f4xx_hal_msp.c **** /* Private macro -------------------------------------------------------------*/
  39:Core/Src/stm32f4xx_hal_msp.c **** /* USER CODE BEGIN Macro */
  40:Core/Src/stm32f4xx_hal_msp.c **** 
  41:Core/Src/stm32f4xx_hal_msp.c **** /* USER CODE END Macro */
  42:Core/Src/stm32f4xx_hal_msp.c **** 
  43:Core/Src/stm32f4xx_hal_msp.c **** /* Private variables ---------------------------------------------------------*/
  44:Core/Src/stm32f4xx_hal_msp.c **** /* USER CODE BEGIN PV */
  45:Core/Src/stm32f4xx_hal_msp.c **** 
  46:Core/Src/stm32f4xx_hal_msp.c **** /* USER CODE END PV */
  47:Core/Src/stm32f4xx_hal_msp.c **** 
  48:Core/Src/stm32f4xx_hal_msp.c **** /* Private function prototypes -----------------------------------------------*/
  49:Core/Src/stm32f4xx_hal_msp.c **** /* USER CODE BEGIN PFP */
  50:Core/Src/stm32f4xx_hal_msp.c **** 
  51:Core/Src/stm32f4xx_hal_msp.c **** /* USER CODE END PFP */
  52:Core/Src/stm32f4xx_hal_msp.c **** 
  53:Core/Src/stm32f4xx_hal_msp.c **** /* External functions --------------------------------------------------------*/
  54:Core/Src/stm32f4xx_hal_msp.c **** /* USER CODE BEGIN ExternalFunctions */
  55:Core/Src/stm32f4xx_hal_msp.c **** 
  56:Core/Src/stm32f4xx_hal_msp.c **** /* USER CODE END ExternalFunctions */
  57:Core/Src/stm32f4xx_hal_msp.c **** 
  58:Core/Src/stm32f4xx_hal_msp.c **** /* USER CODE BEGIN 0 */
  59:Core/Src/stm32f4xx_hal_msp.c **** 
  60:Core/Src/stm32f4xx_hal_msp.c **** /* USER CODE END 0 */
  61:Core/Src/stm32f4xx_hal_msp.c **** /**
  62:Core/Src/stm32f4xx_hal_msp.c ****   * Initializes the Global MSP.
  63:Core/Src/stm32f4xx_hal_msp.c ****   */
  64:Core/Src/stm32f4xx_hal_msp.c **** void HAL_MspInit(void)
  65:Core/Src/stm32f4xx_hal_msp.c **** {
  29              		.loc 1 65 1 view -0
  30              		.cfi_startproc
  31              		@ args = 0, pretend = 0, frame = 8
  32              		@ frame_needed = 0, uses_anonymous_args = 0
  33              		@ link register save eliminated.
  34 0000 82B0     		sub	sp, sp, #8
  35              	.LCFI0:
  36              		.cfi_def_cfa_offset 8
  66:Core/Src/stm32f4xx_hal_msp.c ****   /* USER CODE BEGIN MspInit 0 */
  67:Core/Src/stm32f4xx_hal_msp.c **** 
  68:Core/Src/stm32f4xx_hal_msp.c ****   /* USER CODE END MspInit 0 */
  69:Core/Src/stm32f4xx_hal_msp.c **** 
  70:Core/Src/stm32f4xx_hal_msp.c ****   __HAL_RCC_SYSCFG_CLK_ENABLE();
  37              		.loc 1 70 3 view .LVU1
  38              	.LBB2:
  39              		.loc 1 70 3 view .LVU2
  40 0002 0021     		movs	r1, #0
  41 0004 0091     		str	r1, [sp]
  42              		.loc 1 70 3 view .LVU3
  43 0006 0B4B     		ldr	r3, .L3
  44 0008 5A6C     		ldr	r2, [r3, #68]
  45 000a 42F48042 		orr	r2, r2, #16384
ARM GAS  C:\Users\Kingj\AppData\Local\Temp\ccGZNgjC.s 			page 3


  46 000e 5A64     		str	r2, [r3, #68]
  47              		.loc 1 70 3 view .LVU4
  48 0010 5A6C     		ldr	r2, [r3, #68]
  49 0012 02F48042 		and	r2, r2, #16384
  50 0016 0092     		str	r2, [sp]
  51              		.loc 1 70 3 view .LVU5
  52 0018 009A     		ldr	r2, [sp]
  53              	.LBE2:
  54              		.loc 1 70 3 view .LVU6
  71:Core/Src/stm32f4xx_hal_msp.c ****   __HAL_RCC_PWR_CLK_ENABLE();
  55              		.loc 1 71 3 view .LVU7
  56              	.LBB3:
  57              		.loc 1 71 3 view .LVU8
  58 001a 0191     		str	r1, [sp, #4]
  59              		.loc 1 71 3 view .LVU9
  60 001c 1A6C     		ldr	r2, [r3, #64]
  61 001e 42F08052 		orr	r2, r2, #268435456
  62 0022 1A64     		str	r2, [r3, #64]
  63              		.loc 1 71 3 view .LVU10
  64 0024 1B6C     		ldr	r3, [r3, #64]
  65 0026 03F08053 		and	r3, r3, #268435456
  66 002a 0193     		str	r3, [sp, #4]
  67              		.loc 1 71 3 view .LVU11
  68 002c 019B     		ldr	r3, [sp, #4]
  69              	.LBE3:
  70              		.loc 1 71 3 view .LVU12
  72:Core/Src/stm32f4xx_hal_msp.c **** 
  73:Core/Src/stm32f4xx_hal_msp.c ****   /* System interrupt init*/
  74:Core/Src/stm32f4xx_hal_msp.c **** 
  75:Core/Src/stm32f4xx_hal_msp.c ****   /* USER CODE BEGIN MspInit 1 */
  76:Core/Src/stm32f4xx_hal_msp.c **** 
  77:Core/Src/stm32f4xx_hal_msp.c ****   /* USER CODE END MspInit 1 */
  78:Core/Src/stm32f4xx_hal_msp.c **** }
  71              		.loc 1 78 1 is_stmt 0 view .LVU13
  72 002e 02B0     		add	sp, sp, #8
  73              	.LCFI1:
  74              		.cfi_def_cfa_offset 0
  75              		@ sp needed
  76 0030 7047     		bx	lr
  77              	.L4:
  78 0032 00BF     		.align	2
  79              	.L3:
  80 0034 00380240 		.word	1073887232
  81              		.cfi_endproc
  82              	.LFE134:
  84              		.section	.text.HAL_TIM_Base_MspInit,"ax",%progbits
  85              		.align	1
  86              		.global	HAL_TIM_Base_MspInit
  87              		.syntax unified
  88              		.thumb
  89              		.thumb_func
  91              	HAL_TIM_Base_MspInit:
  92              	.LVL0:
  93              	.LFB135:
  79:Core/Src/stm32f4xx_hal_msp.c **** 
  80:Core/Src/stm32f4xx_hal_msp.c **** /**
  81:Core/Src/stm32f4xx_hal_msp.c **** * @brief TIM_Base MSP Initialization
ARM GAS  C:\Users\Kingj\AppData\Local\Temp\ccGZNgjC.s 			page 4


  82:Core/Src/stm32f4xx_hal_msp.c **** * This function configures the hardware resources used in this example
  83:Core/Src/stm32f4xx_hal_msp.c **** * @param htim_base: TIM_Base handle pointer
  84:Core/Src/stm32f4xx_hal_msp.c **** * @retval None
  85:Core/Src/stm32f4xx_hal_msp.c **** */
  86:Core/Src/stm32f4xx_hal_msp.c **** void HAL_TIM_Base_MspInit(TIM_HandleTypeDef* htim_base)
  87:Core/Src/stm32f4xx_hal_msp.c **** {
  94              		.loc 1 87 1 is_stmt 1 view -0
  95              		.cfi_startproc
  96              		@ args = 0, pretend = 0, frame = 8
  97              		@ frame_needed = 0, uses_anonymous_args = 0
  88:Core/Src/stm32f4xx_hal_msp.c ****   if(htim_base->Instance==TIM2)
  98              		.loc 1 88 3 view .LVU15
  99              		.loc 1 88 15 is_stmt 0 view .LVU16
 100 0000 0368     		ldr	r3, [r0]
 101              		.loc 1 88 5 view .LVU17
 102 0002 B3F1804F 		cmp	r3, #1073741824
 103 0006 00D0     		beq	.L11
 104 0008 7047     		bx	lr
 105              	.L11:
  87:Core/Src/stm32f4xx_hal_msp.c ****   if(htim_base->Instance==TIM2)
 106              		.loc 1 87 1 view .LVU18
 107 000a 00B5     		push	{lr}
 108              	.LCFI2:
 109              		.cfi_def_cfa_offset 4
 110              		.cfi_offset 14, -4
 111 000c 83B0     		sub	sp, sp, #12
 112              	.LCFI3:
 113              		.cfi_def_cfa_offset 16
  89:Core/Src/stm32f4xx_hal_msp.c ****   {
  90:Core/Src/stm32f4xx_hal_msp.c ****   /* USER CODE BEGIN TIM2_MspInit 0 */
  91:Core/Src/stm32f4xx_hal_msp.c **** 
  92:Core/Src/stm32f4xx_hal_msp.c ****   /* USER CODE END TIM2_MspInit 0 */
  93:Core/Src/stm32f4xx_hal_msp.c ****     /* Peripheral clock enable */
  94:Core/Src/stm32f4xx_hal_msp.c ****     __HAL_RCC_TIM2_CLK_ENABLE();
 114              		.loc 1 94 5 is_stmt 1 view .LVU19
 115              	.LBB4:
 116              		.loc 1 94 5 view .LVU20
 117 000e 0021     		movs	r1, #0
 118 0010 0191     		str	r1, [sp, #4]
 119              		.loc 1 94 5 view .LVU21
 120 0012 03F50E33 		add	r3, r3, #145408
 121 0016 1A6C     		ldr	r2, [r3, #64]
 122 0018 42F00102 		orr	r2, r2, #1
 123 001c 1A64     		str	r2, [r3, #64]
 124              		.loc 1 94 5 view .LVU22
 125 001e 1B6C     		ldr	r3, [r3, #64]
 126 0020 03F00103 		and	r3, r3, #1
 127 0024 0193     		str	r3, [sp, #4]
 128              		.loc 1 94 5 view .LVU23
 129 0026 019B     		ldr	r3, [sp, #4]
 130              	.LBE4:
 131              		.loc 1 94 5 view .LVU24
  95:Core/Src/stm32f4xx_hal_msp.c ****     /* TIM2 interrupt Init */
  96:Core/Src/stm32f4xx_hal_msp.c ****     HAL_NVIC_SetPriority(TIM2_IRQn, 0, 0);
 132              		.loc 1 96 5 view .LVU25
 133 0028 0A46     		mov	r2, r1
 134 002a 1C20     		movs	r0, #28
ARM GAS  C:\Users\Kingj\AppData\Local\Temp\ccGZNgjC.s 			page 5


 135              	.LVL1:
 136              		.loc 1 96 5 is_stmt 0 view .LVU26
 137 002c FFF7FEFF 		bl	HAL_NVIC_SetPriority
 138              	.LVL2:
  97:Core/Src/stm32f4xx_hal_msp.c ****     HAL_NVIC_EnableIRQ(TIM2_IRQn);
 139              		.loc 1 97 5 is_stmt 1 view .LVU27
 140 0030 1C20     		movs	r0, #28
 141 0032 FFF7FEFF 		bl	HAL_NVIC_EnableIRQ
 142              	.LVL3:
  98:Core/Src/stm32f4xx_hal_msp.c ****   /* USER CODE BEGIN TIM2_MspInit 1 */
  99:Core/Src/stm32f4xx_hal_msp.c **** 
 100:Core/Src/stm32f4xx_hal_msp.c ****   /* USER CODE END TIM2_MspInit 1 */
 101:Core/Src/stm32f4xx_hal_msp.c ****   }
 102:Core/Src/stm32f4xx_hal_msp.c **** 
 103:Core/Src/stm32f4xx_hal_msp.c **** }
 143              		.loc 1 103 1 is_stmt 0 view .LVU28
 144 0036 03B0     		add	sp, sp, #12
 145              	.LCFI4:
 146              		.cfi_def_cfa_offset 4
 147              		@ sp needed
 148 0038 5DF804FB 		ldr	pc, [sp], #4
 149              		.cfi_endproc
 150              	.LFE135:
 152              		.section	.text.HAL_TIM_Base_MspDeInit,"ax",%progbits
 153              		.align	1
 154              		.global	HAL_TIM_Base_MspDeInit
 155              		.syntax unified
 156              		.thumb
 157              		.thumb_func
 159              	HAL_TIM_Base_MspDeInit:
 160              	.LVL4:
 161              	.LFB136:
 104:Core/Src/stm32f4xx_hal_msp.c **** 
 105:Core/Src/stm32f4xx_hal_msp.c **** /**
 106:Core/Src/stm32f4xx_hal_msp.c **** * @brief TIM_Base MSP De-Initialization
 107:Core/Src/stm32f4xx_hal_msp.c **** * This function freeze the hardware resources used in this example
 108:Core/Src/stm32f4xx_hal_msp.c **** * @param htim_base: TIM_Base handle pointer
 109:Core/Src/stm32f4xx_hal_msp.c **** * @retval None
 110:Core/Src/stm32f4xx_hal_msp.c **** */
 111:Core/Src/stm32f4xx_hal_msp.c **** void HAL_TIM_Base_MspDeInit(TIM_HandleTypeDef* htim_base)
 112:Core/Src/stm32f4xx_hal_msp.c **** {
 162              		.loc 1 112 1 is_stmt 1 view -0
 163              		.cfi_startproc
 164              		@ args = 0, pretend = 0, frame = 0
 165              		@ frame_needed = 0, uses_anonymous_args = 0
 166              		.loc 1 112 1 is_stmt 0 view .LVU30
 167 0000 08B5     		push	{r3, lr}
 168              	.LCFI5:
 169              		.cfi_def_cfa_offset 8
 170              		.cfi_offset 3, -8
 171              		.cfi_offset 14, -4
 113:Core/Src/stm32f4xx_hal_msp.c ****   if(htim_base->Instance==TIM2)
 172              		.loc 1 113 3 is_stmt 1 view .LVU31
 173              		.loc 1 113 15 is_stmt 0 view .LVU32
 174 0002 0368     		ldr	r3, [r0]
 175              		.loc 1 113 5 view .LVU33
 176 0004 B3F1804F 		cmp	r3, #1073741824
ARM GAS  C:\Users\Kingj\AppData\Local\Temp\ccGZNgjC.s 			page 6


 177 0008 00D0     		beq	.L15
 178              	.LVL5:
 179              	.L12:
 114:Core/Src/stm32f4xx_hal_msp.c ****   {
 115:Core/Src/stm32f4xx_hal_msp.c ****   /* USER CODE BEGIN TIM2_MspDeInit 0 */
 116:Core/Src/stm32f4xx_hal_msp.c **** 
 117:Core/Src/stm32f4xx_hal_msp.c ****   /* USER CODE END TIM2_MspDeInit 0 */
 118:Core/Src/stm32f4xx_hal_msp.c ****     /* Peripheral clock disable */
 119:Core/Src/stm32f4xx_hal_msp.c ****     __HAL_RCC_TIM2_CLK_DISABLE();
 120:Core/Src/stm32f4xx_hal_msp.c **** 
 121:Core/Src/stm32f4xx_hal_msp.c ****     /* TIM2 interrupt DeInit */
 122:Core/Src/stm32f4xx_hal_msp.c ****     HAL_NVIC_DisableIRQ(TIM2_IRQn);
 123:Core/Src/stm32f4xx_hal_msp.c ****   /* USER CODE BEGIN TIM2_MspDeInit 1 */
 124:Core/Src/stm32f4xx_hal_msp.c **** 
 125:Core/Src/stm32f4xx_hal_msp.c ****   /* USER CODE END TIM2_MspDeInit 1 */
 126:Core/Src/stm32f4xx_hal_msp.c ****   }
 127:Core/Src/stm32f4xx_hal_msp.c **** 
 128:Core/Src/stm32f4xx_hal_msp.c **** }
 180              		.loc 1 128 1 view .LVU34
 181 000a 08BD     		pop	{r3, pc}
 182              	.LVL6:
 183              	.L15:
 119:Core/Src/stm32f4xx_hal_msp.c **** 
 184              		.loc 1 119 5 is_stmt 1 view .LVU35
 185 000c 044A     		ldr	r2, .L16
 186 000e 136C     		ldr	r3, [r2, #64]
 187 0010 23F00103 		bic	r3, r3, #1
 188 0014 1364     		str	r3, [r2, #64]
 122:Core/Src/stm32f4xx_hal_msp.c ****   /* USER CODE BEGIN TIM2_MspDeInit 1 */
 189              		.loc 1 122 5 view .LVU36
 190 0016 1C20     		movs	r0, #28
 191              	.LVL7:
 122:Core/Src/stm32f4xx_hal_msp.c ****   /* USER CODE BEGIN TIM2_MspDeInit 1 */
 192              		.loc 1 122 5 is_stmt 0 view .LVU37
 193 0018 FFF7FEFF 		bl	HAL_NVIC_DisableIRQ
 194              	.LVL8:
 195              		.loc 1 128 1 view .LVU38
 196 001c F5E7     		b	.L12
 197              	.L17:
 198 001e 00BF     		.align	2
 199              	.L16:
 200 0020 00380240 		.word	1073887232
 201              		.cfi_endproc
 202              	.LFE136:
 204              		.text
 205              	.Letext0:
 206              		.file 2 "Drivers/CMSIS/Device/ST/STM32F4xx/Include/stm32f407xx.h"
 207              		.file 3 "d:\\arm-gcc\\gcc\\arm-none-eabi\\include\\machine\\_default_types.h"
 208              		.file 4 "d:\\arm-gcc\\gcc\\arm-none-eabi\\include\\sys\\_stdint.h"
 209              		.file 5 "Drivers/STM32F4xx_HAL_Driver/Inc/stm32f4xx_hal_def.h"
 210              		.file 6 "Drivers/STM32F4xx_HAL_Driver/Inc/stm32f4xx_hal_dma.h"
 211              		.file 7 "Drivers/STM32F4xx_HAL_Driver/Inc/stm32f4xx_hal_tim.h"
 212              		.file 8 "Drivers/STM32F4xx_HAL_Driver/Inc/stm32f4xx_hal_cortex.h"
ARM GAS  C:\Users\Kingj\AppData\Local\Temp\ccGZNgjC.s 			page 7


DEFINED SYMBOLS
                            *ABS*:00000000 stm32f4xx_hal_msp.c
C:\Users\Kingj\AppData\Local\Temp\ccGZNgjC.s:20     .text.HAL_MspInit:00000000 $t
C:\Users\Kingj\AppData\Local\Temp\ccGZNgjC.s:26     .text.HAL_MspInit:00000000 HAL_MspInit
C:\Users\Kingj\AppData\Local\Temp\ccGZNgjC.s:80     .text.HAL_MspInit:00000034 $d
C:\Users\Kingj\AppData\Local\Temp\ccGZNgjC.s:85     .text.HAL_TIM_Base_MspInit:00000000 $t
C:\Users\Kingj\AppData\Local\Temp\ccGZNgjC.s:91     .text.HAL_TIM_Base_MspInit:00000000 HAL_TIM_Base_MspInit
C:\Users\Kingj\AppData\Local\Temp\ccGZNgjC.s:153    .text.HAL_TIM_Base_MspDeInit:00000000 $t
C:\Users\Kingj\AppData\Local\Temp\ccGZNgjC.s:159    .text.HAL_TIM_Base_MspDeInit:00000000 HAL_TIM_Base_MspDeInit
C:\Users\Kingj\AppData\Local\Temp\ccGZNgjC.s:200    .text.HAL_TIM_Base_MspDeInit:00000020 $d

UNDEFINED SYMBOLS
HAL_NVIC_SetPriority
HAL_NVIC_EnableIRQ
HAL_NVIC_DisableIRQ
