ARM GAS  C:\Users\Kingj\AppData\Local\Temp\cctLs5fd.s 			page 1


   1              		.cpu cortex-m3
   2              		.arch armv7-m
   3              		.fpu softvfp
   4              		.eabi_attribute 20, 1
   5              		.eabi_attribute 21, 1
   6              		.eabi_attribute 23, 3
   7              		.eabi_attribute 24, 1
   8              		.eabi_attribute 25, 1
   9              		.eabi_attribute 26, 1
  10              		.eabi_attribute 30, 1
  11              		.eabi_attribute 34, 1
  12              		.eabi_attribute 18, 4
  13              		.file	"stm32f1xx_hal_msp.c"
  14              		.text
  15              	.Ltext0:
  16              		.cfi_sections	.debug_frame
  17              		.section	.text.HAL_MspInit,"ax",%progbits
  18              		.align	1
  19              		.global	HAL_MspInit
  20              		.syntax unified
  21              		.thumb
  22              		.thumb_func
  24              	HAL_MspInit:
  25              	.LFB65:
  26              		.file 1 "Core/Src/stm32f1xx_hal_msp.c"
   1:Core/Src/stm32f1xx_hal_msp.c **** /* USER CODE BEGIN Header */
   2:Core/Src/stm32f1xx_hal_msp.c **** /**
   3:Core/Src/stm32f1xx_hal_msp.c ****   ******************************************************************************
   4:Core/Src/stm32f1xx_hal_msp.c ****   * @file         stm32f1xx_hal_msp.c
   5:Core/Src/stm32f1xx_hal_msp.c ****   * @brief        This file provides code for the MSP Initialization
   6:Core/Src/stm32f1xx_hal_msp.c ****   *               and de-Initialization codes.
   7:Core/Src/stm32f1xx_hal_msp.c ****   ******************************************************************************
   8:Core/Src/stm32f1xx_hal_msp.c ****   * @attention
   9:Core/Src/stm32f1xx_hal_msp.c ****   *
  10:Core/Src/stm32f1xx_hal_msp.c ****   * Copyright (c) 2024 STMicroelectronics.
  11:Core/Src/stm32f1xx_hal_msp.c ****   * All rights reserved.
  12:Core/Src/stm32f1xx_hal_msp.c ****   *
  13:Core/Src/stm32f1xx_hal_msp.c ****   * This software is licensed under terms that can be found in the LICENSE file
  14:Core/Src/stm32f1xx_hal_msp.c ****   * in the root directory of this software component.
  15:Core/Src/stm32f1xx_hal_msp.c ****   * If no LICENSE file comes with this software, it is provided AS-IS.
  16:Core/Src/stm32f1xx_hal_msp.c ****   *
  17:Core/Src/stm32f1xx_hal_msp.c ****   ******************************************************************************
  18:Core/Src/stm32f1xx_hal_msp.c ****   */
  19:Core/Src/stm32f1xx_hal_msp.c **** /* USER CODE END Header */
  20:Core/Src/stm32f1xx_hal_msp.c **** 
  21:Core/Src/stm32f1xx_hal_msp.c **** /* Includes ------------------------------------------------------------------*/
  22:Core/Src/stm32f1xx_hal_msp.c **** #include "main.h"
  23:Core/Src/stm32f1xx_hal_msp.c **** 
  24:Core/Src/stm32f1xx_hal_msp.c **** /* USER CODE BEGIN Includes */
  25:Core/Src/stm32f1xx_hal_msp.c **** 
  26:Core/Src/stm32f1xx_hal_msp.c **** /* USER CODE END Includes */
  27:Core/Src/stm32f1xx_hal_msp.c **** extern DMA_HandleTypeDef hdma_adc1;
  28:Core/Src/stm32f1xx_hal_msp.c **** 
  29:Core/Src/stm32f1xx_hal_msp.c **** /* Private typedef -----------------------------------------------------------*/
  30:Core/Src/stm32f1xx_hal_msp.c **** /* USER CODE BEGIN TD */
  31:Core/Src/stm32f1xx_hal_msp.c **** 
  32:Core/Src/stm32f1xx_hal_msp.c **** /* USER CODE END TD */
ARM GAS  C:\Users\Kingj\AppData\Local\Temp\cctLs5fd.s 			page 2


  33:Core/Src/stm32f1xx_hal_msp.c **** 
  34:Core/Src/stm32f1xx_hal_msp.c **** /* Private define ------------------------------------------------------------*/
  35:Core/Src/stm32f1xx_hal_msp.c **** /* USER CODE BEGIN Define */
  36:Core/Src/stm32f1xx_hal_msp.c **** 
  37:Core/Src/stm32f1xx_hal_msp.c **** /* USER CODE END Define */
  38:Core/Src/stm32f1xx_hal_msp.c **** 
  39:Core/Src/stm32f1xx_hal_msp.c **** /* Private macro -------------------------------------------------------------*/
  40:Core/Src/stm32f1xx_hal_msp.c **** /* USER CODE BEGIN Macro */
  41:Core/Src/stm32f1xx_hal_msp.c **** 
  42:Core/Src/stm32f1xx_hal_msp.c **** /* USER CODE END Macro */
  43:Core/Src/stm32f1xx_hal_msp.c **** 
  44:Core/Src/stm32f1xx_hal_msp.c **** /* Private variables ---------------------------------------------------------*/
  45:Core/Src/stm32f1xx_hal_msp.c **** /* USER CODE BEGIN PV */
  46:Core/Src/stm32f1xx_hal_msp.c **** 
  47:Core/Src/stm32f1xx_hal_msp.c **** /* USER CODE END PV */
  48:Core/Src/stm32f1xx_hal_msp.c **** 
  49:Core/Src/stm32f1xx_hal_msp.c **** /* Private function prototypes -----------------------------------------------*/
  50:Core/Src/stm32f1xx_hal_msp.c **** /* USER CODE BEGIN PFP */
  51:Core/Src/stm32f1xx_hal_msp.c **** 
  52:Core/Src/stm32f1xx_hal_msp.c **** /* USER CODE END PFP */
  53:Core/Src/stm32f1xx_hal_msp.c **** 
  54:Core/Src/stm32f1xx_hal_msp.c **** /* External functions --------------------------------------------------------*/
  55:Core/Src/stm32f1xx_hal_msp.c **** /* USER CODE BEGIN ExternalFunctions */
  56:Core/Src/stm32f1xx_hal_msp.c **** 
  57:Core/Src/stm32f1xx_hal_msp.c **** /* USER CODE END ExternalFunctions */
  58:Core/Src/stm32f1xx_hal_msp.c **** 
  59:Core/Src/stm32f1xx_hal_msp.c **** /* USER CODE BEGIN 0 */
  60:Core/Src/stm32f1xx_hal_msp.c **** 
  61:Core/Src/stm32f1xx_hal_msp.c **** /* USER CODE END 0 */
  62:Core/Src/stm32f1xx_hal_msp.c **** /**
  63:Core/Src/stm32f1xx_hal_msp.c ****   * Initializes the Global MSP.
  64:Core/Src/stm32f1xx_hal_msp.c ****   */
  65:Core/Src/stm32f1xx_hal_msp.c **** void HAL_MspInit(void)
  66:Core/Src/stm32f1xx_hal_msp.c **** {
  27              		.loc 1 66 1 view -0
  28              		.cfi_startproc
  29              		@ args = 0, pretend = 0, frame = 8
  30              		@ frame_needed = 0, uses_anonymous_args = 0
  31 0000 00B5     		push	{lr}
  32              	.LCFI0:
  33              		.cfi_def_cfa_offset 4
  34              		.cfi_offset 14, -4
  35 0002 83B0     		sub	sp, sp, #12
  36              	.LCFI1:
  37              		.cfi_def_cfa_offset 16
  67:Core/Src/stm32f1xx_hal_msp.c ****   /* USER CODE BEGIN MspInit 0 */
  68:Core/Src/stm32f1xx_hal_msp.c **** 
  69:Core/Src/stm32f1xx_hal_msp.c ****   /* USER CODE END MspInit 0 */
  70:Core/Src/stm32f1xx_hal_msp.c **** 
  71:Core/Src/stm32f1xx_hal_msp.c ****   __HAL_RCC_AFIO_CLK_ENABLE();
  38              		.loc 1 71 3 view .LVU1
  39              	.LBB2:
  40              		.loc 1 71 3 view .LVU2
  41              		.loc 1 71 3 view .LVU3
  42 0004 114B     		ldr	r3, .L3
  43 0006 9A69     		ldr	r2, [r3, #24]
  44 0008 42F00102 		orr	r2, r2, #1
ARM GAS  C:\Users\Kingj\AppData\Local\Temp\cctLs5fd.s 			page 3


  45 000c 9A61     		str	r2, [r3, #24]
  46              		.loc 1 71 3 view .LVU4
  47 000e 9A69     		ldr	r2, [r3, #24]
  48 0010 02F00102 		and	r2, r2, #1
  49 0014 0092     		str	r2, [sp]
  50              		.loc 1 71 3 view .LVU5
  51 0016 009A     		ldr	r2, [sp]
  52              	.LBE2:
  53              		.loc 1 71 3 view .LVU6
  72:Core/Src/stm32f1xx_hal_msp.c ****   __HAL_RCC_PWR_CLK_ENABLE();
  54              		.loc 1 72 3 view .LVU7
  55              	.LBB3:
  56              		.loc 1 72 3 view .LVU8
  57              		.loc 1 72 3 view .LVU9
  58 0018 DA69     		ldr	r2, [r3, #28]
  59 001a 42F08052 		orr	r2, r2, #268435456
  60 001e DA61     		str	r2, [r3, #28]
  61              		.loc 1 72 3 view .LVU10
  62 0020 DB69     		ldr	r3, [r3, #28]
  63 0022 03F08053 		and	r3, r3, #268435456
  64 0026 0193     		str	r3, [sp, #4]
  65              		.loc 1 72 3 view .LVU11
  66 0028 019B     		ldr	r3, [sp, #4]
  67              	.LBE3:
  68              		.loc 1 72 3 view .LVU12
  73:Core/Src/stm32f1xx_hal_msp.c **** 
  74:Core/Src/stm32f1xx_hal_msp.c ****   /* System interrupt init*/
  75:Core/Src/stm32f1xx_hal_msp.c ****   /* PendSV_IRQn interrupt configuration */
  76:Core/Src/stm32f1xx_hal_msp.c ****   HAL_NVIC_SetPriority(PendSV_IRQn, 15, 0);
  69              		.loc 1 76 3 view .LVU13
  70 002a 0022     		movs	r2, #0
  71 002c 0F21     		movs	r1, #15
  72 002e 6FF00100 		mvn	r0, #1
  73 0032 FFF7FEFF 		bl	HAL_NVIC_SetPriority
  74              	.LVL0:
  77:Core/Src/stm32f1xx_hal_msp.c **** 
  78:Core/Src/stm32f1xx_hal_msp.c ****   /** NOJTAG: JTAG-DP Disabled and SW-DP Enabled
  79:Core/Src/stm32f1xx_hal_msp.c ****   */
  80:Core/Src/stm32f1xx_hal_msp.c ****   __HAL_AFIO_REMAP_SWJ_NOJTAG();
  75              		.loc 1 80 3 view .LVU14
  76              	.LBB4:
  77              		.loc 1 80 3 view .LVU15
  78 0036 064A     		ldr	r2, .L3+4
  79 0038 5368     		ldr	r3, [r2, #4]
  80              	.LVL1:
  81              		.loc 1 80 3 view .LVU16
  82 003a 23F0E063 		bic	r3, r3, #117440512
  83              	.LVL2:
  84              		.loc 1 80 3 view .LVU17
  85 003e 43F00073 		orr	r3, r3, #33554432
  86              	.LVL3:
  87              		.loc 1 80 3 view .LVU18
  88 0042 5360     		str	r3, [r2, #4]
  89              	.LBE4:
  90              		.loc 1 80 3 view .LVU19
  81:Core/Src/stm32f1xx_hal_msp.c **** 
  82:Core/Src/stm32f1xx_hal_msp.c ****   /* USER CODE BEGIN MspInit 1 */
ARM GAS  C:\Users\Kingj\AppData\Local\Temp\cctLs5fd.s 			page 4


  83:Core/Src/stm32f1xx_hal_msp.c **** 
  84:Core/Src/stm32f1xx_hal_msp.c ****   /* USER CODE END MspInit 1 */
  85:Core/Src/stm32f1xx_hal_msp.c **** }
  91              		.loc 1 85 1 is_stmt 0 view .LVU20
  92 0044 03B0     		add	sp, sp, #12
  93              	.LCFI2:
  94              		.cfi_def_cfa_offset 4
  95              		@ sp needed
  96 0046 5DF804FB 		ldr	pc, [sp], #4
  97              	.L4:
  98 004a 00BF     		.align	2
  99              	.L3:
 100 004c 00100240 		.word	1073876992
 101 0050 00000140 		.word	1073807360
 102              		.cfi_endproc
 103              	.LFE65:
 105              		.section	.text.HAL_ADC_MspInit,"ax",%progbits
 106              		.align	1
 107              		.global	HAL_ADC_MspInit
 108              		.syntax unified
 109              		.thumb
 110              		.thumb_func
 112              	HAL_ADC_MspInit:
 113              	.LVL4:
 114              	.LFB66:
  86:Core/Src/stm32f1xx_hal_msp.c **** 
  87:Core/Src/stm32f1xx_hal_msp.c **** /**
  88:Core/Src/stm32f1xx_hal_msp.c **** * @brief ADC MSP Initialization
  89:Core/Src/stm32f1xx_hal_msp.c **** * This function configures the hardware resources used in this example
  90:Core/Src/stm32f1xx_hal_msp.c **** * @param hadc: ADC handle pointer
  91:Core/Src/stm32f1xx_hal_msp.c **** * @retval None
  92:Core/Src/stm32f1xx_hal_msp.c **** */
  93:Core/Src/stm32f1xx_hal_msp.c **** void HAL_ADC_MspInit(ADC_HandleTypeDef* hadc)
  94:Core/Src/stm32f1xx_hal_msp.c **** {
 115              		.loc 1 94 1 is_stmt 1 view -0
 116              		.cfi_startproc
 117              		@ args = 0, pretend = 0, frame = 24
 118              		@ frame_needed = 0, uses_anonymous_args = 0
 119              		.loc 1 94 1 is_stmt 0 view .LVU22
 120 0000 10B5     		push	{r4, lr}
 121              	.LCFI3:
 122              		.cfi_def_cfa_offset 8
 123              		.cfi_offset 4, -8
 124              		.cfi_offset 14, -4
 125 0002 86B0     		sub	sp, sp, #24
 126              	.LCFI4:
 127              		.cfi_def_cfa_offset 32
  95:Core/Src/stm32f1xx_hal_msp.c ****   GPIO_InitTypeDef GPIO_InitStruct = {0};
 128              		.loc 1 95 3 is_stmt 1 view .LVU23
 129              		.loc 1 95 20 is_stmt 0 view .LVU24
 130 0004 0023     		movs	r3, #0
 131 0006 0293     		str	r3, [sp, #8]
 132 0008 0393     		str	r3, [sp, #12]
 133 000a 0493     		str	r3, [sp, #16]
 134 000c 0593     		str	r3, [sp, #20]
  96:Core/Src/stm32f1xx_hal_msp.c ****   if(hadc->Instance==ADC1)
 135              		.loc 1 96 3 is_stmt 1 view .LVU25
ARM GAS  C:\Users\Kingj\AppData\Local\Temp\cctLs5fd.s 			page 5


 136              		.loc 1 96 10 is_stmt 0 view .LVU26
 137 000e 0268     		ldr	r2, [r0]
 138              		.loc 1 96 5 view .LVU27
 139 0010 1E4B     		ldr	r3, .L11
 140 0012 9A42     		cmp	r2, r3
 141 0014 01D0     		beq	.L9
 142              	.LVL5:
 143              	.L5:
  97:Core/Src/stm32f1xx_hal_msp.c ****   {
  98:Core/Src/stm32f1xx_hal_msp.c ****   /* USER CODE BEGIN ADC1_MspInit 0 */
  99:Core/Src/stm32f1xx_hal_msp.c **** 
 100:Core/Src/stm32f1xx_hal_msp.c ****   /* USER CODE END ADC1_MspInit 0 */
 101:Core/Src/stm32f1xx_hal_msp.c ****     /* Peripheral clock enable */
 102:Core/Src/stm32f1xx_hal_msp.c ****     __HAL_RCC_ADC1_CLK_ENABLE();
 103:Core/Src/stm32f1xx_hal_msp.c **** 
 104:Core/Src/stm32f1xx_hal_msp.c ****     __HAL_RCC_GPIOB_CLK_ENABLE();
 105:Core/Src/stm32f1xx_hal_msp.c ****     /**ADC1 GPIO Configuration
 106:Core/Src/stm32f1xx_hal_msp.c ****     PB0     ------> ADC1_IN8
 107:Core/Src/stm32f1xx_hal_msp.c ****     PB1     ------> ADC1_IN9
 108:Core/Src/stm32f1xx_hal_msp.c ****     */
 109:Core/Src/stm32f1xx_hal_msp.c ****     GPIO_InitStruct.Pin = GPIO_PIN_0|GPIO_PIN_1;
 110:Core/Src/stm32f1xx_hal_msp.c ****     GPIO_InitStruct.Mode = GPIO_MODE_ANALOG;
 111:Core/Src/stm32f1xx_hal_msp.c ****     HAL_GPIO_Init(GPIOB, &GPIO_InitStruct);
 112:Core/Src/stm32f1xx_hal_msp.c **** 
 113:Core/Src/stm32f1xx_hal_msp.c ****     /* ADC1 DMA Init */
 114:Core/Src/stm32f1xx_hal_msp.c ****     /* ADC1 Init */
 115:Core/Src/stm32f1xx_hal_msp.c ****     hdma_adc1.Instance = DMA1_Channel1;
 116:Core/Src/stm32f1xx_hal_msp.c ****     hdma_adc1.Init.Direction = DMA_PERIPH_TO_MEMORY;
 117:Core/Src/stm32f1xx_hal_msp.c ****     hdma_adc1.Init.PeriphInc = DMA_PINC_DISABLE;
 118:Core/Src/stm32f1xx_hal_msp.c ****     hdma_adc1.Init.MemInc = DMA_MINC_ENABLE;
 119:Core/Src/stm32f1xx_hal_msp.c ****     hdma_adc1.Init.PeriphDataAlignment = DMA_PDATAALIGN_HALFWORD;
 120:Core/Src/stm32f1xx_hal_msp.c ****     hdma_adc1.Init.MemDataAlignment = DMA_MDATAALIGN_WORD;
 121:Core/Src/stm32f1xx_hal_msp.c ****     hdma_adc1.Init.Mode = DMA_CIRCULAR;
 122:Core/Src/stm32f1xx_hal_msp.c ****     hdma_adc1.Init.Priority = DMA_PRIORITY_HIGH;
 123:Core/Src/stm32f1xx_hal_msp.c ****     if (HAL_DMA_Init(&hdma_adc1) != HAL_OK)
 124:Core/Src/stm32f1xx_hal_msp.c ****     {
 125:Core/Src/stm32f1xx_hal_msp.c ****       Error_Handler();
 126:Core/Src/stm32f1xx_hal_msp.c ****     }
 127:Core/Src/stm32f1xx_hal_msp.c **** 
 128:Core/Src/stm32f1xx_hal_msp.c ****     __HAL_LINKDMA(hadc,DMA_Handle,hdma_adc1);
 129:Core/Src/stm32f1xx_hal_msp.c **** 
 130:Core/Src/stm32f1xx_hal_msp.c ****   /* USER CODE BEGIN ADC1_MspInit 1 */
 131:Core/Src/stm32f1xx_hal_msp.c **** 
 132:Core/Src/stm32f1xx_hal_msp.c ****   /* USER CODE END ADC1_MspInit 1 */
 133:Core/Src/stm32f1xx_hal_msp.c ****   }
 134:Core/Src/stm32f1xx_hal_msp.c **** 
 135:Core/Src/stm32f1xx_hal_msp.c **** }
 144              		.loc 1 135 1 view .LVU28
 145 0016 06B0     		add	sp, sp, #24
 146              	.LCFI5:
 147              		.cfi_remember_state
 148              		.cfi_def_cfa_offset 8
 149              		@ sp needed
 150 0018 10BD     		pop	{r4, pc}
 151              	.LVL6:
 152              	.L9:
 153              	.LCFI6:
ARM GAS  C:\Users\Kingj\AppData\Local\Temp\cctLs5fd.s 			page 6


 154              		.cfi_restore_state
 155              		.loc 1 135 1 view .LVU29
 156 001a 0446     		mov	r4, r0
 102:Core/Src/stm32f1xx_hal_msp.c **** 
 157              		.loc 1 102 5 is_stmt 1 view .LVU30
 158              	.LBB5:
 102:Core/Src/stm32f1xx_hal_msp.c **** 
 159              		.loc 1 102 5 view .LVU31
 102:Core/Src/stm32f1xx_hal_msp.c **** 
 160              		.loc 1 102 5 view .LVU32
 161 001c 03F56C43 		add	r3, r3, #60416
 162 0020 9A69     		ldr	r2, [r3, #24]
 163 0022 42F40072 		orr	r2, r2, #512
 164 0026 9A61     		str	r2, [r3, #24]
 102:Core/Src/stm32f1xx_hal_msp.c **** 
 165              		.loc 1 102 5 view .LVU33
 166 0028 9A69     		ldr	r2, [r3, #24]
 167 002a 02F40072 		and	r2, r2, #512
 168 002e 0092     		str	r2, [sp]
 102:Core/Src/stm32f1xx_hal_msp.c **** 
 169              		.loc 1 102 5 view .LVU34
 170 0030 009A     		ldr	r2, [sp]
 171              	.LBE5:
 102:Core/Src/stm32f1xx_hal_msp.c **** 
 172              		.loc 1 102 5 view .LVU35
 104:Core/Src/stm32f1xx_hal_msp.c ****     /**ADC1 GPIO Configuration
 173              		.loc 1 104 5 view .LVU36
 174              	.LBB6:
 104:Core/Src/stm32f1xx_hal_msp.c ****     /**ADC1 GPIO Configuration
 175              		.loc 1 104 5 view .LVU37
 104:Core/Src/stm32f1xx_hal_msp.c ****     /**ADC1 GPIO Configuration
 176              		.loc 1 104 5 view .LVU38
 177 0032 9A69     		ldr	r2, [r3, #24]
 178 0034 42F00802 		orr	r2, r2, #8
 179 0038 9A61     		str	r2, [r3, #24]
 104:Core/Src/stm32f1xx_hal_msp.c ****     /**ADC1 GPIO Configuration
 180              		.loc 1 104 5 view .LVU39
 181 003a 9B69     		ldr	r3, [r3, #24]
 182 003c 03F00803 		and	r3, r3, #8
 183 0040 0193     		str	r3, [sp, #4]
 104:Core/Src/stm32f1xx_hal_msp.c ****     /**ADC1 GPIO Configuration
 184              		.loc 1 104 5 view .LVU40
 185 0042 019B     		ldr	r3, [sp, #4]
 186              	.LBE6:
 104:Core/Src/stm32f1xx_hal_msp.c ****     /**ADC1 GPIO Configuration
 187              		.loc 1 104 5 view .LVU41
 109:Core/Src/stm32f1xx_hal_msp.c ****     GPIO_InitStruct.Mode = GPIO_MODE_ANALOG;
 188              		.loc 1 109 5 view .LVU42
 109:Core/Src/stm32f1xx_hal_msp.c ****     GPIO_InitStruct.Mode = GPIO_MODE_ANALOG;
 189              		.loc 1 109 25 is_stmt 0 view .LVU43
 190 0044 0323     		movs	r3, #3
 191 0046 0293     		str	r3, [sp, #8]
 110:Core/Src/stm32f1xx_hal_msp.c ****     HAL_GPIO_Init(GPIOB, &GPIO_InitStruct);
 192              		.loc 1 110 5 is_stmt 1 view .LVU44
 110:Core/Src/stm32f1xx_hal_msp.c ****     HAL_GPIO_Init(GPIOB, &GPIO_InitStruct);
 193              		.loc 1 110 26 is_stmt 0 view .LVU45
 194 0048 0393     		str	r3, [sp, #12]
ARM GAS  C:\Users\Kingj\AppData\Local\Temp\cctLs5fd.s 			page 7


 111:Core/Src/stm32f1xx_hal_msp.c **** 
 195              		.loc 1 111 5 is_stmt 1 view .LVU46
 196 004a 02A9     		add	r1, sp, #8
 197 004c 1048     		ldr	r0, .L11+4
 198              	.LVL7:
 111:Core/Src/stm32f1xx_hal_msp.c **** 
 199              		.loc 1 111 5 is_stmt 0 view .LVU47
 200 004e FFF7FEFF 		bl	HAL_GPIO_Init
 201              	.LVL8:
 115:Core/Src/stm32f1xx_hal_msp.c ****     hdma_adc1.Init.Direction = DMA_PERIPH_TO_MEMORY;
 202              		.loc 1 115 5 is_stmt 1 view .LVU48
 115:Core/Src/stm32f1xx_hal_msp.c ****     hdma_adc1.Init.Direction = DMA_PERIPH_TO_MEMORY;
 203              		.loc 1 115 24 is_stmt 0 view .LVU49
 204 0052 1048     		ldr	r0, .L11+8
 205 0054 104B     		ldr	r3, .L11+12
 206 0056 0360     		str	r3, [r0]
 116:Core/Src/stm32f1xx_hal_msp.c ****     hdma_adc1.Init.PeriphInc = DMA_PINC_DISABLE;
 207              		.loc 1 116 5 is_stmt 1 view .LVU50
 116:Core/Src/stm32f1xx_hal_msp.c ****     hdma_adc1.Init.PeriphInc = DMA_PINC_DISABLE;
 208              		.loc 1 116 30 is_stmt 0 view .LVU51
 209 0058 0023     		movs	r3, #0
 210 005a 4360     		str	r3, [r0, #4]
 117:Core/Src/stm32f1xx_hal_msp.c ****     hdma_adc1.Init.MemInc = DMA_MINC_ENABLE;
 211              		.loc 1 117 5 is_stmt 1 view .LVU52
 117:Core/Src/stm32f1xx_hal_msp.c ****     hdma_adc1.Init.MemInc = DMA_MINC_ENABLE;
 212              		.loc 1 117 30 is_stmt 0 view .LVU53
 213 005c 8360     		str	r3, [r0, #8]
 118:Core/Src/stm32f1xx_hal_msp.c ****     hdma_adc1.Init.PeriphDataAlignment = DMA_PDATAALIGN_HALFWORD;
 214              		.loc 1 118 5 is_stmt 1 view .LVU54
 118:Core/Src/stm32f1xx_hal_msp.c ****     hdma_adc1.Init.PeriphDataAlignment = DMA_PDATAALIGN_HALFWORD;
 215              		.loc 1 118 27 is_stmt 0 view .LVU55
 216 005e 8023     		movs	r3, #128
 217 0060 C360     		str	r3, [r0, #12]
 119:Core/Src/stm32f1xx_hal_msp.c ****     hdma_adc1.Init.MemDataAlignment = DMA_MDATAALIGN_WORD;
 218              		.loc 1 119 5 is_stmt 1 view .LVU56
 119:Core/Src/stm32f1xx_hal_msp.c ****     hdma_adc1.Init.MemDataAlignment = DMA_MDATAALIGN_WORD;
 219              		.loc 1 119 40 is_stmt 0 view .LVU57
 220 0062 4FF48073 		mov	r3, #256
 221 0066 0361     		str	r3, [r0, #16]
 120:Core/Src/stm32f1xx_hal_msp.c ****     hdma_adc1.Init.Mode = DMA_CIRCULAR;
 222              		.loc 1 120 5 is_stmt 1 view .LVU58
 120:Core/Src/stm32f1xx_hal_msp.c ****     hdma_adc1.Init.Mode = DMA_CIRCULAR;
 223              		.loc 1 120 37 is_stmt 0 view .LVU59
 224 0068 4FF40063 		mov	r3, #2048
 225 006c 4361     		str	r3, [r0, #20]
 121:Core/Src/stm32f1xx_hal_msp.c ****     hdma_adc1.Init.Priority = DMA_PRIORITY_HIGH;
 226              		.loc 1 121 5 is_stmt 1 view .LVU60
 121:Core/Src/stm32f1xx_hal_msp.c ****     hdma_adc1.Init.Priority = DMA_PRIORITY_HIGH;
 227              		.loc 1 121 25 is_stmt 0 view .LVU61
 228 006e 2023     		movs	r3, #32
 229 0070 8361     		str	r3, [r0, #24]
 122:Core/Src/stm32f1xx_hal_msp.c ****     if (HAL_DMA_Init(&hdma_adc1) != HAL_OK)
 230              		.loc 1 122 5 is_stmt 1 view .LVU62
 122:Core/Src/stm32f1xx_hal_msp.c ****     if (HAL_DMA_Init(&hdma_adc1) != HAL_OK)
 231              		.loc 1 122 29 is_stmt 0 view .LVU63
 232 0072 4FF40053 		mov	r3, #8192
 233 0076 C361     		str	r3, [r0, #28]
ARM GAS  C:\Users\Kingj\AppData\Local\Temp\cctLs5fd.s 			page 8


 123:Core/Src/stm32f1xx_hal_msp.c ****     {
 234              		.loc 1 123 5 is_stmt 1 view .LVU64
 123:Core/Src/stm32f1xx_hal_msp.c ****     {
 235              		.loc 1 123 9 is_stmt 0 view .LVU65
 236 0078 FFF7FEFF 		bl	HAL_DMA_Init
 237              	.LVL9:
 123:Core/Src/stm32f1xx_hal_msp.c ****     {
 238              		.loc 1 123 8 view .LVU66
 239 007c 18B9     		cbnz	r0, .L10
 240              	.L7:
 128:Core/Src/stm32f1xx_hal_msp.c **** 
 241              		.loc 1 128 5 is_stmt 1 view .LVU67
 128:Core/Src/stm32f1xx_hal_msp.c **** 
 242              		.loc 1 128 5 view .LVU68
 243 007e 054B     		ldr	r3, .L11+8
 244 0080 2362     		str	r3, [r4, #32]
 128:Core/Src/stm32f1xx_hal_msp.c **** 
 245              		.loc 1 128 5 view .LVU69
 246 0082 5C62     		str	r4, [r3, #36]
 128:Core/Src/stm32f1xx_hal_msp.c **** 
 247              		.loc 1 128 5 view .LVU70
 248              		.loc 1 135 1 is_stmt 0 view .LVU71
 249 0084 C7E7     		b	.L5
 250              	.L10:
 125:Core/Src/stm32f1xx_hal_msp.c ****     }
 251              		.loc 1 125 7 is_stmt 1 view .LVU72
 252 0086 FFF7FEFF 		bl	Error_Handler
 253              	.LVL10:
 254 008a F8E7     		b	.L7
 255              	.L12:
 256              		.align	2
 257              	.L11:
 258 008c 00240140 		.word	1073816576
 259 0090 000C0140 		.word	1073810432
 260 0094 00000000 		.word	hdma_adc1
 261 0098 08000240 		.word	1073872904
 262              		.cfi_endproc
 263              	.LFE66:
 265              		.section	.text.HAL_ADC_MspDeInit,"ax",%progbits
 266              		.align	1
 267              		.global	HAL_ADC_MspDeInit
 268              		.syntax unified
 269              		.thumb
 270              		.thumb_func
 272              	HAL_ADC_MspDeInit:
 273              	.LVL11:
 274              	.LFB67:
 136:Core/Src/stm32f1xx_hal_msp.c **** 
 137:Core/Src/stm32f1xx_hal_msp.c **** /**
 138:Core/Src/stm32f1xx_hal_msp.c **** * @brief ADC MSP De-Initialization
 139:Core/Src/stm32f1xx_hal_msp.c **** * This function freeze the hardware resources used in this example
 140:Core/Src/stm32f1xx_hal_msp.c **** * @param hadc: ADC handle pointer
 141:Core/Src/stm32f1xx_hal_msp.c **** * @retval None
 142:Core/Src/stm32f1xx_hal_msp.c **** */
 143:Core/Src/stm32f1xx_hal_msp.c **** void HAL_ADC_MspDeInit(ADC_HandleTypeDef* hadc)
 144:Core/Src/stm32f1xx_hal_msp.c **** {
 275              		.loc 1 144 1 view -0
ARM GAS  C:\Users\Kingj\AppData\Local\Temp\cctLs5fd.s 			page 9


 276              		.cfi_startproc
 277              		@ args = 0, pretend = 0, frame = 0
 278              		@ frame_needed = 0, uses_anonymous_args = 0
 145:Core/Src/stm32f1xx_hal_msp.c ****   if(hadc->Instance==ADC1)
 279              		.loc 1 145 3 view .LVU74
 280              		.loc 1 145 10 is_stmt 0 view .LVU75
 281 0000 0268     		ldr	r2, [r0]
 282              		.loc 1 145 5 view .LVU76
 283 0002 094B     		ldr	r3, .L20
 284 0004 9A42     		cmp	r2, r3
 285 0006 00D0     		beq	.L19
 286 0008 7047     		bx	lr
 287              	.L19:
 144:Core/Src/stm32f1xx_hal_msp.c ****   if(hadc->Instance==ADC1)
 288              		.loc 1 144 1 view .LVU77
 289 000a 10B5     		push	{r4, lr}
 290              	.LCFI7:
 291              		.cfi_def_cfa_offset 8
 292              		.cfi_offset 4, -8
 293              		.cfi_offset 14, -4
 294 000c 0446     		mov	r4, r0
 146:Core/Src/stm32f1xx_hal_msp.c ****   {
 147:Core/Src/stm32f1xx_hal_msp.c ****   /* USER CODE BEGIN ADC1_MspDeInit 0 */
 148:Core/Src/stm32f1xx_hal_msp.c **** 
 149:Core/Src/stm32f1xx_hal_msp.c ****   /* USER CODE END ADC1_MspDeInit 0 */
 150:Core/Src/stm32f1xx_hal_msp.c ****     /* Peripheral clock disable */
 151:Core/Src/stm32f1xx_hal_msp.c ****     __HAL_RCC_ADC1_CLK_DISABLE();
 295              		.loc 1 151 5 is_stmt 1 view .LVU78
 296 000e 074A     		ldr	r2, .L20+4
 297 0010 9369     		ldr	r3, [r2, #24]
 298 0012 23F40073 		bic	r3, r3, #512
 299 0016 9361     		str	r3, [r2, #24]
 152:Core/Src/stm32f1xx_hal_msp.c **** 
 153:Core/Src/stm32f1xx_hal_msp.c ****     /**ADC1 GPIO Configuration
 154:Core/Src/stm32f1xx_hal_msp.c ****     PB0     ------> ADC1_IN8
 155:Core/Src/stm32f1xx_hal_msp.c ****     PB1     ------> ADC1_IN9
 156:Core/Src/stm32f1xx_hal_msp.c ****     */
 157:Core/Src/stm32f1xx_hal_msp.c ****     HAL_GPIO_DeInit(GPIOB, GPIO_PIN_0|GPIO_PIN_1);
 300              		.loc 1 157 5 view .LVU79
 301 0018 0321     		movs	r1, #3
 302 001a 0548     		ldr	r0, .L20+8
 303              	.LVL12:
 304              		.loc 1 157 5 is_stmt 0 view .LVU80
 305 001c FFF7FEFF 		bl	HAL_GPIO_DeInit
 306              	.LVL13:
 158:Core/Src/stm32f1xx_hal_msp.c **** 
 159:Core/Src/stm32f1xx_hal_msp.c ****     /* ADC1 DMA DeInit */
 160:Core/Src/stm32f1xx_hal_msp.c ****     HAL_DMA_DeInit(hadc->DMA_Handle);
 307              		.loc 1 160 5 is_stmt 1 view .LVU81
 308 0020 206A     		ldr	r0, [r4, #32]
 309 0022 FFF7FEFF 		bl	HAL_DMA_DeInit
 310              	.LVL14:
 161:Core/Src/stm32f1xx_hal_msp.c ****   /* USER CODE BEGIN ADC1_MspDeInit 1 */
 162:Core/Src/stm32f1xx_hal_msp.c **** 
 163:Core/Src/stm32f1xx_hal_msp.c ****   /* USER CODE END ADC1_MspDeInit 1 */
 164:Core/Src/stm32f1xx_hal_msp.c ****   }
 165:Core/Src/stm32f1xx_hal_msp.c **** 
ARM GAS  C:\Users\Kingj\AppData\Local\Temp\cctLs5fd.s 			page 10


 166:Core/Src/stm32f1xx_hal_msp.c **** }
 311              		.loc 1 166 1 is_stmt 0 view .LVU82
 312 0026 10BD     		pop	{r4, pc}
 313              	.LVL15:
 314              	.L21:
 315              		.loc 1 166 1 view .LVU83
 316              		.align	2
 317              	.L20:
 318 0028 00240140 		.word	1073816576
 319 002c 00100240 		.word	1073876992
 320 0030 000C0140 		.word	1073810432
 321              		.cfi_endproc
 322              	.LFE67:
 324              		.section	.text.HAL_I2C_MspInit,"ax",%progbits
 325              		.align	1
 326              		.global	HAL_I2C_MspInit
 327              		.syntax unified
 328              		.thumb
 329              		.thumb_func
 331              	HAL_I2C_MspInit:
 332              	.LVL16:
 333              	.LFB68:
 167:Core/Src/stm32f1xx_hal_msp.c **** 
 168:Core/Src/stm32f1xx_hal_msp.c **** /**
 169:Core/Src/stm32f1xx_hal_msp.c **** * @brief I2C MSP Initialization
 170:Core/Src/stm32f1xx_hal_msp.c **** * This function configures the hardware resources used in this example
 171:Core/Src/stm32f1xx_hal_msp.c **** * @param hi2c: I2C handle pointer
 172:Core/Src/stm32f1xx_hal_msp.c **** * @retval None
 173:Core/Src/stm32f1xx_hal_msp.c **** */
 174:Core/Src/stm32f1xx_hal_msp.c **** void HAL_I2C_MspInit(I2C_HandleTypeDef* hi2c)
 175:Core/Src/stm32f1xx_hal_msp.c **** {
 334              		.loc 1 175 1 is_stmt 1 view -0
 335              		.cfi_startproc
 336              		@ args = 0, pretend = 0, frame = 24
 337              		@ frame_needed = 0, uses_anonymous_args = 0
 338              		.loc 1 175 1 is_stmt 0 view .LVU85
 339 0000 10B5     		push	{r4, lr}
 340              	.LCFI8:
 341              		.cfi_def_cfa_offset 8
 342              		.cfi_offset 4, -8
 343              		.cfi_offset 14, -4
 344 0002 86B0     		sub	sp, sp, #24
 345              	.LCFI9:
 346              		.cfi_def_cfa_offset 32
 176:Core/Src/stm32f1xx_hal_msp.c ****   GPIO_InitTypeDef GPIO_InitStruct = {0};
 347              		.loc 1 176 3 is_stmt 1 view .LVU86
 348              		.loc 1 176 20 is_stmt 0 view .LVU87
 349 0004 0023     		movs	r3, #0
 350 0006 0293     		str	r3, [sp, #8]
 351 0008 0393     		str	r3, [sp, #12]
 352 000a 0493     		str	r3, [sp, #16]
 353 000c 0593     		str	r3, [sp, #20]
 177:Core/Src/stm32f1xx_hal_msp.c ****   if(hi2c->Instance==I2C1)
 354              		.loc 1 177 3 is_stmt 1 view .LVU88
 355              		.loc 1 177 10 is_stmt 0 view .LVU89
 356 000e 0268     		ldr	r2, [r0]
 357              		.loc 1 177 5 view .LVU90
ARM GAS  C:\Users\Kingj\AppData\Local\Temp\cctLs5fd.s 			page 11


 358 0010 114B     		ldr	r3, .L26
 359 0012 9A42     		cmp	r2, r3
 360 0014 01D0     		beq	.L25
 361              	.LVL17:
 362              	.L22:
 178:Core/Src/stm32f1xx_hal_msp.c ****   {
 179:Core/Src/stm32f1xx_hal_msp.c ****   /* USER CODE BEGIN I2C1_MspInit 0 */
 180:Core/Src/stm32f1xx_hal_msp.c **** 
 181:Core/Src/stm32f1xx_hal_msp.c ****   /* USER CODE END I2C1_MspInit 0 */
 182:Core/Src/stm32f1xx_hal_msp.c **** 
 183:Core/Src/stm32f1xx_hal_msp.c ****     __HAL_RCC_GPIOB_CLK_ENABLE();
 184:Core/Src/stm32f1xx_hal_msp.c ****     /**I2C1 GPIO Configuration
 185:Core/Src/stm32f1xx_hal_msp.c ****     PB6     ------> I2C1_SCL
 186:Core/Src/stm32f1xx_hal_msp.c ****     PB7     ------> I2C1_SDA
 187:Core/Src/stm32f1xx_hal_msp.c ****     */
 188:Core/Src/stm32f1xx_hal_msp.c ****     GPIO_InitStruct.Pin = GPIO_PIN_6|GPIO_PIN_7;
 189:Core/Src/stm32f1xx_hal_msp.c ****     GPIO_InitStruct.Mode = GPIO_MODE_AF_OD;
 190:Core/Src/stm32f1xx_hal_msp.c ****     GPIO_InitStruct.Speed = GPIO_SPEED_FREQ_HIGH;
 191:Core/Src/stm32f1xx_hal_msp.c ****     HAL_GPIO_Init(GPIOB, &GPIO_InitStruct);
 192:Core/Src/stm32f1xx_hal_msp.c **** 
 193:Core/Src/stm32f1xx_hal_msp.c ****     /* Peripheral clock enable */
 194:Core/Src/stm32f1xx_hal_msp.c ****     __HAL_RCC_I2C1_CLK_ENABLE();
 195:Core/Src/stm32f1xx_hal_msp.c ****   /* USER CODE BEGIN I2C1_MspInit 1 */
 196:Core/Src/stm32f1xx_hal_msp.c **** 
 197:Core/Src/stm32f1xx_hal_msp.c ****   /* USER CODE END I2C1_MspInit 1 */
 198:Core/Src/stm32f1xx_hal_msp.c ****   }
 199:Core/Src/stm32f1xx_hal_msp.c **** 
 200:Core/Src/stm32f1xx_hal_msp.c **** }
 363              		.loc 1 200 1 view .LVU91
 364 0016 06B0     		add	sp, sp, #24
 365              	.LCFI10:
 366              		.cfi_remember_state
 367              		.cfi_def_cfa_offset 8
 368              		@ sp needed
 369 0018 10BD     		pop	{r4, pc}
 370              	.LVL18:
 371              	.L25:
 372              	.LCFI11:
 373              		.cfi_restore_state
 183:Core/Src/stm32f1xx_hal_msp.c ****     /**I2C1 GPIO Configuration
 374              		.loc 1 183 5 is_stmt 1 view .LVU92
 375              	.LBB7:
 183:Core/Src/stm32f1xx_hal_msp.c ****     /**I2C1 GPIO Configuration
 376              		.loc 1 183 5 view .LVU93
 183:Core/Src/stm32f1xx_hal_msp.c ****     /**I2C1 GPIO Configuration
 377              		.loc 1 183 5 view .LVU94
 378 001a 104C     		ldr	r4, .L26+4
 379 001c A369     		ldr	r3, [r4, #24]
 380 001e 43F00803 		orr	r3, r3, #8
 381 0022 A361     		str	r3, [r4, #24]
 183:Core/Src/stm32f1xx_hal_msp.c ****     /**I2C1 GPIO Configuration
 382              		.loc 1 183 5 view .LVU95
 383 0024 A369     		ldr	r3, [r4, #24]
 384 0026 03F00803 		and	r3, r3, #8
 385 002a 0093     		str	r3, [sp]
 183:Core/Src/stm32f1xx_hal_msp.c ****     /**I2C1 GPIO Configuration
 386              		.loc 1 183 5 view .LVU96
ARM GAS  C:\Users\Kingj\AppData\Local\Temp\cctLs5fd.s 			page 12


 387 002c 009B     		ldr	r3, [sp]
 388              	.LBE7:
 183:Core/Src/stm32f1xx_hal_msp.c ****     /**I2C1 GPIO Configuration
 389              		.loc 1 183 5 view .LVU97
 188:Core/Src/stm32f1xx_hal_msp.c ****     GPIO_InitStruct.Mode = GPIO_MODE_AF_OD;
 390              		.loc 1 188 5 view .LVU98
 188:Core/Src/stm32f1xx_hal_msp.c ****     GPIO_InitStruct.Mode = GPIO_MODE_AF_OD;
 391              		.loc 1 188 25 is_stmt 0 view .LVU99
 392 002e C023     		movs	r3, #192
 393 0030 0293     		str	r3, [sp, #8]
 189:Core/Src/stm32f1xx_hal_msp.c ****     GPIO_InitStruct.Speed = GPIO_SPEED_FREQ_HIGH;
 394              		.loc 1 189 5 is_stmt 1 view .LVU100
 189:Core/Src/stm32f1xx_hal_msp.c ****     GPIO_InitStruct.Speed = GPIO_SPEED_FREQ_HIGH;
 395              		.loc 1 189 26 is_stmt 0 view .LVU101
 396 0032 1223     		movs	r3, #18
 397 0034 0393     		str	r3, [sp, #12]
 190:Core/Src/stm32f1xx_hal_msp.c ****     HAL_GPIO_Init(GPIOB, &GPIO_InitStruct);
 398              		.loc 1 190 5 is_stmt 1 view .LVU102
 190:Core/Src/stm32f1xx_hal_msp.c ****     HAL_GPIO_Init(GPIOB, &GPIO_InitStruct);
 399              		.loc 1 190 27 is_stmt 0 view .LVU103
 400 0036 0323     		movs	r3, #3
 401 0038 0593     		str	r3, [sp, #20]
 191:Core/Src/stm32f1xx_hal_msp.c **** 
 402              		.loc 1 191 5 is_stmt 1 view .LVU104
 403 003a 02A9     		add	r1, sp, #8
 404 003c 0848     		ldr	r0, .L26+8
 405              	.LVL19:
 191:Core/Src/stm32f1xx_hal_msp.c **** 
 406              		.loc 1 191 5 is_stmt 0 view .LVU105
 407 003e FFF7FEFF 		bl	HAL_GPIO_Init
 408              	.LVL20:
 194:Core/Src/stm32f1xx_hal_msp.c ****   /* USER CODE BEGIN I2C1_MspInit 1 */
 409              		.loc 1 194 5 is_stmt 1 view .LVU106
 410              	.LBB8:
 194:Core/Src/stm32f1xx_hal_msp.c ****   /* USER CODE BEGIN I2C1_MspInit 1 */
 411              		.loc 1 194 5 view .LVU107
 194:Core/Src/stm32f1xx_hal_msp.c ****   /* USER CODE BEGIN I2C1_MspInit 1 */
 412              		.loc 1 194 5 view .LVU108
 413 0042 E369     		ldr	r3, [r4, #28]
 414 0044 43F40013 		orr	r3, r3, #2097152
 415 0048 E361     		str	r3, [r4, #28]
 194:Core/Src/stm32f1xx_hal_msp.c ****   /* USER CODE BEGIN I2C1_MspInit 1 */
 416              		.loc 1 194 5 view .LVU109
 417 004a E369     		ldr	r3, [r4, #28]
 418 004c 03F40013 		and	r3, r3, #2097152
 419 0050 0193     		str	r3, [sp, #4]
 194:Core/Src/stm32f1xx_hal_msp.c ****   /* USER CODE BEGIN I2C1_MspInit 1 */
 420              		.loc 1 194 5 view .LVU110
 421 0052 019B     		ldr	r3, [sp, #4]
 422              	.LBE8:
 194:Core/Src/stm32f1xx_hal_msp.c ****   /* USER CODE BEGIN I2C1_MspInit 1 */
 423              		.loc 1 194 5 view .LVU111
 424              		.loc 1 200 1 is_stmt 0 view .LVU112
 425 0054 DFE7     		b	.L22
 426              	.L27:
 427 0056 00BF     		.align	2
 428              	.L26:
ARM GAS  C:\Users\Kingj\AppData\Local\Temp\cctLs5fd.s 			page 13


 429 0058 00540040 		.word	1073763328
 430 005c 00100240 		.word	1073876992
 431 0060 000C0140 		.word	1073810432
 432              		.cfi_endproc
 433              	.LFE68:
 435              		.section	.text.HAL_I2C_MspDeInit,"ax",%progbits
 436              		.align	1
 437              		.global	HAL_I2C_MspDeInit
 438              		.syntax unified
 439              		.thumb
 440              		.thumb_func
 442              	HAL_I2C_MspDeInit:
 443              	.LVL21:
 444              	.LFB69:
 201:Core/Src/stm32f1xx_hal_msp.c **** 
 202:Core/Src/stm32f1xx_hal_msp.c **** /**
 203:Core/Src/stm32f1xx_hal_msp.c **** * @brief I2C MSP De-Initialization
 204:Core/Src/stm32f1xx_hal_msp.c **** * This function freeze the hardware resources used in this example
 205:Core/Src/stm32f1xx_hal_msp.c **** * @param hi2c: I2C handle pointer
 206:Core/Src/stm32f1xx_hal_msp.c **** * @retval None
 207:Core/Src/stm32f1xx_hal_msp.c **** */
 208:Core/Src/stm32f1xx_hal_msp.c **** void HAL_I2C_MspDeInit(I2C_HandleTypeDef* hi2c)
 209:Core/Src/stm32f1xx_hal_msp.c **** {
 445              		.loc 1 209 1 is_stmt 1 view -0
 446              		.cfi_startproc
 447              		@ args = 0, pretend = 0, frame = 0
 448              		@ frame_needed = 0, uses_anonymous_args = 0
 210:Core/Src/stm32f1xx_hal_msp.c ****   if(hi2c->Instance==I2C1)
 449              		.loc 1 210 3 view .LVU114
 450              		.loc 1 210 10 is_stmt 0 view .LVU115
 451 0000 0268     		ldr	r2, [r0]
 452              		.loc 1 210 5 view .LVU116
 453 0002 0A4B     		ldr	r3, .L35
 454 0004 9A42     		cmp	r2, r3
 455 0006 00D0     		beq	.L34
 456 0008 7047     		bx	lr
 457              	.L34:
 209:Core/Src/stm32f1xx_hal_msp.c ****   if(hi2c->Instance==I2C1)
 458              		.loc 1 209 1 view .LVU117
 459 000a 10B5     		push	{r4, lr}
 460              	.LCFI12:
 461              		.cfi_def_cfa_offset 8
 462              		.cfi_offset 4, -8
 463              		.cfi_offset 14, -4
 211:Core/Src/stm32f1xx_hal_msp.c ****   {
 212:Core/Src/stm32f1xx_hal_msp.c ****   /* USER CODE BEGIN I2C1_MspDeInit 0 */
 213:Core/Src/stm32f1xx_hal_msp.c **** 
 214:Core/Src/stm32f1xx_hal_msp.c ****   /* USER CODE END I2C1_MspDeInit 0 */
 215:Core/Src/stm32f1xx_hal_msp.c ****     /* Peripheral clock disable */
 216:Core/Src/stm32f1xx_hal_msp.c ****     __HAL_RCC_I2C1_CLK_DISABLE();
 464              		.loc 1 216 5 is_stmt 1 view .LVU118
 465 000c 084A     		ldr	r2, .L35+4
 466 000e D369     		ldr	r3, [r2, #28]
 467 0010 23F40013 		bic	r3, r3, #2097152
 468 0014 D361     		str	r3, [r2, #28]
 217:Core/Src/stm32f1xx_hal_msp.c **** 
 218:Core/Src/stm32f1xx_hal_msp.c ****     /**I2C1 GPIO Configuration
ARM GAS  C:\Users\Kingj\AppData\Local\Temp\cctLs5fd.s 			page 14


 219:Core/Src/stm32f1xx_hal_msp.c ****     PB6     ------> I2C1_SCL
 220:Core/Src/stm32f1xx_hal_msp.c ****     PB7     ------> I2C1_SDA
 221:Core/Src/stm32f1xx_hal_msp.c ****     */
 222:Core/Src/stm32f1xx_hal_msp.c ****     HAL_GPIO_DeInit(GPIOB, GPIO_PIN_6);
 469              		.loc 1 222 5 view .LVU119
 470 0016 074C     		ldr	r4, .L35+8
 471 0018 4021     		movs	r1, #64
 472 001a 2046     		mov	r0, r4
 473              	.LVL22:
 474              		.loc 1 222 5 is_stmt 0 view .LVU120
 475 001c FFF7FEFF 		bl	HAL_GPIO_DeInit
 476              	.LVL23:
 223:Core/Src/stm32f1xx_hal_msp.c **** 
 224:Core/Src/stm32f1xx_hal_msp.c ****     HAL_GPIO_DeInit(GPIOB, GPIO_PIN_7);
 477              		.loc 1 224 5 is_stmt 1 view .LVU121
 478 0020 8021     		movs	r1, #128
 479 0022 2046     		mov	r0, r4
 480 0024 FFF7FEFF 		bl	HAL_GPIO_DeInit
 481              	.LVL24:
 225:Core/Src/stm32f1xx_hal_msp.c **** 
 226:Core/Src/stm32f1xx_hal_msp.c ****   /* USER CODE BEGIN I2C1_MspDeInit 1 */
 227:Core/Src/stm32f1xx_hal_msp.c **** 
 228:Core/Src/stm32f1xx_hal_msp.c ****   /* USER CODE END I2C1_MspDeInit 1 */
 229:Core/Src/stm32f1xx_hal_msp.c ****   }
 230:Core/Src/stm32f1xx_hal_msp.c **** 
 231:Core/Src/stm32f1xx_hal_msp.c **** }
 482              		.loc 1 231 1 is_stmt 0 view .LVU122
 483 0028 10BD     		pop	{r4, pc}
 484              	.L36:
 485 002a 00BF     		.align	2
 486              	.L35:
 487 002c 00540040 		.word	1073763328
 488 0030 00100240 		.word	1073876992
 489 0034 000C0140 		.word	1073810432
 490              		.cfi_endproc
 491              	.LFE69:
 493              		.section	.text.HAL_UART_MspInit,"ax",%progbits
 494              		.align	1
 495              		.global	HAL_UART_MspInit
 496              		.syntax unified
 497              		.thumb
 498              		.thumb_func
 500              	HAL_UART_MspInit:
 501              	.LVL25:
 502              	.LFB70:
 232:Core/Src/stm32f1xx_hal_msp.c **** 
 233:Core/Src/stm32f1xx_hal_msp.c **** /**
 234:Core/Src/stm32f1xx_hal_msp.c **** * @brief UART MSP Initialization
 235:Core/Src/stm32f1xx_hal_msp.c **** * This function configures the hardware resources used in this example
 236:Core/Src/stm32f1xx_hal_msp.c **** * @param huart: UART handle pointer
 237:Core/Src/stm32f1xx_hal_msp.c **** * @retval None
 238:Core/Src/stm32f1xx_hal_msp.c **** */
 239:Core/Src/stm32f1xx_hal_msp.c **** void HAL_UART_MspInit(UART_HandleTypeDef* huart)
 240:Core/Src/stm32f1xx_hal_msp.c **** {
 503              		.loc 1 240 1 is_stmt 1 view -0
 504              		.cfi_startproc
 505              		@ args = 0, pretend = 0, frame = 24
ARM GAS  C:\Users\Kingj\AppData\Local\Temp\cctLs5fd.s 			page 15


 506              		@ frame_needed = 0, uses_anonymous_args = 0
 507              		.loc 1 240 1 is_stmt 0 view .LVU124
 508 0000 10B5     		push	{r4, lr}
 509              	.LCFI13:
 510              		.cfi_def_cfa_offset 8
 511              		.cfi_offset 4, -8
 512              		.cfi_offset 14, -4
 513 0002 86B0     		sub	sp, sp, #24
 514              	.LCFI14:
 515              		.cfi_def_cfa_offset 32
 241:Core/Src/stm32f1xx_hal_msp.c ****   GPIO_InitTypeDef GPIO_InitStruct = {0};
 516              		.loc 1 241 3 is_stmt 1 view .LVU125
 517              		.loc 1 241 20 is_stmt 0 view .LVU126
 518 0004 0023     		movs	r3, #0
 519 0006 0293     		str	r3, [sp, #8]
 520 0008 0393     		str	r3, [sp, #12]
 521 000a 0493     		str	r3, [sp, #16]
 522 000c 0593     		str	r3, [sp, #20]
 242:Core/Src/stm32f1xx_hal_msp.c ****   if(huart->Instance==USART2)
 523              		.loc 1 242 3 is_stmt 1 view .LVU127
 524              		.loc 1 242 11 is_stmt 0 view .LVU128
 525 000e 0268     		ldr	r2, [r0]
 526              		.loc 1 242 5 view .LVU129
 527 0010 164B     		ldr	r3, .L41
 528 0012 9A42     		cmp	r2, r3
 529 0014 01D0     		beq	.L40
 530              	.LVL26:
 531              	.L37:
 243:Core/Src/stm32f1xx_hal_msp.c ****   {
 244:Core/Src/stm32f1xx_hal_msp.c ****   /* USER CODE BEGIN USART2_MspInit 0 */
 245:Core/Src/stm32f1xx_hal_msp.c **** 
 246:Core/Src/stm32f1xx_hal_msp.c ****   /* USER CODE END USART2_MspInit 0 */
 247:Core/Src/stm32f1xx_hal_msp.c ****     /* Peripheral clock enable */
 248:Core/Src/stm32f1xx_hal_msp.c ****     __HAL_RCC_USART2_CLK_ENABLE();
 249:Core/Src/stm32f1xx_hal_msp.c **** 
 250:Core/Src/stm32f1xx_hal_msp.c ****     __HAL_RCC_GPIOA_CLK_ENABLE();
 251:Core/Src/stm32f1xx_hal_msp.c ****     /**USART2 GPIO Configuration
 252:Core/Src/stm32f1xx_hal_msp.c ****     PA2     ------> USART2_TX
 253:Core/Src/stm32f1xx_hal_msp.c ****     PA3     ------> USART2_RX
 254:Core/Src/stm32f1xx_hal_msp.c ****     */
 255:Core/Src/stm32f1xx_hal_msp.c ****     GPIO_InitStruct.Pin = GPIO_PIN_2;
 256:Core/Src/stm32f1xx_hal_msp.c ****     GPIO_InitStruct.Mode = GPIO_MODE_AF_PP;
 257:Core/Src/stm32f1xx_hal_msp.c ****     GPIO_InitStruct.Speed = GPIO_SPEED_FREQ_HIGH;
 258:Core/Src/stm32f1xx_hal_msp.c ****     HAL_GPIO_Init(GPIOA, &GPIO_InitStruct);
 259:Core/Src/stm32f1xx_hal_msp.c **** 
 260:Core/Src/stm32f1xx_hal_msp.c ****     GPIO_InitStruct.Pin = GPIO_PIN_3;
 261:Core/Src/stm32f1xx_hal_msp.c ****     GPIO_InitStruct.Mode = GPIO_MODE_INPUT;
 262:Core/Src/stm32f1xx_hal_msp.c ****     GPIO_InitStruct.Pull = GPIO_NOPULL;
 263:Core/Src/stm32f1xx_hal_msp.c ****     HAL_GPIO_Init(GPIOA, &GPIO_InitStruct);
 264:Core/Src/stm32f1xx_hal_msp.c **** 
 265:Core/Src/stm32f1xx_hal_msp.c ****   /* USER CODE BEGIN USART2_MspInit 1 */
 266:Core/Src/stm32f1xx_hal_msp.c **** 
 267:Core/Src/stm32f1xx_hal_msp.c ****   /* USER CODE END USART2_MspInit 1 */
 268:Core/Src/stm32f1xx_hal_msp.c ****   }
 269:Core/Src/stm32f1xx_hal_msp.c **** 
 270:Core/Src/stm32f1xx_hal_msp.c **** }
 532              		.loc 1 270 1 view .LVU130
ARM GAS  C:\Users\Kingj\AppData\Local\Temp\cctLs5fd.s 			page 16


 533 0016 06B0     		add	sp, sp, #24
 534              	.LCFI15:
 535              		.cfi_remember_state
 536              		.cfi_def_cfa_offset 8
 537              		@ sp needed
 538 0018 10BD     		pop	{r4, pc}
 539              	.LVL27:
 540              	.L40:
 541              	.LCFI16:
 542              		.cfi_restore_state
 248:Core/Src/stm32f1xx_hal_msp.c **** 
 543              		.loc 1 248 5 is_stmt 1 view .LVU131
 544              	.LBB9:
 248:Core/Src/stm32f1xx_hal_msp.c **** 
 545              		.loc 1 248 5 view .LVU132
 248:Core/Src/stm32f1xx_hal_msp.c **** 
 546              		.loc 1 248 5 view .LVU133
 547 001a 03F5E633 		add	r3, r3, #117760
 548 001e DA69     		ldr	r2, [r3, #28]
 549 0020 42F40032 		orr	r2, r2, #131072
 550 0024 DA61     		str	r2, [r3, #28]
 248:Core/Src/stm32f1xx_hal_msp.c **** 
 551              		.loc 1 248 5 view .LVU134
 552 0026 DA69     		ldr	r2, [r3, #28]
 553 0028 02F40032 		and	r2, r2, #131072
 554 002c 0092     		str	r2, [sp]
 248:Core/Src/stm32f1xx_hal_msp.c **** 
 555              		.loc 1 248 5 view .LVU135
 556 002e 009A     		ldr	r2, [sp]
 557              	.LBE9:
 248:Core/Src/stm32f1xx_hal_msp.c **** 
 558              		.loc 1 248 5 view .LVU136
 250:Core/Src/stm32f1xx_hal_msp.c ****     /**USART2 GPIO Configuration
 559              		.loc 1 250 5 view .LVU137
 560              	.LBB10:
 250:Core/Src/stm32f1xx_hal_msp.c ****     /**USART2 GPIO Configuration
 561              		.loc 1 250 5 view .LVU138
 250:Core/Src/stm32f1xx_hal_msp.c ****     /**USART2 GPIO Configuration
 562              		.loc 1 250 5 view .LVU139
 563 0030 9A69     		ldr	r2, [r3, #24]
 564 0032 42F00402 		orr	r2, r2, #4
 565 0036 9A61     		str	r2, [r3, #24]
 250:Core/Src/stm32f1xx_hal_msp.c ****     /**USART2 GPIO Configuration
 566              		.loc 1 250 5 view .LVU140
 567 0038 9B69     		ldr	r3, [r3, #24]
 568 003a 03F00403 		and	r3, r3, #4
 569 003e 0193     		str	r3, [sp, #4]
 250:Core/Src/stm32f1xx_hal_msp.c ****     /**USART2 GPIO Configuration
 570              		.loc 1 250 5 view .LVU141
 571 0040 019B     		ldr	r3, [sp, #4]
 572              	.LBE10:
 250:Core/Src/stm32f1xx_hal_msp.c ****     /**USART2 GPIO Configuration
 573              		.loc 1 250 5 view .LVU142
 255:Core/Src/stm32f1xx_hal_msp.c ****     GPIO_InitStruct.Mode = GPIO_MODE_AF_PP;
 574              		.loc 1 255 5 view .LVU143
 255:Core/Src/stm32f1xx_hal_msp.c ****     GPIO_InitStruct.Mode = GPIO_MODE_AF_PP;
 575              		.loc 1 255 25 is_stmt 0 view .LVU144
ARM GAS  C:\Users\Kingj\AppData\Local\Temp\cctLs5fd.s 			page 17


 576 0042 0423     		movs	r3, #4
 577 0044 0293     		str	r3, [sp, #8]
 256:Core/Src/stm32f1xx_hal_msp.c ****     GPIO_InitStruct.Speed = GPIO_SPEED_FREQ_HIGH;
 578              		.loc 1 256 5 is_stmt 1 view .LVU145
 256:Core/Src/stm32f1xx_hal_msp.c ****     GPIO_InitStruct.Speed = GPIO_SPEED_FREQ_HIGH;
 579              		.loc 1 256 26 is_stmt 0 view .LVU146
 580 0046 0223     		movs	r3, #2
 581 0048 0393     		str	r3, [sp, #12]
 257:Core/Src/stm32f1xx_hal_msp.c ****     HAL_GPIO_Init(GPIOA, &GPIO_InitStruct);
 582              		.loc 1 257 5 is_stmt 1 view .LVU147
 257:Core/Src/stm32f1xx_hal_msp.c ****     HAL_GPIO_Init(GPIOA, &GPIO_InitStruct);
 583              		.loc 1 257 27 is_stmt 0 view .LVU148
 584 004a 0323     		movs	r3, #3
 585 004c 0593     		str	r3, [sp, #20]
 258:Core/Src/stm32f1xx_hal_msp.c **** 
 586              		.loc 1 258 5 is_stmt 1 view .LVU149
 587 004e 084C     		ldr	r4, .L41+4
 588 0050 02A9     		add	r1, sp, #8
 589 0052 2046     		mov	r0, r4
 590              	.LVL28:
 258:Core/Src/stm32f1xx_hal_msp.c **** 
 591              		.loc 1 258 5 is_stmt 0 view .LVU150
 592 0054 FFF7FEFF 		bl	HAL_GPIO_Init
 593              	.LVL29:
 260:Core/Src/stm32f1xx_hal_msp.c ****     GPIO_InitStruct.Mode = GPIO_MODE_INPUT;
 594              		.loc 1 260 5 is_stmt 1 view .LVU151
 260:Core/Src/stm32f1xx_hal_msp.c ****     GPIO_InitStruct.Mode = GPIO_MODE_INPUT;
 595              		.loc 1 260 25 is_stmt 0 view .LVU152
 596 0058 0823     		movs	r3, #8
 597 005a 0293     		str	r3, [sp, #8]
 261:Core/Src/stm32f1xx_hal_msp.c ****     GPIO_InitStruct.Pull = GPIO_NOPULL;
 598              		.loc 1 261 5 is_stmt 1 view .LVU153
 261:Core/Src/stm32f1xx_hal_msp.c ****     GPIO_InitStruct.Pull = GPIO_NOPULL;
 599              		.loc 1 261 26 is_stmt 0 view .LVU154
 600 005c 0023     		movs	r3, #0
 601 005e 0393     		str	r3, [sp, #12]
 262:Core/Src/stm32f1xx_hal_msp.c ****     HAL_GPIO_Init(GPIOA, &GPIO_InitStruct);
 602              		.loc 1 262 5 is_stmt 1 view .LVU155
 262:Core/Src/stm32f1xx_hal_msp.c ****     HAL_GPIO_Init(GPIOA, &GPIO_InitStruct);
 603              		.loc 1 262 26 is_stmt 0 view .LVU156
 604 0060 0493     		str	r3, [sp, #16]
 263:Core/Src/stm32f1xx_hal_msp.c **** 
 605              		.loc 1 263 5 is_stmt 1 view .LVU157
 606 0062 02A9     		add	r1, sp, #8
 607 0064 2046     		mov	r0, r4
 608 0066 FFF7FEFF 		bl	HAL_GPIO_Init
 609              	.LVL30:
 610              		.loc 1 270 1 is_stmt 0 view .LVU158
 611 006a D4E7     		b	.L37
 612              	.L42:
 613              		.align	2
 614              	.L41:
 615 006c 00440040 		.word	1073759232
 616 0070 00080140 		.word	1073809408
 617              		.cfi_endproc
 618              	.LFE70:
 620              		.section	.text.HAL_UART_MspDeInit,"ax",%progbits
ARM GAS  C:\Users\Kingj\AppData\Local\Temp\cctLs5fd.s 			page 18


 621              		.align	1
 622              		.global	HAL_UART_MspDeInit
 623              		.syntax unified
 624              		.thumb
 625              		.thumb_func
 627              	HAL_UART_MspDeInit:
 628              	.LVL31:
 629              	.LFB71:
 271:Core/Src/stm32f1xx_hal_msp.c **** 
 272:Core/Src/stm32f1xx_hal_msp.c **** /**
 273:Core/Src/stm32f1xx_hal_msp.c **** * @brief UART MSP De-Initialization
 274:Core/Src/stm32f1xx_hal_msp.c **** * This function freeze the hardware resources used in this example
 275:Core/Src/stm32f1xx_hal_msp.c **** * @param huart: UART handle pointer
 276:Core/Src/stm32f1xx_hal_msp.c **** * @retval None
 277:Core/Src/stm32f1xx_hal_msp.c **** */
 278:Core/Src/stm32f1xx_hal_msp.c **** void HAL_UART_MspDeInit(UART_HandleTypeDef* huart)
 279:Core/Src/stm32f1xx_hal_msp.c **** {
 630              		.loc 1 279 1 is_stmt 1 view -0
 631              		.cfi_startproc
 632              		@ args = 0, pretend = 0, frame = 0
 633              		@ frame_needed = 0, uses_anonymous_args = 0
 634              		.loc 1 279 1 is_stmt 0 view .LVU160
 635 0000 08B5     		push	{r3, lr}
 636              	.LCFI17:
 637              		.cfi_def_cfa_offset 8
 638              		.cfi_offset 3, -8
 639              		.cfi_offset 14, -4
 280:Core/Src/stm32f1xx_hal_msp.c ****   if(huart->Instance==USART2)
 640              		.loc 1 280 3 is_stmt 1 view .LVU161
 641              		.loc 1 280 11 is_stmt 0 view .LVU162
 642 0002 0268     		ldr	r2, [r0]
 643              		.loc 1 280 5 view .LVU163
 644 0004 064B     		ldr	r3, .L47
 645 0006 9A42     		cmp	r2, r3
 646 0008 00D0     		beq	.L46
 647              	.LVL32:
 648              	.L43:
 281:Core/Src/stm32f1xx_hal_msp.c ****   {
 282:Core/Src/stm32f1xx_hal_msp.c ****   /* USER CODE BEGIN USART2_MspDeInit 0 */
 283:Core/Src/stm32f1xx_hal_msp.c **** 
 284:Core/Src/stm32f1xx_hal_msp.c ****   /* USER CODE END USART2_MspDeInit 0 */
 285:Core/Src/stm32f1xx_hal_msp.c ****     /* Peripheral clock disable */
 286:Core/Src/stm32f1xx_hal_msp.c ****     __HAL_RCC_USART2_CLK_DISABLE();
 287:Core/Src/stm32f1xx_hal_msp.c **** 
 288:Core/Src/stm32f1xx_hal_msp.c ****     /**USART2 GPIO Configuration
 289:Core/Src/stm32f1xx_hal_msp.c ****     PA2     ------> USART2_TX
 290:Core/Src/stm32f1xx_hal_msp.c ****     PA3     ------> USART2_RX
 291:Core/Src/stm32f1xx_hal_msp.c ****     */
 292:Core/Src/stm32f1xx_hal_msp.c ****     HAL_GPIO_DeInit(GPIOA, GPIO_PIN_2|GPIO_PIN_3);
 293:Core/Src/stm32f1xx_hal_msp.c **** 
 294:Core/Src/stm32f1xx_hal_msp.c ****   /* USER CODE BEGIN USART2_MspDeInit 1 */
 295:Core/Src/stm32f1xx_hal_msp.c **** 
 296:Core/Src/stm32f1xx_hal_msp.c ****   /* USER CODE END USART2_MspDeInit 1 */
 297:Core/Src/stm32f1xx_hal_msp.c ****   }
 298:Core/Src/stm32f1xx_hal_msp.c **** 
 299:Core/Src/stm32f1xx_hal_msp.c **** }
 649              		.loc 1 299 1 view .LVU164
ARM GAS  C:\Users\Kingj\AppData\Local\Temp\cctLs5fd.s 			page 19


 650 000a 08BD     		pop	{r3, pc}
 651              	.LVL33:
 652              	.L46:
 286:Core/Src/stm32f1xx_hal_msp.c **** 
 653              		.loc 1 286 5 is_stmt 1 view .LVU165
 654 000c 054A     		ldr	r2, .L47+4
 655 000e D369     		ldr	r3, [r2, #28]
 656 0010 23F40033 		bic	r3, r3, #131072
 657 0014 D361     		str	r3, [r2, #28]
 292:Core/Src/stm32f1xx_hal_msp.c **** 
 658              		.loc 1 292 5 view .LVU166
 659 0016 0C21     		movs	r1, #12
 660 0018 0348     		ldr	r0, .L47+8
 661              	.LVL34:
 292:Core/Src/stm32f1xx_hal_msp.c **** 
 662              		.loc 1 292 5 is_stmt 0 view .LVU167
 663 001a FFF7FEFF 		bl	HAL_GPIO_DeInit
 664              	.LVL35:
 665              		.loc 1 299 1 view .LVU168
 666 001e F4E7     		b	.L43
 667              	.L48:
 668              		.align	2
 669              	.L47:
 670 0020 00440040 		.word	1073759232
 671 0024 00100240 		.word	1073876992
 672 0028 00080140 		.word	1073809408
 673              		.cfi_endproc
 674              	.LFE71:
 676              		.text
 677              	.Letext0:
 678              		.file 2 "Drivers/CMSIS/Device/ST/STM32F1xx/Include/stm32f103xb.h"
 679              		.file 3 "d:\\arm-gcc\\gcc\\arm-none-eabi\\include\\machine\\_default_types.h"
 680              		.file 4 "d:\\arm-gcc\\gcc\\arm-none-eabi\\include\\sys\\_stdint.h"
 681              		.file 5 "Drivers/CMSIS/Device/ST/STM32F1xx/Include/stm32f1xx.h"
 682              		.file 6 "Drivers/STM32F1xx_HAL_Driver/Inc/stm32f1xx_hal_def.h"
 683              		.file 7 "Drivers/STM32F1xx_HAL_Driver/Inc/stm32f1xx_hal_gpio.h"
 684              		.file 8 "Drivers/STM32F1xx_HAL_Driver/Inc/stm32f1xx_hal_dma.h"
 685              		.file 9 "Drivers/STM32F1xx_HAL_Driver/Inc/stm32f1xx_hal_adc.h"
 686              		.file 10 "Drivers/STM32F1xx_HAL_Driver/Inc/stm32f1xx_hal_i2c.h"
 687              		.file 11 "Drivers/STM32F1xx_HAL_Driver/Inc/stm32f1xx_hal_uart.h"
 688              		.file 12 "Drivers/STM32F1xx_HAL_Driver/Inc/stm32f1xx_hal_cortex.h"
 689              		.file 13 "Core/Inc/main.h"
ARM GAS  C:\Users\Kingj\AppData\Local\Temp\cctLs5fd.s 			page 20


DEFINED SYMBOLS
                            *ABS*:00000000 stm32f1xx_hal_msp.c
C:\Users\Kingj\AppData\Local\Temp\cctLs5fd.s:18     .text.HAL_MspInit:00000000 $t
C:\Users\Kingj\AppData\Local\Temp\cctLs5fd.s:24     .text.HAL_MspInit:00000000 HAL_MspInit
C:\Users\Kingj\AppData\Local\Temp\cctLs5fd.s:100    .text.HAL_MspInit:0000004c $d
C:\Users\Kingj\AppData\Local\Temp\cctLs5fd.s:106    .text.HAL_ADC_MspInit:00000000 $t
C:\Users\Kingj\AppData\Local\Temp\cctLs5fd.s:112    .text.HAL_ADC_MspInit:00000000 HAL_ADC_MspInit
C:\Users\Kingj\AppData\Local\Temp\cctLs5fd.s:258    .text.HAL_ADC_MspInit:0000008c $d
C:\Users\Kingj\AppData\Local\Temp\cctLs5fd.s:266    .text.HAL_ADC_MspDeInit:00000000 $t
C:\Users\Kingj\AppData\Local\Temp\cctLs5fd.s:272    .text.HAL_ADC_MspDeInit:00000000 HAL_ADC_MspDeInit
C:\Users\Kingj\AppData\Local\Temp\cctLs5fd.s:318    .text.HAL_ADC_MspDeInit:00000028 $d
C:\Users\Kingj\AppData\Local\Temp\cctLs5fd.s:325    .text.HAL_I2C_MspInit:00000000 $t
C:\Users\Kingj\AppData\Local\Temp\cctLs5fd.s:331    .text.HAL_I2C_MspInit:00000000 HAL_I2C_MspInit
C:\Users\Kingj\AppData\Local\Temp\cctLs5fd.s:429    .text.HAL_I2C_MspInit:00000058 $d
C:\Users\Kingj\AppData\Local\Temp\cctLs5fd.s:436    .text.HAL_I2C_MspDeInit:00000000 $t
C:\Users\Kingj\AppData\Local\Temp\cctLs5fd.s:442    .text.HAL_I2C_MspDeInit:00000000 HAL_I2C_MspDeInit
C:\Users\Kingj\AppData\Local\Temp\cctLs5fd.s:487    .text.HAL_I2C_MspDeInit:0000002c $d
C:\Users\Kingj\AppData\Local\Temp\cctLs5fd.s:494    .text.HAL_UART_MspInit:00000000 $t
C:\Users\Kingj\AppData\Local\Temp\cctLs5fd.s:500    .text.HAL_UART_MspInit:00000000 HAL_UART_MspInit
C:\Users\Kingj\AppData\Local\Temp\cctLs5fd.s:615    .text.HAL_UART_MspInit:0000006c $d
C:\Users\Kingj\AppData\Local\Temp\cctLs5fd.s:621    .text.HAL_UART_MspDeInit:00000000 $t
C:\Users\Kingj\AppData\Local\Temp\cctLs5fd.s:627    .text.HAL_UART_MspDeInit:00000000 HAL_UART_MspDeInit
C:\Users\Kingj\AppData\Local\Temp\cctLs5fd.s:670    .text.HAL_UART_MspDeInit:00000020 $d

UNDEFINED SYMBOLS
HAL_NVIC_SetPriority
HAL_GPIO_Init
HAL_DMA_Init
Error_Handler
hdma_adc1
HAL_GPIO_DeInit
HAL_DMA_DeInit
